[0.184s] Invoking command in '/home/aidanbagley/ws_sensor_combined/build/px4_ros_com': AMENT_PREFIX_PATH=/home/aidanbagley/ws_sensor_combined/install/px4_msgs:${AMENT_PREFIX_PATH} CMAKE_PREFIX_PATH=/home/aidanbagley/ws_sensor_combined/install/px4_msgs:/opt/ros/humble LD_LIBRARY_PATH=/home/aidanbagley/ws_sensor_combined/install/px4_msgs/lib:${LD_LIBRARY_PATH} PYTHONPATH=/home/aidanbagley/ws_sensor_combined/install/px4_msgs/local/lib/python3.10/dist-packages:${PYTHONPATH} /usr/bin/cmake /home/aidanbagley/ws_sensor_combined/src/px4_ros_com -DCMAKE_INSTALL_PREFIX=/home/aidanbagley/ws_sensor_combined/install/px4_ros_com
[0.424s] -- The C compiler identification is GNU 11.4.0
[1.421s] -- The CXX compiler identification is GNU 11.4.0
[2.140s] -- Detecting C compiler ABI info
[2.404s] -- Detecting C compiler ABI info - done
[2.412s] -- Check for working C compiler: /usr/bin/cc - skipped
[2.413s] -- Detecting C compile features
[2.413s] -- Detecting C compile features - done
[2.417s] -- Detecting CXX compiler ABI info
[2.701s] -- Detecting CXX compiler ABI info - done
[2.712s] -- Check for working CXX compiler: /usr/bin/c++ - skipped
[2.712s] -- Detecting CXX compile features
[2.713s] -- Detecting CXX compile features - done
[2.717s] -- Found ament_cmake: 1.3.11 (/opt/ros/humble/share/ament_cmake/cmake)
[3.285s] -- Found Python3: /usr/bin/python3 (found version "3.10.12") found components: Interpreter 
[3.408s] -- Found builtin_interfaces: 1.2.1 (/opt/ros/humble/share/builtin_interfaces/cmake)
[3.702s] -- Found rosidl_generator_c: 3.1.6 (/opt/ros/humble/share/rosidl_generator_c/cmake)
[3.708s] -- Found rosidl_adapter: 3.1.6 (/opt/ros/humble/share/rosidl_adapter/cmake)
[3.720s] -- Found rosidl_generator_cpp: 3.1.6 (/opt/ros/humble/share/rosidl_generator_cpp/cmake)
[3.735s] -- Using all available rosidl_typesupport_c: rosidl_typesupport_fastrtps_c;rosidl_typesupport_introspection_c
[3.756s] -- Using all available rosidl_typesupport_cpp: rosidl_typesupport_fastrtps_cpp;rosidl_typesupport_introspection_cpp
[3.776s] -- Found eigen3_cmake_module: 0.1.1 (/opt/ros/humble/share/eigen3_cmake_module/cmake)
[3.788s] -- Found Eigen3: TRUE (found version "3.4.0") 
[3.791s] -- Found geometry_msgs: 4.2.4 (/opt/ros/humble/share/geometry_msgs/cmake)
[3.848s] -- Found px4_msgs: 2.0.1 (/home/aidanbagley/ws_sensor_combined/install/px4_msgs/share/px4_msgs/cmake)
[3.866s] -- Found rclcpp: 16.0.11 (/opt/ros/humble/share/rclcpp/cmake)
[3.964s] -- Found rmw_implementation_cmake: 6.1.2 (/opt/ros/humble/share/rmw_implementation_cmake/cmake)
[3.971s] -- Found rmw_fastrtps_cpp: 6.2.7 (/opt/ros/humble/share/rmw_fastrtps_cpp/cmake)
[6.500s] -- Found OpenSSL: /usr/lib/x86_64-linux-gnu/libcrypto.so (found version "3.0.2")  
[9.191s] -- Found FastRTPS: /opt/ros/humble/include  
[14.417s] -- Using RMW implementation 'rmw_fastrtps_cpp' as default
[14.440s] -- Looking for pthread.h
[14.711s] -- Looking for pthread.h - found
[14.711s] -- Performing Test CMAKE_HAVE_LIBC_PTHREAD
[14.967s] -- Performing Test CMAKE_HAVE_LIBC_PTHREAD - Success
[14.969s] -- Found Threads: TRUE  
[15.062s] -- Found sensor_msgs: 4.2.4 (/opt/ros/humble/share/sensor_msgs/cmake)
[15.097s] -- Found rclpy: 3.3.15 (/opt/ros/humble/share/rclpy/cmake)
[15.110s] -- Found ament_lint_auto: 0.12.11 (/opt/ros/humble/share/ament_lint_auto/cmake)
[15.279s] -- Added test 'copyright' to check source files copyright and LICENSE
[15.290s] -- Added test 'cppcheck' to perform static code analysis on C / C++ code
[15.290s] -- Configured cppcheck include dirs: /home/aidanbagley/ws_sensor_combined/src/px4_ros_com/include;$<BUILD_INTERFACE:/home/aidanbagley/ws_sensor_combined/src/px4_ros_com/include/px4_ros_com>
[15.291s] -- Configured cppcheck exclude dirs and/or files: 
[15.299s] -- Added test 'cpplint' to check C / C++ code against the Google style
[15.299s] -- Configured cpplint exclude dirs and/or files: 
[15.302s] -- Added test 'flake8' to check Python code syntax and style conventions
[15.306s] -- Added test 'lint_cmake' to check CMake code style
[15.308s] -- Added test 'pep257' to check Python code against some of the docstring style conventions in PEP 257
[15.316s] -- Added test 'uncrustify' to check C / C++ code style
[15.316s] -- Configured uncrustify additional arguments: 
[15.320s] -- Added test 'xmllint' to check XML markup files
[15.325s] -- Configuring done
[15.380s] -- Generating done
[15.395s] -- Build files have been written to: /home/aidanbagley/ws_sensor_combined/build/px4_ros_com
[15.429s] Invoked command in '/home/aidanbagley/ws_sensor_combined/build/px4_ros_com' returned '0': AMENT_PREFIX_PATH=/home/aidanbagley/ws_sensor_combined/install/px4_msgs:${AMENT_PREFIX_PATH} CMAKE_PREFIX_PATH=/home/aidanbagley/ws_sensor_combined/install/px4_msgs:/opt/ros/humble LD_LIBRARY_PATH=/home/aidanbagley/ws_sensor_combined/install/px4_msgs/lib:${LD_LIBRARY_PATH} PYTHONPATH=/home/aidanbagley/ws_sensor_combined/install/px4_msgs/local/lib/python3.10/dist-packages:${PYTHONPATH} /usr/bin/cmake /home/aidanbagley/ws_sensor_combined/src/px4_ros_com -DCMAKE_INSTALL_PREFIX=/home/aidanbagley/ws_sensor_combined/install/px4_ros_com
[15.433s] Invoking command in '/home/aidanbagley/ws_sensor_combined/build/px4_ros_com': AMENT_PREFIX_PATH=/home/aidanbagley/ws_sensor_combined/install/px4_msgs:${AMENT_PREFIX_PATH} CMAKE_PREFIX_PATH=/home/aidanbagley/ws_sensor_combined/install/px4_msgs:/opt/ros/humble LD_LIBRARY_PATH=/home/aidanbagley/ws_sensor_combined/install/px4_msgs/lib:${LD_LIBRARY_PATH} PYTHONPATH=/home/aidanbagley/ws_sensor_combined/install/px4_msgs/local/lib/python3.10/dist-packages:${PYTHONPATH} /usr/bin/cmake --build /home/aidanbagley/ws_sensor_combined/build/px4_ros_com -- -j16 -l16
[15.518s] [ 41%] [32mBuilding CXX object CMakeFiles/sensor_combined_listener.dir/src/examples/listeners/sensor_combined_listener.cpp.o[0m
[15.518s] [ 41%] [32mBuilding CXX object CMakeFiles/offboard_control.dir/src/examples/offboard/offboard_control.cpp.o[0m
[15.519s] [ 41%] [32mBuilding CXX object CMakeFiles/offboard_control_srv.dir/src/examples/offboard/offboard_control_srv.cpp.o[0m
[15.519s] [ 41%] [32mBuilding CXX object CMakeFiles/frame_transforms.dir/src/lib/frame_transforms.cpp.o[0m
[15.519s] [ 41%] [32mBuilding CXX object CMakeFiles/vehicle_gps_position_listener.dir/src/examples/listeners/vehicle_gps_position_listener.cpp.o[0m
[15.519s] [ 50%] [32mBuilding CXX object CMakeFiles/debug_vect_advertiser.dir/src/examples/advertisers/debug_vect_advertiser.cpp.o[0m
[15.534s] [ 50%] Built target ament_cmake_python_copy_px4_ros_com
[15.995s] running egg_info
[16.035s] creating px4_ros_com.egg-info
[16.036s] writing px4_ros_com.egg-info/PKG-INFO
[16.037s] writing dependency_links to px4_ros_com.egg-info/dependency_links.txt
[16.038s] writing top-level names to px4_ros_com.egg-info/top_level.txt
[16.038s] writing manifest file 'px4_ros_com.egg-info/SOURCES.txt'
[16.136s] reading manifest file 'px4_ros_com.egg-info/SOURCES.txt'
[16.138s] writing manifest file 'px4_ros_com.egg-info/SOURCES.txt'
[16.246s] [ 50%] Built target ament_cmake_python_build_px4_ros_com_egg
[25.784s] [ 58%] [32m[1mLinking CXX executable debug_vect_advertiser[0m
[26.558s] [ 58%] Built target debug_vect_advertiser
[27.412s] [ 66%] [32m[1mLinking CXX executable offboard_control[0m
[28.128s] [ 66%] Built target offboard_control
[29.382s] [ 75%] [32m[1mLinking CXX executable offboard_control_srv[0m
[30.176s] [ 75%] Built target offboard_control_srv
[31.758s] [ 83%] [32m[1mLinking CXX shared library libframe_transforms.so[0m
[32.548s] [ 83%] Built target frame_transforms
[33.650s] [ 91%] [32m[1mLinking CXX executable sensor_combined_listener[0m
[33.658s] [100%] [32m[1mLinking CXX executable vehicle_gps_position_listener[0m
[34.515s] [100%] Built target sensor_combined_listener
[34.534s] [100%] Built target vehicle_gps_position_listener
[34.552s] Invoked command in '/home/aidanbagley/ws_sensor_combined/build/px4_ros_com' returned '0': AMENT_PREFIX_PATH=/home/aidanbagley/ws_sensor_combined/install/px4_msgs:${AMENT_PREFIX_PATH} CMAKE_PREFIX_PATH=/home/aidanbagley/ws_sensor_combined/install/px4_msgs:/opt/ros/humble LD_LIBRARY_PATH=/home/aidanbagley/ws_sensor_combined/install/px4_msgs/lib:${LD_LIBRARY_PATH} PYTHONPATH=/home/aidanbagley/ws_sensor_combined/install/px4_msgs/local/lib/python3.10/dist-packages:${PYTHONPATH} /usr/bin/cmake --build /home/aidanbagley/ws_sensor_combined/build/px4_ros_com -- -j16 -l16
[34.556s] Invoking command in '/home/aidanbagley/ws_sensor_combined/build/px4_ros_com': AMENT_PREFIX_PATH=/home/aidanbagley/ws_sensor_combined/install/px4_msgs:${AMENT_PREFIX_PATH} CMAKE_PREFIX_PATH=/home/aidanbagley/ws_sensor_combined/install/px4_msgs:/opt/ros/humble LD_LIBRARY_PATH=/home/aidanbagley/ws_sensor_combined/install/px4_msgs/lib:${LD_LIBRARY_PATH} PYTHONPATH=/home/aidanbagley/ws_sensor_combined/install/px4_msgs/local/lib/python3.10/dist-packages:${PYTHONPATH} /usr/bin/cmake --install /home/aidanbagley/ws_sensor_combined/build/px4_ros_com
[34.569s] -- Install configuration: ""
[34.570s] -- Installing: /home/aidanbagley/ws_sensor_combined/install/px4_ros_com/lib/px4_ros_com/sensor_combined_listener
[34.577s] -- Set runtime path of "/home/aidanbagley/ws_sensor_combined/install/px4_ros_com/lib/px4_ros_com/sensor_combined_listener" to ""
[34.577s] -- Installing: /home/aidanbagley/ws_sensor_combined/install/px4_ros_com/lib/px4_ros_com/vehicle_gps_position_listener
[34.586s] -- Set runtime path of "/home/aidanbagley/ws_sensor_combined/install/px4_ros_com/lib/px4_ros_com/vehicle_gps_position_listener" to ""
[34.586s] -- Installing: /home/aidanbagley/ws_sensor_combined/install/px4_ros_com/lib/px4_ros_com/debug_vect_advertiser
[34.588s] -- Set runtime path of "/home/aidanbagley/ws_sensor_combined/install/px4_ros_com/lib/px4_ros_com/debug_vect_advertiser" to ""
[34.588s] -- Installing: /home/aidanbagley/ws_sensor_combined/install/px4_ros_com/lib/px4_ros_com/offboard_control
[34.591s] -- Set runtime path of "/home/aidanbagley/ws_sensor_combined/install/px4_ros_com/lib/px4_ros_com/offboard_control" to ""
[34.591s] -- Installing: /home/aidanbagley/ws_sensor_combined/install/px4_ros_com/lib/px4_ros_com/offboard_control_srv
[34.594s] -- Set runtime path of "/home/aidanbagley/ws_sensor_combined/install/px4_ros_com/lib/px4_ros_com/offboard_control_srv" to ""
[34.596s] -- Installing: /home/aidanbagley/ws_sensor_combined/install/px4_ros_com/share/px4_ros_com/environment/library_path.sh
[34.596s] -- Installing: /home/aidanbagley/ws_sensor_combined/install/px4_ros_com/share/px4_ros_com/environment/library_path.dsv
[34.596s] -- Installing: /home/aidanbagley/ws_sensor_combined/install/px4_ros_com/include/px4_ros_com
[34.597s] -- Installing: /home/aidanbagley/ws_sensor_combined/install/px4_ros_com/include/px4_ros_com/frame_transforms.h
[34.597s] -- Installing: /home/aidanbagley/ws_sensor_combined/install/px4_ros_com/lib/libframe_transforms.so
[34.608s] -- Set runtime path of "/home/aidanbagley/ws_sensor_combined/install/px4_ros_com/lib/libframe_transforms.so" to ""
[34.608s] -- Installing: /home/aidanbagley/ws_sensor_combined/install/px4_ros_com/share/px4_ros_com//launch
[34.608s] -- Installing: /home/aidanbagley/ws_sensor_combined/install/px4_ros_com/share/px4_ros_com//launch/sensor_combined_listener.launch.py
[34.608s] -- Installing: /home/aidanbagley/ws_sensor_combined/install/px4_ros_com/share/px4_ros_com//launch/offboard_control_launch.yaml
[34.608s] -- Installing: /home/aidanbagley/ws_sensor_combined/install/px4_ros_com/share/px4_ros_com//test
[34.609s] -- Installing: /home/aidanbagley/ws_sensor_combined/install/px4_ros_com/share/px4_ros_com//test/test_output.py
[34.609s] -- Installing: /home/aidanbagley/ws_sensor_combined/install/px4_ros_com/share/px4_ros_com//test/pipeline_io_test.py
[34.610s] -- Installing: /home/aidanbagley/ws_sensor_combined/install/px4_ros_com/share/px4_ros_com//test/__init__.py
[34.610s] -- Installing: /home/aidanbagley/ws_sensor_combined/install/px4_ros_com/share/px4_ros_com//test/test_input.py
[34.610s] -- Installing: /home/aidanbagley/ws_sensor_combined/install/px4_ros_com/share/px4_ros_com/environment/pythonpath.sh
[34.610s] -- Installing: /home/aidanbagley/ws_sensor_combined/install/px4_ros_com/share/px4_ros_com/environment/pythonpath.dsv
[34.611s] -- Installing: /home/aidanbagley/ws_sensor_combined/install/px4_ros_com/local/lib/python3.10/dist-packages/px4_ros_com-0.1.0-py3.10.egg-info
[34.612s] -- Installing: /home/aidanbagley/ws_sensor_combined/install/px4_ros_com/local/lib/python3.10/dist-packages/px4_ros_com-0.1.0-py3.10.egg-info/dependency_links.txt
[34.612s] -- Installing: /home/aidanbagley/ws_sensor_combined/install/px4_ros_com/local/lib/python3.10/dist-packages/px4_ros_com-0.1.0-py3.10.egg-info/SOURCES.txt
[34.612s] -- Installing: /home/aidanbagley/ws_sensor_combined/install/px4_ros_com/local/lib/python3.10/dist-packages/px4_ros_com-0.1.0-py3.10.egg-info/PKG-INFO
[34.613s] -- Installing: /home/aidanbagley/ws_sensor_combined/install/px4_ros_com/local/lib/python3.10/dist-packages/px4_ros_com-0.1.0-py3.10.egg-info/top_level.txt
[34.613s] -- Installing: /home/aidanbagley/ws_sensor_combined/install/px4_ros_com/local/lib/python3.10/dist-packages/px4_ros_com
[34.613s] -- Installing: /home/aidanbagley/ws_sensor_combined/install/px4_ros_com/local/lib/python3.10/dist-packages/px4_ros_com/module_to_import.py
[34.613s] -- Installing: /home/aidanbagley/ws_sensor_combined/install/px4_ros_com/local/lib/python3.10/dist-packages/px4_ros_com/__init__.py
[34.663s] Listing '/home/aidanbagley/ws_sensor_combined/install/px4_ros_com/local/lib/python3.10/dist-packages/px4_ros_com'...
[34.663s] Compiling '/home/aidanbagley/ws_sensor_combined/install/px4_ros_com/local/lib/python3.10/dist-packages/px4_ros_com/__init__.py'...
[34.663s] Compiling '/home/aidanbagley/ws_sensor_combined/install/px4_ros_com/local/lib/python3.10/dist-packages/px4_ros_com/module_to_import.py'...
[34.670s] -- Installing: /home/aidanbagley/ws_sensor_combined/install/px4_ros_com/lib/px4_ros_com/offboard_control.py
[34.671s] -- Installing: /home/aidanbagley/ws_sensor_combined/install/px4_ros_com/share/ament_index/resource_index/package_run_dependencies/px4_ros_com
[34.672s] -- Installing: /home/aidanbagley/ws_sensor_combined/install/px4_ros_com/share/ament_index/resource_index/parent_prefix_path/px4_ros_com
[34.672s] -- Installing: /home/aidanbagley/ws_sensor_combined/install/px4_ros_com/share/px4_ros_com/environment/ament_prefix_path.sh
[34.672s] -- Installing: /home/aidanbagley/ws_sensor_combined/install/px4_ros_com/share/px4_ros_com/environment/ament_prefix_path.dsv
[34.673s] -- Installing: /home/aidanbagley/ws_sensor_combined/install/px4_ros_com/share/px4_ros_com/environment/path.sh
[34.673s] -- Installing: /home/aidanbagley/ws_sensor_combined/install/px4_ros_com/share/px4_ros_com/environment/path.dsv
[34.673s] -- Installing: /home/aidanbagley/ws_sensor_combined/install/px4_ros_com/share/px4_ros_com/local_setup.bash
[34.674s] -- Installing: /home/aidanbagley/ws_sensor_combined/install/px4_ros_com/share/px4_ros_com/local_setup.sh
[34.674s] -- Installing: /home/aidanbagley/ws_sensor_combined/install/px4_ros_com/share/px4_ros_com/local_setup.zsh
[34.674s] -- Installing: /home/aidanbagley/ws_sensor_combined/install/px4_ros_com/share/px4_ros_com/local_setup.dsv
[34.674s] -- Installing: /home/aidanbagley/ws_sensor_combined/install/px4_ros_com/share/px4_ros_com/package.dsv
[34.675s] -- Installing: /home/aidanbagley/ws_sensor_combined/install/px4_ros_com/share/ament_index/resource_index/packages/px4_ros_com
[34.676s] -- Installing: /home/aidanbagley/ws_sensor_combined/install/px4_ros_com/share/px4_ros_com/cmake/export_frame_transformsExport.cmake
[34.676s] -- Installing: /home/aidanbagley/ws_sensor_combined/install/px4_ros_com/share/px4_ros_com/cmake/export_frame_transformsExport-noconfig.cmake
[34.676s] -- Installing: /home/aidanbagley/ws_sensor_combined/install/px4_ros_com/share/px4_ros_com/cmake/ament_cmake_export_dependencies-extras.cmake
[34.676s] -- Installing: /home/aidanbagley/ws_sensor_combined/install/px4_ros_com/share/px4_ros_com/cmake/ament_cmake_export_targets-extras.cmake
[34.677s] -- Installing: /home/aidanbagley/ws_sensor_combined/install/px4_ros_com/share/px4_ros_com/cmake/ament_cmake_export_include_directories-extras.cmake
[34.677s] -- Installing: /home/aidanbagley/ws_sensor_combined/install/px4_ros_com/share/px4_ros_com/cmake/ament_cmake_export_libraries-extras.cmake
[34.677s] -- Installing: /home/aidanbagley/ws_sensor_combined/install/px4_ros_com/share/px4_ros_com/cmake/px4_ros_comConfig.cmake
[34.678s] -- Installing: /home/aidanbagley/ws_sensor_combined/install/px4_ros_com/share/px4_ros_com/cmake/px4_ros_comConfig-version.cmake
[34.678s] -- Installing: /home/aidanbagley/ws_sensor_combined/install/px4_ros_com/share/px4_ros_com/package.xml
[34.683s] Invoked command in '/home/aidanbagley/ws_sensor_combined/build/px4_ros_com' returned '0': AMENT_PREFIX_PATH=/home/aidanbagley/ws_sensor_combined/install/px4_msgs:${AMENT_PREFIX_PATH} CMAKE_PREFIX_PATH=/home/aidanbagley/ws_sensor_combined/install/px4_msgs:/opt/ros/humble LD_LIBRARY_PATH=/home/aidanbagley/ws_sensor_combined/install/px4_msgs/lib:${LD_LIBRARY_PATH} PYTHONPATH=/home/aidanbagley/ws_sensor_combined/install/px4_msgs/local/lib/python3.10/dist-packages:${PYTHONPATH} /usr/bin/cmake --install /home/aidanbagley/ws_sensor_combined/build/px4_ros_com
