[0.152s] Invoking command in '/home/aidanbagley/DarpaTriage/ROS-WS/ws_offboard_control/build/px4_ros_com': AMENT_PREFIX_PATH=/home/aidanbagley/DarpaTriage/ROS-WS/ws_offboard_control/install/px4_msgs:${AMENT_PREFIX_PATH} CMAKE_PREFIX_PATH=/home/aidanbagley/DarpaTriage/ROS-WS/ws_offboard_control/install/px4_msgs:/opt/ros/humble LD_LIBRARY_PATH=/home/aidanbagley/DarpaTriage/ROS-WS/ws_offboard_control/install/px4_msgs/lib:${LD_LIBRARY_PATH} PYTHONPATH=/home/aidanbagley/DarpaTriage/ROS-WS/ws_offboard_control/install/px4_msgs/local/lib/python3.10/dist-packages:${PYTHONPATH} /usr/bin/cmake --build /home/aidanbagley/DarpaTriage/ROS-WS/ws_offboard_control/build/px4_ros_com -- -j16 -l16
[0.218s] [35m[1mConsolidate compiler generated dependencies of target offboard_control[0m
[0.218s] [35m[1mConsolidate compiler generated dependencies of target sensor_combined_listener[0m
[0.218s] [35m[1mConsolidate compiler generated dependencies of target vehicle_gps_position_listener[0m
[0.218s] [35m[1mConsolidate compiler generated dependencies of target frame_transforms[0m
[0.218s] [35m[1mConsolidate compiler generated dependencies of target debug_vect_advertiser[0m
[0.219s] [35m[1mConsolidate compiler generated dependencies of target offboard_control_srv[0m
[0.253s] [ 58%] Built target frame_transforms
[0.253s] [ 58%] Built target ament_cmake_python_copy_px4_ros_com
[0.253s] [ 58%] [32m[1mLinking CXX executable vehicle_gps_position_listener[0m
[0.254s] [ 58%] [32m[1mLinking CXX executable offboard_control_srv[0m
[0.254s] [ 58%] [32m[1mLinking CXX executable offboard_control[0m
[0.254s] [ 58%] [32m[1mLinking CXX executable sensor_combined_listener[0m
[0.254s] [ 58%] [32m[1mLinking CXX executable debug_vect_advertiser[0m
[0.727s] running egg_info
[0.761s] writing px4_ros_com.egg-info/PKG-INFO
[0.764s] writing dependency_links to px4_ros_com.egg-info/dependency_links.txt
[0.764s] writing top-level names to px4_ros_com.egg-info/top_level.txt
[0.879s] reading manifest file 'px4_ros_com.egg-info/SOURCES.txt'
[0.882s] writing manifest file 'px4_ros_com.egg-info/SOURCES.txt'
[1.001s] [ 66%] Built target debug_vect_advertiser
[1.053s] [ 66%] Built target ament_cmake_python_build_px4_ros_com_egg
[1.099s] [ 75%] Built target offboard_control
[1.193s] [ 83%] Built target offboard_control_srv
[1.446s] [ 91%] Built target vehicle_gps_position_listener
[1.470s] [100%] Built target sensor_combined_listener
[1.492s] Invoked command in '/home/aidanbagley/DarpaTriage/ROS-WS/ws_offboard_control/build/px4_ros_com' returned '0': AMENT_PREFIX_PATH=/home/aidanbagley/DarpaTriage/ROS-WS/ws_offboard_control/install/px4_msgs:${AMENT_PREFIX_PATH} CMAKE_PREFIX_PATH=/home/aidanbagley/DarpaTriage/ROS-WS/ws_offboard_control/install/px4_msgs:/opt/ros/humble LD_LIBRARY_PATH=/home/aidanbagley/DarpaTriage/ROS-WS/ws_offboard_control/install/px4_msgs/lib:${LD_LIBRARY_PATH} PYTHONPATH=/home/aidanbagley/DarpaTriage/ROS-WS/ws_offboard_control/install/px4_msgs/local/lib/python3.10/dist-packages:${PYTHONPATH} /usr/bin/cmake --build /home/aidanbagley/DarpaTriage/ROS-WS/ws_offboard_control/build/px4_ros_com -- -j16 -l16
[1.496s] Invoking command in '/home/aidanbagley/DarpaTriage/ROS-WS/ws_offboard_control/build/px4_ros_com': AMENT_PREFIX_PATH=/home/aidanbagley/DarpaTriage/ROS-WS/ws_offboard_control/install/px4_msgs:${AMENT_PREFIX_PATH} CMAKE_PREFIX_PATH=/home/aidanbagley/DarpaTriage/ROS-WS/ws_offboard_control/install/px4_msgs:/opt/ros/humble LD_LIBRARY_PATH=/home/aidanbagley/DarpaTriage/ROS-WS/ws_offboard_control/install/px4_msgs/lib:${LD_LIBRARY_PATH} PYTHONPATH=/home/aidanbagley/DarpaTriage/ROS-WS/ws_offboard_control/install/px4_msgs/local/lib/python3.10/dist-packages:${PYTHONPATH} /usr/bin/cmake --install /home/aidanbagley/DarpaTriage/ROS-WS/ws_offboard_control/build/px4_ros_com
[1.511s] -- Install configuration: ""
[1.511s] -- Installing: /home/aidanbagley/DarpaTriage/ROS-WS/ws_offboard_control/install/px4_ros_com/lib/px4_ros_com/sensor_combined_listener
[1.524s] -- Set runtime path of "/home/aidanbagley/DarpaTriage/ROS-WS/ws_offboard_control/install/px4_ros_com/lib/px4_ros_com/sensor_combined_listener" to ""
[1.524s] -- Installing: /home/aidanbagley/DarpaTriage/ROS-WS/ws_offboard_control/install/px4_ros_com/lib/px4_ros_com/vehicle_gps_position_listener
[1.536s] -- Set runtime path of "/home/aidanbagley/DarpaTriage/ROS-WS/ws_offboard_control/install/px4_ros_com/lib/px4_ros_com/vehicle_gps_position_listener" to ""
[1.537s] -- Installing: /home/aidanbagley/DarpaTriage/ROS-WS/ws_offboard_control/install/px4_ros_com/lib/px4_ros_com/debug_vect_advertiser
[1.540s] -- Set runtime path of "/home/aidanbagley/DarpaTriage/ROS-WS/ws_offboard_control/install/px4_ros_com/lib/px4_ros_com/debug_vect_advertiser" to ""
[1.540s] -- Installing: /home/aidanbagley/DarpaTriage/ROS-WS/ws_offboard_control/install/px4_ros_com/lib/px4_ros_com/offboard_control
[1.546s] -- Set runtime path of "/home/aidanbagley/DarpaTriage/ROS-WS/ws_offboard_control/install/px4_ros_com/lib/px4_ros_com/offboard_control" to ""
[1.547s] -- Installing: /home/aidanbagley/DarpaTriage/ROS-WS/ws_offboard_control/install/px4_ros_com/lib/px4_ros_com/offboard_control_srv
[1.553s] -- Set runtime path of "/home/aidanbagley/DarpaTriage/ROS-WS/ws_offboard_control/install/px4_ros_com/lib/px4_ros_com/offboard_control_srv" to ""
[1.553s] -- Up-to-date: /home/aidanbagley/DarpaTriage/ROS-WS/ws_offboard_control/install/px4_ros_com/share/px4_ros_com/environment/library_path.sh
[1.553s] -- Up-to-date: /home/aidanbagley/DarpaTriage/ROS-WS/ws_offboard_control/install/px4_ros_com/share/px4_ros_com/environment/library_path.dsv
[1.553s] -- Up-to-date: /home/aidanbagley/DarpaTriage/ROS-WS/ws_offboard_control/install/px4_ros_com/include/px4_ros_com
[1.554s] -- Up-to-date: /home/aidanbagley/DarpaTriage/ROS-WS/ws_offboard_control/install/px4_ros_com/include/px4_ros_com/frame_transforms.h
[1.554s] -- Up-to-date: /home/aidanbagley/DarpaTriage/ROS-WS/ws_offboard_control/install/px4_ros_com/lib/libframe_transforms.so
[1.555s] -- Up-to-date: /home/aidanbagley/DarpaTriage/ROS-WS/ws_offboard_control/install/px4_ros_com/share/px4_ros_com//launch
[1.555s] -- Up-to-date: /home/aidanbagley/DarpaTriage/ROS-WS/ws_offboard_control/install/px4_ros_com/share/px4_ros_com//launch/sensor_combined_listener.launch.py
[1.555s] -- Up-to-date: /home/aidanbagley/DarpaTriage/ROS-WS/ws_offboard_control/install/px4_ros_com/share/px4_ros_com//launch/offboard_control_launch.yaml
[1.555s] -- Up-to-date: /home/aidanbagley/DarpaTriage/ROS-WS/ws_offboard_control/install/px4_ros_com/share/px4_ros_com//test
[1.555s] -- Up-to-date: /home/aidanbagley/DarpaTriage/ROS-WS/ws_offboard_control/install/px4_ros_com/share/px4_ros_com//test/test_output.py
[1.556s] -- Up-to-date: /home/aidanbagley/DarpaTriage/ROS-WS/ws_offboard_control/install/px4_ros_com/share/px4_ros_com//test/pipeline_io_test.py
[1.556s] -- Up-to-date: /home/aidanbagley/DarpaTriage/ROS-WS/ws_offboard_control/install/px4_ros_com/share/px4_ros_com//test/__init__.py
[1.556s] -- Up-to-date: /home/aidanbagley/DarpaTriage/ROS-WS/ws_offboard_control/install/px4_ros_com/share/px4_ros_com//test/test_input.py
[1.556s] -- Up-to-date: /home/aidanbagley/DarpaTriage/ROS-WS/ws_offboard_control/install/px4_ros_com/share/px4_ros_com/environment/pythonpath.sh
[1.557s] -- Up-to-date: /home/aidanbagley/DarpaTriage/ROS-WS/ws_offboard_control/install/px4_ros_com/share/px4_ros_com/environment/pythonpath.dsv
[1.557s] -- Up-to-date: /home/aidanbagley/DarpaTriage/ROS-WS/ws_offboard_control/install/px4_ros_com/local/lib/python3.10/dist-packages/px4_ros_com-0.1.0-py3.10.egg-info
[1.557s] -- Installing: /home/aidanbagley/DarpaTriage/ROS-WS/ws_offboard_control/install/px4_ros_com/local/lib/python3.10/dist-packages/px4_ros_com-0.1.0-py3.10.egg-info/dependency_links.txt
[1.557s] -- Installing: /home/aidanbagley/DarpaTriage/ROS-WS/ws_offboard_control/install/px4_ros_com/local/lib/python3.10/dist-packages/px4_ros_com-0.1.0-py3.10.egg-info/SOURCES.txt
[1.558s] -- Installing: /home/aidanbagley/DarpaTriage/ROS-WS/ws_offboard_control/install/px4_ros_com/local/lib/python3.10/dist-packages/px4_ros_com-0.1.0-py3.10.egg-info/PKG-INFO
[1.558s] -- Installing: /home/aidanbagley/DarpaTriage/ROS-WS/ws_offboard_control/install/px4_ros_com/local/lib/python3.10/dist-packages/px4_ros_com-0.1.0-py3.10.egg-info/top_level.txt
[1.558s] -- Up-to-date: /home/aidanbagley/DarpaTriage/ROS-WS/ws_offboard_control/install/px4_ros_com/local/lib/python3.10/dist-packages/px4_ros_com
[1.558s] -- Up-to-date: /home/aidanbagley/DarpaTriage/ROS-WS/ws_offboard_control/install/px4_ros_com/local/lib/python3.10/dist-packages/px4_ros_com/module_to_import.py
[1.558s] -- Up-to-date: /home/aidanbagley/DarpaTriage/ROS-WS/ws_offboard_control/install/px4_ros_com/local/lib/python3.10/dist-packages/px4_ros_com/__init__.py
[1.608s] Listing '/home/aidanbagley/DarpaTriage/ROS-WS/ws_offboard_control/install/px4_ros_com/local/lib/python3.10/dist-packages/px4_ros_com'...
[1.626s] -- Up-to-date: /home/aidanbagley/DarpaTriage/ROS-WS/ws_offboard_control/install/px4_ros_com/lib/px4_ros_com/offboard_control.py
[1.627s] -- Up-to-date: /home/aidanbagley/DarpaTriage/ROS-WS/ws_offboard_control/install/px4_ros_com/share/ament_index/resource_index/package_run_dependencies/px4_ros_com
[1.628s] -- Up-to-date: /home/aidanbagley/DarpaTriage/ROS-WS/ws_offboard_control/install/px4_ros_com/share/ament_index/resource_index/parent_prefix_path/px4_ros_com
[1.628s] -- Up-to-date: /home/aidanbagley/DarpaTriage/ROS-WS/ws_offboard_control/install/px4_ros_com/share/px4_ros_com/environment/ament_prefix_path.sh
[1.628s] -- Up-to-date: /home/aidanbagley/DarpaTriage/ROS-WS/ws_offboard_control/install/px4_ros_com/share/px4_ros_com/environment/ament_prefix_path.dsv
[1.628s] -- Up-to-date: /home/aidanbagley/DarpaTriage/ROS-WS/ws_offboard_control/install/px4_ros_com/share/px4_ros_com/environment/path.sh
[1.628s] -- Up-to-date: /home/aidanbagley/DarpaTriage/ROS-WS/ws_offboard_control/install/px4_ros_com/share/px4_ros_com/environment/path.dsv
[1.629s] -- Up-to-date: /home/aidanbagley/DarpaTriage/ROS-WS/ws_offboard_control/install/px4_ros_com/share/px4_ros_com/local_setup.bash
[1.629s] -- Up-to-date: /home/aidanbagley/DarpaTriage/ROS-WS/ws_offboard_control/install/px4_ros_com/share/px4_ros_com/local_setup.sh
[1.629s] -- Up-to-date: /home/aidanbagley/DarpaTriage/ROS-WS/ws_offboard_control/install/px4_ros_com/share/px4_ros_com/local_setup.zsh
[1.629s] -- Up-to-date: /home/aidanbagley/DarpaTriage/ROS-WS/ws_offboard_control/install/px4_ros_com/share/px4_ros_com/local_setup.dsv
[1.629s] -- Installing: /home/aidanbagley/DarpaTriage/ROS-WS/ws_offboard_control/install/px4_ros_com/share/px4_ros_com/package.dsv
[1.629s] -- Up-to-date: /home/aidanbagley/DarpaTriage/ROS-WS/ws_offboard_control/install/px4_ros_com/share/ament_index/resource_index/packages/px4_ros_com
[1.633s] -- Up-to-date: /home/aidanbagley/DarpaTriage/ROS-WS/ws_offboard_control/install/px4_ros_com/share/px4_ros_com/cmake/export_frame_transformsExport.cmake
[1.634s] -- Up-to-date: /home/aidanbagley/DarpaTriage/ROS-WS/ws_offboard_control/install/px4_ros_com/share/px4_ros_com/cmake/export_frame_transformsExport-noconfig.cmake
[1.634s] -- Up-to-date: /home/aidanbagley/DarpaTriage/ROS-WS/ws_offboard_control/install/px4_ros_com/share/px4_ros_com/cmake/ament_cmake_export_dependencies-extras.cmake
[1.635s] -- Up-to-date: /home/aidanbagley/DarpaTriage/ROS-WS/ws_offboard_control/install/px4_ros_com/share/px4_ros_com/cmake/ament_cmake_export_targets-extras.cmake
[1.635s] -- Up-to-date: /home/aidanbagley/DarpaTriage/ROS-WS/ws_offboard_control/install/px4_ros_com/share/px4_ros_com/cmake/ament_cmake_export_include_directories-extras.cmake
[1.635s] -- Up-to-date: /home/aidanbagley/DarpaTriage/ROS-WS/ws_offboard_control/install/px4_ros_com/share/px4_ros_com/cmake/ament_cmake_export_libraries-extras.cmake
[1.635s] -- Up-to-date: /home/aidanbagley/DarpaTriage/ROS-WS/ws_offboard_control/install/px4_ros_com/share/px4_ros_com/cmake/px4_ros_comConfig.cmake
[1.635s] -- Up-to-date: /home/aidanbagley/DarpaTriage/ROS-WS/ws_offboard_control/install/px4_ros_com/share/px4_ros_com/cmake/px4_ros_comConfig-version.cmake
[1.635s] -- Up-to-date: /home/aidanbagley/DarpaTriage/ROS-WS/ws_offboard_control/install/px4_ros_com/share/px4_ros_com/package.xml
[1.643s] Invoked command in '/home/aidanbagley/DarpaTriage/ROS-WS/ws_offboard_control/build/px4_ros_com' returned '0': AMENT_PREFIX_PATH=/home/aidanbagley/DarpaTriage/ROS-WS/ws_offboard_control/install/px4_msgs:${AMENT_PREFIX_PATH} CMAKE_PREFIX_PATH=/home/aidanbagley/DarpaTriage/ROS-WS/ws_offboard_control/install/px4_msgs:/opt/ros/humble LD_LIBRARY_PATH=/home/aidanbagley/DarpaTriage/ROS-WS/ws_offboard_control/install/px4_msgs/lib:${LD_LIBRARY_PATH} PYTHONPATH=/home/aidanbagley/DarpaTriage/ROS-WS/ws_offboard_control/install/px4_msgs/local/lib/python3.10/dist-packages:${PYTHONPATH} /usr/bin/cmake --install /home/aidanbagley/DarpaTriage/ROS-WS/ws_offboard_control/build/px4_ros_com
