[0.189s] DEBUG:colcon:Command line arguments: ['/usr/bin/colcon', 'build']
[0.189s] DEBUG:colcon:Parsed command line arguments: Namespace(log_base=None, log_level=None, verb_name='build', build_base='build', install_base='install', merge_install=False, symlink_install=False, test_result_base=None, continue_on_error=False, executor='parallel', parallel_workers=16, event_handlers=None, ignore_user_meta=False, metas=['./colcon.meta'], base_paths=['.'], packages_ignore=None, packages_ignore_regex=None, paths=None, packages_up_to=None, packages_up_to_regex=None, packages_above=None, packages_above_and_dependencies=None, packages_above_depth=None, packages_select_by_dep=None, packages_skip_by_dep=None, packages_skip_up_to=None, packages_select_build_failed=False, packages_skip_build_finished=False, packages_select_test_failures=False, packages_skip_test_passed=False, packages_select=None, packages_skip=None, packages_select_regex=None, packages_skip_regex=None, packages_start=None, packages_end=None, allow_overriding=[], cmake_args=None, cmake_target=None, cmake_target_skip_unavailable=False, cmake_clean_cache=False, cmake_clean_first=False, cmake_force_configure=False, ament_cmake_args=None, catkin_cmake_args=None, catkin_skip_building_tests=False, mixin_files=None, mixin=None, verb_parser=<colcon_mixin.mixin.mixin_argument.MixinArgumentDecorator object at 0x7f20cfbcf100>, verb_extension=<colcon_core.verb.build.BuildVerb object at 0x7f20cfd9c040>, main=<bound method BuildVerb.main of <colcon_core.verb.build.BuildVerb object at 0x7f20cfd9c040>>, mixin_verb=('build',))
[0.225s] Level 1:colcon.colcon_core.package_discovery:discover_packages(colcon_meta) check parameters
[0.225s] Level 1:colcon.colcon_core.package_discovery:discover_packages(recursive) check parameters
[0.225s] Level 1:colcon.colcon_core.package_discovery:discover_packages(ignore) check parameters
[0.225s] Level 1:colcon.colcon_core.package_discovery:discover_packages(path) check parameters
[0.225s] Level 1:colcon.colcon_core.package_discovery:discover_packages(colcon_meta) discover
[0.225s] Level 1:colcon.colcon_core.package_discovery:discover_packages(recursive) discover
[0.225s] INFO:colcon.colcon_core.package_discovery:Crawling recursively for packages in '/home/aidanbagley/ws_offboard_control'
[0.225s] Level 1:colcon.colcon_core.package_identification:_identify(.) by extensions ['ignore', 'ignore_ament_install']
[0.225s] Level 1:colcon.colcon_core.package_identification:_identify(.) by extension 'ignore'
[0.225s] Level 1:colcon.colcon_core.package_identification:_identify(.) by extension 'ignore_ament_install'
[0.225s] Level 1:colcon.colcon_core.package_identification:_identify(.) by extensions ['colcon_pkg']
[0.225s] Level 1:colcon.colcon_core.package_identification:_identify(.) by extension 'colcon_pkg'
[0.225s] Level 1:colcon.colcon_core.package_identification:_identify(.) by extensions ['colcon_meta']
[0.225s] Level 1:colcon.colcon_core.package_identification:_identify(.) by extension 'colcon_meta'
[0.226s] Level 1:colcon.colcon_core.package_identification:_identify(.) by extensions ['ros']
[0.226s] Level 1:colcon.colcon_core.package_identification:_identify(.) by extension 'ros'
[0.239s] Level 1:colcon.colcon_core.package_identification:_identify(.) by extensions ['cmake', 'python']
[0.239s] Level 1:colcon.colcon_core.package_identification:_identify(.) by extension 'cmake'
[0.239s] Level 1:colcon.colcon_core.package_identification:_identify(.) by extension 'python'
[0.239s] Level 1:colcon.colcon_core.package_identification:_identify(.) by extensions ['python_setup_py']
[0.240s] Level 1:colcon.colcon_core.package_identification:_identify(.) by extension 'python_setup_py'
[0.240s] Level 1:colcon.colcon_core.package_identification:_identify(build) by extensions ['ignore', 'ignore_ament_install']
[0.240s] Level 1:colcon.colcon_core.package_identification:_identify(build) by extension 'ignore'
[0.240s] Level 1:colcon.colcon_core.package_identification:_identify(build) ignored
[0.240s] Level 1:colcon.colcon_core.package_identification:_identify(install) by extensions ['ignore', 'ignore_ament_install']
[0.240s] Level 1:colcon.colcon_core.package_identification:_identify(install) by extension 'ignore'
[0.240s] Level 1:colcon.colcon_core.package_identification:_identify(install) ignored
[0.241s] Level 1:colcon.colcon_core.package_identification:_identify(log) by extensions ['ignore', 'ignore_ament_install']
[0.241s] Level 1:colcon.colcon_core.package_identification:_identify(log) by extension 'ignore'
[0.241s] Level 1:colcon.colcon_core.package_identification:_identify(log) ignored
[0.241s] Level 1:colcon.colcon_core.package_identification:_identify(src) by extensions ['ignore', 'ignore_ament_install']
[0.241s] Level 1:colcon.colcon_core.package_identification:_identify(src) by extension 'ignore'
[0.241s] Level 1:colcon.colcon_core.package_identification:_identify(src) by extension 'ignore_ament_install'
[0.241s] Level 1:colcon.colcon_core.package_identification:_identify(src) by extensions ['colcon_pkg']
[0.241s] Level 1:colcon.colcon_core.package_identification:_identify(src) by extension 'colcon_pkg'
[0.241s] Level 1:colcon.colcon_core.package_identification:_identify(src) by extensions ['colcon_meta']
[0.241s] Level 1:colcon.colcon_core.package_identification:_identify(src) by extension 'colcon_meta'
[0.241s] Level 1:colcon.colcon_core.package_identification:_identify(src) by extensions ['ros']
[0.241s] Level 1:colcon.colcon_core.package_identification:_identify(src) by extension 'ros'
[0.241s] Level 1:colcon.colcon_core.package_identification:_identify(src) by extensions ['cmake', 'python']
[0.241s] Level 1:colcon.colcon_core.package_identification:_identify(src) by extension 'cmake'
[0.241s] Level 1:colcon.colcon_core.package_identification:_identify(src) by extension 'python'
[0.242s] Level 1:colcon.colcon_core.package_identification:_identify(src) by extensions ['python_setup_py']
[0.242s] Level 1:colcon.colcon_core.package_identification:_identify(src) by extension 'python_setup_py'
[0.242s] Level 1:colcon.colcon_core.package_identification:_identify(src/px4_msgs) by extensions ['ignore', 'ignore_ament_install']
[0.242s] Level 1:colcon.colcon_core.package_identification:_identify(src/px4_msgs) by extension 'ignore'
[0.242s] Level 1:colcon.colcon_core.package_identification:_identify(src/px4_msgs) by extension 'ignore_ament_install'
[0.242s] Level 1:colcon.colcon_core.package_identification:_identify(src/px4_msgs) by extensions ['colcon_pkg']
[0.242s] Level 1:colcon.colcon_core.package_identification:_identify(src/px4_msgs) by extension 'colcon_pkg'
[0.242s] Level 1:colcon.colcon_core.package_identification:_identify(src/px4_msgs) by extensions ['colcon_meta']
[0.242s] Level 1:colcon.colcon_core.package_identification:_identify(src/px4_msgs) by extension 'colcon_meta'
[0.242s] Level 1:colcon.colcon_core.package_identification:_identify(src/px4_msgs) by extensions ['ros']
[0.242s] Level 1:colcon.colcon_core.package_identification:_identify(src/px4_msgs) by extension 'ros'
[0.244s] DEBUG:colcon.colcon_core.package_identification:Package 'src/px4_msgs' with type 'ros.ament_cmake' and name 'px4_msgs'
[0.244s] Level 1:colcon.colcon_core.package_identification:_identify(src/px4_ros_com) by extensions ['ignore', 'ignore_ament_install']
[0.245s] Level 1:colcon.colcon_core.package_identification:_identify(src/px4_ros_com) by extension 'ignore'
[0.245s] Level 1:colcon.colcon_core.package_identification:_identify(src/px4_ros_com) by extension 'ignore_ament_install'
[0.245s] Level 1:colcon.colcon_core.package_identification:_identify(src/px4_ros_com) by extensions ['colcon_pkg']
[0.245s] Level 1:colcon.colcon_core.package_identification:_identify(src/px4_ros_com) by extension 'colcon_pkg'
[0.245s] Level 1:colcon.colcon_core.package_identification:_identify(src/px4_ros_com) by extensions ['colcon_meta']
[0.245s] Level 1:colcon.colcon_core.package_identification:_identify(src/px4_ros_com) by extension 'colcon_meta'
[0.245s] Level 1:colcon.colcon_core.package_identification:_identify(src/px4_ros_com) by extensions ['ros']
[0.245s] Level 1:colcon.colcon_core.package_identification:_identify(src/px4_ros_com) by extension 'ros'
[0.246s] DEBUG:colcon.colcon_core.package_identification:Package 'src/px4_ros_com' with type 'ros.ament_cmake' and name 'px4_ros_com'
[0.246s] Level 1:colcon.colcon_core.package_discovery:discover_packages(recursive) using defaults
[0.246s] Level 1:colcon.colcon_core.package_discovery:discover_packages(ignore) discover
[0.246s] Level 1:colcon.colcon_core.package_discovery:discover_packages(ignore) using defaults
[0.246s] Level 1:colcon.colcon_core.package_discovery:discover_packages(path) discover
[0.246s] Level 1:colcon.colcon_core.package_discovery:discover_packages(path) using defaults
[0.265s] Level 1:colcon.colcon_core.package_discovery:discover_packages(prefix_path) check parameters
[0.265s] Level 1:colcon.colcon_core.package_discovery:discover_packages(prefix_path) discover
[0.267s] DEBUG:colcon.colcon_installed_package_information.package_discovery:Found 2 installed packages in /home/aidanbagley/ws_offboard_control/install
[0.267s] DEBUG:colcon.colcon_installed_package_information.package_discovery:Found 2 installed packages in /home/aidanbagley/DarpaTriage/ws_sensor_combined/install
[0.268s] DEBUG:colcon.colcon_installed_package_information.package_discovery:Found 270 installed packages in /opt/ros/humble
[0.269s] Level 1:colcon.colcon_core.package_discovery:discover_packages(prefix_path) using defaults
[0.309s] Level 5:colcon.colcon_core.verb:set package 'px4_msgs' build argument 'cmake_args' from command line to 'None'
[0.309s] Level 5:colcon.colcon_core.verb:set package 'px4_msgs' build argument 'cmake_target' from command line to 'None'
[0.309s] Level 5:colcon.colcon_core.verb:set package 'px4_msgs' build argument 'cmake_target_skip_unavailable' from command line to 'False'
[0.309s] Level 5:colcon.colcon_core.verb:set package 'px4_msgs' build argument 'cmake_clean_cache' from command line to 'False'
[0.309s] Level 5:colcon.colcon_core.verb:set package 'px4_msgs' build argument 'cmake_clean_first' from command line to 'False'
[0.309s] Level 5:colcon.colcon_core.verb:set package 'px4_msgs' build argument 'cmake_force_configure' from command line to 'False'
[0.309s] Level 5:colcon.colcon_core.verb:set package 'px4_msgs' build argument 'ament_cmake_args' from command line to 'None'
[0.309s] Level 5:colcon.colcon_core.verb:set package 'px4_msgs' build argument 'catkin_cmake_args' from command line to 'None'
[0.309s] Level 5:colcon.colcon_core.verb:set package 'px4_msgs' build argument 'catkin_skip_building_tests' from command line to 'False'
[0.309s] DEBUG:colcon.colcon_core.verb:Building package 'px4_msgs' with the following arguments: {'ament_cmake_args': None, 'build_base': '/home/aidanbagley/ws_offboard_control/build/px4_msgs', 'catkin_cmake_args': None, 'catkin_skip_building_tests': False, 'cmake_args': None, 'cmake_clean_cache': False, 'cmake_clean_first': False, 'cmake_force_configure': False, 'cmake_target': None, 'cmake_target_skip_unavailable': False, 'install_base': '/home/aidanbagley/ws_offboard_control/install/px4_msgs', 'merge_install': False, 'path': '/home/aidanbagley/ws_offboard_control/src/px4_msgs', 'symlink_install': False, 'test_result_base': None}
[0.310s] Level 5:colcon.colcon_core.verb:set package 'px4_ros_com' build argument 'cmake_args' from command line to 'None'
[0.310s] Level 5:colcon.colcon_core.verb:set package 'px4_ros_com' build argument 'cmake_target' from command line to 'None'
[0.310s] Level 5:colcon.colcon_core.verb:set package 'px4_ros_com' build argument 'cmake_target_skip_unavailable' from command line to 'False'
[0.310s] Level 5:colcon.colcon_core.verb:set package 'px4_ros_com' build argument 'cmake_clean_cache' from command line to 'False'
[0.310s] Level 5:colcon.colcon_core.verb:set package 'px4_ros_com' build argument 'cmake_clean_first' from command line to 'False'
[0.310s] Level 5:colcon.colcon_core.verb:set package 'px4_ros_com' build argument 'cmake_force_configure' from command line to 'False'
[0.310s] Level 5:colcon.colcon_core.verb:set package 'px4_ros_com' build argument 'ament_cmake_args' from command line to 'None'
[0.310s] Level 5:colcon.colcon_core.verb:set package 'px4_ros_com' build argument 'catkin_cmake_args' from command line to 'None'
[0.310s] Level 5:colcon.colcon_core.verb:set package 'px4_ros_com' build argument 'catkin_skip_building_tests' from command line to 'False'
[0.310s] DEBUG:colcon.colcon_core.verb:Building package 'px4_ros_com' with the following arguments: {'ament_cmake_args': None, 'build_base': '/home/aidanbagley/ws_offboard_control/build/px4_ros_com', 'catkin_cmake_args': None, 'catkin_skip_building_tests': False, 'cmake_args': None, 'cmake_clean_cache': False, 'cmake_clean_first': False, 'cmake_force_configure': False, 'cmake_target': None, 'cmake_target_skip_unavailable': False, 'install_base': '/home/aidanbagley/ws_offboard_control/install/px4_ros_com', 'merge_install': False, 'path': '/home/aidanbagley/ws_offboard_control/src/px4_ros_com', 'symlink_install': False, 'test_result_base': None}
[0.310s] INFO:colcon.colcon_core.executor:Executing jobs using 'parallel' executor
[0.312s] DEBUG:colcon.colcon_parallel_executor.executor.parallel:run_until_complete
[0.312s] INFO:colcon.colcon_ros.task.ament_cmake.build:Building ROS package in '/home/aidanbagley/ws_offboard_control/src/px4_msgs' with build type 'ament_cmake'
[0.312s] INFO:colcon.colcon_cmake.task.cmake.build:Building CMake package in '/home/aidanbagley/ws_offboard_control/src/px4_msgs'
[0.315s] INFO:colcon.colcon_core.plugin_system:Skipping extension 'colcon_core.shell.bat': Not used on non-Windows systems
[0.316s] INFO:colcon.colcon_core.shell:Skip shell extension 'powershell' for command environment: Not usable outside of PowerShell
[0.316s] DEBUG:colcon.colcon_core.shell:Skip shell extension 'dsv' for command environment
[0.328s] DEBUG:colcon.colcon_core.event_handler.log_command:Invoking command in '/home/aidanbagley/ws_offboard_control/build/px4_msgs': CMAKE_PREFIX_PATH=${CMAKE_PREFIX_PATH}:/opt/ros/humble /usr/bin/cmake --build /home/aidanbagley/ws_offboard_control/build/px4_msgs -- -j16 -l16
[2.276s] DEBUG:colcon.colcon_core.event_handler.log_command:Invoked command in '/home/aidanbagley/ws_offboard_control/build/px4_msgs' returned '0': CMAKE_PREFIX_PATH=${CMAKE_PREFIX_PATH}:/opt/ros/humble /usr/bin/cmake --build /home/aidanbagley/ws_offboard_control/build/px4_msgs -- -j16 -l16
[2.292s] DEBUG:colcon.colcon_core.event_handler.log_command:Invoking command in '/home/aidanbagley/ws_offboard_control/build/px4_msgs': CMAKE_PREFIX_PATH=${CMAKE_PREFIX_PATH}:/opt/ros/humble /usr/bin/cmake --install /home/aidanbagley/ws_offboard_control/build/px4_msgs
[3.075s] Level 1:colcon.colcon_core.environment:create_environment_scripts_only(px4_msgs)
[3.129s] DEBUG:colcon.colcon_core.event_handler.log_command:Invoked command in '/home/aidanbagley/ws_offboard_control/build/px4_msgs' returned '0': CMAKE_PREFIX_PATH=${CMAKE_PREFIX_PATH}:/opt/ros/humble /usr/bin/cmake --install /home/aidanbagley/ws_offboard_control/build/px4_msgs
[3.130s] Level 1:colcon.colcon_core.environment:checking '/home/aidanbagley/ws_offboard_control/install/px4_msgs' for CMake module files
[3.131s] Level 1:colcon.colcon_core.environment:checking '/home/aidanbagley/ws_offboard_control/install/px4_msgs' for CMake config files
[3.137s] Level 1:colcon.colcon_core.shell:create_environment_hook('px4_msgs', 'cmake_prefix_path')
[3.137s] INFO:colcon.colcon_core.shell:Creating environment hook '/home/aidanbagley/ws_offboard_control/install/px4_msgs/share/px4_msgs/hook/cmake_prefix_path.ps1'
[3.138s] INFO:colcon.colcon_core.shell:Creating environment descriptor '/home/aidanbagley/ws_offboard_control/install/px4_msgs/share/px4_msgs/hook/cmake_prefix_path.dsv'
[3.138s] INFO:colcon.colcon_core.shell:Creating environment hook '/home/aidanbagley/ws_offboard_control/install/px4_msgs/share/px4_msgs/hook/cmake_prefix_path.sh'
[3.139s] Level 1:colcon.colcon_core.environment:checking '/home/aidanbagley/ws_offboard_control/install/px4_msgs/lib'
[3.139s] Level 1:colcon.colcon_core.shell:create_environment_hook('px4_msgs', 'ld_library_path_lib')
[3.140s] INFO:colcon.colcon_core.shell:Creating environment hook '/home/aidanbagley/ws_offboard_control/install/px4_msgs/share/px4_msgs/hook/ld_library_path_lib.ps1'
[3.140s] INFO:colcon.colcon_core.shell:Creating environment descriptor '/home/aidanbagley/ws_offboard_control/install/px4_msgs/share/px4_msgs/hook/ld_library_path_lib.dsv'
[3.141s] INFO:colcon.colcon_core.shell:Creating environment hook '/home/aidanbagley/ws_offboard_control/install/px4_msgs/share/px4_msgs/hook/ld_library_path_lib.sh'
[3.141s] Level 1:colcon.colcon_core.environment:checking '/home/aidanbagley/ws_offboard_control/install/px4_msgs/bin'
[3.141s] Level 1:colcon.colcon_core.environment:checking '/home/aidanbagley/ws_offboard_control/install/px4_msgs/lib/pkgconfig/px4_msgs.pc'
[3.141s] Level 1:colcon.colcon_core.environment:checking '/home/aidanbagley/ws_offboard_control/install/px4_msgs/lib/python3.10/site-packages'
[3.141s] Level 1:colcon.colcon_core.environment:checking '/home/aidanbagley/ws_offboard_control/install/px4_msgs/bin'
[3.142s] INFO:colcon.colcon_core.shell:Creating package script '/home/aidanbagley/ws_offboard_control/install/px4_msgs/share/px4_msgs/package.ps1'
[3.143s] INFO:colcon.colcon_core.shell:Creating package descriptor '/home/aidanbagley/ws_offboard_control/install/px4_msgs/share/px4_msgs/package.dsv'
[3.143s] INFO:colcon.colcon_core.shell:Creating package script '/home/aidanbagley/ws_offboard_control/install/px4_msgs/share/px4_msgs/package.sh'
[3.144s] INFO:colcon.colcon_core.shell:Creating package script '/home/aidanbagley/ws_offboard_control/install/px4_msgs/share/px4_msgs/package.bash'
[3.145s] INFO:colcon.colcon_core.shell:Creating package script '/home/aidanbagley/ws_offboard_control/install/px4_msgs/share/px4_msgs/package.zsh'
[3.145s] Level 1:colcon.colcon_core.environment:create_file_with_runtime_dependencies(/home/aidanbagley/ws_offboard_control/install/px4_msgs/share/colcon-core/packages/px4_msgs)
[3.146s] Level 1:colcon.colcon_core.environment:create_environment_scripts_only(px4_msgs)
[3.146s] Level 1:colcon.colcon_core.environment:checking '/home/aidanbagley/ws_offboard_control/install/px4_msgs' for CMake module files
[3.147s] Level 1:colcon.colcon_core.environment:checking '/home/aidanbagley/ws_offboard_control/install/px4_msgs' for CMake config files
[3.152s] Level 1:colcon.colcon_core.shell:create_environment_hook('px4_msgs', 'cmake_prefix_path')
[3.152s] INFO:colcon.colcon_core.shell:Creating environment hook '/home/aidanbagley/ws_offboard_control/install/px4_msgs/share/px4_msgs/hook/cmake_prefix_path.ps1'
[3.153s] INFO:colcon.colcon_core.shell:Creating environment descriptor '/home/aidanbagley/ws_offboard_control/install/px4_msgs/share/px4_msgs/hook/cmake_prefix_path.dsv'
[3.153s] INFO:colcon.colcon_core.shell:Creating environment hook '/home/aidanbagley/ws_offboard_control/install/px4_msgs/share/px4_msgs/hook/cmake_prefix_path.sh'
[3.154s] Level 1:colcon.colcon_core.environment:checking '/home/aidanbagley/ws_offboard_control/install/px4_msgs/lib'
[3.154s] Level 1:colcon.colcon_core.shell:create_environment_hook('px4_msgs', 'ld_library_path_lib')
[3.154s] INFO:colcon.colcon_core.shell:Creating environment hook '/home/aidanbagley/ws_offboard_control/install/px4_msgs/share/px4_msgs/hook/ld_library_path_lib.ps1'
[3.155s] INFO:colcon.colcon_core.shell:Creating environment descriptor '/home/aidanbagley/ws_offboard_control/install/px4_msgs/share/px4_msgs/hook/ld_library_path_lib.dsv'
[3.155s] INFO:colcon.colcon_core.shell:Creating environment hook '/home/aidanbagley/ws_offboard_control/install/px4_msgs/share/px4_msgs/hook/ld_library_path_lib.sh'
[3.155s] Level 1:colcon.colcon_core.environment:checking '/home/aidanbagley/ws_offboard_control/install/px4_msgs/bin'
[3.155s] Level 1:colcon.colcon_core.environment:checking '/home/aidanbagley/ws_offboard_control/install/px4_msgs/lib/pkgconfig/px4_msgs.pc'
[3.156s] Level 1:colcon.colcon_core.environment:checking '/home/aidanbagley/ws_offboard_control/install/px4_msgs/lib/python3.10/site-packages'
[3.156s] Level 1:colcon.colcon_core.environment:checking '/home/aidanbagley/ws_offboard_control/install/px4_msgs/bin'
[3.156s] INFO:colcon.colcon_core.shell:Creating package script '/home/aidanbagley/ws_offboard_control/install/px4_msgs/share/px4_msgs/package.ps1'
[3.157s] INFO:colcon.colcon_core.shell:Creating package descriptor '/home/aidanbagley/ws_offboard_control/install/px4_msgs/share/px4_msgs/package.dsv'
[3.157s] INFO:colcon.colcon_core.shell:Creating package script '/home/aidanbagley/ws_offboard_control/install/px4_msgs/share/px4_msgs/package.sh'
[3.157s] INFO:colcon.colcon_core.shell:Creating package script '/home/aidanbagley/ws_offboard_control/install/px4_msgs/share/px4_msgs/package.bash'
[3.158s] INFO:colcon.colcon_core.shell:Creating package script '/home/aidanbagley/ws_offboard_control/install/px4_msgs/share/px4_msgs/package.zsh'
[3.158s] Level 1:colcon.colcon_core.environment:create_file_with_runtime_dependencies(/home/aidanbagley/ws_offboard_control/install/px4_msgs/share/colcon-core/packages/px4_msgs)
[3.159s] INFO:colcon.colcon_ros.task.ament_cmake.build:Building ROS package in '/home/aidanbagley/ws_offboard_control/src/px4_ros_com' with build type 'ament_cmake'
[3.159s] INFO:colcon.colcon_cmake.task.cmake.build:Building CMake package in '/home/aidanbagley/ws_offboard_control/src/px4_ros_com'
[3.159s] INFO:colcon.colcon_core.shell:Skip shell extension 'powershell' for command environment: Not usable outside of PowerShell
[3.160s] DEBUG:colcon.colcon_core.shell:Skip shell extension 'dsv' for command environment
[3.304s] DEBUG:colcon.colcon_core.event_handler.log_command:Invoking command in '/home/aidanbagley/ws_offboard_control/build/px4_ros_com': CMAKE_PREFIX_PATH=/home/aidanbagley/ws_offboard_control/install/px4_msgs:/home/aidanbagley/ws_offboard_control/install/px4_ros_com:/home/aidanbagley/DarpaTriage/ws_sensor_combined/install/px4_ros_com:/home/aidanbagley/DarpaTriage/ws_sensor_combined/install/px4_msgs:/opt/ros/humble LD_LIBRARY_PATH=/home/aidanbagley/ws_offboard_control/install/px4_msgs/lib:/home/aidanbagley/ws_offboard_control/install/px4_ros_com/lib:/home/aidanbagley/DarpaTriage/ws_sensor_combined/install/px4_ros_com/lib:/home/aidanbagley/DarpaTriage/ws_sensor_combined/install/px4_msgs/lib:/opt/ros/humble/opt/rviz_ogre_vendor/lib:/opt/ros/humble/lib/x86_64-linux-gnu:/opt/ros/humble/lib /usr/bin/cmake --build /home/aidanbagley/ws_offboard_control/build/px4_ros_com -- -j16 -l16
[8.557s] DEBUG:colcon.colcon_core.event_handler.log_command:Invoked command in '/home/aidanbagley/ws_offboard_control/build/px4_ros_com' returned '2': CMAKE_PREFIX_PATH=/home/aidanbagley/ws_offboard_control/install/px4_msgs:/home/aidanbagley/ws_offboard_control/install/px4_ros_com:/home/aidanbagley/DarpaTriage/ws_sensor_combined/install/px4_ros_com:/home/aidanbagley/DarpaTriage/ws_sensor_combined/install/px4_msgs:/opt/ros/humble LD_LIBRARY_PATH=/home/aidanbagley/ws_offboard_control/install/px4_msgs/lib:/home/aidanbagley/ws_offboard_control/install/px4_ros_com/lib:/home/aidanbagley/DarpaTriage/ws_sensor_combined/install/px4_ros_com/lib:/home/aidanbagley/DarpaTriage/ws_sensor_combined/install/px4_msgs/lib:/opt/ros/humble/opt/rviz_ogre_vendor/lib:/opt/ros/humble/lib/x86_64-linux-gnu:/opt/ros/humble/lib /usr/bin/cmake --build /home/aidanbagley/ws_offboard_control/build/px4_ros_com -- -j16 -l16
[8.558s] Level 1:colcon.colcon_core.environment:create_environment_scripts_only(px4_ros_com)
[8.559s] Level 1:colcon.colcon_core.environment:checking '/home/aidanbagley/ws_offboard_control/install/px4_ros_com' for CMake module files
[8.560s] Level 1:colcon.colcon_core.environment:checking '/home/aidanbagley/ws_offboard_control/install/px4_ros_com' for CMake config files
[8.560s] Level 1:colcon.colcon_core.shell:create_environment_hook('px4_ros_com', 'cmake_prefix_path')
[8.560s] INFO:colcon.colcon_core.shell:Creating environment hook '/home/aidanbagley/ws_offboard_control/install/px4_ros_com/share/px4_ros_com/hook/cmake_prefix_path.ps1'
[8.561s] INFO:colcon.colcon_core.shell:Creating environment descriptor '/home/aidanbagley/ws_offboard_control/install/px4_ros_com/share/px4_ros_com/hook/cmake_prefix_path.dsv'
[8.562s] INFO:colcon.colcon_core.shell:Creating environment hook '/home/aidanbagley/ws_offboard_control/install/px4_ros_com/share/px4_ros_com/hook/cmake_prefix_path.sh'
[8.562s] Level 1:colcon.colcon_core.environment:checking '/home/aidanbagley/ws_offboard_control/install/px4_ros_com/lib'
[8.562s] Level 1:colcon.colcon_core.shell:create_environment_hook('px4_ros_com', 'ld_library_path_lib')
[8.563s] INFO:colcon.colcon_core.shell:Creating environment hook '/home/aidanbagley/ws_offboard_control/install/px4_ros_com/share/px4_ros_com/hook/ld_library_path_lib.ps1'
[8.563s] INFO:colcon.colcon_core.shell:Creating environment descriptor '/home/aidanbagley/ws_offboard_control/install/px4_ros_com/share/px4_ros_com/hook/ld_library_path_lib.dsv'
[8.563s] INFO:colcon.colcon_core.shell:Creating environment hook '/home/aidanbagley/ws_offboard_control/install/px4_ros_com/share/px4_ros_com/hook/ld_library_path_lib.sh'
[8.564s] Level 1:colcon.colcon_core.environment:checking '/home/aidanbagley/ws_offboard_control/install/px4_ros_com/bin'
[8.564s] Level 1:colcon.colcon_core.environment:checking '/home/aidanbagley/ws_offboard_control/install/px4_ros_com/lib/pkgconfig/px4_ros_com.pc'
[8.564s] Level 1:colcon.colcon_core.environment:checking '/home/aidanbagley/ws_offboard_control/install/px4_ros_com/lib/python3.10/site-packages'
[8.564s] Level 1:colcon.colcon_core.environment:checking '/home/aidanbagley/ws_offboard_control/install/px4_ros_com/bin'
[8.565s] INFO:colcon.colcon_core.shell:Creating package script '/home/aidanbagley/ws_offboard_control/install/px4_ros_com/share/px4_ros_com/package.ps1'
[8.565s] INFO:colcon.colcon_core.shell:Creating package descriptor '/home/aidanbagley/ws_offboard_control/install/px4_ros_com/share/px4_ros_com/package.dsv'
[8.566s] INFO:colcon.colcon_core.shell:Creating package script '/home/aidanbagley/ws_offboard_control/install/px4_ros_com/share/px4_ros_com/package.sh'
[8.566s] INFO:colcon.colcon_core.shell:Creating package script '/home/aidanbagley/ws_offboard_control/install/px4_ros_com/share/px4_ros_com/package.bash'
[8.567s] INFO:colcon.colcon_core.shell:Creating package script '/home/aidanbagley/ws_offboard_control/install/px4_ros_com/share/px4_ros_com/package.zsh'
[8.567s] Level 1:colcon.colcon_core.environment:create_file_with_runtime_dependencies(/home/aidanbagley/ws_offboard_control/install/px4_ros_com/share/colcon-core/packages/px4_ros_com)
[8.579s] DEBUG:colcon.colcon_parallel_executor.executor.parallel:closing loop
[8.579s] DEBUG:colcon.colcon_parallel_executor.executor.parallel:loop closed
[8.580s] DEBUG:colcon.colcon_parallel_executor.executor.parallel:run_until_complete finished with '2'
[8.580s] DEBUG:colcon.colcon_core.event_reactor:joining thread
[8.644s] INFO:colcon.colcon_core.plugin_system:Skipping extension 'colcon_notification.desktop_notification.notify_send': Could not find 'notify-send'
[8.645s] INFO:colcon.colcon_core.plugin_system:Skipping extension 'colcon_notification.desktop_notification.terminal_notifier': Not used on non-Darwin systems
[8.645s] INFO:colcon.colcon_core.plugin_system:Skipping extension 'colcon_notification.desktop_notification.win32': Not used on non-Windows systems
[8.645s] INFO:colcon.colcon_notification.desktop_notification:Sending desktop notification using 'notify2'
[8.645s] DEBUG:colcon.colcon_notification.desktop_notification.notify2:Failed to initialize notify2: org.freedesktop.DBus.Error.FileNotFound: Failed to connect to socket /run/user/1000/bus: No such file or directory
[8.645s] DEBUG:colcon.colcon_core.event_reactor:joined thread
[8.646s] INFO:colcon.colcon_core.shell:Creating prefix script '/home/aidanbagley/ws_offboard_control/install/local_setup.ps1'
[8.647s] INFO:colcon.colcon_core.shell:Creating prefix util module '/home/aidanbagley/ws_offboard_control/install/_local_setup_util_ps1.py'
[8.649s] INFO:colcon.colcon_core.shell:Creating prefix chain script '/home/aidanbagley/ws_offboard_control/install/setup.ps1'
[8.650s] INFO:colcon.colcon_core.shell:Creating prefix script '/home/aidanbagley/ws_offboard_control/install/local_setup.sh'
[8.651s] INFO:colcon.colcon_core.shell:Creating prefix util module '/home/aidanbagley/ws_offboard_control/install/_local_setup_util_sh.py'
[8.652s] INFO:colcon.colcon_core.shell:Creating prefix chain script '/home/aidanbagley/ws_offboard_control/install/setup.sh'
[8.669s] INFO:colcon.colcon_core.shell:Creating prefix script '/home/aidanbagley/ws_offboard_control/install/local_setup.bash'
[8.669s] INFO:colcon.colcon_core.shell:Creating prefix chain script '/home/aidanbagley/ws_offboard_control/install/setup.bash'
[8.671s] INFO:colcon.colcon_core.shell:Creating prefix script '/home/aidanbagley/ws_offboard_control/install/local_setup.zsh'
[8.671s] INFO:colcon.colcon_core.shell:Creating prefix chain script '/home/aidanbagley/ws_offboard_control/install/setup.zsh'
