[0.223s] DEBUG:colcon:Command line arguments: ['/usr/bin/colcon', 'build']
[0.223s] DEBUG:colcon:Parsed command line arguments: Namespace(log_base=None, log_level=None, verb_name='build', build_base='build', install_base='install', merge_install=False, symlink_install=False, test_result_base=None, continue_on_error=False, executor='parallel', parallel_workers=16, event_handlers=None, ignore_user_meta=False, metas=['./colcon.meta'], base_paths=['.'], packages_ignore=None, packages_ignore_regex=None, paths=None, packages_up_to=None, packages_up_to_regex=None, packages_above=None, packages_above_and_dependencies=None, packages_above_depth=None, packages_select_by_dep=None, packages_skip_by_dep=None, packages_skip_up_to=None, packages_select_build_failed=False, packages_skip_build_finished=False, packages_select_test_failures=False, packages_skip_test_passed=False, packages_select=None, packages_skip=None, packages_select_regex=None, packages_skip_regex=None, packages_start=None, packages_end=None, allow_overriding=[], cmake_args=None, cmake_target=None, cmake_target_skip_unavailable=False, cmake_clean_cache=False, cmake_clean_first=False, cmake_force_configure=False, ament_cmake_args=None, catkin_cmake_args=None, catkin_skip_building_tests=False, mixin_files=None, mixin=None, verb_parser=<colcon_mixin.mixin.mixin_argument.MixinArgumentDecorator object at 0x7fb68b5ab100>, verb_extension=<colcon_core.verb.build.BuildVerb object at 0x7fb68b76c040>, main=<bound method BuildVerb.main of <colcon_core.verb.build.BuildVerb object at 0x7fb68b76c040>>, mixin_verb=('build',))
[0.262s] Level 1:colcon.colcon_core.package_discovery:discover_packages(colcon_meta) check parameters
[0.262s] Level 1:colcon.colcon_core.package_discovery:discover_packages(recursive) check parameters
[0.262s] Level 1:colcon.colcon_core.package_discovery:discover_packages(ignore) check parameters
[0.262s] Level 1:colcon.colcon_core.package_discovery:discover_packages(path) check parameters
[0.262s] Level 1:colcon.colcon_core.package_discovery:discover_packages(colcon_meta) discover
[0.262s] Level 1:colcon.colcon_core.package_discovery:discover_packages(recursive) discover
[0.262s] INFO:colcon.colcon_core.package_discovery:Crawling recursively for packages in '/home/aidanbagley/ws_offboard_control'
[0.262s] Level 1:colcon.colcon_core.package_identification:_identify(.) by extensions ['ignore', 'ignore_ament_install']
[0.262s] Level 1:colcon.colcon_core.package_identification:_identify(.) by extension 'ignore'
[0.262s] Level 1:colcon.colcon_core.package_identification:_identify(.) by extension 'ignore_ament_install'
[0.262s] Level 1:colcon.colcon_core.package_identification:_identify(.) by extensions ['colcon_pkg']
[0.263s] Level 1:colcon.colcon_core.package_identification:_identify(.) by extension 'colcon_pkg'
[0.263s] Level 1:colcon.colcon_core.package_identification:_identify(.) by extensions ['colcon_meta']
[0.263s] Level 1:colcon.colcon_core.package_identification:_identify(.) by extension 'colcon_meta'
[0.263s] Level 1:colcon.colcon_core.package_identification:_identify(.) by extensions ['ros']
[0.263s] Level 1:colcon.colcon_core.package_identification:_identify(.) by extension 'ros'
[0.277s] Level 1:colcon.colcon_core.package_identification:_identify(.) by extensions ['cmake', 'python']
[0.277s] Level 1:colcon.colcon_core.package_identification:_identify(.) by extension 'cmake'
[0.277s] Level 1:colcon.colcon_core.package_identification:_identify(.) by extension 'python'
[0.277s] Level 1:colcon.colcon_core.package_identification:_identify(.) by extensions ['python_setup_py']
[0.278s] Level 1:colcon.colcon_core.package_identification:_identify(.) by extension 'python_setup_py'
[0.278s] Level 1:colcon.colcon_core.package_identification:_identify(build) by extensions ['ignore', 'ignore_ament_install']
[0.278s] Level 1:colcon.colcon_core.package_identification:_identify(build) by extension 'ignore'
[0.278s] Level 1:colcon.colcon_core.package_identification:_identify(build) ignored
[0.278s] Level 1:colcon.colcon_core.package_identification:_identify(install) by extensions ['ignore', 'ignore_ament_install']
[0.278s] Level 1:colcon.colcon_core.package_identification:_identify(install) by extension 'ignore'
[0.278s] Level 1:colcon.colcon_core.package_identification:_identify(install) ignored
[0.279s] Level 1:colcon.colcon_core.package_identification:_identify(log) by extensions ['ignore', 'ignore_ament_install']
[0.279s] Level 1:colcon.colcon_core.package_identification:_identify(log) by extension 'ignore'
[0.279s] Level 1:colcon.colcon_core.package_identification:_identify(log) ignored
[0.279s] Level 1:colcon.colcon_core.package_identification:_identify(src) by extensions ['ignore', 'ignore_ament_install']
[0.279s] Level 1:colcon.colcon_core.package_identification:_identify(src) by extension 'ignore'
[0.279s] Level 1:colcon.colcon_core.package_identification:_identify(src) by extension 'ignore_ament_install'
[0.279s] Level 1:colcon.colcon_core.package_identification:_identify(src) by extensions ['colcon_pkg']
[0.279s] Level 1:colcon.colcon_core.package_identification:_identify(src) by extension 'colcon_pkg'
[0.279s] Level 1:colcon.colcon_core.package_identification:_identify(src) by extensions ['colcon_meta']
[0.279s] Level 1:colcon.colcon_core.package_identification:_identify(src) by extension 'colcon_meta'
[0.279s] Level 1:colcon.colcon_core.package_identification:_identify(src) by extensions ['ros']
[0.280s] Level 1:colcon.colcon_core.package_identification:_identify(src) by extension 'ros'
[0.280s] Level 1:colcon.colcon_core.package_identification:_identify(src) by extensions ['cmake', 'python']
[0.280s] Level 1:colcon.colcon_core.package_identification:_identify(src) by extension 'cmake'
[0.280s] Level 1:colcon.colcon_core.package_identification:_identify(src) by extension 'python'
[0.280s] Level 1:colcon.colcon_core.package_identification:_identify(src) by extensions ['python_setup_py']
[0.280s] Level 1:colcon.colcon_core.package_identification:_identify(src) by extension 'python_setup_py'
[0.280s] Level 1:colcon.colcon_core.package_identification:_identify(src/px4_msgs) by extensions ['ignore', 'ignore_ament_install']
[0.280s] Level 1:colcon.colcon_core.package_identification:_identify(src/px4_msgs) by extension 'ignore'
[0.280s] Level 1:colcon.colcon_core.package_identification:_identify(src/px4_msgs) by extension 'ignore_ament_install'
[0.280s] Level 1:colcon.colcon_core.package_identification:_identify(src/px4_msgs) by extensions ['colcon_pkg']
[0.280s] Level 1:colcon.colcon_core.package_identification:_identify(src/px4_msgs) by extension 'colcon_pkg'
[0.280s] Level 1:colcon.colcon_core.package_identification:_identify(src/px4_msgs) by extensions ['colcon_meta']
[0.280s] Level 1:colcon.colcon_core.package_identification:_identify(src/px4_msgs) by extension 'colcon_meta'
[0.280s] Level 1:colcon.colcon_core.package_identification:_identify(src/px4_msgs) by extensions ['ros']
[0.280s] Level 1:colcon.colcon_core.package_identification:_identify(src/px4_msgs) by extension 'ros'
[0.283s] DEBUG:colcon.colcon_core.package_identification:Package 'src/px4_msgs' with type 'ros.ament_cmake' and name 'px4_msgs'
[0.283s] Level 1:colcon.colcon_core.package_identification:_identify(src/px4_ros_com) by extensions ['ignore', 'ignore_ament_install']
[0.283s] Level 1:colcon.colcon_core.package_identification:_identify(src/px4_ros_com) by extension 'ignore'
[0.283s] Level 1:colcon.colcon_core.package_identification:_identify(src/px4_ros_com) by extension 'ignore_ament_install'
[0.284s] Level 1:colcon.colcon_core.package_identification:_identify(src/px4_ros_com) by extensions ['colcon_pkg']
[0.284s] Level 1:colcon.colcon_core.package_identification:_identify(src/px4_ros_com) by extension 'colcon_pkg'
[0.284s] Level 1:colcon.colcon_core.package_identification:_identify(src/px4_ros_com) by extensions ['colcon_meta']
[0.284s] Level 1:colcon.colcon_core.package_identification:_identify(src/px4_ros_com) by extension 'colcon_meta'
[0.284s] Level 1:colcon.colcon_core.package_identification:_identify(src/px4_ros_com) by extensions ['ros']
[0.284s] Level 1:colcon.colcon_core.package_identification:_identify(src/px4_ros_com) by extension 'ros'
[0.285s] DEBUG:colcon.colcon_core.package_identification:Package 'src/px4_ros_com' with type 'ros.ament_cmake' and name 'px4_ros_com'
[0.285s] Level 1:colcon.colcon_core.package_discovery:discover_packages(recursive) using defaults
[0.285s] Level 1:colcon.colcon_core.package_discovery:discover_packages(ignore) discover
[0.285s] Level 1:colcon.colcon_core.package_discovery:discover_packages(ignore) using defaults
[0.285s] Level 1:colcon.colcon_core.package_discovery:discover_packages(path) discover
[0.285s] Level 1:colcon.colcon_core.package_discovery:discover_packages(path) using defaults
[0.306s] Level 1:colcon.colcon_core.package_discovery:discover_packages(prefix_path) check parameters
[0.306s] Level 1:colcon.colcon_core.package_discovery:discover_packages(prefix_path) discover
[0.308s] DEBUG:colcon.colcon_installed_package_information.package_discovery:Found 2 installed packages in /home/aidanbagley/ws_offboard_control/install
[0.309s] DEBUG:colcon.colcon_installed_package_information.package_discovery:Found 2 installed packages in /home/aidanbagley/DarpaTriage/ws_sensor_combined/install
[0.310s] DEBUG:colcon.colcon_installed_package_information.package_discovery:Found 270 installed packages in /opt/ros/humble
[0.312s] Level 1:colcon.colcon_core.package_discovery:discover_packages(prefix_path) using defaults
[0.350s] Level 5:colcon.colcon_core.verb:set package 'px4_msgs' build argument 'cmake_args' from command line to 'None'
[0.351s] Level 5:colcon.colcon_core.verb:set package 'px4_msgs' build argument 'cmake_target' from command line to 'None'
[0.351s] Level 5:colcon.colcon_core.verb:set package 'px4_msgs' build argument 'cmake_target_skip_unavailable' from command line to 'False'
[0.351s] Level 5:colcon.colcon_core.verb:set package 'px4_msgs' build argument 'cmake_clean_cache' from command line to 'False'
[0.351s] Level 5:colcon.colcon_core.verb:set package 'px4_msgs' build argument 'cmake_clean_first' from command line to 'False'
[0.351s] Level 5:colcon.colcon_core.verb:set package 'px4_msgs' build argument 'cmake_force_configure' from command line to 'False'
[0.351s] Level 5:colcon.colcon_core.verb:set package 'px4_msgs' build argument 'ament_cmake_args' from command line to 'None'
[0.351s] Level 5:colcon.colcon_core.verb:set package 'px4_msgs' build argument 'catkin_cmake_args' from command line to 'None'
[0.351s] Level 5:colcon.colcon_core.verb:set package 'px4_msgs' build argument 'catkin_skip_building_tests' from command line to 'False'
[0.351s] DEBUG:colcon.colcon_core.verb:Building package 'px4_msgs' with the following arguments: {'ament_cmake_args': None, 'build_base': '/home/aidanbagley/ws_offboard_control/build/px4_msgs', 'catkin_cmake_args': None, 'catkin_skip_building_tests': False, 'cmake_args': None, 'cmake_clean_cache': False, 'cmake_clean_first': False, 'cmake_force_configure': False, 'cmake_target': None, 'cmake_target_skip_unavailable': False, 'install_base': '/home/aidanbagley/ws_offboard_control/install/px4_msgs', 'merge_install': False, 'path': '/home/aidanbagley/ws_offboard_control/src/px4_msgs', 'symlink_install': False, 'test_result_base': None}
[0.351s] Level 5:colcon.colcon_core.verb:set package 'px4_ros_com' build argument 'cmake_args' from command line to 'None'
[0.351s] Level 5:colcon.colcon_core.verb:set package 'px4_ros_com' build argument 'cmake_target' from command line to 'None'
[0.351s] Level 5:colcon.colcon_core.verb:set package 'px4_ros_com' build argument 'cmake_target_skip_unavailable' from command line to 'False'
[0.351s] Level 5:colcon.colcon_core.verb:set package 'px4_ros_com' build argument 'cmake_clean_cache' from command line to 'False'
[0.351s] Level 5:colcon.colcon_core.verb:set package 'px4_ros_com' build argument 'cmake_clean_first' from command line to 'False'
[0.351s] Level 5:colcon.colcon_core.verb:set package 'px4_ros_com' build argument 'cmake_force_configure' from command line to 'False'
[0.351s] Level 5:colcon.colcon_core.verb:set package 'px4_ros_com' build argument 'ament_cmake_args' from command line to 'None'
[0.351s] Level 5:colcon.colcon_core.verb:set package 'px4_ros_com' build argument 'catkin_cmake_args' from command line to 'None'
[0.352s] Level 5:colcon.colcon_core.verb:set package 'px4_ros_com' build argument 'catkin_skip_building_tests' from command line to 'False'
[0.352s] DEBUG:colcon.colcon_core.verb:Building package 'px4_ros_com' with the following arguments: {'ament_cmake_args': None, 'build_base': '/home/aidanbagley/ws_offboard_control/build/px4_ros_com', 'catkin_cmake_args': None, 'catkin_skip_building_tests': False, 'cmake_args': None, 'cmake_clean_cache': False, 'cmake_clean_first': False, 'cmake_force_configure': False, 'cmake_target': None, 'cmake_target_skip_unavailable': False, 'install_base': '/home/aidanbagley/ws_offboard_control/install/px4_ros_com', 'merge_install': False, 'path': '/home/aidanbagley/ws_offboard_control/src/px4_ros_com', 'symlink_install': False, 'test_result_base': None}
[0.352s] INFO:colcon.colcon_core.executor:Executing jobs using 'parallel' executor
[0.353s] DEBUG:colcon.colcon_parallel_executor.executor.parallel:run_until_complete
[0.354s] INFO:colcon.colcon_ros.task.ament_cmake.build:Building ROS package in '/home/aidanbagley/ws_offboard_control/src/px4_msgs' with build type 'ament_cmake'
[0.354s] INFO:colcon.colcon_cmake.task.cmake.build:Building CMake package in '/home/aidanbagley/ws_offboard_control/src/px4_msgs'
[0.357s] INFO:colcon.colcon_core.plugin_system:Skipping extension 'colcon_core.shell.bat': Not used on non-Windows systems
[0.357s] INFO:colcon.colcon_core.shell:Skip shell extension 'powershell' for command environment: Not usable outside of PowerShell
[0.357s] DEBUG:colcon.colcon_core.shell:Skip shell extension 'dsv' for command environment
[0.371s] DEBUG:colcon.colcon_core.event_handler.log_command:Invoking command in '/home/aidanbagley/ws_offboard_control/build/px4_msgs': CMAKE_PREFIX_PATH=${CMAKE_PREFIX_PATH}:/opt/ros/humble /usr/bin/cmake --build /home/aidanbagley/ws_offboard_control/build/px4_msgs -- -j16 -l16
[1.825s] DEBUG:colcon.colcon_core.event_handler.log_command:Invoked command in '/home/aidanbagley/ws_offboard_control/build/px4_msgs' returned '0': CMAKE_PREFIX_PATH=${CMAKE_PREFIX_PATH}:/opt/ros/humble /usr/bin/cmake --build /home/aidanbagley/ws_offboard_control/build/px4_msgs -- -j16 -l16
[1.840s] DEBUG:colcon.colcon_core.event_handler.log_command:Invoking command in '/home/aidanbagley/ws_offboard_control/build/px4_msgs': CMAKE_PREFIX_PATH=${CMAKE_PREFIX_PATH}:/opt/ros/humble /usr/bin/cmake --install /home/aidanbagley/ws_offboard_control/build/px4_msgs
[2.674s] Level 1:colcon.colcon_core.environment:create_environment_scripts_only(px4_msgs)
[2.719s] Level 1:colcon.colcon_core.environment:checking '/home/aidanbagley/ws_offboard_control/install/px4_msgs' for CMake module files
[2.729s] Level 1:colcon.colcon_core.environment:checking '/home/aidanbagley/ws_offboard_control/install/px4_msgs' for CMake config files
[2.850s] DEBUG:colcon.colcon_core.event_handler.log_command:Invoked command in '/home/aidanbagley/ws_offboard_control/build/px4_msgs' returned '0': CMAKE_PREFIX_PATH=${CMAKE_PREFIX_PATH}:/opt/ros/humble /usr/bin/cmake --install /home/aidanbagley/ws_offboard_control/build/px4_msgs
[2.853s] Level 1:colcon.colcon_core.shell:create_environment_hook('px4_msgs', 'cmake_prefix_path')
[2.853s] INFO:colcon.colcon_core.shell:Creating environment hook '/home/aidanbagley/ws_offboard_control/install/px4_msgs/share/px4_msgs/hook/cmake_prefix_path.ps1'
[2.854s] INFO:colcon.colcon_core.shell:Creating environment descriptor '/home/aidanbagley/ws_offboard_control/install/px4_msgs/share/px4_msgs/hook/cmake_prefix_path.dsv'
[2.854s] INFO:colcon.colcon_core.shell:Creating environment hook '/home/aidanbagley/ws_offboard_control/install/px4_msgs/share/px4_msgs/hook/cmake_prefix_path.sh'
[2.855s] Level 1:colcon.colcon_core.environment:checking '/home/aidanbagley/ws_offboard_control/install/px4_msgs/lib'
[2.856s] Level 1:colcon.colcon_core.shell:create_environment_hook('px4_msgs', 'ld_library_path_lib')
[2.856s] INFO:colcon.colcon_core.shell:Creating environment hook '/home/aidanbagley/ws_offboard_control/install/px4_msgs/share/px4_msgs/hook/ld_library_path_lib.ps1'
[2.856s] INFO:colcon.colcon_core.shell:Creating environment descriptor '/home/aidanbagley/ws_offboard_control/install/px4_msgs/share/px4_msgs/hook/ld_library_path_lib.dsv'
[2.857s] INFO:colcon.colcon_core.shell:Creating environment hook '/home/aidanbagley/ws_offboard_control/install/px4_msgs/share/px4_msgs/hook/ld_library_path_lib.sh'
[2.857s] Level 1:colcon.colcon_core.environment:checking '/home/aidanbagley/ws_offboard_control/install/px4_msgs/bin'
[2.857s] Level 1:colcon.colcon_core.environment:checking '/home/aidanbagley/ws_offboard_control/install/px4_msgs/lib/pkgconfig/px4_msgs.pc'
[2.857s] Level 1:colcon.colcon_core.environment:checking '/home/aidanbagley/ws_offboard_control/install/px4_msgs/lib/python3.10/site-packages'
[2.858s] Level 1:colcon.colcon_core.environment:checking '/home/aidanbagley/ws_offboard_control/install/px4_msgs/bin'
[2.858s] INFO:colcon.colcon_core.shell:Creating package script '/home/aidanbagley/ws_offboard_control/install/px4_msgs/share/px4_msgs/package.ps1'
[2.859s] INFO:colcon.colcon_core.shell:Creating package descriptor '/home/aidanbagley/ws_offboard_control/install/px4_msgs/share/px4_msgs/package.dsv'
[2.859s] INFO:colcon.colcon_core.shell:Creating package script '/home/aidanbagley/ws_offboard_control/install/px4_msgs/share/px4_msgs/package.sh'
[2.860s] INFO:colcon.colcon_core.shell:Creating package script '/home/aidanbagley/ws_offboard_control/install/px4_msgs/share/px4_msgs/package.bash'
[2.861s] INFO:colcon.colcon_core.shell:Creating package script '/home/aidanbagley/ws_offboard_control/install/px4_msgs/share/px4_msgs/package.zsh'
[2.862s] Level 1:colcon.colcon_core.environment:create_file_with_runtime_dependencies(/home/aidanbagley/ws_offboard_control/install/px4_msgs/share/colcon-core/packages/px4_msgs)
[2.862s] Level 1:colcon.colcon_core.environment:create_environment_scripts_only(px4_msgs)
[2.863s] Level 1:colcon.colcon_core.environment:checking '/home/aidanbagley/ws_offboard_control/install/px4_msgs' for CMake module files
[2.863s] Level 1:colcon.colcon_core.environment:checking '/home/aidanbagley/ws_offboard_control/install/px4_msgs' for CMake config files
[2.868s] Level 1:colcon.colcon_core.shell:create_environment_hook('px4_msgs', 'cmake_prefix_path')
[2.868s] INFO:colcon.colcon_core.shell:Creating environment hook '/home/aidanbagley/ws_offboard_control/install/px4_msgs/share/px4_msgs/hook/cmake_prefix_path.ps1'
[2.869s] INFO:colcon.colcon_core.shell:Creating environment descriptor '/home/aidanbagley/ws_offboard_control/install/px4_msgs/share/px4_msgs/hook/cmake_prefix_path.dsv'
[2.869s] INFO:colcon.colcon_core.shell:Creating environment hook '/home/aidanbagley/ws_offboard_control/install/px4_msgs/share/px4_msgs/hook/cmake_prefix_path.sh'
[2.870s] Level 1:colcon.colcon_core.environment:checking '/home/aidanbagley/ws_offboard_control/install/px4_msgs/lib'
[2.870s] Level 1:colcon.colcon_core.shell:create_environment_hook('px4_msgs', 'ld_library_path_lib')
[2.870s] INFO:colcon.colcon_core.shell:Creating environment hook '/home/aidanbagley/ws_offboard_control/install/px4_msgs/share/px4_msgs/hook/ld_library_path_lib.ps1'
[2.870s] INFO:colcon.colcon_core.shell:Creating environment descriptor '/home/aidanbagley/ws_offboard_control/install/px4_msgs/share/px4_msgs/hook/ld_library_path_lib.dsv'
[2.871s] INFO:colcon.colcon_core.shell:Creating environment hook '/home/aidanbagley/ws_offboard_control/install/px4_msgs/share/px4_msgs/hook/ld_library_path_lib.sh'
[2.871s] Level 1:colcon.colcon_core.environment:checking '/home/aidanbagley/ws_offboard_control/install/px4_msgs/bin'
[2.871s] Level 1:colcon.colcon_core.environment:checking '/home/aidanbagley/ws_offboard_control/install/px4_msgs/lib/pkgconfig/px4_msgs.pc'
[2.872s] Level 1:colcon.colcon_core.environment:checking '/home/aidanbagley/ws_offboard_control/install/px4_msgs/lib/python3.10/site-packages'
[2.872s] Level 1:colcon.colcon_core.environment:checking '/home/aidanbagley/ws_offboard_control/install/px4_msgs/bin'
[2.872s] INFO:colcon.colcon_core.shell:Creating package script '/home/aidanbagley/ws_offboard_control/install/px4_msgs/share/px4_msgs/package.ps1'
[2.873s] INFO:colcon.colcon_core.shell:Creating package descriptor '/home/aidanbagley/ws_offboard_control/install/px4_msgs/share/px4_msgs/package.dsv'
[2.873s] INFO:colcon.colcon_core.shell:Creating package script '/home/aidanbagley/ws_offboard_control/install/px4_msgs/share/px4_msgs/package.sh'
[2.874s] INFO:colcon.colcon_core.shell:Creating package script '/home/aidanbagley/ws_offboard_control/install/px4_msgs/share/px4_msgs/package.bash'
[2.874s] INFO:colcon.colcon_core.shell:Creating package script '/home/aidanbagley/ws_offboard_control/install/px4_msgs/share/px4_msgs/package.zsh'
[2.875s] Level 1:colcon.colcon_core.environment:create_file_with_runtime_dependencies(/home/aidanbagley/ws_offboard_control/install/px4_msgs/share/colcon-core/packages/px4_msgs)
[2.875s] INFO:colcon.colcon_ros.task.ament_cmake.build:Building ROS package in '/home/aidanbagley/ws_offboard_control/src/px4_ros_com' with build type 'ament_cmake'
[2.875s] INFO:colcon.colcon_cmake.task.cmake.build:Building CMake package in '/home/aidanbagley/ws_offboard_control/src/px4_ros_com'
[2.876s] INFO:colcon.colcon_core.shell:Skip shell extension 'powershell' for command environment: Not usable outside of PowerShell
[2.876s] DEBUG:colcon.colcon_core.shell:Skip shell extension 'dsv' for command environment
[3.006s] DEBUG:colcon.colcon_core.event_handler.log_command:Invoking command in '/home/aidanbagley/ws_offboard_control/build/px4_ros_com': CMAKE_PREFIX_PATH=/home/aidanbagley/ws_offboard_control/install/px4_msgs:/home/aidanbagley/ws_offboard_control/install/px4_ros_com:/home/aidanbagley/DarpaTriage/ws_sensor_combined/install/px4_ros_com:/home/aidanbagley/DarpaTriage/ws_sensor_combined/install/px4_msgs:/opt/ros/humble LD_LIBRARY_PATH=/home/aidanbagley/ws_offboard_control/install/px4_msgs/lib:/home/aidanbagley/ws_offboard_control/install/px4_ros_com/lib:/home/aidanbagley/DarpaTriage/ws_sensor_combined/install/px4_ros_com/lib:/home/aidanbagley/DarpaTriage/ws_sensor_combined/install/px4_msgs/lib:/opt/ros/humble/opt/rviz_ogre_vendor/lib:/opt/ros/humble/lib/x86_64-linux-gnu:/opt/ros/humble/lib /usr/bin/cmake --build /home/aidanbagley/ws_offboard_control/build/px4_ros_com -- -j16 -l16
[7.613s] DEBUG:colcon.colcon_core.event_handler.log_command:Invoked command in '/home/aidanbagley/ws_offboard_control/build/px4_ros_com' returned '2': CMAKE_PREFIX_PATH=/home/aidanbagley/ws_offboard_control/install/px4_msgs:/home/aidanbagley/ws_offboard_control/install/px4_ros_com:/home/aidanbagley/DarpaTriage/ws_sensor_combined/install/px4_ros_com:/home/aidanbagley/DarpaTriage/ws_sensor_combined/install/px4_msgs:/opt/ros/humble LD_LIBRARY_PATH=/home/aidanbagley/ws_offboard_control/install/px4_msgs/lib:/home/aidanbagley/ws_offboard_control/install/px4_ros_com/lib:/home/aidanbagley/DarpaTriage/ws_sensor_combined/install/px4_ros_com/lib:/home/aidanbagley/DarpaTriage/ws_sensor_combined/install/px4_msgs/lib:/opt/ros/humble/opt/rviz_ogre_vendor/lib:/opt/ros/humble/lib/x86_64-linux-gnu:/opt/ros/humble/lib /usr/bin/cmake --build /home/aidanbagley/ws_offboard_control/build/px4_ros_com -- -j16 -l16
[7.614s] Level 1:colcon.colcon_core.environment:create_environment_scripts_only(px4_ros_com)
[7.615s] Level 1:colcon.colcon_core.environment:checking '/home/aidanbagley/ws_offboard_control/install/px4_ros_com' for CMake module files
[7.615s] Level 1:colcon.colcon_core.environment:checking '/home/aidanbagley/ws_offboard_control/install/px4_ros_com' for CMake config files
[7.616s] Level 1:colcon.colcon_core.shell:create_environment_hook('px4_ros_com', 'cmake_prefix_path')
[7.617s] INFO:colcon.colcon_core.shell:Creating environment hook '/home/aidanbagley/ws_offboard_control/install/px4_ros_com/share/px4_ros_com/hook/cmake_prefix_path.ps1'
[7.617s] INFO:colcon.colcon_core.shell:Creating environment descriptor '/home/aidanbagley/ws_offboard_control/install/px4_ros_com/share/px4_ros_com/hook/cmake_prefix_path.dsv'
[7.618s] INFO:colcon.colcon_core.shell:Creating environment hook '/home/aidanbagley/ws_offboard_control/install/px4_ros_com/share/px4_ros_com/hook/cmake_prefix_path.sh'
[7.619s] Level 1:colcon.colcon_core.environment:checking '/home/aidanbagley/ws_offboard_control/install/px4_ros_com/lib'
[7.619s] Level 1:colcon.colcon_core.shell:create_environment_hook('px4_ros_com', 'ld_library_path_lib')
[7.619s] INFO:colcon.colcon_core.shell:Creating environment hook '/home/aidanbagley/ws_offboard_control/install/px4_ros_com/share/px4_ros_com/hook/ld_library_path_lib.ps1'
[7.620s] INFO:colcon.colcon_core.shell:Creating environment descriptor '/home/aidanbagley/ws_offboard_control/install/px4_ros_com/share/px4_ros_com/hook/ld_library_path_lib.dsv'
[7.620s] INFO:colcon.colcon_core.shell:Creating environment hook '/home/aidanbagley/ws_offboard_control/install/px4_ros_com/share/px4_ros_com/hook/ld_library_path_lib.sh'
[7.621s] Level 1:colcon.colcon_core.environment:checking '/home/aidanbagley/ws_offboard_control/install/px4_ros_com/bin'
[7.621s] Level 1:colcon.colcon_core.environment:checking '/home/aidanbagley/ws_offboard_control/install/px4_ros_com/lib/pkgconfig/px4_ros_com.pc'
[7.621s] Level 1:colcon.colcon_core.environment:checking '/home/aidanbagley/ws_offboard_control/install/px4_ros_com/lib/python3.10/site-packages'
[7.621s] Level 1:colcon.colcon_core.environment:checking '/home/aidanbagley/ws_offboard_control/install/px4_ros_com/bin'
[7.622s] INFO:colcon.colcon_core.shell:Creating package script '/home/aidanbagley/ws_offboard_control/install/px4_ros_com/share/px4_ros_com/package.ps1'
[7.623s] INFO:colcon.colcon_core.shell:Creating package descriptor '/home/aidanbagley/ws_offboard_control/install/px4_ros_com/share/px4_ros_com/package.dsv'
[7.623s] INFO:colcon.colcon_core.shell:Creating package script '/home/aidanbagley/ws_offboard_control/install/px4_ros_com/share/px4_ros_com/package.sh'
[7.624s] INFO:colcon.colcon_core.shell:Creating package script '/home/aidanbagley/ws_offboard_control/install/px4_ros_com/share/px4_ros_com/package.bash'
[7.624s] INFO:colcon.colcon_core.shell:Creating package script '/home/aidanbagley/ws_offboard_control/install/px4_ros_com/share/px4_ros_com/package.zsh'
[7.625s] Level 1:colcon.colcon_core.environment:create_file_with_runtime_dependencies(/home/aidanbagley/ws_offboard_control/install/px4_ros_com/share/colcon-core/packages/px4_ros_com)
[7.636s] DEBUG:colcon.colcon_parallel_executor.executor.parallel:closing loop
[7.637s] DEBUG:colcon.colcon_parallel_executor.executor.parallel:loop closed
[7.637s] DEBUG:colcon.colcon_parallel_executor.executor.parallel:run_until_complete finished with '2'
[7.637s] DEBUG:colcon.colcon_core.event_reactor:joining thread
[7.706s] INFO:colcon.colcon_core.plugin_system:Skipping extension 'colcon_notification.desktop_notification.notify_send': Could not find 'notify-send'
[7.706s] INFO:colcon.colcon_core.plugin_system:Skipping extension 'colcon_notification.desktop_notification.terminal_notifier': Not used on non-Darwin systems
[7.706s] INFO:colcon.colcon_core.plugin_system:Skipping extension 'colcon_notification.desktop_notification.win32': Not used on non-Windows systems
[7.706s] INFO:colcon.colcon_notification.desktop_notification:Sending desktop notification using 'notify2'
[7.706s] DEBUG:colcon.colcon_notification.desktop_notification.notify2:Failed to initialize notify2: org.freedesktop.DBus.Error.FileNotFound: Failed to connect to socket /run/user/1000/bus: No such file or directory
[7.707s] DEBUG:colcon.colcon_core.event_reactor:joined thread
[7.707s] INFO:colcon.colcon_core.shell:Creating prefix script '/home/aidanbagley/ws_offboard_control/install/local_setup.ps1'
[7.708s] INFO:colcon.colcon_core.shell:Creating prefix util module '/home/aidanbagley/ws_offboard_control/install/_local_setup_util_ps1.py'
[7.710s] INFO:colcon.colcon_core.shell:Creating prefix chain script '/home/aidanbagley/ws_offboard_control/install/setup.ps1'
[7.711s] INFO:colcon.colcon_core.shell:Creating prefix script '/home/aidanbagley/ws_offboard_control/install/local_setup.sh'
[7.711s] INFO:colcon.colcon_core.shell:Creating prefix util module '/home/aidanbagley/ws_offboard_control/install/_local_setup_util_sh.py'
[7.712s] INFO:colcon.colcon_core.shell:Creating prefix chain script '/home/aidanbagley/ws_offboard_control/install/setup.sh'
[7.713s] INFO:colcon.colcon_core.shell:Creating prefix script '/home/aidanbagley/ws_offboard_control/install/local_setup.bash'
[7.714s] INFO:colcon.colcon_core.shell:Creating prefix chain script '/home/aidanbagley/ws_offboard_control/install/setup.bash'
[7.715s] INFO:colcon.colcon_core.shell:Creating prefix script '/home/aidanbagley/ws_offboard_control/install/local_setup.zsh'
[7.715s] INFO:colcon.colcon_core.shell:Creating prefix chain script '/home/aidanbagley/ws_offboard_control/install/setup.zsh'
