[35m[1mConsolidate compiler generated dependencies of target frame_transforms[0m
[35m[1mConsolidate compiler generated dependencies of target debug_vect_advertiser[0m
[35m[1mConsolidate compiler generated dependencies of target sensor_combined_listener[0m
[35m[1mConsolidate compiler generated dependencies of target offboard_control_srv[0m
[35m[1mConsolidate compiler generated dependencies of target offboard_control[0m
[35m[1mConsolidate compiler generated dependencies of target vehicle_gps_position_listener[0m
[  0%] Built target ament_cmake_python_copy_px4_ros_com
[ 16%] Built target frame_transforms
[ 33%] Built target debug_vect_advertiser
[ 41%] [32mBuilding CXX object CMakeFiles/offboard_control.dir/src/examples/offboard/offboard_control.cpp.o[0m
[ 58%] Built target offboard_control_srv
[ 75%] Built target vehicle_gps_position_listener
[ 91%] Built target sensor_combined_listener
running egg_info
writing px4_ros_com.egg-info/PKG-INFO
writing dependency_links to px4_ros_com.egg-info/dependency_links.txt
writing top-level names to px4_ros_com.egg-info/top_level.txt
reading manifest file 'px4_ros_com.egg-info/SOURCES.txt'
writing manifest file 'px4_ros_com.egg-info/SOURCES.txt'
[ 91%] Built target ament_cmake_python_build_px4_ros_com_egg
[01m[K/home/aidanbagley/ws_offboard_control/src/px4_ros_com/src/examples/offboard/offboard_control.cpp:158:19:[m[K [01;31m[Kerror: [m[Kexpected identifier before numeric constant
  158 | std::array(float, [01;31m[K3[m[K) OffboardControl::get_new_setpoint()
      |                   [01;31m[K^[m[K
[01m[K/home/aidanbagley/ws_offboard_control/src/px4_ros_com/src/examples/offboard/offboard_control.cpp:158:19:[m[K [01;31m[Kerror: [m[Kexpected ‘[01m[K,[m[K’ or ‘[01m[K...[m[K’ before numeric constant
[01m[K/home/aidanbagley/ws_offboard_control/src/px4_ros_com/src/examples/offboard/offboard_control.cpp:158:22:[m[K [01;31m[Kerror: [m[Kexpected initializer before ‘[01m[KOffboardControl[m[K’
  158 | std::array(float, 3) [01;31m[KOffboardControl[m[K::get_new_setpoint()
      |                      [01;31m[K^~~~~~~~~~~~~~~[m[K
[01m[K/home/aidanbagley/ws_offboard_control/src/px4_ros_com/src/examples/offboard/offboard_control.cpp:[m[K In member function ‘[01m[Kvoid OffboardControl::publish_trajectory_setpoint()[m[K’:
[01m[K/home/aidanbagley/ws_offboard_control/src/px4_ros_com/src/examples/offboard/offboard_control.cpp:172:24:[m[K [01;31m[Kerror: [m[K‘[01m[Kget_new_setpoint[m[K’ was not declared in this scope
  172 |         msg.position = [01;31m[Kget_new_setpoint[m[K();
      |                        [01;31m[K^~~~~~~~~~~~~~~~[m[K
gmake[2]: *** [CMakeFiles/offboard_control.dir/build.make:76: CMakeFiles/offboard_control.dir/src/examples/offboard/offboard_control.cpp.o] Error 1
gmake[1]: *** [CMakeFiles/Makefile2:254: CMakeFiles/offboard_control.dir/all] Error 2
gmake: *** [Makefile:146: all] Error 2
