[0.143s] Invoking command in '/home/aidanbagley/ws_offboard_control/build/px4_ros_com': CMAKE_PREFIX_PATH=/home/aidanbagley/ws_offboard_control/install/px4_msgs:/home/aidanbagley/ws_offboard_control/install/px4_ros_com:/home/aidanbagley/DarpaTriage/ws_sensor_combined/install/px4_ros_com:/home/aidanbagley/DarpaTriage/ws_sensor_combined/install/px4_msgs:/opt/ros/humble LD_LIBRARY_PATH=/home/aidanbagley/ws_offboard_control/install/px4_msgs/lib:/home/aidanbagley/ws_offboard_control/install/px4_ros_com/lib:/home/aidanbagley/DarpaTriage/ws_sensor_combined/install/px4_ros_com/lib:/home/aidanbagley/DarpaTriage/ws_sensor_combined/install/px4_msgs/lib:/opt/ros/humble/opt/rviz_ogre_vendor/lib:/opt/ros/humble/lib/x86_64-linux-gnu:/opt/ros/humble/lib /usr/bin/cmake --build /home/aidanbagley/ws_offboard_control/build/px4_ros_com -- -j16 -l16
[0.193s] [35m[1mConsolidate compiler generated dependencies of target frame_transforms[0m
[0.194s] [35m[1mConsolidate compiler generated dependencies of target debug_vect_advertiser[0m
[0.194s] [35m[1mConsolidate compiler generated dependencies of target sensor_combined_listener[0m
[0.194s] [35m[1mConsolidate compiler generated dependencies of target offboard_control_srv[0m
[0.194s] [35m[1mConsolidate compiler generated dependencies of target offboard_control[0m
[0.194s] [35m[1mConsolidate compiler generated dependencies of target vehicle_gps_position_listener[0m
[0.225s] [  0%] Built target ament_cmake_python_copy_px4_ros_com
[0.225s] [ 16%] Built target frame_transforms
[0.226s] [ 33%] Built target debug_vect_advertiser
[0.226s] [ 41%] [32mBuilding CXX object CMakeFiles/offboard_control.dir/src/examples/offboard/offboard_control.cpp.o[0m
[0.227s] [ 58%] Built target offboard_control_srv
[0.227s] [ 75%] Built target vehicle_gps_position_listener
[0.228s] [ 91%] Built target sensor_combined_listener
[0.488s] running egg_info
[0.508s] writing px4_ros_com.egg-info/PKG-INFO
[0.508s] writing dependency_links to px4_ros_com.egg-info/dependency_links.txt
[0.509s] writing top-level names to px4_ros_com.egg-info/top_level.txt
[0.579s] reading manifest file 'px4_ros_com.egg-info/SOURCES.txt'
[0.580s] writing manifest file 'px4_ros_com.egg-info/SOURCES.txt'
[0.625s] [ 91%] Built target ament_cmake_python_build_px4_ros_com_egg
[4.047s] [01m[K/home/aidanbagley/ws_offboard_control/src/px4_ros_com/src/examples/offboard/offboard_control.cpp:158:19:[m[K [01;31m[Kerror: [m[Kexpected identifier before numeric constant
[4.048s]   158 | std::array(float, [01;31m[K3[m[K) OffboardControl::get_new_setpoint()
[4.048s]       |                   [01;31m[K^[m[K
[4.048s] [01m[K/home/aidanbagley/ws_offboard_control/src/px4_ros_com/src/examples/offboard/offboard_control.cpp:158:19:[m[K [01;31m[Kerror: [m[Kexpected ‘[01m[K,[m[K’ or ‘[01m[K...[m[K’ before numeric constant
[4.048s] [01m[K/home/aidanbagley/ws_offboard_control/src/px4_ros_com/src/examples/offboard/offboard_control.cpp:158:22:[m[K [01;31m[Kerror: [m[Kexpected initializer before ‘[01m[KOffboardControl[m[K’
[4.048s]   158 | std::array(float, 3) [01;31m[KOffboardControl[m[K::get_new_setpoint()
[4.048s]       |                      [01;31m[K^~~~~~~~~~~~~~~[m[K
[4.061s] [01m[K/home/aidanbagley/ws_offboard_control/src/px4_ros_com/src/examples/offboard/offboard_control.cpp:[m[K In member function ‘[01m[Kvoid OffboardControl::publish_trajectory_setpoint()[m[K’:
[4.061s] [01m[K/home/aidanbagley/ws_offboard_control/src/px4_ros_com/src/examples/offboard/offboard_control.cpp:172:24:[m[K [01;31m[Kerror: [m[K‘[01m[Kget_new_setpoint[m[K’ was not declared in this scope
[4.061s]   172 |         msg.position = [01;31m[Kget_new_setpoint[m[K();
[4.062s]       |                        [01;31m[K^~~~~~~~~~~~~~~~[m[K
[5.391s] gmake[2]: *** [CMakeFiles/offboard_control.dir/build.make:76: CMakeFiles/offboard_control.dir/src/examples/offboard/offboard_control.cpp.o] Error 1
[5.392s] gmake[1]: *** [CMakeFiles/Makefile2:254: CMakeFiles/offboard_control.dir/all] Error 2
[5.392s] gmake: *** [Makefile:146: all] Error 2
[5.396s] Invoked command in '/home/aidanbagley/ws_offboard_control/build/px4_ros_com' returned '2': CMAKE_PREFIX_PATH=/home/aidanbagley/ws_offboard_control/install/px4_msgs:/home/aidanbagley/ws_offboard_control/install/px4_ros_com:/home/aidanbagley/DarpaTriage/ws_sensor_combined/install/px4_ros_com:/home/aidanbagley/DarpaTriage/ws_sensor_combined/install/px4_msgs:/opt/ros/humble LD_LIBRARY_PATH=/home/aidanbagley/ws_offboard_control/install/px4_msgs/lib:/home/aidanbagley/ws_offboard_control/install/px4_ros_com/lib:/home/aidanbagley/DarpaTriage/ws_sensor_combined/install/px4_ros_com/lib:/home/aidanbagley/DarpaTriage/ws_sensor_combined/install/px4_msgs/lib:/opt/ros/humble/opt/rviz_ogre_vendor/lib:/opt/ros/humble/lib/x86_64-linux-gnu:/opt/ros/humble/lib /usr/bin/cmake --build /home/aidanbagley/ws_offboard_control/build/px4_ros_com -- -j16 -l16
