[0.129s] Invoking command in '/home/aidanbagley/ws_offboard_control/build/px4_ros_com': CMAKE_PREFIX_PATH=/home/aidanbagley/ws_offboard_control/install/px4_msgs:/home/aidanbagley/ws_offboard_control/install/px4_ros_com:/home/aidanbagley/DarpaTriage/ws_sensor_combined/install/px4_ros_com:/home/aidanbagley/DarpaTriage/ws_sensor_combined/install/px4_msgs:/opt/ros/humble LD_LIBRARY_PATH=/home/aidanbagley/ws_offboard_control/install/px4_msgs/lib:/home/aidanbagley/ws_offboard_control/install/px4_ros_com/lib:/home/aidanbagley/DarpaTriage/ws_sensor_combined/install/px4_ros_com/lib:/home/aidanbagley/DarpaTriage/ws_sensor_combined/install/px4_msgs/lib:/opt/ros/humble/opt/rviz_ogre_vendor/lib:/opt/ros/humble/lib/x86_64-linux-gnu:/opt/ros/humble/lib /usr/bin/cmake --build /home/aidanbagley/ws_offboard_control/build/px4_ros_com -- -j16 -l16
[0.183s] [35m[1mConsolidate compiler generated dependencies of target offboard_control[0m
[0.203s] [ 16%] Built target frame_transforms
[0.204s] [ 50%] Built target offboard_control_srv
[0.204s] [ 50%] Built target sensor_combined_listener
[0.204s] [ 66%] Built target vehicle_gps_position_listener
[0.207s] [ 83%] Built target debug_vect_advertiser
[0.210s] [ 83%] Built target ament_cmake_python_copy_px4_ros_com
[0.216s] [ 91%] [32mBuilding CXX object CMakeFiles/offboard_control.dir/src/examples/offboard/offboard_control.cpp.o[0m
[0.470s] running egg_info
[0.499s] writing px4_ros_com.egg-info/PKG-INFO
[0.500s] writing dependency_links to px4_ros_com.egg-info/dependency_links.txt
[0.501s] writing top-level names to px4_ros_com.egg-info/top_level.txt
[0.572s] reading manifest file 'px4_ros_com.egg-info/SOURCES.txt'
[0.574s] writing manifest file 'px4_ros_com.egg-info/SOURCES.txt'
[0.614s] [ 91%] Built target ament_cmake_python_build_px4_ros_com_egg
[3.330s] [01m[K/home/aidanbagley/ws_offboard_control/src/px4_ros_com/src/examples/offboard/offboard_control.cpp:[m[K In member function ‘[01m[Kstd::array<float, 3> OffboardControl::get_new_setpoint()[m[K’:
[3.330s] [01m[K/home/aidanbagley/ws_offboard_control/src/px4_ros_com/src/examples/offboard/offboard_control.cpp:161:19:[m[K [01;31m[Kerror: [m[Kmissing template arguments before ‘[01m[K([m[K’ token
[3.331s]   161 |         std::array[01;31m[K([m[Kfloat, 3) setpoint{};
[3.331s]       |                   [01;31m[K^[m[K
[3.331s] [01m[K/home/aidanbagley/ws_offboard_control/src/px4_ros_com/src/examples/offboard/offboard_control.cpp:161:20:[m[K [01;31m[Kerror: [m[Kexpected primary-expression before ‘[01m[Kfloat[m[K’
[3.331s]   161 |         std::array([01;31m[Kfloat[m[K, 3) setpoint{};
[3.331s]       |                    [01;31m[K^~~~~[m[K
[3.337s] [01m[K/home/aidanbagley/ws_offboard_control/src/px4_ros_com/src/examples/offboard/offboard_control.cpp:162:9:[m[K [01;31m[Kerror: [m[K‘[01m[Ksetpoint[m[K’ was not declared in this scope
[3.337s]   162 |         [01;31m[Ksetpoint[m[K[0] = 5.0 * cos(offboard_setpoint_counter_ * M_PI / 10);
[3.337s]       |         [01;31m[K^~~~~~~~[m[K
[4.732s] gmake[2]: *** [CMakeFiles/offboard_control.dir/build.make:76: CMakeFiles/offboard_control.dir/src/examples/offboard/offboard_control.cpp.o] Error 1
[4.732s] gmake[1]: *** [CMakeFiles/Makefile2:254: CMakeFiles/offboard_control.dir/all] Error 2
[4.732s] gmake: *** [Makefile:146: all] Error 2
[4.736s] Invoked command in '/home/aidanbagley/ws_offboard_control/build/px4_ros_com' returned '2': CMAKE_PREFIX_PATH=/home/aidanbagley/ws_offboard_control/install/px4_msgs:/home/aidanbagley/ws_offboard_control/install/px4_ros_com:/home/aidanbagley/DarpaTriage/ws_sensor_combined/install/px4_ros_com:/home/aidanbagley/DarpaTriage/ws_sensor_combined/install/px4_msgs:/opt/ros/humble LD_LIBRARY_PATH=/home/aidanbagley/ws_offboard_control/install/px4_msgs/lib:/home/aidanbagley/ws_offboard_control/install/px4_ros_com/lib:/home/aidanbagley/DarpaTriage/ws_sensor_combined/install/px4_ros_com/lib:/home/aidanbagley/DarpaTriage/ws_sensor_combined/install/px4_msgs/lib:/opt/ros/humble/opt/rviz_ogre_vendor/lib:/opt/ros/humble/lib/x86_64-linux-gnu:/opt/ros/humble/lib /usr/bin/cmake --build /home/aidanbagley/ws_offboard_control/build/px4_ros_com -- -j16 -l16
