[0.388s] DEBUG:colcon:Command line arguments: ['/usr/bin/colcon', 'build']
[0.388s] DEBUG:colcon:Parsed command line arguments: Namespace(log_base=None, log_level=None, verb_name='build', build_base='build', install_base='install', merge_install=False, symlink_install=False, test_result_base=None, continue_on_error=False, executor='parallel', parallel_workers=16, event_handlers=None, ignore_user_meta=False, metas=['./colcon.meta'], base_paths=['.'], packages_ignore=None, packages_ignore_regex=None, paths=None, packages_up_to=None, packages_up_to_regex=None, packages_above=None, packages_above_and_dependencies=None, packages_above_depth=None, packages_select_by_dep=None, packages_skip_by_dep=None, packages_skip_up_to=None, packages_select_build_failed=False, packages_skip_build_finished=False, packages_select_test_failures=False, packages_skip_test_passed=False, packages_select=None, packages_skip=None, packages_select_regex=None, packages_skip_regex=None, packages_start=None, packages_end=None, allow_overriding=[], cmake_args=None, cmake_target=None, cmake_target_skip_unavailable=False, cmake_clean_cache=False, cmake_clean_first=False, cmake_force_configure=False, ament_cmake_args=None, catkin_cmake_args=None, catkin_skip_building_tests=False, mixin_files=None, mixin=None, verb_parser=<colcon_mixin.mixin.mixin_argument.MixinArgumentDecorator object at 0x7f4e7b747100>, verb_extension=<colcon_core.verb.build.BuildVerb object at 0x7f4e7b910040>, main=<bound method BuildVerb.main of <colcon_core.verb.build.BuildVerb object at 0x7f4e7b910040>>, mixin_verb=('build',))
[0.468s] Level 1:colcon.colcon_core.package_discovery:discover_packages(colcon_meta) check parameters
[0.469s] Level 1:colcon.colcon_core.package_discovery:discover_packages(recursive) check parameters
[0.469s] Level 1:colcon.colcon_core.package_discovery:discover_packages(ignore) check parameters
[0.469s] Level 1:colcon.colcon_core.package_discovery:discover_packages(path) check parameters
[0.469s] Level 1:colcon.colcon_core.package_discovery:discover_packages(colcon_meta) discover
[0.469s] Level 1:colcon.colcon_core.package_discovery:discover_packages(recursive) discover
[0.469s] INFO:colcon.colcon_core.package_discovery:Crawling recursively for packages in '/home/aidanbagley/DarpaTriage/ROS-WS/ws_offboard_control/src'
[0.469s] Level 1:colcon.colcon_core.package_identification:_identify(.) by extensions ['ignore', 'ignore_ament_install']
[0.469s] Level 1:colcon.colcon_core.package_identification:_identify(.) by extension 'ignore'
[0.469s] Level 1:colcon.colcon_core.package_identification:_identify(.) by extension 'ignore_ament_install'
[0.469s] Level 1:colcon.colcon_core.package_identification:_identify(.) by extensions ['colcon_pkg']
[0.469s] Level 1:colcon.colcon_core.package_identification:_identify(.) by extension 'colcon_pkg'
[0.469s] Level 1:colcon.colcon_core.package_identification:_identify(.) by extensions ['colcon_meta']
[0.469s] Level 1:colcon.colcon_core.package_identification:_identify(.) by extension 'colcon_meta'
[0.469s] Level 1:colcon.colcon_core.package_identification:_identify(.) by extensions ['ros']
[0.469s] Level 1:colcon.colcon_core.package_identification:_identify(.) by extension 'ros'
[0.497s] Level 1:colcon.colcon_core.package_identification:_identify(.) by extensions ['cmake', 'python']
[0.498s] Level 1:colcon.colcon_core.package_identification:_identify(.) by extension 'cmake'
[0.498s] Level 1:colcon.colcon_core.package_identification:_identify(.) by extension 'python'
[0.498s] Level 1:colcon.colcon_core.package_identification:_identify(.) by extensions ['python_setup_py']
[0.498s] Level 1:colcon.colcon_core.package_identification:_identify(.) by extension 'python_setup_py'
[0.498s] Level 1:colcon.colcon_core.package_identification:_identify(build) by extensions ['ignore', 'ignore_ament_install']
[0.498s] Level 1:colcon.colcon_core.package_identification:_identify(build) by extension 'ignore'
[0.498s] Level 1:colcon.colcon_core.package_identification:_identify(build) ignored
[0.499s] Level 1:colcon.colcon_core.package_identification:_identify(install) by extensions ['ignore', 'ignore_ament_install']
[0.499s] Level 1:colcon.colcon_core.package_identification:_identify(install) by extension 'ignore'
[0.499s] Level 1:colcon.colcon_core.package_identification:_identify(install) ignored
[0.499s] Level 1:colcon.colcon_core.package_identification:_identify(log) by extensions ['ignore', 'ignore_ament_install']
[0.499s] Level 1:colcon.colcon_core.package_identification:_identify(log) by extension 'ignore'
[0.499s] Level 1:colcon.colcon_core.package_identification:_identify(log) ignored
[0.500s] Level 1:colcon.colcon_core.package_identification:_identify(px4_msgs) by extensions ['ignore', 'ignore_ament_install']
[0.500s] Level 1:colcon.colcon_core.package_identification:_identify(px4_msgs) by extension 'ignore'
[0.500s] Level 1:colcon.colcon_core.package_identification:_identify(px4_msgs) by extension 'ignore_ament_install'
[0.500s] Level 1:colcon.colcon_core.package_identification:_identify(px4_msgs) by extensions ['colcon_pkg']
[0.500s] Level 1:colcon.colcon_core.package_identification:_identify(px4_msgs) by extension 'colcon_pkg'
[0.500s] Level 1:colcon.colcon_core.package_identification:_identify(px4_msgs) by extensions ['colcon_meta']
[0.500s] Level 1:colcon.colcon_core.package_identification:_identify(px4_msgs) by extension 'colcon_meta'
[0.500s] Level 1:colcon.colcon_core.package_identification:_identify(px4_msgs) by extensions ['ros']
[0.500s] Level 1:colcon.colcon_core.package_identification:_identify(px4_msgs) by extension 'ros'
[0.506s] DEBUG:colcon.colcon_core.package_identification:Package 'px4_msgs' with type 'ros.ament_cmake' and name 'px4_msgs'
[0.507s] Level 1:colcon.colcon_core.package_identification:_identify(px4_ros_com) by extensions ['ignore', 'ignore_ament_install']
[0.507s] Level 1:colcon.colcon_core.package_identification:_identify(px4_ros_com) by extension 'ignore'
[0.507s] Level 1:colcon.colcon_core.package_identification:_identify(px4_ros_com) by extension 'ignore_ament_install'
[0.507s] Level 1:colcon.colcon_core.package_identification:_identify(px4_ros_com) by extensions ['colcon_pkg']
[0.507s] Level 1:colcon.colcon_core.package_identification:_identify(px4_ros_com) by extension 'colcon_pkg'
[0.507s] Level 1:colcon.colcon_core.package_identification:_identify(px4_ros_com) by extensions ['colcon_meta']
[0.507s] Level 1:colcon.colcon_core.package_identification:_identify(px4_ros_com) by extension 'colcon_meta'
[0.507s] Level 1:colcon.colcon_core.package_identification:_identify(px4_ros_com) by extensions ['ros']
[0.507s] Level 1:colcon.colcon_core.package_identification:_identify(px4_ros_com) by extension 'ros'
[0.509s] DEBUG:colcon.colcon_core.package_identification:Package 'px4_ros_com' with type 'ros.ament_cmake' and name 'px4_ros_com'
[0.509s] Level 1:colcon.colcon_core.package_identification:_identify(uas) by extensions ['ignore', 'ignore_ament_install']
[0.509s] Level 1:colcon.colcon_core.package_identification:_identify(uas) by extension 'ignore'
[0.509s] Level 1:colcon.colcon_core.package_identification:_identify(uas) by extension 'ignore_ament_install'
[0.509s] Level 1:colcon.colcon_core.package_identification:_identify(uas) by extensions ['colcon_pkg']
[0.509s] Level 1:colcon.colcon_core.package_identification:_identify(uas) by extension 'colcon_pkg'
[0.509s] Level 1:colcon.colcon_core.package_identification:_identify(uas) by extensions ['colcon_meta']
[0.509s] Level 1:colcon.colcon_core.package_identification:_identify(uas) by extension 'colcon_meta'
[0.509s] Level 1:colcon.colcon_core.package_identification:_identify(uas) by extensions ['ros']
[0.509s] Level 1:colcon.colcon_core.package_identification:_identify(uas) by extension 'ros'
[0.509s] Level 1:colcon.colcon_core.package_identification:_identify(uas) by extensions ['cmake', 'python']
[0.509s] Level 1:colcon.colcon_core.package_identification:_identify(uas) by extension 'cmake'
[0.510s] Level 1:colcon.colcon_core.package_identification:_identify(uas) by extension 'python'
[0.510s] Level 1:colcon.colcon_core.package_identification:_identify(uas) by extensions ['python_setup_py']
[0.510s] Level 1:colcon.colcon_core.package_identification:_identify(uas) by extension 'python_setup_py'
[0.510s] Level 1:colcon.colcon_core.package_identification:_identify(uas/include) by extensions ['ignore', 'ignore_ament_install']
[0.510s] Level 1:colcon.colcon_core.package_identification:_identify(uas/include) by extension 'ignore'
[0.510s] Level 1:colcon.colcon_core.package_identification:_identify(uas/include) by extension 'ignore_ament_install'
[0.511s] Level 1:colcon.colcon_core.package_identification:_identify(uas/include) by extensions ['colcon_pkg']
[0.511s] Level 1:colcon.colcon_core.package_identification:_identify(uas/include) by extension 'colcon_pkg'
[0.511s] Level 1:colcon.colcon_core.package_identification:_identify(uas/include) by extensions ['colcon_meta']
[0.511s] Level 1:colcon.colcon_core.package_identification:_identify(uas/include) by extension 'colcon_meta'
[0.511s] Level 1:colcon.colcon_core.package_identification:_identify(uas/include) by extensions ['ros']
[0.511s] Level 1:colcon.colcon_core.package_identification:_identify(uas/include) by extension 'ros'
[0.511s] Level 1:colcon.colcon_core.package_identification:_identify(uas/include) by extensions ['cmake', 'python']
[0.511s] Level 1:colcon.colcon_core.package_identification:_identify(uas/include) by extension 'cmake'
[0.511s] Level 1:colcon.colcon_core.package_identification:_identify(uas/include) by extension 'python'
[0.511s] Level 1:colcon.colcon_core.package_identification:_identify(uas/include) by extensions ['python_setup_py']
[0.511s] Level 1:colcon.colcon_core.package_identification:_identify(uas/include) by extension 'python_setup_py'
[0.512s] Level 1:colcon.colcon_core.package_identification:_identify(uas/include/uas) by extensions ['ignore', 'ignore_ament_install']
[0.512s] Level 1:colcon.colcon_core.package_identification:_identify(uas/include/uas) by extension 'ignore'
[0.512s] Level 1:colcon.colcon_core.package_identification:_identify(uas/include/uas) by extension 'ignore_ament_install'
[0.512s] Level 1:colcon.colcon_core.package_identification:_identify(uas/include/uas) by extensions ['colcon_pkg']
[0.512s] Level 1:colcon.colcon_core.package_identification:_identify(uas/include/uas) by extension 'colcon_pkg'
[0.512s] Level 1:colcon.colcon_core.package_identification:_identify(uas/include/uas) by extensions ['colcon_meta']
[0.512s] Level 1:colcon.colcon_core.package_identification:_identify(uas/include/uas) by extension 'colcon_meta'
[0.512s] Level 1:colcon.colcon_core.package_identification:_identify(uas/include/uas) by extensions ['ros']
[0.512s] Level 1:colcon.colcon_core.package_identification:_identify(uas/include/uas) by extension 'ros'
[0.512s] Level 1:colcon.colcon_core.package_identification:_identify(uas/include/uas) by extensions ['cmake', 'python']
[0.512s] Level 1:colcon.colcon_core.package_identification:_identify(uas/include/uas) by extension 'cmake'
[0.512s] Level 1:colcon.colcon_core.package_identification:_identify(uas/include/uas) by extension 'python'
[0.512s] Level 1:colcon.colcon_core.package_identification:_identify(uas/include/uas) by extensions ['python_setup_py']
[0.512s] Level 1:colcon.colcon_core.package_identification:_identify(uas/include/uas) by extension 'python_setup_py'
[0.513s] Level 1:colcon.colcon_core.package_identification:_identify(uas/src) by extensions ['ignore', 'ignore_ament_install']
[0.513s] Level 1:colcon.colcon_core.package_identification:_identify(uas/src) by extension 'ignore'
[0.513s] Level 1:colcon.colcon_core.package_identification:_identify(uas/src) by extension 'ignore_ament_install'
[0.513s] Level 1:colcon.colcon_core.package_identification:_identify(uas/src) by extensions ['colcon_pkg']
[0.513s] Level 1:colcon.colcon_core.package_identification:_identify(uas/src) by extension 'colcon_pkg'
[0.513s] Level 1:colcon.colcon_core.package_identification:_identify(uas/src) by extensions ['colcon_meta']
[0.513s] Level 1:colcon.colcon_core.package_identification:_identify(uas/src) by extension 'colcon_meta'
[0.514s] Level 1:colcon.colcon_core.package_identification:_identify(uas/src) by extensions ['ros']
[0.514s] Level 1:colcon.colcon_core.package_identification:_identify(uas/src) by extension 'ros'
[0.514s] Level 1:colcon.colcon_core.package_identification:_identify(uas/src) by extensions ['cmake', 'python']
[0.514s] Level 1:colcon.colcon_core.package_identification:_identify(uas/src) by extension 'cmake'
[0.514s] Level 1:colcon.colcon_core.package_identification:_identify(uas/src) by extension 'python'
[0.514s] Level 1:colcon.colcon_core.package_identification:_identify(uas/src) by extensions ['python_setup_py']
[0.514s] Level 1:colcon.colcon_core.package_identification:_identify(uas/src) by extension 'python_setup_py'
[0.515s] Level 1:colcon.colcon_core.package_identification:_identify(uas_phases) by extensions ['ignore', 'ignore_ament_install']
[0.515s] Level 1:colcon.colcon_core.package_identification:_identify(uas_phases) by extension 'ignore'
[0.515s] Level 1:colcon.colcon_core.package_identification:_identify(uas_phases) by extension 'ignore_ament_install'
[0.515s] Level 1:colcon.colcon_core.package_identification:_identify(uas_phases) by extensions ['colcon_pkg']
[0.515s] Level 1:colcon.colcon_core.package_identification:_identify(uas_phases) by extension 'colcon_pkg'
[0.515s] Level 1:colcon.colcon_core.package_identification:_identify(uas_phases) by extensions ['colcon_meta']
[0.515s] Level 1:colcon.colcon_core.package_identification:_identify(uas_phases) by extension 'colcon_meta'
[0.515s] Level 1:colcon.colcon_core.package_identification:_identify(uas_phases) by extensions ['ros']
[0.515s] Level 1:colcon.colcon_core.package_identification:_identify(uas_phases) by extension 'ros'
[0.515s] Level 1:colcon.colcon_core.package_identification:_identify(uas_phases) by extensions ['cmake', 'python']
[0.515s] Level 1:colcon.colcon_core.package_identification:_identify(uas_phases) by extension 'cmake'
[0.515s] Level 1:colcon.colcon_core.package_identification:_identify(uas_phases) by extension 'python'
[0.515s] Level 1:colcon.colcon_core.package_identification:_identify(uas_phases) by extensions ['python_setup_py']
[0.515s] Level 1:colcon.colcon_core.package_identification:_identify(uas_phases) by extension 'python_setup_py'
[0.516s] Level 1:colcon.colcon_core.package_identification:_identify(uas_phases/include) by extensions ['ignore', 'ignore_ament_install']
[0.516s] Level 1:colcon.colcon_core.package_identification:_identify(uas_phases/include) by extension 'ignore'
[0.516s] Level 1:colcon.colcon_core.package_identification:_identify(uas_phases/include) by extension 'ignore_ament_install'
[0.516s] Level 1:colcon.colcon_core.package_identification:_identify(uas_phases/include) by extensions ['colcon_pkg']
[0.516s] Level 1:colcon.colcon_core.package_identification:_identify(uas_phases/include) by extension 'colcon_pkg'
[0.516s] Level 1:colcon.colcon_core.package_identification:_identify(uas_phases/include) by extensions ['colcon_meta']
[0.516s] Level 1:colcon.colcon_core.package_identification:_identify(uas_phases/include) by extension 'colcon_meta'
[0.516s] Level 1:colcon.colcon_core.package_identification:_identify(uas_phases/include) by extensions ['ros']
[0.516s] Level 1:colcon.colcon_core.package_identification:_identify(uas_phases/include) by extension 'ros'
[0.516s] Level 1:colcon.colcon_core.package_identification:_identify(uas_phases/include) by extensions ['cmake', 'python']
[0.516s] Level 1:colcon.colcon_core.package_identification:_identify(uas_phases/include) by extension 'cmake'
[0.516s] Level 1:colcon.colcon_core.package_identification:_identify(uas_phases/include) by extension 'python'
[0.516s] Level 1:colcon.colcon_core.package_identification:_identify(uas_phases/include) by extensions ['python_setup_py']
[0.516s] Level 1:colcon.colcon_core.package_identification:_identify(uas_phases/include) by extension 'python_setup_py'
[0.517s] Level 1:colcon.colcon_core.package_identification:_identify(uas_phases/include/uas_phases) by extensions ['ignore', 'ignore_ament_install']
[0.517s] Level 1:colcon.colcon_core.package_identification:_identify(uas_phases/include/uas_phases) by extension 'ignore'
[0.517s] Level 1:colcon.colcon_core.package_identification:_identify(uas_phases/include/uas_phases) by extension 'ignore_ament_install'
[0.517s] Level 1:colcon.colcon_core.package_identification:_identify(uas_phases/include/uas_phases) by extensions ['colcon_pkg']
[0.517s] Level 1:colcon.colcon_core.package_identification:_identify(uas_phases/include/uas_phases) by extension 'colcon_pkg'
[0.517s] Level 1:colcon.colcon_core.package_identification:_identify(uas_phases/include/uas_phases) by extensions ['colcon_meta']
[0.517s] Level 1:colcon.colcon_core.package_identification:_identify(uas_phases/include/uas_phases) by extension 'colcon_meta'
[0.517s] Level 1:colcon.colcon_core.package_identification:_identify(uas_phases/include/uas_phases) by extensions ['ros']
[0.517s] Level 1:colcon.colcon_core.package_identification:_identify(uas_phases/include/uas_phases) by extension 'ros'
[0.517s] Level 1:colcon.colcon_core.package_identification:_identify(uas_phases/include/uas_phases) by extensions ['cmake', 'python']
[0.517s] Level 1:colcon.colcon_core.package_identification:_identify(uas_phases/include/uas_phases) by extension 'cmake'
[0.517s] Level 1:colcon.colcon_core.package_identification:_identify(uas_phases/include/uas_phases) by extension 'python'
[0.517s] Level 1:colcon.colcon_core.package_identification:_identify(uas_phases/include/uas_phases) by extensions ['python_setup_py']
[0.517s] Level 1:colcon.colcon_core.package_identification:_identify(uas_phases/include/uas_phases) by extension 'python_setup_py'
[0.518s] Level 1:colcon.colcon_core.package_identification:_identify(uas_phases/src) by extensions ['ignore', 'ignore_ament_install']
[0.518s] Level 1:colcon.colcon_core.package_identification:_identify(uas_phases/src) by extension 'ignore'
[0.518s] Level 1:colcon.colcon_core.package_identification:_identify(uas_phases/src) by extension 'ignore_ament_install'
[0.518s] Level 1:colcon.colcon_core.package_identification:_identify(uas_phases/src) by extensions ['colcon_pkg']
[0.518s] Level 1:colcon.colcon_core.package_identification:_identify(uas_phases/src) by extension 'colcon_pkg'
[0.518s] Level 1:colcon.colcon_core.package_identification:_identify(uas_phases/src) by extensions ['colcon_meta']
[0.518s] Level 1:colcon.colcon_core.package_identification:_identify(uas_phases/src) by extension 'colcon_meta'
[0.518s] Level 1:colcon.colcon_core.package_identification:_identify(uas_phases/src) by extensions ['ros']
[0.518s] Level 1:colcon.colcon_core.package_identification:_identify(uas_phases/src) by extension 'ros'
[0.518s] Level 1:colcon.colcon_core.package_identification:_identify(uas_phases/src) by extensions ['cmake', 'python']
[0.518s] Level 1:colcon.colcon_core.package_identification:_identify(uas_phases/src) by extension 'cmake'
[0.518s] Level 1:colcon.colcon_core.package_identification:_identify(uas_phases/src) by extension 'python'
[0.518s] Level 1:colcon.colcon_core.package_identification:_identify(uas_phases/src) by extensions ['python_setup_py']
[0.518s] Level 1:colcon.colcon_core.package_identification:_identify(uas_phases/src) by extension 'python_setup_py'
[0.518s] Level 1:colcon.colcon_core.package_discovery:discover_packages(recursive) using defaults
[0.519s] Level 1:colcon.colcon_core.package_discovery:discover_packages(ignore) discover
[0.519s] Level 1:colcon.colcon_core.package_discovery:discover_packages(ignore) using defaults
[0.519s] Level 1:colcon.colcon_core.package_discovery:discover_packages(path) discover
[0.519s] Level 1:colcon.colcon_core.package_discovery:discover_packages(path) using defaults
[0.558s] Level 1:colcon.colcon_core.package_discovery:discover_packages(prefix_path) check parameters
[0.558s] Level 1:colcon.colcon_core.package_discovery:discover_packages(prefix_path) discover
[0.563s] DEBUG:colcon.colcon_installed_package_information.package_discovery:Found 2 installed packages in /home/aidanbagley/DarpaTriage/ROS-WS/ws_offboard_control/install
[0.566s] DEBUG:colcon.colcon_installed_package_information.package_discovery:Found 270 installed packages in /opt/ros/humble
[0.567s] Level 1:colcon.colcon_core.package_discovery:discover_packages(prefix_path) using defaults
[0.660s] Level 5:colcon.colcon_core.verb:set package 'px4_msgs' build argument 'cmake_args' from command line to 'None'
[0.661s] Level 5:colcon.colcon_core.verb:set package 'px4_msgs' build argument 'cmake_target' from command line to 'None'
[0.661s] Level 5:colcon.colcon_core.verb:set package 'px4_msgs' build argument 'cmake_target_skip_unavailable' from command line to 'False'
[0.661s] Level 5:colcon.colcon_core.verb:set package 'px4_msgs' build argument 'cmake_clean_cache' from command line to 'False'
[0.661s] Level 5:colcon.colcon_core.verb:set package 'px4_msgs' build argument 'cmake_clean_first' from command line to 'False'
[0.661s] Level 5:colcon.colcon_core.verb:set package 'px4_msgs' build argument 'cmake_force_configure' from command line to 'False'
[0.661s] Level 5:colcon.colcon_core.verb:set package 'px4_msgs' build argument 'ament_cmake_args' from command line to 'None'
[0.661s] Level 5:colcon.colcon_core.verb:set package 'px4_msgs' build argument 'catkin_cmake_args' from command line to 'None'
[0.661s] Level 5:colcon.colcon_core.verb:set package 'px4_msgs' build argument 'catkin_skip_building_tests' from command line to 'False'
[0.661s] DEBUG:colcon.colcon_core.verb:Building package 'px4_msgs' with the following arguments: {'ament_cmake_args': None, 'build_base': '/home/aidanbagley/DarpaTriage/ROS-WS/ws_offboard_control/src/build/px4_msgs', 'catkin_cmake_args': None, 'catkin_skip_building_tests': False, 'cmake_args': None, 'cmake_clean_cache': False, 'cmake_clean_first': False, 'cmake_force_configure': False, 'cmake_target': None, 'cmake_target_skip_unavailable': False, 'install_base': '/home/aidanbagley/DarpaTriage/ROS-WS/ws_offboard_control/src/install/px4_msgs', 'merge_install': False, 'path': '/home/aidanbagley/DarpaTriage/ROS-WS/ws_offboard_control/src/px4_msgs', 'symlink_install': False, 'test_result_base': None}
[0.661s] Level 5:colcon.colcon_core.verb:set package 'px4_ros_com' build argument 'cmake_args' from command line to 'None'
[0.661s] Level 5:colcon.colcon_core.verb:set package 'px4_ros_com' build argument 'cmake_target' from command line to 'None'
[0.661s] Level 5:colcon.colcon_core.verb:set package 'px4_ros_com' build argument 'cmake_target_skip_unavailable' from command line to 'False'
[0.661s] Level 5:colcon.colcon_core.verb:set package 'px4_ros_com' build argument 'cmake_clean_cache' from command line to 'False'
[0.661s] Level 5:colcon.colcon_core.verb:set package 'px4_ros_com' build argument 'cmake_clean_first' from command line to 'False'
[0.661s] Level 5:colcon.colcon_core.verb:set package 'px4_ros_com' build argument 'cmake_force_configure' from command line to 'False'
[0.661s] Level 5:colcon.colcon_core.verb:set package 'px4_ros_com' build argument 'ament_cmake_args' from command line to 'None'
[0.661s] Level 5:colcon.colcon_core.verb:set package 'px4_ros_com' build argument 'catkin_cmake_args' from command line to 'None'
[0.661s] Level 5:colcon.colcon_core.verb:set package 'px4_ros_com' build argument 'catkin_skip_building_tests' from command line to 'False'
[0.661s] DEBUG:colcon.colcon_core.verb:Building package 'px4_ros_com' with the following arguments: {'ament_cmake_args': None, 'build_base': '/home/aidanbagley/DarpaTriage/ROS-WS/ws_offboard_control/src/build/px4_ros_com', 'catkin_cmake_args': None, 'catkin_skip_building_tests': False, 'cmake_args': None, 'cmake_clean_cache': False, 'cmake_clean_first': False, 'cmake_force_configure': False, 'cmake_target': None, 'cmake_target_skip_unavailable': False, 'install_base': '/home/aidanbagley/DarpaTriage/ROS-WS/ws_offboard_control/src/install/px4_ros_com', 'merge_install': False, 'path': '/home/aidanbagley/DarpaTriage/ROS-WS/ws_offboard_control/src/px4_ros_com', 'symlink_install': False, 'test_result_base': None}
[0.662s] INFO:colcon.colcon_core.executor:Executing jobs using 'parallel' executor
[0.663s] DEBUG:colcon.colcon_parallel_executor.executor.parallel:run_until_complete
[0.664s] INFO:colcon.colcon_ros.task.ament_cmake.build:Building ROS package in '/home/aidanbagley/DarpaTriage/ROS-WS/ws_offboard_control/src/px4_msgs' with build type 'ament_cmake'
[0.664s] INFO:colcon.colcon_cmake.task.cmake.build:Building CMake package in '/home/aidanbagley/DarpaTriage/ROS-WS/ws_offboard_control/src/px4_msgs'
[0.671s] INFO:colcon.colcon_core.plugin_system:Skipping extension 'colcon_core.shell.bat': Not used on non-Windows systems
[0.671s] INFO:colcon.colcon_core.shell:Skip shell extension 'powershell' for command environment: Not usable outside of PowerShell
[0.671s] DEBUG:colcon.colcon_core.shell:Skip shell extension 'dsv' for command environment
[0.685s] DEBUG:colcon.colcon_core.event_handler.log_command:Invoking command in '/home/aidanbagley/DarpaTriage/ROS-WS/ws_offboard_control/src/build/px4_msgs': CMAKE_PREFIX_PATH=${CMAKE_PREFIX_PATH}:/opt/ros/humble /usr/bin/cmake /home/aidanbagley/DarpaTriage/ROS-WS/ws_offboard_control/src/px4_msgs -DCMAKE_INSTALL_PREFIX=/home/aidanbagley/DarpaTriage/ROS-WS/ws_offboard_control/src/install/px4_msgs
[7.583s] DEBUG:colcon.colcon_core.event_handler.log_command:Invoked command in '/home/aidanbagley/DarpaTriage/ROS-WS/ws_offboard_control/src/build/px4_msgs' returned '0': CMAKE_PREFIX_PATH=${CMAKE_PREFIX_PATH}:/opt/ros/humble /usr/bin/cmake /home/aidanbagley/DarpaTriage/ROS-WS/ws_offboard_control/src/px4_msgs -DCMAKE_INSTALL_PREFIX=/home/aidanbagley/DarpaTriage/ROS-WS/ws_offboard_control/src/install/px4_msgs
[7.586s] DEBUG:colcon.colcon_core.event_handler.log_command:Invoking command in '/home/aidanbagley/DarpaTriage/ROS-WS/ws_offboard_control/src/build/px4_msgs': CMAKE_PREFIX_PATH=${CMAKE_PREFIX_PATH}:/opt/ros/humble /usr/bin/cmake --build /home/aidanbagley/DarpaTriage/ROS-WS/ws_offboard_control/src/build/px4_msgs -- -j16 -l16
[209.165s] DEBUG:colcon.colcon_core.event_handler.log_command:Invoked command in '/home/aidanbagley/DarpaTriage/ROS-WS/ws_offboard_control/src/build/px4_msgs' returned '0': CMAKE_PREFIX_PATH=${CMAKE_PREFIX_PATH}:/opt/ros/humble /usr/bin/cmake --build /home/aidanbagley/DarpaTriage/ROS-WS/ws_offboard_control/src/build/px4_msgs -- -j16 -l16
[209.177s] DEBUG:colcon.colcon_core.event_handler.log_command:Invoking command in '/home/aidanbagley/DarpaTriage/ROS-WS/ws_offboard_control/src/build/px4_msgs': CMAKE_PREFIX_PATH=${CMAKE_PREFIX_PATH}:/opt/ros/humble /usr/bin/cmake --install /home/aidanbagley/DarpaTriage/ROS-WS/ws_offboard_control/src/build/px4_msgs
[211.393s] Level 1:colcon.colcon_core.environment:create_environment_scripts_only(px4_msgs)
[211.394s] DEBUG:colcon.colcon_core.event_handler.log_command:Invoked command in '/home/aidanbagley/DarpaTriage/ROS-WS/ws_offboard_control/src/build/px4_msgs' returned '0': CMAKE_PREFIX_PATH=${CMAKE_PREFIX_PATH}:/opt/ros/humble /usr/bin/cmake --install /home/aidanbagley/DarpaTriage/ROS-WS/ws_offboard_control/src/build/px4_msgs
[211.402s] Level 1:colcon.colcon_core.environment:checking '/home/aidanbagley/DarpaTriage/ROS-WS/ws_offboard_control/src/install/px4_msgs' for CMake module files
[211.403s] Level 1:colcon.colcon_core.environment:checking '/home/aidanbagley/DarpaTriage/ROS-WS/ws_offboard_control/src/install/px4_msgs' for CMake config files
[211.409s] Level 1:colcon.colcon_core.shell:create_environment_hook('px4_msgs', 'cmake_prefix_path')
[211.409s] INFO:colcon.colcon_core.shell:Creating environment hook '/home/aidanbagley/DarpaTriage/ROS-WS/ws_offboard_control/src/install/px4_msgs/share/px4_msgs/hook/cmake_prefix_path.ps1'
[211.411s] INFO:colcon.colcon_core.shell:Creating environment descriptor '/home/aidanbagley/DarpaTriage/ROS-WS/ws_offboard_control/src/install/px4_msgs/share/px4_msgs/hook/cmake_prefix_path.dsv'
[211.412s] INFO:colcon.colcon_core.shell:Creating environment hook '/home/aidanbagley/DarpaTriage/ROS-WS/ws_offboard_control/src/install/px4_msgs/share/px4_msgs/hook/cmake_prefix_path.sh'
[211.413s] Level 1:colcon.colcon_core.environment:checking '/home/aidanbagley/DarpaTriage/ROS-WS/ws_offboard_control/src/install/px4_msgs/lib'
[211.413s] Level 1:colcon.colcon_core.shell:create_environment_hook('px4_msgs', 'ld_library_path_lib')
[211.413s] INFO:colcon.colcon_core.shell:Creating environment hook '/home/aidanbagley/DarpaTriage/ROS-WS/ws_offboard_control/src/install/px4_msgs/share/px4_msgs/hook/ld_library_path_lib.ps1'
[211.414s] INFO:colcon.colcon_core.shell:Creating environment descriptor '/home/aidanbagley/DarpaTriage/ROS-WS/ws_offboard_control/src/install/px4_msgs/share/px4_msgs/hook/ld_library_path_lib.dsv'
[211.414s] INFO:colcon.colcon_core.shell:Creating environment hook '/home/aidanbagley/DarpaTriage/ROS-WS/ws_offboard_control/src/install/px4_msgs/share/px4_msgs/hook/ld_library_path_lib.sh'
[211.415s] Level 1:colcon.colcon_core.environment:checking '/home/aidanbagley/DarpaTriage/ROS-WS/ws_offboard_control/src/install/px4_msgs/bin'
[211.415s] Level 1:colcon.colcon_core.environment:checking '/home/aidanbagley/DarpaTriage/ROS-WS/ws_offboard_control/src/install/px4_msgs/lib/pkgconfig/px4_msgs.pc'
[211.415s] Level 1:colcon.colcon_core.environment:checking '/home/aidanbagley/DarpaTriage/ROS-WS/ws_offboard_control/src/install/px4_msgs/lib/python3.10/site-packages'
[211.415s] Level 1:colcon.colcon_core.environment:checking '/home/aidanbagley/DarpaTriage/ROS-WS/ws_offboard_control/src/install/px4_msgs/bin'
[211.416s] INFO:colcon.colcon_core.shell:Creating package script '/home/aidanbagley/DarpaTriage/ROS-WS/ws_offboard_control/src/install/px4_msgs/share/px4_msgs/package.ps1'
[211.417s] INFO:colcon.colcon_core.shell:Creating package descriptor '/home/aidanbagley/DarpaTriage/ROS-WS/ws_offboard_control/src/install/px4_msgs/share/px4_msgs/package.dsv'
[211.418s] INFO:colcon.colcon_core.shell:Creating package script '/home/aidanbagley/DarpaTriage/ROS-WS/ws_offboard_control/src/install/px4_msgs/share/px4_msgs/package.sh'
[211.419s] INFO:colcon.colcon_core.shell:Creating package script '/home/aidanbagley/DarpaTriage/ROS-WS/ws_offboard_control/src/install/px4_msgs/share/px4_msgs/package.bash'
[211.420s] INFO:colcon.colcon_core.shell:Creating package script '/home/aidanbagley/DarpaTriage/ROS-WS/ws_offboard_control/src/install/px4_msgs/share/px4_msgs/package.zsh'
[211.421s] Level 1:colcon.colcon_core.environment:create_file_with_runtime_dependencies(/home/aidanbagley/DarpaTriage/ROS-WS/ws_offboard_control/src/install/px4_msgs/share/colcon-core/packages/px4_msgs)
[211.423s] Level 1:colcon.colcon_core.environment:create_environment_scripts_only(px4_msgs)
[211.423s] Level 1:colcon.colcon_core.environment:checking '/home/aidanbagley/DarpaTriage/ROS-WS/ws_offboard_control/src/install/px4_msgs' for CMake module files
[211.424s] Level 1:colcon.colcon_core.environment:checking '/home/aidanbagley/DarpaTriage/ROS-WS/ws_offboard_control/src/install/px4_msgs' for CMake config files
[211.428s] Level 1:colcon.colcon_core.shell:create_environment_hook('px4_msgs', 'cmake_prefix_path')
[211.429s] INFO:colcon.colcon_core.shell:Creating environment hook '/home/aidanbagley/DarpaTriage/ROS-WS/ws_offboard_control/src/install/px4_msgs/share/px4_msgs/hook/cmake_prefix_path.ps1'
[211.429s] INFO:colcon.colcon_core.shell:Creating environment descriptor '/home/aidanbagley/DarpaTriage/ROS-WS/ws_offboard_control/src/install/px4_msgs/share/px4_msgs/hook/cmake_prefix_path.dsv'
[211.430s] INFO:colcon.colcon_core.shell:Creating environment hook '/home/aidanbagley/DarpaTriage/ROS-WS/ws_offboard_control/src/install/px4_msgs/share/px4_msgs/hook/cmake_prefix_path.sh'
[211.430s] Level 1:colcon.colcon_core.environment:checking '/home/aidanbagley/DarpaTriage/ROS-WS/ws_offboard_control/src/install/px4_msgs/lib'
[211.430s] Level 1:colcon.colcon_core.shell:create_environment_hook('px4_msgs', 'ld_library_path_lib')
[211.430s] INFO:colcon.colcon_core.shell:Creating environment hook '/home/aidanbagley/DarpaTriage/ROS-WS/ws_offboard_control/src/install/px4_msgs/share/px4_msgs/hook/ld_library_path_lib.ps1'
[211.431s] INFO:colcon.colcon_core.shell:Creating environment descriptor '/home/aidanbagley/DarpaTriage/ROS-WS/ws_offboard_control/src/install/px4_msgs/share/px4_msgs/hook/ld_library_path_lib.dsv'
[211.432s] INFO:colcon.colcon_core.shell:Creating environment hook '/home/aidanbagley/DarpaTriage/ROS-WS/ws_offboard_control/src/install/px4_msgs/share/px4_msgs/hook/ld_library_path_lib.sh'
[211.432s] Level 1:colcon.colcon_core.environment:checking '/home/aidanbagley/DarpaTriage/ROS-WS/ws_offboard_control/src/install/px4_msgs/bin'
[211.433s] Level 1:colcon.colcon_core.environment:checking '/home/aidanbagley/DarpaTriage/ROS-WS/ws_offboard_control/src/install/px4_msgs/lib/pkgconfig/px4_msgs.pc'
[211.433s] Level 1:colcon.colcon_core.environment:checking '/home/aidanbagley/DarpaTriage/ROS-WS/ws_offboard_control/src/install/px4_msgs/lib/python3.10/site-packages'
[211.433s] Level 1:colcon.colcon_core.environment:checking '/home/aidanbagley/DarpaTriage/ROS-WS/ws_offboard_control/src/install/px4_msgs/bin'
[211.434s] INFO:colcon.colcon_core.shell:Creating package script '/home/aidanbagley/DarpaTriage/ROS-WS/ws_offboard_control/src/install/px4_msgs/share/px4_msgs/package.ps1'
[211.434s] INFO:colcon.colcon_core.shell:Creating package descriptor '/home/aidanbagley/DarpaTriage/ROS-WS/ws_offboard_control/src/install/px4_msgs/share/px4_msgs/package.dsv'
[211.435s] INFO:colcon.colcon_core.shell:Creating package script '/home/aidanbagley/DarpaTriage/ROS-WS/ws_offboard_control/src/install/px4_msgs/share/px4_msgs/package.sh'
[211.435s] INFO:colcon.colcon_core.shell:Creating package script '/home/aidanbagley/DarpaTriage/ROS-WS/ws_offboard_control/src/install/px4_msgs/share/px4_msgs/package.bash'
[211.436s] INFO:colcon.colcon_core.shell:Creating package script '/home/aidanbagley/DarpaTriage/ROS-WS/ws_offboard_control/src/install/px4_msgs/share/px4_msgs/package.zsh'
[211.436s] Level 1:colcon.colcon_core.environment:create_file_with_runtime_dependencies(/home/aidanbagley/DarpaTriage/ROS-WS/ws_offboard_control/src/install/px4_msgs/share/colcon-core/packages/px4_msgs)
[211.437s] INFO:colcon.colcon_ros.task.ament_cmake.build:Building ROS package in '/home/aidanbagley/DarpaTriage/ROS-WS/ws_offboard_control/src/px4_ros_com' with build type 'ament_cmake'
[211.437s] INFO:colcon.colcon_cmake.task.cmake.build:Building CMake package in '/home/aidanbagley/DarpaTriage/ROS-WS/ws_offboard_control/src/px4_ros_com'
[211.438s] INFO:colcon.colcon_core.shell:Skip shell extension 'powershell' for command environment: Not usable outside of PowerShell
[211.438s] DEBUG:colcon.colcon_core.shell:Skip shell extension 'dsv' for command environment
[211.584s] DEBUG:colcon.colcon_core.event_handler.log_command:Invoking command in '/home/aidanbagley/DarpaTriage/ROS-WS/ws_offboard_control/src/build/px4_ros_com': AMENT_PREFIX_PATH=/home/aidanbagley/DarpaTriage/ROS-WS/ws_offboard_control/src/install/px4_msgs:${AMENT_PREFIX_PATH} CMAKE_PREFIX_PATH=/home/aidanbagley/DarpaTriage/ROS-WS/ws_offboard_control/src/install/px4_msgs:/home/aidanbagley/DarpaTriage/ROS-WS/ws_offboard_control/install/px4_ros_com:/home/aidanbagley/DarpaTriage/ROS-WS/ws_offboard_control/install/px4_msgs:/opt/ros/humble LD_LIBRARY_PATH=/home/aidanbagley/DarpaTriage/ROS-WS/ws_offboard_control/src/install/px4_msgs/lib:${LD_LIBRARY_PATH} PYTHONPATH=/home/aidanbagley/DarpaTriage/ROS-WS/ws_offboard_control/src/install/px4_msgs/local/lib/python3.10/dist-packages:${PYTHONPATH} /usr/bin/cmake /home/aidanbagley/DarpaTriage/ROS-WS/ws_offboard_control/src/px4_ros_com -DCMAKE_INSTALL_PREFIX=/home/aidanbagley/DarpaTriage/ROS-WS/ws_offboard_control/src/install/px4_ros_com
[218.861s] DEBUG:colcon.colcon_core.event_handler.log_command:Invoked command in '/home/aidanbagley/DarpaTriage/ROS-WS/ws_offboard_control/src/build/px4_ros_com' returned '0': AMENT_PREFIX_PATH=/home/aidanbagley/DarpaTriage/ROS-WS/ws_offboard_control/src/install/px4_msgs:${AMENT_PREFIX_PATH} CMAKE_PREFIX_PATH=/home/aidanbagley/DarpaTriage/ROS-WS/ws_offboard_control/src/install/px4_msgs:/home/aidanbagley/DarpaTriage/ROS-WS/ws_offboard_control/install/px4_ros_com:/home/aidanbagley/DarpaTriage/ROS-WS/ws_offboard_control/install/px4_msgs:/opt/ros/humble LD_LIBRARY_PATH=/home/aidanbagley/DarpaTriage/ROS-WS/ws_offboard_control/src/install/px4_msgs/lib:${LD_LIBRARY_PATH} PYTHONPATH=/home/aidanbagley/DarpaTriage/ROS-WS/ws_offboard_control/src/install/px4_msgs/local/lib/python3.10/dist-packages:${PYTHONPATH} /usr/bin/cmake /home/aidanbagley/DarpaTriage/ROS-WS/ws_offboard_control/src/px4_ros_com -DCMAKE_INSTALL_PREFIX=/home/aidanbagley/DarpaTriage/ROS-WS/ws_offboard_control/src/install/px4_ros_com
[218.863s] DEBUG:colcon.colcon_core.event_handler.log_command:Invoking command in '/home/aidanbagley/DarpaTriage/ROS-WS/ws_offboard_control/src/build/px4_ros_com': AMENT_PREFIX_PATH=/home/aidanbagley/DarpaTriage/ROS-WS/ws_offboard_control/src/install/px4_msgs:${AMENT_PREFIX_PATH} CMAKE_PREFIX_PATH=/home/aidanbagley/DarpaTriage/ROS-WS/ws_offboard_control/src/install/px4_msgs:/home/aidanbagley/DarpaTriage/ROS-WS/ws_offboard_control/install/px4_ros_com:/home/aidanbagley/DarpaTriage/ROS-WS/ws_offboard_control/install/px4_msgs:/opt/ros/humble LD_LIBRARY_PATH=/home/aidanbagley/DarpaTriage/ROS-WS/ws_offboard_control/src/install/px4_msgs/lib:${LD_LIBRARY_PATH} PYTHONPATH=/home/aidanbagley/DarpaTriage/ROS-WS/ws_offboard_control/src/install/px4_msgs/local/lib/python3.10/dist-packages:${PYTHONPATH} /usr/bin/cmake --build /home/aidanbagley/DarpaTriage/ROS-WS/ws_offboard_control/src/build/px4_ros_com -- -j16 -l16
[232.461s] DEBUG:colcon.colcon_core.event_handler.log_command:Invoked command in '/home/aidanbagley/DarpaTriage/ROS-WS/ws_offboard_control/src/build/px4_ros_com' returned '0': AMENT_PREFIX_PATH=/home/aidanbagley/DarpaTriage/ROS-WS/ws_offboard_control/src/install/px4_msgs:${AMENT_PREFIX_PATH} CMAKE_PREFIX_PATH=/home/aidanbagley/DarpaTriage/ROS-WS/ws_offboard_control/src/install/px4_msgs:/home/aidanbagley/DarpaTriage/ROS-WS/ws_offboard_control/install/px4_ros_com:/home/aidanbagley/DarpaTriage/ROS-WS/ws_offboard_control/install/px4_msgs:/opt/ros/humble LD_LIBRARY_PATH=/home/aidanbagley/DarpaTriage/ROS-WS/ws_offboard_control/src/install/px4_msgs/lib:${LD_LIBRARY_PATH} PYTHONPATH=/home/aidanbagley/DarpaTriage/ROS-WS/ws_offboard_control/src/install/px4_msgs/local/lib/python3.10/dist-packages:${PYTHONPATH} /usr/bin/cmake --build /home/aidanbagley/DarpaTriage/ROS-WS/ws_offboard_control/src/build/px4_ros_com -- -j16 -l16
[232.464s] DEBUG:colcon.colcon_core.event_handler.log_command:Invoking command in '/home/aidanbagley/DarpaTriage/ROS-WS/ws_offboard_control/src/build/px4_ros_com': AMENT_PREFIX_PATH=/home/aidanbagley/DarpaTriage/ROS-WS/ws_offboard_control/src/install/px4_msgs:${AMENT_PREFIX_PATH} CMAKE_PREFIX_PATH=/home/aidanbagley/DarpaTriage/ROS-WS/ws_offboard_control/src/install/px4_msgs:/home/aidanbagley/DarpaTriage/ROS-WS/ws_offboard_control/install/px4_ros_com:/home/aidanbagley/DarpaTriage/ROS-WS/ws_offboard_control/install/px4_msgs:/opt/ros/humble LD_LIBRARY_PATH=/home/aidanbagley/DarpaTriage/ROS-WS/ws_offboard_control/src/install/px4_msgs/lib:${LD_LIBRARY_PATH} PYTHONPATH=/home/aidanbagley/DarpaTriage/ROS-WS/ws_offboard_control/src/install/px4_msgs/local/lib/python3.10/dist-packages:${PYTHONPATH} /usr/bin/cmake --install /home/aidanbagley/DarpaTriage/ROS-WS/ws_offboard_control/src/build/px4_ros_com
[232.566s] Level 1:colcon.colcon_core.environment:create_environment_scripts_only(px4_ros_com)
[232.566s] Level 1:colcon.colcon_core.environment:checking '/home/aidanbagley/DarpaTriage/ROS-WS/ws_offboard_control/src/install/px4_ros_com' for CMake module files
[232.567s] DEBUG:colcon.colcon_core.event_handler.log_command:Invoked command in '/home/aidanbagley/DarpaTriage/ROS-WS/ws_offboard_control/src/build/px4_ros_com' returned '0': AMENT_PREFIX_PATH=/home/aidanbagley/DarpaTriage/ROS-WS/ws_offboard_control/src/install/px4_msgs:${AMENT_PREFIX_PATH} CMAKE_PREFIX_PATH=/home/aidanbagley/DarpaTriage/ROS-WS/ws_offboard_control/src/install/px4_msgs:/home/aidanbagley/DarpaTriage/ROS-WS/ws_offboard_control/install/px4_ros_com:/home/aidanbagley/DarpaTriage/ROS-WS/ws_offboard_control/install/px4_msgs:/opt/ros/humble LD_LIBRARY_PATH=/home/aidanbagley/DarpaTriage/ROS-WS/ws_offboard_control/src/install/px4_msgs/lib:${LD_LIBRARY_PATH} PYTHONPATH=/home/aidanbagley/DarpaTriage/ROS-WS/ws_offboard_control/src/install/px4_msgs/local/lib/python3.10/dist-packages:${PYTHONPATH} /usr/bin/cmake --install /home/aidanbagley/DarpaTriage/ROS-WS/ws_offboard_control/src/build/px4_ros_com
[232.568s] Level 1:colcon.colcon_core.environment:checking '/home/aidanbagley/DarpaTriage/ROS-WS/ws_offboard_control/src/install/px4_ros_com' for CMake config files
[232.568s] Level 1:colcon.colcon_core.shell:create_environment_hook('px4_ros_com', 'cmake_prefix_path')
[232.568s] INFO:colcon.colcon_core.shell:Creating environment hook '/home/aidanbagley/DarpaTriage/ROS-WS/ws_offboard_control/src/install/px4_ros_com/share/px4_ros_com/hook/cmake_prefix_path.ps1'
[232.569s] INFO:colcon.colcon_core.shell:Creating environment descriptor '/home/aidanbagley/DarpaTriage/ROS-WS/ws_offboard_control/src/install/px4_ros_com/share/px4_ros_com/hook/cmake_prefix_path.dsv'
[232.570s] INFO:colcon.colcon_core.shell:Creating environment hook '/home/aidanbagley/DarpaTriage/ROS-WS/ws_offboard_control/src/install/px4_ros_com/share/px4_ros_com/hook/cmake_prefix_path.sh'
[232.570s] Level 1:colcon.colcon_core.environment:checking '/home/aidanbagley/DarpaTriage/ROS-WS/ws_offboard_control/src/install/px4_ros_com/lib'
[232.570s] Level 1:colcon.colcon_core.shell:create_environment_hook('px4_ros_com', 'ld_library_path_lib')
[232.571s] INFO:colcon.colcon_core.shell:Creating environment hook '/home/aidanbagley/DarpaTriage/ROS-WS/ws_offboard_control/src/install/px4_ros_com/share/px4_ros_com/hook/ld_library_path_lib.ps1'
[232.571s] INFO:colcon.colcon_core.shell:Creating environment descriptor '/home/aidanbagley/DarpaTriage/ROS-WS/ws_offboard_control/src/install/px4_ros_com/share/px4_ros_com/hook/ld_library_path_lib.dsv'
[232.572s] INFO:colcon.colcon_core.shell:Creating environment hook '/home/aidanbagley/DarpaTriage/ROS-WS/ws_offboard_control/src/install/px4_ros_com/share/px4_ros_com/hook/ld_library_path_lib.sh'
[232.572s] Level 1:colcon.colcon_core.environment:checking '/home/aidanbagley/DarpaTriage/ROS-WS/ws_offboard_control/src/install/px4_ros_com/bin'
[232.572s] Level 1:colcon.colcon_core.environment:checking '/home/aidanbagley/DarpaTriage/ROS-WS/ws_offboard_control/src/install/px4_ros_com/lib/pkgconfig/px4_ros_com.pc'
[232.572s] Level 1:colcon.colcon_core.environment:checking '/home/aidanbagley/DarpaTriage/ROS-WS/ws_offboard_control/src/install/px4_ros_com/lib/python3.10/site-packages'
[232.573s] Level 1:colcon.colcon_core.environment:checking '/home/aidanbagley/DarpaTriage/ROS-WS/ws_offboard_control/src/install/px4_ros_com/bin'
[232.573s] INFO:colcon.colcon_core.shell:Creating package script '/home/aidanbagley/DarpaTriage/ROS-WS/ws_offboard_control/src/install/px4_ros_com/share/px4_ros_com/package.ps1'
[232.573s] INFO:colcon.colcon_core.shell:Creating package descriptor '/home/aidanbagley/DarpaTriage/ROS-WS/ws_offboard_control/src/install/px4_ros_com/share/px4_ros_com/package.dsv'
[232.574s] INFO:colcon.colcon_core.shell:Creating package script '/home/aidanbagley/DarpaTriage/ROS-WS/ws_offboard_control/src/install/px4_ros_com/share/px4_ros_com/package.sh'
[232.574s] INFO:colcon.colcon_core.shell:Creating package script '/home/aidanbagley/DarpaTriage/ROS-WS/ws_offboard_control/src/install/px4_ros_com/share/px4_ros_com/package.bash'
[232.575s] INFO:colcon.colcon_core.shell:Creating package script '/home/aidanbagley/DarpaTriage/ROS-WS/ws_offboard_control/src/install/px4_ros_com/share/px4_ros_com/package.zsh'
[232.575s] Level 1:colcon.colcon_core.environment:create_file_with_runtime_dependencies(/home/aidanbagley/DarpaTriage/ROS-WS/ws_offboard_control/src/install/px4_ros_com/share/colcon-core/packages/px4_ros_com)
[232.576s] Level 1:colcon.colcon_core.environment:create_environment_scripts_only(px4_ros_com)
[232.577s] Level 1:colcon.colcon_core.environment:checking '/home/aidanbagley/DarpaTriage/ROS-WS/ws_offboard_control/src/install/px4_ros_com' for CMake module files
[232.577s] Level 1:colcon.colcon_core.environment:checking '/home/aidanbagley/DarpaTriage/ROS-WS/ws_offboard_control/src/install/px4_ros_com' for CMake config files
[232.578s] Level 1:colcon.colcon_core.shell:create_environment_hook('px4_ros_com', 'cmake_prefix_path')
[232.578s] INFO:colcon.colcon_core.shell:Creating environment hook '/home/aidanbagley/DarpaTriage/ROS-WS/ws_offboard_control/src/install/px4_ros_com/share/px4_ros_com/hook/cmake_prefix_path.ps1'
[232.578s] INFO:colcon.colcon_core.shell:Creating environment descriptor '/home/aidanbagley/DarpaTriage/ROS-WS/ws_offboard_control/src/install/px4_ros_com/share/px4_ros_com/hook/cmake_prefix_path.dsv'
[232.579s] INFO:colcon.colcon_core.shell:Creating environment hook '/home/aidanbagley/DarpaTriage/ROS-WS/ws_offboard_control/src/install/px4_ros_com/share/px4_ros_com/hook/cmake_prefix_path.sh'
[232.579s] Level 1:colcon.colcon_core.environment:checking '/home/aidanbagley/DarpaTriage/ROS-WS/ws_offboard_control/src/install/px4_ros_com/lib'
[232.580s] Level 1:colcon.colcon_core.shell:create_environment_hook('px4_ros_com', 'ld_library_path_lib')
[232.580s] INFO:colcon.colcon_core.shell:Creating environment hook '/home/aidanbagley/DarpaTriage/ROS-WS/ws_offboard_control/src/install/px4_ros_com/share/px4_ros_com/hook/ld_library_path_lib.ps1'
[232.580s] INFO:colcon.colcon_core.shell:Creating environment descriptor '/home/aidanbagley/DarpaTriage/ROS-WS/ws_offboard_control/src/install/px4_ros_com/share/px4_ros_com/hook/ld_library_path_lib.dsv'
[232.581s] INFO:colcon.colcon_core.shell:Creating environment hook '/home/aidanbagley/DarpaTriage/ROS-WS/ws_offboard_control/src/install/px4_ros_com/share/px4_ros_com/hook/ld_library_path_lib.sh'
[232.581s] Level 1:colcon.colcon_core.environment:checking '/home/aidanbagley/DarpaTriage/ROS-WS/ws_offboard_control/src/install/px4_ros_com/bin'
[232.581s] Level 1:colcon.colcon_core.environment:checking '/home/aidanbagley/DarpaTriage/ROS-WS/ws_offboard_control/src/install/px4_ros_com/lib/pkgconfig/px4_ros_com.pc'
[232.582s] Level 1:colcon.colcon_core.environment:checking '/home/aidanbagley/DarpaTriage/ROS-WS/ws_offboard_control/src/install/px4_ros_com/lib/python3.10/site-packages'
[232.582s] Level 1:colcon.colcon_core.environment:checking '/home/aidanbagley/DarpaTriage/ROS-WS/ws_offboard_control/src/install/px4_ros_com/bin'
[232.583s] INFO:colcon.colcon_core.shell:Creating package script '/home/aidanbagley/DarpaTriage/ROS-WS/ws_offboard_control/src/install/px4_ros_com/share/px4_ros_com/package.ps1'
[232.583s] INFO:colcon.colcon_core.shell:Creating package descriptor '/home/aidanbagley/DarpaTriage/ROS-WS/ws_offboard_control/src/install/px4_ros_com/share/px4_ros_com/package.dsv'
[232.584s] INFO:colcon.colcon_core.shell:Creating package script '/home/aidanbagley/DarpaTriage/ROS-WS/ws_offboard_control/src/install/px4_ros_com/share/px4_ros_com/package.sh'
[232.584s] INFO:colcon.colcon_core.shell:Creating package script '/home/aidanbagley/DarpaTriage/ROS-WS/ws_offboard_control/src/install/px4_ros_com/share/px4_ros_com/package.bash'
[232.585s] INFO:colcon.colcon_core.shell:Creating package script '/home/aidanbagley/DarpaTriage/ROS-WS/ws_offboard_control/src/install/px4_ros_com/share/px4_ros_com/package.zsh'
[232.585s] Level 1:colcon.colcon_core.environment:create_file_with_runtime_dependencies(/home/aidanbagley/DarpaTriage/ROS-WS/ws_offboard_control/src/install/px4_ros_com/share/colcon-core/packages/px4_ros_com)
[232.586s] DEBUG:colcon.colcon_parallel_executor.executor.parallel:closing loop
[232.586s] DEBUG:colcon.colcon_parallel_executor.executor.parallel:loop closed
[232.587s] DEBUG:colcon.colcon_parallel_executor.executor.parallel:run_until_complete finished with '0'
[232.587s] DEBUG:colcon.colcon_core.event_reactor:joining thread
[232.655s] INFO:colcon.colcon_core.plugin_system:Skipping extension 'colcon_notification.desktop_notification.notify_send': Could not find 'notify-send'
[232.655s] INFO:colcon.colcon_core.plugin_system:Skipping extension 'colcon_notification.desktop_notification.terminal_notifier': Not used on non-Darwin systems
[232.655s] INFO:colcon.colcon_core.plugin_system:Skipping extension 'colcon_notification.desktop_notification.win32': Not used on non-Windows systems
[232.656s] INFO:colcon.colcon_notification.desktop_notification:Sending desktop notification using 'notify2'
[232.656s] DEBUG:colcon.colcon_notification.desktop_notification.notify2:Failed to initialize notify2: org.freedesktop.DBus.Error.FileNotFound: Failed to connect to socket /run/user/1000/bus: No such file or directory
[232.656s] DEBUG:colcon.colcon_core.event_reactor:joined thread
[232.657s] INFO:colcon.colcon_core.shell:Creating prefix script '/home/aidanbagley/DarpaTriage/ROS-WS/ws_offboard_control/src/install/local_setup.ps1'
[232.658s] INFO:colcon.colcon_core.shell:Creating prefix util module '/home/aidanbagley/DarpaTriage/ROS-WS/ws_offboard_control/src/install/_local_setup_util_ps1.py'
[232.660s] INFO:colcon.colcon_core.shell:Creating prefix chain script '/home/aidanbagley/DarpaTriage/ROS-WS/ws_offboard_control/src/install/setup.ps1'
[232.662s] INFO:colcon.colcon_core.shell:Creating prefix script '/home/aidanbagley/DarpaTriage/ROS-WS/ws_offboard_control/src/install/local_setup.sh'
[232.663s] INFO:colcon.colcon_core.shell:Creating prefix util module '/home/aidanbagley/DarpaTriage/ROS-WS/ws_offboard_control/src/install/_local_setup_util_sh.py'
[232.663s] INFO:colcon.colcon_core.shell:Creating prefix chain script '/home/aidanbagley/DarpaTriage/ROS-WS/ws_offboard_control/src/install/setup.sh'
[232.664s] INFO:colcon.colcon_core.shell:Creating prefix script '/home/aidanbagley/DarpaTriage/ROS-WS/ws_offboard_control/src/install/local_setup.bash'
[232.665s] INFO:colcon.colcon_core.shell:Creating prefix chain script '/home/aidanbagley/DarpaTriage/ROS-WS/ws_offboard_control/src/install/setup.bash'
[232.667s] INFO:colcon.colcon_core.shell:Creating prefix script '/home/aidanbagley/DarpaTriage/ROS-WS/ws_offboard_control/src/install/local_setup.zsh'
[232.668s] INFO:colcon.colcon_core.shell:Creating prefix chain script '/home/aidanbagley/DarpaTriage/ROS-WS/ws_offboard_control/src/install/setup.zsh'
