[0.145s] Invoking command in '/home/aidanbagley/DarpaTriage/ROS-WS/ws_offboard_control/src/build/px4_ros_com': AMENT_PREFIX_PATH=/home/aidanbagley/DarpaTriage/ROS-WS/ws_offboard_control/src/install/px4_msgs:${AMENT_PREFIX_PATH} CMAKE_PREFIX_PATH=/home/aidanbagley/DarpaTriage/ROS-WS/ws_offboard_control/src/install/px4_msgs:/home/aidanbagley/DarpaTriage/ROS-WS/ws_offboard_control/install/px4_ros_com:/home/aidanbagley/DarpaTriage/ROS-WS/ws_offboard_control/install/px4_msgs:/opt/ros/humble LD_LIBRARY_PATH=/home/aidanbagley/DarpaTriage/ROS-WS/ws_offboard_control/src/install/px4_msgs/lib:${LD_LIBRARY_PATH} PYTHONPATH=/home/aidanbagley/DarpaTriage/ROS-WS/ws_offboard_control/src/install/px4_msgs/local/lib/python3.10/dist-packages:${PYTHONPATH} /usr/bin/cmake /home/aidanbagley/DarpaTriage/ROS-WS/ws_offboard_control/src/px4_ros_com -DCMAKE_INSTALL_PREFIX=/home/aidanbagley/DarpaTriage/ROS-WS/ws_offboard_control/src/install/px4_ros_com
[0.357s] -- The C compiler identification is GNU 11.4.0
[1.017s] -- The CXX compiler identification is GNU 11.4.0
[1.492s] -- Detecting C compiler ABI info
[1.669s] -- Detecting C compiler ABI info - done
[1.676s] -- Check for working C compiler: /usr/bin/cc - skipped
[1.677s] -- Detecting C compile features
[1.677s] -- Detecting C compile features - done
[1.680s] -- Detecting CXX compiler ABI info
[1.857s] -- Detecting CXX compiler ABI info - done
[1.864s] -- Check for working CXX compiler: /usr/bin/c++ - skipped
[1.864s] -- Detecting CXX compile features
[1.864s] -- Detecting CXX compile features - done
[1.867s] -- Found ament_cmake: 1.3.11 (/opt/ros/humble/share/ament_cmake/cmake)
[2.234s] -- Found Python3: /usr/bin/python3 (found version "3.10.12") found components: Interpreter 
[2.326s] -- Found builtin_interfaces: 1.2.1 (/opt/ros/humble/share/builtin_interfaces/cmake)
[2.518s] -- Found rosidl_generator_c: 3.1.6 (/opt/ros/humble/share/rosidl_generator_c/cmake)
[2.524s] -- Found rosidl_adapter: 3.1.6 (/opt/ros/humble/share/rosidl_adapter/cmake)
[2.533s] -- Found rosidl_generator_cpp: 3.1.6 (/opt/ros/humble/share/rosidl_generator_cpp/cmake)
[2.547s] -- Using all available rosidl_typesupport_c: rosidl_typesupport_fastrtps_c;rosidl_typesupport_introspection_c
[2.564s] -- Using all available rosidl_typesupport_cpp: rosidl_typesupport_fastrtps_cpp;rosidl_typesupport_introspection_cpp
[2.582s] -- Found eigen3_cmake_module: 0.1.1 (/opt/ros/humble/share/eigen3_cmake_module/cmake)
[2.597s] -- Found Eigen3: TRUE (found version "3.4.0") 
[2.599s] -- Found geometry_msgs: 4.2.4 (/opt/ros/humble/share/geometry_msgs/cmake)
[2.645s] -- Found px4_msgs: 2.0.1 (/home/aidanbagley/DarpaTriage/ROS-WS/ws_offboard_control/src/install/px4_msgs/share/px4_msgs/cmake)
[2.659s] -- Found rclcpp: 16.0.11 (/opt/ros/humble/share/rclcpp/cmake)
[2.731s] -- Found rmw_implementation_cmake: 6.1.2 (/opt/ros/humble/share/rmw_implementation_cmake/cmake)
[2.737s] -- Found rmw_fastrtps_cpp: 6.2.7 (/opt/ros/humble/share/rmw_fastrtps_cpp/cmake)
[4.532s] -- Found OpenSSL: /usr/lib/x86_64-linux-gnu/libcrypto.so (found version "3.0.2")  
[6.459s] -- Found FastRTPS: /opt/ros/humble/include  
[9.664s] -- Using RMW implementation 'rmw_fastrtps_cpp' as default
[9.681s] -- Looking for pthread.h
[9.842s] -- Looking for pthread.h - found
[9.842s] -- Performing Test CMAKE_HAVE_LIBC_PTHREAD
[10.013s] -- Performing Test CMAKE_HAVE_LIBC_PTHREAD - Success
[10.014s] -- Found Threads: TRUE  
[10.084s] -- Found sensor_msgs: 4.2.4 (/opt/ros/humble/share/sensor_msgs/cmake)
[10.112s] -- Found rclpy: 3.3.15 (/opt/ros/humble/share/rclpy/cmake)
[10.122s] -- Found ament_lint_auto: 0.12.11 (/opt/ros/humble/share/ament_lint_auto/cmake)
[10.243s] -- Added test 'copyright' to check source files copyright and LICENSE
[10.261s] -- Added test 'cppcheck' to perform static code analysis on C / C++ code
[10.261s] -- Configured cppcheck include dirs: /home/aidanbagley/DarpaTriage/ROS-WS/ws_offboard_control/src/px4_ros_com/include;$<BUILD_INTERFACE:/home/aidanbagley/DarpaTriage/ROS-WS/ws_offboard_control/src/px4_ros_com/include/px4_ros_com>
[10.262s] -- Configured cppcheck exclude dirs and/or files: 
[10.268s] -- Added test 'cpplint' to check C / C++ code against the Google style
[10.268s] -- Configured cpplint exclude dirs and/or files: 
[10.270s] -- Added test 'flake8' to check Python code syntax and style conventions
[10.273s] -- Added test 'lint_cmake' to check CMake code style
[10.275s] -- Added test 'pep257' to check Python code against some of the docstring style conventions in PEP 257
[10.281s] -- Added test 'uncrustify' to check C / C++ code style
[10.281s] -- Configured uncrustify additional arguments: 
[10.283s] -- Added test 'xmllint' to check XML markup files
[10.286s] -- Configuring done
[10.327s] -- Generating done
[10.339s] -- Build files have been written to: /home/aidanbagley/DarpaTriage/ROS-WS/ws_offboard_control/src/build/px4_ros_com
[10.354s] Invoked command in '/home/aidanbagley/DarpaTriage/ROS-WS/ws_offboard_control/src/build/px4_ros_com' returned '0': AMENT_PREFIX_PATH=/home/aidanbagley/DarpaTriage/ROS-WS/ws_offboard_control/src/install/px4_msgs:${AMENT_PREFIX_PATH} CMAKE_PREFIX_PATH=/home/aidanbagley/DarpaTriage/ROS-WS/ws_offboard_control/src/install/px4_msgs:/home/aidanbagley/DarpaTriage/ROS-WS/ws_offboard_control/install/px4_ros_com:/home/aidanbagley/DarpaTriage/ROS-WS/ws_offboard_control/install/px4_msgs:/opt/ros/humble LD_LIBRARY_PATH=/home/aidanbagley/DarpaTriage/ROS-WS/ws_offboard_control/src/install/px4_msgs/lib:${LD_LIBRARY_PATH} PYTHONPATH=/home/aidanbagley/DarpaTriage/ROS-WS/ws_offboard_control/src/install/px4_msgs/local/lib/python3.10/dist-packages:${PYTHONPATH} /usr/bin/cmake /home/aidanbagley/DarpaTriage/ROS-WS/ws_offboard_control/src/px4_ros_com -DCMAKE_INSTALL_PREFIX=/home/aidanbagley/DarpaTriage/ROS-WS/ws_offboard_control/src/install/px4_ros_com
[10.356s] Invoking command in '/home/aidanbagley/DarpaTriage/ROS-WS/ws_offboard_control/src/build/px4_ros_com': AMENT_PREFIX_PATH=/home/aidanbagley/DarpaTriage/ROS-WS/ws_offboard_control/src/install/px4_msgs:${AMENT_PREFIX_PATH} CMAKE_PREFIX_PATH=/home/aidanbagley/DarpaTriage/ROS-WS/ws_offboard_control/src/install/px4_msgs:/home/aidanbagley/DarpaTriage/ROS-WS/ws_offboard_control/install/px4_ros_com:/home/aidanbagley/DarpaTriage/ROS-WS/ws_offboard_control/install/px4_msgs:/opt/ros/humble LD_LIBRARY_PATH=/home/aidanbagley/DarpaTriage/ROS-WS/ws_offboard_control/src/install/px4_msgs/lib:${LD_LIBRARY_PATH} PYTHONPATH=/home/aidanbagley/DarpaTriage/ROS-WS/ws_offboard_control/src/install/px4_msgs/local/lib/python3.10/dist-packages:${PYTHONPATH} /usr/bin/cmake --build /home/aidanbagley/DarpaTriage/ROS-WS/ws_offboard_control/src/build/px4_ros_com -- -j16 -l16
[10.410s] [ 25%] [32mBuilding CXX object CMakeFiles/sensor_combined_listener.dir/src/examples/listeners/sensor_combined_listener.cpp.o[0m
[10.410s] [ 25%] [32mBuilding CXX object CMakeFiles/vehicle_gps_position_listener.dir/src/examples/listeners/vehicle_gps_position_listener.cpp.o[0m
[10.411s] [ 25%] [32mBuilding CXX object CMakeFiles/debug_vect_advertiser.dir/src/examples/advertisers/debug_vect_advertiser.cpp.o[0m
[10.411s] [ 33%] [32mBuilding CXX object CMakeFiles/frame_transforms.dir/src/lib/frame_transforms.cpp.o[0m
[10.411s] [ 41%] [32mBuilding CXX object CMakeFiles/offboard_control.dir/src/examples/offboard/offboard_control.cpp.o[0m
[10.412s] [ 50%] [32mBuilding CXX object CMakeFiles/offboard_control_srv.dir/src/examples/offboard/offboard_control_srv.cpp.o[0m
[10.425s] [ 50%] Built target ament_cmake_python_copy_px4_ros_com
[10.783s] running egg_info
[10.816s] creating px4_ros_com.egg-info
[10.816s] writing px4_ros_com.egg-info/PKG-INFO
[10.817s] writing dependency_links to px4_ros_com.egg-info/dependency_links.txt
[10.818s] writing top-level names to px4_ros_com.egg-info/top_level.txt
[10.818s] writing manifest file 'px4_ros_com.egg-info/SOURCES.txt'
[10.902s] reading manifest file 'px4_ros_com.egg-info/SOURCES.txt'
[10.904s] writing manifest file 'px4_ros_com.egg-info/SOURCES.txt'
[10.980s] [ 50%] Built target ament_cmake_python_build_px4_ros_com_egg
[18.049s] [ 58%] [32m[1mLinking CXX executable debug_vect_advertiser[0m
[18.632s] [ 58%] Built target debug_vect_advertiser
[19.124s] [ 66%] [32m[1mLinking CXX executable offboard_control[0m
[19.653s] [ 66%] Built target offboard_control
[20.577s] [ 75%] [32m[1mLinking CXX executable offboard_control_srv[0m
[21.085s] [ 75%] Built target offboard_control_srv
[22.091s] [ 83%] [32m[1mLinking CXX shared library libframe_transforms.so[0m
[22.590s] [ 83%] Built target frame_transforms
[23.412s] [100%] [32m[1mLinking CXX executable vehicle_gps_position_listener[0m
[23.412s] [100%] [32m[1mLinking CXX executable sensor_combined_listener[0m
[23.924s] [100%] Built target vehicle_gps_position_listener
[23.941s] [100%] Built target sensor_combined_listener
[23.954s] Invoked command in '/home/aidanbagley/DarpaTriage/ROS-WS/ws_offboard_control/src/build/px4_ros_com' returned '0': AMENT_PREFIX_PATH=/home/aidanbagley/DarpaTriage/ROS-WS/ws_offboard_control/src/install/px4_msgs:${AMENT_PREFIX_PATH} CMAKE_PREFIX_PATH=/home/aidanbagley/DarpaTriage/ROS-WS/ws_offboard_control/src/install/px4_msgs:/home/aidanbagley/DarpaTriage/ROS-WS/ws_offboard_control/install/px4_ros_com:/home/aidanbagley/DarpaTriage/ROS-WS/ws_offboard_control/install/px4_msgs:/opt/ros/humble LD_LIBRARY_PATH=/home/aidanbagley/DarpaTriage/ROS-WS/ws_offboard_control/src/install/px4_msgs/lib:${LD_LIBRARY_PATH} PYTHONPATH=/home/aidanbagley/DarpaTriage/ROS-WS/ws_offboard_control/src/install/px4_msgs/local/lib/python3.10/dist-packages:${PYTHONPATH} /usr/bin/cmake --build /home/aidanbagley/DarpaTriage/ROS-WS/ws_offboard_control/src/build/px4_ros_com -- -j16 -l16
[23.957s] Invoking command in '/home/aidanbagley/DarpaTriage/ROS-WS/ws_offboard_control/src/build/px4_ros_com': AMENT_PREFIX_PATH=/home/aidanbagley/DarpaTriage/ROS-WS/ws_offboard_control/src/install/px4_msgs:${AMENT_PREFIX_PATH} CMAKE_PREFIX_PATH=/home/aidanbagley/DarpaTriage/ROS-WS/ws_offboard_control/src/install/px4_msgs:/home/aidanbagley/DarpaTriage/ROS-WS/ws_offboard_control/install/px4_ros_com:/home/aidanbagley/DarpaTriage/ROS-WS/ws_offboard_control/install/px4_msgs:/opt/ros/humble LD_LIBRARY_PATH=/home/aidanbagley/DarpaTriage/ROS-WS/ws_offboard_control/src/install/px4_msgs/lib:${LD_LIBRARY_PATH} PYTHONPATH=/home/aidanbagley/DarpaTriage/ROS-WS/ws_offboard_control/src/install/px4_msgs/local/lib/python3.10/dist-packages:${PYTHONPATH} /usr/bin/cmake --install /home/aidanbagley/DarpaTriage/ROS-WS/ws_offboard_control/src/build/px4_ros_com
[23.967s] -- Install configuration: ""
[23.968s] -- Installing: /home/aidanbagley/DarpaTriage/ROS-WS/ws_offboard_control/src/install/px4_ros_com/lib/px4_ros_com/sensor_combined_listener
[23.976s] -- Set runtime path of "/home/aidanbagley/DarpaTriage/ROS-WS/ws_offboard_control/src/install/px4_ros_com/lib/px4_ros_com/sensor_combined_listener" to ""
[23.976s] -- Installing: /home/aidanbagley/DarpaTriage/ROS-WS/ws_offboard_control/src/install/px4_ros_com/lib/px4_ros_com/vehicle_gps_position_listener
[23.981s] -- Set runtime path of "/home/aidanbagley/DarpaTriage/ROS-WS/ws_offboard_control/src/install/px4_ros_com/lib/px4_ros_com/vehicle_gps_position_listener" to ""
[23.982s] -- Installing: /home/aidanbagley/DarpaTriage/ROS-WS/ws_offboard_control/src/install/px4_ros_com/lib/px4_ros_com/debug_vect_advertiser
[23.983s] -- Set runtime path of "/home/aidanbagley/DarpaTriage/ROS-WS/ws_offboard_control/src/install/px4_ros_com/lib/px4_ros_com/debug_vect_advertiser" to ""
[23.983s] -- Installing: /home/aidanbagley/DarpaTriage/ROS-WS/ws_offboard_control/src/install/px4_ros_com/lib/px4_ros_com/offboard_control
[23.986s] -- Set runtime path of "/home/aidanbagley/DarpaTriage/ROS-WS/ws_offboard_control/src/install/px4_ros_com/lib/px4_ros_com/offboard_control" to ""
[23.986s] -- Installing: /home/aidanbagley/DarpaTriage/ROS-WS/ws_offboard_control/src/install/px4_ros_com/lib/px4_ros_com/offboard_control_srv
[23.988s] -- Set runtime path of "/home/aidanbagley/DarpaTriage/ROS-WS/ws_offboard_control/src/install/px4_ros_com/lib/px4_ros_com/offboard_control_srv" to ""
[23.989s] -- Installing: /home/aidanbagley/DarpaTriage/ROS-WS/ws_offboard_control/src/install/px4_ros_com/share/px4_ros_com/environment/library_path.sh
[23.990s] -- Installing: /home/aidanbagley/DarpaTriage/ROS-WS/ws_offboard_control/src/install/px4_ros_com/share/px4_ros_com/environment/library_path.dsv
[23.990s] -- Installing: /home/aidanbagley/DarpaTriage/ROS-WS/ws_offboard_control/src/install/px4_ros_com/include/px4_ros_com
[23.991s] -- Installing: /home/aidanbagley/DarpaTriage/ROS-WS/ws_offboard_control/src/install/px4_ros_com/include/px4_ros_com/frame_transforms.h
[23.991s] -- Installing: /home/aidanbagley/DarpaTriage/ROS-WS/ws_offboard_control/src/install/px4_ros_com/lib/libframe_transforms.so
[23.998s] -- Set runtime path of "/home/aidanbagley/DarpaTriage/ROS-WS/ws_offboard_control/src/install/px4_ros_com/lib/libframe_transforms.so" to ""
[23.998s] -- Installing: /home/aidanbagley/DarpaTriage/ROS-WS/ws_offboard_control/src/install/px4_ros_com/share/px4_ros_com//launch
[23.998s] -- Installing: /home/aidanbagley/DarpaTriage/ROS-WS/ws_offboard_control/src/install/px4_ros_com/share/px4_ros_com//launch/sensor_combined_listener.launch.py
[23.999s] -- Installing: /home/aidanbagley/DarpaTriage/ROS-WS/ws_offboard_control/src/install/px4_ros_com/share/px4_ros_com//launch/offboard_control_launch.yaml
[23.999s] -- Installing: /home/aidanbagley/DarpaTriage/ROS-WS/ws_offboard_control/src/install/px4_ros_com/share/px4_ros_com//test
[24.000s] -- Installing: /home/aidanbagley/DarpaTriage/ROS-WS/ws_offboard_control/src/install/px4_ros_com/share/px4_ros_com//test/test_output.py
[24.000s] -- Installing: /home/aidanbagley/DarpaTriage/ROS-WS/ws_offboard_control/src/install/px4_ros_com/share/px4_ros_com//test/pipeline_io_test.py
[24.001s] -- Installing: /home/aidanbagley/DarpaTriage/ROS-WS/ws_offboard_control/src/install/px4_ros_com/share/px4_ros_com//test/__init__.py
[24.001s] -- Installing: /home/aidanbagley/DarpaTriage/ROS-WS/ws_offboard_control/src/install/px4_ros_com/share/px4_ros_com//test/test_input.py
[24.002s] -- Installing: /home/aidanbagley/DarpaTriage/ROS-WS/ws_offboard_control/src/install/px4_ros_com/share/px4_ros_com/environment/pythonpath.sh
[24.002s] -- Installing: /home/aidanbagley/DarpaTriage/ROS-WS/ws_offboard_control/src/install/px4_ros_com/share/px4_ros_com/environment/pythonpath.dsv
[24.002s] -- Installing: /home/aidanbagley/DarpaTriage/ROS-WS/ws_offboard_control/src/install/px4_ros_com/local/lib/python3.10/dist-packages/px4_ros_com-0.1.0-py3.10.egg-info
[24.005s] -- Installing: /home/aidanbagley/DarpaTriage/ROS-WS/ws_offboard_control/src/install/px4_ros_com/local/lib/python3.10/dist-packages/px4_ros_com-0.1.0-py3.10.egg-info/dependency_links.txt
[24.005s] -- Installing: /home/aidanbagley/DarpaTriage/ROS-WS/ws_offboard_control/src/install/px4_ros_com/local/lib/python3.10/dist-packages/px4_ros_com-0.1.0-py3.10.egg-info/SOURCES.txt
[24.005s] -- Installing: /home/aidanbagley/DarpaTriage/ROS-WS/ws_offboard_control/src/install/px4_ros_com/local/lib/python3.10/dist-packages/px4_ros_com-0.1.0-py3.10.egg-info/PKG-INFO
[24.006s] -- Installing: /home/aidanbagley/DarpaTriage/ROS-WS/ws_offboard_control/src/install/px4_ros_com/local/lib/python3.10/dist-packages/px4_ros_com-0.1.0-py3.10.egg-info/top_level.txt
[24.006s] -- Installing: /home/aidanbagley/DarpaTriage/ROS-WS/ws_offboard_control/src/install/px4_ros_com/local/lib/python3.10/dist-packages/px4_ros_com
[24.006s] -- Installing: /home/aidanbagley/DarpaTriage/ROS-WS/ws_offboard_control/src/install/px4_ros_com/local/lib/python3.10/dist-packages/px4_ros_com/module_to_import.py
[24.006s] -- Installing: /home/aidanbagley/DarpaTriage/ROS-WS/ws_offboard_control/src/install/px4_ros_com/local/lib/python3.10/dist-packages/px4_ros_com/__init__.py
[24.043s] Listing '/home/aidanbagley/DarpaTriage/ROS-WS/ws_offboard_control/src/install/px4_ros_com/local/lib/python3.10/dist-packages/px4_ros_com'...
[24.044s] Compiling '/home/aidanbagley/DarpaTriage/ROS-WS/ws_offboard_control/src/install/px4_ros_com/local/lib/python3.10/dist-packages/px4_ros_com/__init__.py'...
[24.044s] Compiling '/home/aidanbagley/DarpaTriage/ROS-WS/ws_offboard_control/src/install/px4_ros_com/local/lib/python3.10/dist-packages/px4_ros_com/module_to_import.py'...
[24.049s] -- Installing: /home/aidanbagley/DarpaTriage/ROS-WS/ws_offboard_control/src/install/px4_ros_com/lib/px4_ros_com/offboard_control.py
[24.051s] -- Installing: /home/aidanbagley/DarpaTriage/ROS-WS/ws_offboard_control/src/install/px4_ros_com/share/ament_index/resource_index/package_run_dependencies/px4_ros_com
[24.051s] -- Installing: /home/aidanbagley/DarpaTriage/ROS-WS/ws_offboard_control/src/install/px4_ros_com/share/ament_index/resource_index/parent_prefix_path/px4_ros_com
[24.051s] -- Installing: /home/aidanbagley/DarpaTriage/ROS-WS/ws_offboard_control/src/install/px4_ros_com/share/px4_ros_com/environment/ament_prefix_path.sh
[24.052s] -- Installing: /home/aidanbagley/DarpaTriage/ROS-WS/ws_offboard_control/src/install/px4_ros_com/share/px4_ros_com/environment/ament_prefix_path.dsv
[24.052s] -- Installing: /home/aidanbagley/DarpaTriage/ROS-WS/ws_offboard_control/src/install/px4_ros_com/share/px4_ros_com/environment/path.sh
[24.052s] -- Installing: /home/aidanbagley/DarpaTriage/ROS-WS/ws_offboard_control/src/install/px4_ros_com/share/px4_ros_com/environment/path.dsv
[24.052s] -- Installing: /home/aidanbagley/DarpaTriage/ROS-WS/ws_offboard_control/src/install/px4_ros_com/share/px4_ros_com/local_setup.bash
[24.052s] -- Installing: /home/aidanbagley/DarpaTriage/ROS-WS/ws_offboard_control/src/install/px4_ros_com/share/px4_ros_com/local_setup.sh
[24.053s] -- Installing: /home/aidanbagley/DarpaTriage/ROS-WS/ws_offboard_control/src/install/px4_ros_com/share/px4_ros_com/local_setup.zsh
[24.053s] -- Installing: /home/aidanbagley/DarpaTriage/ROS-WS/ws_offboard_control/src/install/px4_ros_com/share/px4_ros_com/local_setup.dsv
[24.053s] -- Installing: /home/aidanbagley/DarpaTriage/ROS-WS/ws_offboard_control/src/install/px4_ros_com/share/px4_ros_com/package.dsv
[24.054s] -- Installing: /home/aidanbagley/DarpaTriage/ROS-WS/ws_offboard_control/src/install/px4_ros_com/share/ament_index/resource_index/packages/px4_ros_com
[24.054s] -- Installing: /home/aidanbagley/DarpaTriage/ROS-WS/ws_offboard_control/src/install/px4_ros_com/share/px4_ros_com/cmake/export_frame_transformsExport.cmake
[24.055s] -- Installing: /home/aidanbagley/DarpaTriage/ROS-WS/ws_offboard_control/src/install/px4_ros_com/share/px4_ros_com/cmake/export_frame_transformsExport-noconfig.cmake
[24.055s] -- Installing: /home/aidanbagley/DarpaTriage/ROS-WS/ws_offboard_control/src/install/px4_ros_com/share/px4_ros_com/cmake/ament_cmake_export_dependencies-extras.cmake
[24.055s] -- Installing: /home/aidanbagley/DarpaTriage/ROS-WS/ws_offboard_control/src/install/px4_ros_com/share/px4_ros_com/cmake/ament_cmake_export_targets-extras.cmake
[24.055s] -- Installing: /home/aidanbagley/DarpaTriage/ROS-WS/ws_offboard_control/src/install/px4_ros_com/share/px4_ros_com/cmake/ament_cmake_export_include_directories-extras.cmake
[24.055s] -- Installing: /home/aidanbagley/DarpaTriage/ROS-WS/ws_offboard_control/src/install/px4_ros_com/share/px4_ros_com/cmake/ament_cmake_export_libraries-extras.cmake
[24.056s] -- Installing: /home/aidanbagley/DarpaTriage/ROS-WS/ws_offboard_control/src/install/px4_ros_com/share/px4_ros_com/cmake/px4_ros_comConfig.cmake
[24.056s] -- Installing: /home/aidanbagley/DarpaTriage/ROS-WS/ws_offboard_control/src/install/px4_ros_com/share/px4_ros_com/cmake/px4_ros_comConfig-version.cmake
[24.056s] -- Installing: /home/aidanbagley/DarpaTriage/ROS-WS/ws_offboard_control/src/install/px4_ros_com/share/px4_ros_com/package.xml
[24.060s] Invoked command in '/home/aidanbagley/DarpaTriage/ROS-WS/ws_offboard_control/src/build/px4_ros_com' returned '0': AMENT_PREFIX_PATH=/home/aidanbagley/DarpaTriage/ROS-WS/ws_offboard_control/src/install/px4_msgs:${AMENT_PREFIX_PATH} CMAKE_PREFIX_PATH=/home/aidanbagley/DarpaTriage/ROS-WS/ws_offboard_control/src/install/px4_msgs:/home/aidanbagley/DarpaTriage/ROS-WS/ws_offboard_control/install/px4_ros_com:/home/aidanbagley/DarpaTriage/ROS-WS/ws_offboard_control/install/px4_msgs:/opt/ros/humble LD_LIBRARY_PATH=/home/aidanbagley/DarpaTriage/ROS-WS/ws_offboard_control/src/install/px4_msgs/lib:${LD_LIBRARY_PATH} PYTHONPATH=/home/aidanbagley/DarpaTriage/ROS-WS/ws_offboard_control/src/install/px4_msgs/local/lib/python3.10/dist-packages:${PYTHONPATH} /usr/bin/cmake --install /home/aidanbagley/DarpaTriage/ROS-WS/ws_offboard_control/src/build/px4_ros_com
