[0.566s] DEBUG:colcon:Command line arguments: ['/usr/bin/colcon', 'build']
[0.566s] DEBUG:colcon:Parsed command line arguments: Namespace(log_base=None, log_level=None, verb_name='build', build_base='build', install_base='install', merge_install=False, symlink_install=False, test_result_base=None, continue_on_error=False, executor='parallel', parallel_workers=16, event_handlers=None, ignore_user_meta=False, metas=['./colcon.meta'], base_paths=['.'], packages_ignore=None, packages_ignore_regex=None, paths=None, packages_up_to=None, packages_up_to_regex=None, packages_above=None, packages_above_and_dependencies=None, packages_above_depth=None, packages_select_by_dep=None, packages_skip_by_dep=None, packages_skip_up_to=None, packages_select_build_failed=False, packages_skip_build_finished=False, packages_select_test_failures=False, packages_skip_test_passed=False, packages_select=None, packages_skip=None, packages_select_regex=None, packages_skip_regex=None, packages_start=None, packages_end=None, allow_overriding=[], cmake_args=None, cmake_target=None, cmake_target_skip_unavailable=False, cmake_clean_cache=False, cmake_clean_first=False, cmake_force_configure=False, ament_cmake_args=None, catkin_cmake_args=None, catkin_skip_building_tests=False, mixin_files=None, mixin=None, verb_parser=<colcon_mixin.mixin.mixin_argument.MixinArgumentDecorator object at 0x7f747007ed10>, verb_extension=<colcon_core.verb.build.BuildVerb object at 0x7f74701f3e50>, main=<bound method BuildVerb.main of <colcon_core.verb.build.BuildVerb object at 0x7f74701f3e50>>, mixin_verb=('build',))
[0.683s] Level 1:colcon.colcon_core.package_discovery:discover_packages(colcon_meta) check parameters
[0.684s] Level 1:colcon.colcon_core.package_discovery:discover_packages(recursive) check parameters
[0.684s] Level 1:colcon.colcon_core.package_discovery:discover_packages(ignore) check parameters
[0.684s] Level 1:colcon.colcon_core.package_discovery:discover_packages(path) check parameters
[0.684s] Level 1:colcon.colcon_core.package_discovery:discover_packages(colcon_meta) discover
[0.684s] Level 1:colcon.colcon_core.package_discovery:discover_packages(recursive) discover
[0.684s] INFO:colcon.colcon_core.package_discovery:Crawling recursively for packages in '/home/aidanbagley/ws_sensor_combined'
[0.684s] Level 1:colcon.colcon_core.package_identification:_identify(.) by extensions ['ignore', 'ignore_ament_install']
[0.685s] Level 1:colcon.colcon_core.package_identification:_identify(.) by extension 'ignore'
[0.685s] Level 1:colcon.colcon_core.package_identification:_identify(.) by extension 'ignore_ament_install'
[0.685s] Level 1:colcon.colcon_core.package_identification:_identify(.) by extensions ['colcon_pkg']
[0.685s] Level 1:colcon.colcon_core.package_identification:_identify(.) by extension 'colcon_pkg'
[0.685s] Level 1:colcon.colcon_core.package_identification:_identify(.) by extensions ['colcon_meta']
[0.685s] Level 1:colcon.colcon_core.package_identification:_identify(.) by extension 'colcon_meta'
[0.685s] Level 1:colcon.colcon_core.package_identification:_identify(.) by extensions ['ros']
[0.685s] Level 1:colcon.colcon_core.package_identification:_identify(.) by extension 'ros'
[0.720s] Level 1:colcon.colcon_core.package_identification:_identify(.) by extensions ['cmake', 'python']
[0.720s] Level 1:colcon.colcon_core.package_identification:_identify(.) by extension 'cmake'
[0.720s] Level 1:colcon.colcon_core.package_identification:_identify(.) by extension 'python'
[0.720s] Level 1:colcon.colcon_core.package_identification:_identify(.) by extensions ['python_setup_py']
[0.720s] Level 1:colcon.colcon_core.package_identification:_identify(.) by extension 'python_setup_py'
[0.720s] Level 1:colcon.colcon_core.package_identification:_identify(build) by extensions ['ignore', 'ignore_ament_install']
[0.720s] Level 1:colcon.colcon_core.package_identification:_identify(build) by extension 'ignore'
[0.720s] Level 1:colcon.colcon_core.package_identification:_identify(build) ignored
[0.721s] Level 1:colcon.colcon_core.package_identification:_identify(install) by extensions ['ignore', 'ignore_ament_install']
[0.721s] Level 1:colcon.colcon_core.package_identification:_identify(install) by extension 'ignore'
[0.721s] Level 1:colcon.colcon_core.package_identification:_identify(install) ignored
[0.721s] Level 1:colcon.colcon_core.package_identification:_identify(log) by extensions ['ignore', 'ignore_ament_install']
[0.721s] Level 1:colcon.colcon_core.package_identification:_identify(log) by extension 'ignore'
[0.721s] Level 1:colcon.colcon_core.package_identification:_identify(log) ignored
[0.722s] Level 1:colcon.colcon_core.package_identification:_identify(src) by extensions ['ignore', 'ignore_ament_install']
[0.722s] Level 1:colcon.colcon_core.package_identification:_identify(src) by extension 'ignore'
[0.722s] Level 1:colcon.colcon_core.package_identification:_identify(src) by extension 'ignore_ament_install'
[0.722s] Level 1:colcon.colcon_core.package_identification:_identify(src) by extensions ['colcon_pkg']
[0.722s] Level 1:colcon.colcon_core.package_identification:_identify(src) by extension 'colcon_pkg'
[0.722s] Level 1:colcon.colcon_core.package_identification:_identify(src) by extensions ['colcon_meta']
[0.722s] Level 1:colcon.colcon_core.package_identification:_identify(src) by extension 'colcon_meta'
[0.722s] Level 1:colcon.colcon_core.package_identification:_identify(src) by extensions ['ros']
[0.722s] Level 1:colcon.colcon_core.package_identification:_identify(src) by extension 'ros'
[0.722s] Level 1:colcon.colcon_core.package_identification:_identify(src) by extensions ['cmake', 'python']
[0.722s] Level 1:colcon.colcon_core.package_identification:_identify(src) by extension 'cmake'
[0.722s] Level 1:colcon.colcon_core.package_identification:_identify(src) by extension 'python'
[0.722s] Level 1:colcon.colcon_core.package_identification:_identify(src) by extensions ['python_setup_py']
[0.723s] Level 1:colcon.colcon_core.package_identification:_identify(src) by extension 'python_setup_py'
[0.723s] Level 1:colcon.colcon_core.package_identification:_identify(src/px4_msgs) by extensions ['ignore', 'ignore_ament_install']
[0.723s] Level 1:colcon.colcon_core.package_identification:_identify(src/px4_msgs) by extension 'ignore'
[0.723s] Level 1:colcon.colcon_core.package_identification:_identify(src/px4_msgs) by extension 'ignore_ament_install'
[0.723s] Level 1:colcon.colcon_core.package_identification:_identify(src/px4_msgs) by extensions ['colcon_pkg']
[0.723s] Level 1:colcon.colcon_core.package_identification:_identify(src/px4_msgs) by extension 'colcon_pkg'
[0.723s] Level 1:colcon.colcon_core.package_identification:_identify(src/px4_msgs) by extensions ['colcon_meta']
[0.723s] Level 1:colcon.colcon_core.package_identification:_identify(src/px4_msgs) by extension 'colcon_meta'
[0.723s] Level 1:colcon.colcon_core.package_identification:_identify(src/px4_msgs) by extensions ['ros']
[0.723s] Level 1:colcon.colcon_core.package_identification:_identify(src/px4_msgs) by extension 'ros'
[0.730s] DEBUG:colcon.colcon_core.package_identification:Package 'src/px4_msgs' with type 'ros.ament_cmake' and name 'px4_msgs'
[0.730s] Level 1:colcon.colcon_core.package_identification:_identify(src/px4_ros_com) by extensions ['ignore', 'ignore_ament_install']
[0.730s] Level 1:colcon.colcon_core.package_identification:_identify(src/px4_ros_com) by extension 'ignore'
[0.730s] Level 1:colcon.colcon_core.package_identification:_identify(src/px4_ros_com) by extension 'ignore_ament_install'
[0.730s] Level 1:colcon.colcon_core.package_identification:_identify(src/px4_ros_com) by extensions ['colcon_pkg']
[0.730s] Level 1:colcon.colcon_core.package_identification:_identify(src/px4_ros_com) by extension 'colcon_pkg'
[0.730s] Level 1:colcon.colcon_core.package_identification:_identify(src/px4_ros_com) by extensions ['colcon_meta']
[0.731s] Level 1:colcon.colcon_core.package_identification:_identify(src/px4_ros_com) by extension 'colcon_meta'
[0.731s] Level 1:colcon.colcon_core.package_identification:_identify(src/px4_ros_com) by extensions ['ros']
[0.731s] Level 1:colcon.colcon_core.package_identification:_identify(src/px4_ros_com) by extension 'ros'
[0.732s] DEBUG:colcon.colcon_core.package_identification:Package 'src/px4_ros_com' with type 'ros.ament_cmake' and name 'px4_ros_com'
[0.732s] Level 1:colcon.colcon_core.package_discovery:discover_packages(recursive) using defaults
[0.732s] Level 1:colcon.colcon_core.package_discovery:discover_packages(ignore) discover
[0.732s] Level 1:colcon.colcon_core.package_discovery:discover_packages(ignore) using defaults
[0.732s] Level 1:colcon.colcon_core.package_discovery:discover_packages(path) discover
[0.732s] Level 1:colcon.colcon_core.package_discovery:discover_packages(path) using defaults
[0.787s] Level 1:colcon.colcon_core.package_discovery:discover_packages(prefix_path) check parameters
[0.788s] Level 1:colcon.colcon_core.package_discovery:discover_packages(prefix_path) discover
[0.794s] DEBUG:colcon.colcon_installed_package_information.package_discovery:Found 270 installed packages in /opt/ros/humble
[0.796s] Level 1:colcon.colcon_core.package_discovery:discover_packages(prefix_path) using defaults
[0.847s] Level 5:colcon.colcon_core.verb:set package 'px4_msgs' build argument 'cmake_args' from command line to 'None'
[0.847s] Level 5:colcon.colcon_core.verb:set package 'px4_msgs' build argument 'cmake_target' from command line to 'None'
[0.847s] Level 5:colcon.colcon_core.verb:set package 'px4_msgs' build argument 'cmake_target_skip_unavailable' from command line to 'False'
[0.847s] Level 5:colcon.colcon_core.verb:set package 'px4_msgs' build argument 'cmake_clean_cache' from command line to 'False'
[0.847s] Level 5:colcon.colcon_core.verb:set package 'px4_msgs' build argument 'cmake_clean_first' from command line to 'False'
[0.847s] Level 5:colcon.colcon_core.verb:set package 'px4_msgs' build argument 'cmake_force_configure' from command line to 'False'
[0.848s] Level 5:colcon.colcon_core.verb:set package 'px4_msgs' build argument 'ament_cmake_args' from command line to 'None'
[0.848s] Level 5:colcon.colcon_core.verb:set package 'px4_msgs' build argument 'catkin_cmake_args' from command line to 'None'
[0.848s] Level 5:colcon.colcon_core.verb:set package 'px4_msgs' build argument 'catkin_skip_building_tests' from command line to 'False'
[0.848s] DEBUG:colcon.colcon_core.verb:Building package 'px4_msgs' with the following arguments: {'ament_cmake_args': None, 'build_base': '/home/aidanbagley/ws_sensor_combined/build/px4_msgs', 'catkin_cmake_args': None, 'catkin_skip_building_tests': False, 'cmake_args': None, 'cmake_clean_cache': False, 'cmake_clean_first': False, 'cmake_force_configure': False, 'cmake_target': None, 'cmake_target_skip_unavailable': False, 'install_base': '/home/aidanbagley/ws_sensor_combined/install/px4_msgs', 'merge_install': False, 'path': '/home/aidanbagley/ws_sensor_combined/src/px4_msgs', 'symlink_install': False, 'test_result_base': None}
[0.848s] Level 5:colcon.colcon_core.verb:set package 'px4_ros_com' build argument 'cmake_args' from command line to 'None'
[0.848s] Level 5:colcon.colcon_core.verb:set package 'px4_ros_com' build argument 'cmake_target' from command line to 'None'
[0.848s] Level 5:colcon.colcon_core.verb:set package 'px4_ros_com' build argument 'cmake_target_skip_unavailable' from command line to 'False'
[0.848s] Level 5:colcon.colcon_core.verb:set package 'px4_ros_com' build argument 'cmake_clean_cache' from command line to 'False'
[0.848s] Level 5:colcon.colcon_core.verb:set package 'px4_ros_com' build argument 'cmake_clean_first' from command line to 'False'
[0.848s] Level 5:colcon.colcon_core.verb:set package 'px4_ros_com' build argument 'cmake_force_configure' from command line to 'False'
[0.848s] Level 5:colcon.colcon_core.verb:set package 'px4_ros_com' build argument 'ament_cmake_args' from command line to 'None'
[0.848s] Level 5:colcon.colcon_core.verb:set package 'px4_ros_com' build argument 'catkin_cmake_args' from command line to 'None'
[0.848s] Level 5:colcon.colcon_core.verb:set package 'px4_ros_com' build argument 'catkin_skip_building_tests' from command line to 'False'
[0.849s] DEBUG:colcon.colcon_core.verb:Building package 'px4_ros_com' with the following arguments: {'ament_cmake_args': None, 'build_base': '/home/aidanbagley/ws_sensor_combined/build/px4_ros_com', 'catkin_cmake_args': None, 'catkin_skip_building_tests': False, 'cmake_args': None, 'cmake_clean_cache': False, 'cmake_clean_first': False, 'cmake_force_configure': False, 'cmake_target': None, 'cmake_target_skip_unavailable': False, 'install_base': '/home/aidanbagley/ws_sensor_combined/install/px4_ros_com', 'merge_install': False, 'path': '/home/aidanbagley/ws_sensor_combined/src/px4_ros_com', 'symlink_install': False, 'test_result_base': None}
[0.849s] INFO:colcon.colcon_core.executor:Executing jobs using 'parallel' executor
[0.851s] DEBUG:colcon.colcon_parallel_executor.executor.parallel:run_until_complete
[0.852s] INFO:colcon.colcon_ros.task.ament_cmake.build:Building ROS package in '/home/aidanbagley/ws_sensor_combined/src/px4_msgs' with build type 'ament_cmake'
[0.852s] INFO:colcon.colcon_cmake.task.cmake.build:Building CMake package in '/home/aidanbagley/ws_sensor_combined/src/px4_msgs'
[0.862s] INFO:colcon.colcon_core.plugin_system:Skipping extension 'colcon_core.shell.bat': Not used on non-Windows systems
[0.862s] INFO:colcon.colcon_core.shell:Skip shell extension 'powershell' for command environment: Not usable outside of PowerShell
[0.862s] DEBUG:colcon.colcon_core.shell:Skip shell extension 'dsv' for command environment
[0.877s] DEBUG:colcon.colcon_core.event_handler.log_command:Invoking command in '/home/aidanbagley/ws_sensor_combined/build/px4_msgs': CMAKE_PREFIX_PATH=/opt/ros/humble /usr/bin/cmake /home/aidanbagley/ws_sensor_combined/src/px4_msgs -DCMAKE_INSTALL_PREFIX=/home/aidanbagley/ws_sensor_combined/install/px4_msgs
[10.821s] DEBUG:colcon.colcon_core.event_handler.log_command:Invoked command in '/home/aidanbagley/ws_sensor_combined/build/px4_msgs' returned '0': CMAKE_PREFIX_PATH=/opt/ros/humble /usr/bin/cmake /home/aidanbagley/ws_sensor_combined/src/px4_msgs -DCMAKE_INSTALL_PREFIX=/home/aidanbagley/ws_sensor_combined/install/px4_msgs
[10.826s] DEBUG:colcon.colcon_core.event_handler.log_command:Invoking command in '/home/aidanbagley/ws_sensor_combined/build/px4_msgs': CMAKE_PREFIX_PATH=/opt/ros/humble /usr/bin/cmake --build /home/aidanbagley/ws_sensor_combined/build/px4_msgs -- -j16 -l16
[300.424s] DEBUG:colcon.colcon_core.event_handler.log_command:Invoked command in '/home/aidanbagley/ws_sensor_combined/build/px4_msgs' returned '0': CMAKE_PREFIX_PATH=/opt/ros/humble /usr/bin/cmake --build /home/aidanbagley/ws_sensor_combined/build/px4_msgs -- -j16 -l16
[300.444s] DEBUG:colcon.colcon_core.event_handler.log_command:Invoking command in '/home/aidanbagley/ws_sensor_combined/build/px4_msgs': CMAKE_PREFIX_PATH=/opt/ros/humble /usr/bin/cmake --install /home/aidanbagley/ws_sensor_combined/build/px4_msgs
[302.858s] Level 1:colcon.colcon_core.environment:create_environment_scripts_only(px4_msgs)
[302.860s] DEBUG:colcon.colcon_core.event_handler.log_command:Invoked command in '/home/aidanbagley/ws_sensor_combined/build/px4_msgs' returned '0': CMAKE_PREFIX_PATH=/opt/ros/humble /usr/bin/cmake --install /home/aidanbagley/ws_sensor_combined/build/px4_msgs
[302.870s] Level 1:colcon.colcon_core.environment:checking '/home/aidanbagley/ws_sensor_combined/install/px4_msgs' for CMake module files
[302.871s] Level 1:colcon.colcon_core.environment:checking '/home/aidanbagley/ws_sensor_combined/install/px4_msgs' for CMake config files
[302.877s] Level 1:colcon.colcon_core.shell:create_environment_hook('px4_msgs', 'cmake_prefix_path')
[302.878s] INFO:colcon.colcon_core.shell:Creating environment hook '/home/aidanbagley/ws_sensor_combined/install/px4_msgs/share/px4_msgs/hook/cmake_prefix_path.ps1'
[302.881s] INFO:colcon.colcon_core.shell:Creating environment descriptor '/home/aidanbagley/ws_sensor_combined/install/px4_msgs/share/px4_msgs/hook/cmake_prefix_path.dsv'
[302.883s] INFO:colcon.colcon_core.shell:Creating environment hook '/home/aidanbagley/ws_sensor_combined/install/px4_msgs/share/px4_msgs/hook/cmake_prefix_path.sh'
[302.885s] Level 1:colcon.colcon_core.environment:checking '/home/aidanbagley/ws_sensor_combined/install/px4_msgs/lib'
[302.886s] Level 1:colcon.colcon_core.shell:create_environment_hook('px4_msgs', 'ld_library_path_lib')
[302.886s] INFO:colcon.colcon_core.shell:Creating environment hook '/home/aidanbagley/ws_sensor_combined/install/px4_msgs/share/px4_msgs/hook/ld_library_path_lib.ps1'
[302.887s] INFO:colcon.colcon_core.shell:Creating environment descriptor '/home/aidanbagley/ws_sensor_combined/install/px4_msgs/share/px4_msgs/hook/ld_library_path_lib.dsv'
[302.887s] INFO:colcon.colcon_core.shell:Creating environment hook '/home/aidanbagley/ws_sensor_combined/install/px4_msgs/share/px4_msgs/hook/ld_library_path_lib.sh'
[302.888s] Level 1:colcon.colcon_core.environment:checking '/home/aidanbagley/ws_sensor_combined/install/px4_msgs/bin'
[302.888s] Level 1:colcon.colcon_core.environment:checking '/home/aidanbagley/ws_sensor_combined/install/px4_msgs/lib/pkgconfig/px4_msgs.pc'
[302.888s] Level 1:colcon.colcon_core.environment:checking '/home/aidanbagley/ws_sensor_combined/install/px4_msgs/lib/python3.10/site-packages'
[302.888s] Level 1:colcon.colcon_core.environment:checking '/home/aidanbagley/ws_sensor_combined/install/px4_msgs/bin'
[302.889s] INFO:colcon.colcon_core.shell:Creating package script '/home/aidanbagley/ws_sensor_combined/install/px4_msgs/share/px4_msgs/package.ps1'
[302.890s] INFO:colcon.colcon_core.shell:Creating package descriptor '/home/aidanbagley/ws_sensor_combined/install/px4_msgs/share/px4_msgs/package.dsv'
[302.891s] INFO:colcon.colcon_core.shell:Creating package script '/home/aidanbagley/ws_sensor_combined/install/px4_msgs/share/px4_msgs/package.sh'
[302.893s] INFO:colcon.colcon_core.shell:Creating package script '/home/aidanbagley/ws_sensor_combined/install/px4_msgs/share/px4_msgs/package.bash'
[302.894s] INFO:colcon.colcon_core.shell:Creating package script '/home/aidanbagley/ws_sensor_combined/install/px4_msgs/share/px4_msgs/package.zsh'
[302.895s] Level 1:colcon.colcon_core.environment:create_file_with_runtime_dependencies(/home/aidanbagley/ws_sensor_combined/install/px4_msgs/share/colcon-core/packages/px4_msgs)
[302.897s] Level 1:colcon.colcon_core.environment:create_environment_scripts_only(px4_msgs)
[302.898s] Level 1:colcon.colcon_core.environment:checking '/home/aidanbagley/ws_sensor_combined/install/px4_msgs' for CMake module files
[302.898s] Level 1:colcon.colcon_core.environment:checking '/home/aidanbagley/ws_sensor_combined/install/px4_msgs' for CMake config files
[302.906s] Level 1:colcon.colcon_core.shell:create_environment_hook('px4_msgs', 'cmake_prefix_path')
[302.907s] INFO:colcon.colcon_core.shell:Creating environment hook '/home/aidanbagley/ws_sensor_combined/install/px4_msgs/share/px4_msgs/hook/cmake_prefix_path.ps1'
[302.908s] INFO:colcon.colcon_core.shell:Creating environment descriptor '/home/aidanbagley/ws_sensor_combined/install/px4_msgs/share/px4_msgs/hook/cmake_prefix_path.dsv'
[302.909s] INFO:colcon.colcon_core.shell:Creating environment hook '/home/aidanbagley/ws_sensor_combined/install/px4_msgs/share/px4_msgs/hook/cmake_prefix_path.sh'
[302.909s] Level 1:colcon.colcon_core.environment:checking '/home/aidanbagley/ws_sensor_combined/install/px4_msgs/lib'
[302.909s] Level 1:colcon.colcon_core.shell:create_environment_hook('px4_msgs', 'ld_library_path_lib')
[302.910s] INFO:colcon.colcon_core.shell:Creating environment hook '/home/aidanbagley/ws_sensor_combined/install/px4_msgs/share/px4_msgs/hook/ld_library_path_lib.ps1'
[302.910s] INFO:colcon.colcon_core.shell:Creating environment descriptor '/home/aidanbagley/ws_sensor_combined/install/px4_msgs/share/px4_msgs/hook/ld_library_path_lib.dsv'
[302.911s] INFO:colcon.colcon_core.shell:Creating environment hook '/home/aidanbagley/ws_sensor_combined/install/px4_msgs/share/px4_msgs/hook/ld_library_path_lib.sh'
[302.912s] Level 1:colcon.colcon_core.environment:checking '/home/aidanbagley/ws_sensor_combined/install/px4_msgs/bin'
[302.912s] Level 1:colcon.colcon_core.environment:checking '/home/aidanbagley/ws_sensor_combined/install/px4_msgs/lib/pkgconfig/px4_msgs.pc'
[302.912s] Level 1:colcon.colcon_core.environment:checking '/home/aidanbagley/ws_sensor_combined/install/px4_msgs/lib/python3.10/site-packages'
[302.913s] Level 1:colcon.colcon_core.environment:checking '/home/aidanbagley/ws_sensor_combined/install/px4_msgs/bin'
[302.913s] INFO:colcon.colcon_core.shell:Creating package script '/home/aidanbagley/ws_sensor_combined/install/px4_msgs/share/px4_msgs/package.ps1'
[302.914s] INFO:colcon.colcon_core.shell:Creating package descriptor '/home/aidanbagley/ws_sensor_combined/install/px4_msgs/share/px4_msgs/package.dsv'
[302.915s] INFO:colcon.colcon_core.shell:Creating package script '/home/aidanbagley/ws_sensor_combined/install/px4_msgs/share/px4_msgs/package.sh'
[302.915s] INFO:colcon.colcon_core.shell:Creating package script '/home/aidanbagley/ws_sensor_combined/install/px4_msgs/share/px4_msgs/package.bash'
[302.916s] INFO:colcon.colcon_core.shell:Creating package script '/home/aidanbagley/ws_sensor_combined/install/px4_msgs/share/px4_msgs/package.zsh'
[302.916s] Level 1:colcon.colcon_core.environment:create_file_with_runtime_dependencies(/home/aidanbagley/ws_sensor_combined/install/px4_msgs/share/colcon-core/packages/px4_msgs)
[302.917s] INFO:colcon.colcon_ros.task.ament_cmake.build:Building ROS package in '/home/aidanbagley/ws_sensor_combined/src/px4_ros_com' with build type 'ament_cmake'
[302.917s] INFO:colcon.colcon_cmake.task.cmake.build:Building CMake package in '/home/aidanbagley/ws_sensor_combined/src/px4_ros_com'
[302.918s] INFO:colcon.colcon_core.shell:Skip shell extension 'powershell' for command environment: Not usable outside of PowerShell
[302.918s] DEBUG:colcon.colcon_core.shell:Skip shell extension 'dsv' for command environment
[303.104s] DEBUG:colcon.colcon_core.event_handler.log_command:Invoking command in '/home/aidanbagley/ws_sensor_combined/build/px4_ros_com': AMENT_PREFIX_PATH=/home/aidanbagley/ws_sensor_combined/install/px4_msgs:${AMENT_PREFIX_PATH} CMAKE_PREFIX_PATH=/home/aidanbagley/ws_sensor_combined/install/px4_msgs:/opt/ros/humble LD_LIBRARY_PATH=/home/aidanbagley/ws_sensor_combined/install/px4_msgs/lib:${LD_LIBRARY_PATH} PYTHONPATH=/home/aidanbagley/ws_sensor_combined/install/px4_msgs/local/lib/python3.10/dist-packages:${PYTHONPATH} /usr/bin/cmake /home/aidanbagley/ws_sensor_combined/src/px4_ros_com -DCMAKE_INSTALL_PREFIX=/home/aidanbagley/ws_sensor_combined/install/px4_ros_com
[315.444s] DEBUG:colcon.colcon_core.event_handler.log_command:Invoked command in '/home/aidanbagley/ws_sensor_combined/build/px4_ros_com' returned '0': AMENT_PREFIX_PATH=/home/aidanbagley/ws_sensor_combined/install/px4_msgs:${AMENT_PREFIX_PATH} CMAKE_PREFIX_PATH=/home/aidanbagley/ws_sensor_combined/install/px4_msgs:/opt/ros/humble LD_LIBRARY_PATH=/home/aidanbagley/ws_sensor_combined/install/px4_msgs/lib:${LD_LIBRARY_PATH} PYTHONPATH=/home/aidanbagley/ws_sensor_combined/install/px4_msgs/local/lib/python3.10/dist-packages:${PYTHONPATH} /usr/bin/cmake /home/aidanbagley/ws_sensor_combined/src/px4_ros_com -DCMAKE_INSTALL_PREFIX=/home/aidanbagley/ws_sensor_combined/install/px4_ros_com
[315.447s] DEBUG:colcon.colcon_core.event_handler.log_command:Invoking command in '/home/aidanbagley/ws_sensor_combined/build/px4_ros_com': AMENT_PREFIX_PATH=/home/aidanbagley/ws_sensor_combined/install/px4_msgs:${AMENT_PREFIX_PATH} CMAKE_PREFIX_PATH=/home/aidanbagley/ws_sensor_combined/install/px4_msgs:/opt/ros/humble LD_LIBRARY_PATH=/home/aidanbagley/ws_sensor_combined/install/px4_msgs/lib:${LD_LIBRARY_PATH} PYTHONPATH=/home/aidanbagley/ws_sensor_combined/install/px4_msgs/local/lib/python3.10/dist-packages:${PYTHONPATH} /usr/bin/cmake --build /home/aidanbagley/ws_sensor_combined/build/px4_ros_com -- -j16 -l16
[334.567s] DEBUG:colcon.colcon_core.event_handler.log_command:Invoked command in '/home/aidanbagley/ws_sensor_combined/build/px4_ros_com' returned '0': AMENT_PREFIX_PATH=/home/aidanbagley/ws_sensor_combined/install/px4_msgs:${AMENT_PREFIX_PATH} CMAKE_PREFIX_PATH=/home/aidanbagley/ws_sensor_combined/install/px4_msgs:/opt/ros/humble LD_LIBRARY_PATH=/home/aidanbagley/ws_sensor_combined/install/px4_msgs/lib:${LD_LIBRARY_PATH} PYTHONPATH=/home/aidanbagley/ws_sensor_combined/install/px4_msgs/local/lib/python3.10/dist-packages:${PYTHONPATH} /usr/bin/cmake --build /home/aidanbagley/ws_sensor_combined/build/px4_ros_com -- -j16 -l16
[334.571s] DEBUG:colcon.colcon_core.event_handler.log_command:Invoking command in '/home/aidanbagley/ws_sensor_combined/build/px4_ros_com': AMENT_PREFIX_PATH=/home/aidanbagley/ws_sensor_combined/install/px4_msgs:${AMENT_PREFIX_PATH} CMAKE_PREFIX_PATH=/home/aidanbagley/ws_sensor_combined/install/px4_msgs:/opt/ros/humble LD_LIBRARY_PATH=/home/aidanbagley/ws_sensor_combined/install/px4_msgs/lib:${LD_LIBRARY_PATH} PYTHONPATH=/home/aidanbagley/ws_sensor_combined/install/px4_msgs/local/lib/python3.10/dist-packages:${PYTHONPATH} /usr/bin/cmake --install /home/aidanbagley/ws_sensor_combined/build/px4_ros_com
[334.697s] Level 1:colcon.colcon_core.environment:create_environment_scripts_only(px4_ros_com)
[334.697s] Level 1:colcon.colcon_core.environment:checking '/home/aidanbagley/ws_sensor_combined/install/px4_ros_com' for CMake module files
[334.698s] DEBUG:colcon.colcon_core.event_handler.log_command:Invoked command in '/home/aidanbagley/ws_sensor_combined/build/px4_ros_com' returned '0': AMENT_PREFIX_PATH=/home/aidanbagley/ws_sensor_combined/install/px4_msgs:${AMENT_PREFIX_PATH} CMAKE_PREFIX_PATH=/home/aidanbagley/ws_sensor_combined/install/px4_msgs:/opt/ros/humble LD_LIBRARY_PATH=/home/aidanbagley/ws_sensor_combined/install/px4_msgs/lib:${LD_LIBRARY_PATH} PYTHONPATH=/home/aidanbagley/ws_sensor_combined/install/px4_msgs/local/lib/python3.10/dist-packages:${PYTHONPATH} /usr/bin/cmake --install /home/aidanbagley/ws_sensor_combined/build/px4_ros_com
[334.700s] Level 1:colcon.colcon_core.environment:checking '/home/aidanbagley/ws_sensor_combined/install/px4_ros_com' for CMake config files
[334.700s] Level 1:colcon.colcon_core.shell:create_environment_hook('px4_ros_com', 'cmake_prefix_path')
[334.701s] INFO:colcon.colcon_core.shell:Creating environment hook '/home/aidanbagley/ws_sensor_combined/install/px4_ros_com/share/px4_ros_com/hook/cmake_prefix_path.ps1'
[334.702s] INFO:colcon.colcon_core.shell:Creating environment descriptor '/home/aidanbagley/ws_sensor_combined/install/px4_ros_com/share/px4_ros_com/hook/cmake_prefix_path.dsv'
[334.702s] INFO:colcon.colcon_core.shell:Creating environment hook '/home/aidanbagley/ws_sensor_combined/install/px4_ros_com/share/px4_ros_com/hook/cmake_prefix_path.sh'
[334.703s] Level 1:colcon.colcon_core.environment:checking '/home/aidanbagley/ws_sensor_combined/install/px4_ros_com/lib'
[334.703s] Level 1:colcon.colcon_core.shell:create_environment_hook('px4_ros_com', 'ld_library_path_lib')
[334.704s] INFO:colcon.colcon_core.shell:Creating environment hook '/home/aidanbagley/ws_sensor_combined/install/px4_ros_com/share/px4_ros_com/hook/ld_library_path_lib.ps1'
[334.704s] INFO:colcon.colcon_core.shell:Creating environment descriptor '/home/aidanbagley/ws_sensor_combined/install/px4_ros_com/share/px4_ros_com/hook/ld_library_path_lib.dsv'
[334.704s] INFO:colcon.colcon_core.shell:Creating environment hook '/home/aidanbagley/ws_sensor_combined/install/px4_ros_com/share/px4_ros_com/hook/ld_library_path_lib.sh'
[334.705s] Level 1:colcon.colcon_core.environment:checking '/home/aidanbagley/ws_sensor_combined/install/px4_ros_com/bin'
[334.705s] Level 1:colcon.colcon_core.environment:checking '/home/aidanbagley/ws_sensor_combined/install/px4_ros_com/lib/pkgconfig/px4_ros_com.pc'
[334.705s] Level 1:colcon.colcon_core.environment:checking '/home/aidanbagley/ws_sensor_combined/install/px4_ros_com/lib/python3.10/site-packages'
[334.705s] Level 1:colcon.colcon_core.environment:checking '/home/aidanbagley/ws_sensor_combined/install/px4_ros_com/bin'
[334.706s] INFO:colcon.colcon_core.shell:Creating package script '/home/aidanbagley/ws_sensor_combined/install/px4_ros_com/share/px4_ros_com/package.ps1'
[334.707s] INFO:colcon.colcon_core.shell:Creating package descriptor '/home/aidanbagley/ws_sensor_combined/install/px4_ros_com/share/px4_ros_com/package.dsv'
[334.707s] INFO:colcon.colcon_core.shell:Creating package script '/home/aidanbagley/ws_sensor_combined/install/px4_ros_com/share/px4_ros_com/package.sh'
[334.708s] INFO:colcon.colcon_core.shell:Creating package script '/home/aidanbagley/ws_sensor_combined/install/px4_ros_com/share/px4_ros_com/package.bash'
[334.708s] INFO:colcon.colcon_core.shell:Creating package script '/home/aidanbagley/ws_sensor_combined/install/px4_ros_com/share/px4_ros_com/package.zsh'
[334.709s] Level 1:colcon.colcon_core.environment:create_file_with_runtime_dependencies(/home/aidanbagley/ws_sensor_combined/install/px4_ros_com/share/colcon-core/packages/px4_ros_com)
[334.711s] Level 1:colcon.colcon_core.environment:create_environment_scripts_only(px4_ros_com)
[334.712s] Level 1:colcon.colcon_core.environment:checking '/home/aidanbagley/ws_sensor_combined/install/px4_ros_com' for CMake module files
[334.713s] Level 1:colcon.colcon_core.environment:checking '/home/aidanbagley/ws_sensor_combined/install/px4_ros_com' for CMake config files
[334.713s] Level 1:colcon.colcon_core.shell:create_environment_hook('px4_ros_com', 'cmake_prefix_path')
[334.714s] INFO:colcon.colcon_core.shell:Creating environment hook '/home/aidanbagley/ws_sensor_combined/install/px4_ros_com/share/px4_ros_com/hook/cmake_prefix_path.ps1'
[334.714s] INFO:colcon.colcon_core.shell:Creating environment descriptor '/home/aidanbagley/ws_sensor_combined/install/px4_ros_com/share/px4_ros_com/hook/cmake_prefix_path.dsv'
[334.715s] INFO:colcon.colcon_core.shell:Creating environment hook '/home/aidanbagley/ws_sensor_combined/install/px4_ros_com/share/px4_ros_com/hook/cmake_prefix_path.sh'
[334.715s] Level 1:colcon.colcon_core.environment:checking '/home/aidanbagley/ws_sensor_combined/install/px4_ros_com/lib'
[334.715s] Level 1:colcon.colcon_core.shell:create_environment_hook('px4_ros_com', 'ld_library_path_lib')
[334.716s] INFO:colcon.colcon_core.shell:Creating environment hook '/home/aidanbagley/ws_sensor_combined/install/px4_ros_com/share/px4_ros_com/hook/ld_library_path_lib.ps1'
[334.716s] INFO:colcon.colcon_core.shell:Creating environment descriptor '/home/aidanbagley/ws_sensor_combined/install/px4_ros_com/share/px4_ros_com/hook/ld_library_path_lib.dsv'
[334.717s] INFO:colcon.colcon_core.shell:Creating environment hook '/home/aidanbagley/ws_sensor_combined/install/px4_ros_com/share/px4_ros_com/hook/ld_library_path_lib.sh'
[334.717s] Level 1:colcon.colcon_core.environment:checking '/home/aidanbagley/ws_sensor_combined/install/px4_ros_com/bin'
[334.717s] Level 1:colcon.colcon_core.environment:checking '/home/aidanbagley/ws_sensor_combined/install/px4_ros_com/lib/pkgconfig/px4_ros_com.pc'
[334.718s] Level 1:colcon.colcon_core.environment:checking '/home/aidanbagley/ws_sensor_combined/install/px4_ros_com/lib/python3.10/site-packages'
[334.718s] Level 1:colcon.colcon_core.environment:checking '/home/aidanbagley/ws_sensor_combined/install/px4_ros_com/bin'
[334.718s] INFO:colcon.colcon_core.shell:Creating package script '/home/aidanbagley/ws_sensor_combined/install/px4_ros_com/share/px4_ros_com/package.ps1'
[334.719s] INFO:colcon.colcon_core.shell:Creating package descriptor '/home/aidanbagley/ws_sensor_combined/install/px4_ros_com/share/px4_ros_com/package.dsv'
[334.720s] INFO:colcon.colcon_core.shell:Creating package script '/home/aidanbagley/ws_sensor_combined/install/px4_ros_com/share/px4_ros_com/package.sh'
[334.721s] INFO:colcon.colcon_core.shell:Creating package script '/home/aidanbagley/ws_sensor_combined/install/px4_ros_com/share/px4_ros_com/package.bash'
[334.721s] INFO:colcon.colcon_core.shell:Creating package script '/home/aidanbagley/ws_sensor_combined/install/px4_ros_com/share/px4_ros_com/package.zsh'
[334.722s] Level 1:colcon.colcon_core.environment:create_file_with_runtime_dependencies(/home/aidanbagley/ws_sensor_combined/install/px4_ros_com/share/colcon-core/packages/px4_ros_com)
[334.722s] DEBUG:colcon.colcon_parallel_executor.executor.parallel:closing loop
[334.723s] DEBUG:colcon.colcon_parallel_executor.executor.parallel:loop closed
[334.723s] DEBUG:colcon.colcon_parallel_executor.executor.parallel:run_until_complete finished with '0'
[334.724s] DEBUG:colcon.colcon_core.event_reactor:joining thread
[334.840s] INFO:colcon.colcon_core.plugin_system:Skipping extension 'colcon_notification.desktop_notification.notify_send': Could not find 'notify-send'
[334.841s] INFO:colcon.colcon_core.plugin_system:Skipping extension 'colcon_notification.desktop_notification.terminal_notifier': Not used on non-Darwin systems
[334.841s] INFO:colcon.colcon_core.plugin_system:Skipping extension 'colcon_notification.desktop_notification.win32': Not used on non-Windows systems
[334.842s] INFO:colcon.colcon_notification.desktop_notification:Sending desktop notification using 'notify2'
[334.842s] DEBUG:colcon.colcon_notification.desktop_notification.notify2:Failed to initialize notify2: org.freedesktop.DBus.Error.FileNotFound: Failed to connect to socket /run/user/1000/bus: No such file or directory
[334.842s] DEBUG:colcon.colcon_core.event_reactor:joined thread
[334.843s] INFO:colcon.colcon_core.shell:Creating prefix script '/home/aidanbagley/ws_sensor_combined/install/local_setup.ps1'
[334.847s] INFO:colcon.colcon_core.shell:Creating prefix util module '/home/aidanbagley/ws_sensor_combined/install/_local_setup_util_ps1.py'
[334.850s] INFO:colcon.colcon_core.shell:Creating prefix chain script '/home/aidanbagley/ws_sensor_combined/install/setup.ps1'
[334.852s] INFO:colcon.colcon_core.shell:Creating prefix script '/home/aidanbagley/ws_sensor_combined/install/local_setup.sh'
[334.854s] INFO:colcon.colcon_core.shell:Creating prefix util module '/home/aidanbagley/ws_sensor_combined/install/_local_setup_util_sh.py'
[334.855s] INFO:colcon.colcon_core.shell:Creating prefix chain script '/home/aidanbagley/ws_sensor_combined/install/setup.sh'
[334.858s] INFO:colcon.colcon_core.shell:Creating prefix script '/home/aidanbagley/ws_sensor_combined/install/local_setup.bash'
[334.859s] INFO:colcon.colcon_core.shell:Creating prefix chain script '/home/aidanbagley/ws_sensor_combined/install/setup.bash'
[334.861s] INFO:colcon.colcon_core.shell:Creating prefix script '/home/aidanbagley/ws_sensor_combined/install/local_setup.zsh'
[334.863s] INFO:colcon.colcon_core.shell:Creating prefix chain script '/home/aidanbagley/ws_sensor_combined/install/setup.zsh'
