[0.349s] DEBUG:colcon:Command line arguments: ['/usr/bin/colcon', 'build']
[0.349s] DEBUG:colcon:Parsed command line arguments: Namespace(log_base=None, log_level=None, verb_name='build', build_base='build', install_base='install', merge_install=False, symlink_install=False, test_result_base=None, continue_on_error=False, executor='parallel', parallel_workers=16, event_handlers=None, ignore_user_meta=False, metas=['./colcon.meta'], base_paths=['.'], packages_ignore=None, packages_ignore_regex=None, paths=None, packages_up_to=None, packages_up_to_regex=None, packages_above=None, packages_above_and_dependencies=None, packages_above_depth=None, packages_select_by_dep=None, packages_skip_by_dep=None, packages_skip_up_to=None, packages_select_build_failed=False, packages_skip_build_finished=False, packages_select_test_failures=False, packages_skip_test_passed=False, packages_select=None, packages_skip=None, packages_select_regex=None, packages_skip_regex=None, packages_start=None, packages_end=None, allow_overriding=[], cmake_args=None, cmake_target=None, cmake_target_skip_unavailable=False, cmake_clean_cache=False, cmake_clean_first=False, cmake_force_configure=False, ament_cmake_args=None, catkin_cmake_args=None, catkin_skip_building_tests=False, mixin_files=None, mixin=None, verb_parser=<colcon_mixin.mixin.mixin_argument.MixinArgumentDecorator object at 0x7fedd3f02da0>, verb_extension=<colcon_core.verb.build.BuildVerb object at 0x7fedd4073ee0>, main=<bound method BuildVerb.main of <colcon_core.verb.build.BuildVerb object at 0x7fedd4073ee0>>, mixin_verb=('build',))
[0.426s] Level 1:colcon.colcon_core.package_discovery:discover_packages(colcon_meta) check parameters
[0.426s] Level 1:colcon.colcon_core.package_discovery:discover_packages(recursive) check parameters
[0.426s] Level 1:colcon.colcon_core.package_discovery:discover_packages(ignore) check parameters
[0.427s] Level 1:colcon.colcon_core.package_discovery:discover_packages(path) check parameters
[0.427s] Level 1:colcon.colcon_core.package_discovery:discover_packages(colcon_meta) discover
[0.427s] Level 1:colcon.colcon_core.package_discovery:discover_packages(recursive) discover
[0.427s] INFO:colcon.colcon_core.package_discovery:Crawling recursively for packages in '/home/aidanbagley/DarpaTriage/ROS-WS/ws_offboard_control'
[0.427s] Level 1:colcon.colcon_core.package_identification:_identify(.) by extensions ['ignore', 'ignore_ament_install']
[0.427s] Level 1:colcon.colcon_core.package_identification:_identify(.) by extension 'ignore'
[0.427s] Level 1:colcon.colcon_core.package_identification:_identify(.) by extension 'ignore_ament_install'
[0.427s] Level 1:colcon.colcon_core.package_identification:_identify(.) by extensions ['colcon_pkg']
[0.427s] Level 1:colcon.colcon_core.package_identification:_identify(.) by extension 'colcon_pkg'
[0.427s] Level 1:colcon.colcon_core.package_identification:_identify(.) by extensions ['colcon_meta']
[0.427s] Level 1:colcon.colcon_core.package_identification:_identify(.) by extension 'colcon_meta'
[0.427s] Level 1:colcon.colcon_core.package_identification:_identify(.) by extensions ['ros']
[0.427s] Level 1:colcon.colcon_core.package_identification:_identify(.) by extension 'ros'
[0.450s] Level 1:colcon.colcon_core.package_identification:_identify(.) by extensions ['cmake', 'python']
[0.450s] Level 1:colcon.colcon_core.package_identification:_identify(.) by extension 'cmake'
[0.450s] Level 1:colcon.colcon_core.package_identification:_identify(.) by extension 'python'
[0.450s] Level 1:colcon.colcon_core.package_identification:_identify(.) by extensions ['python_setup_py']
[0.450s] Level 1:colcon.colcon_core.package_identification:_identify(.) by extension 'python_setup_py'
[0.450s] Level 1:colcon.colcon_core.package_identification:_identify(build) by extensions ['ignore', 'ignore_ament_install']
[0.450s] Level 1:colcon.colcon_core.package_identification:_identify(build) by extension 'ignore'
[0.450s] Level 1:colcon.colcon_core.package_identification:_identify(build) ignored
[0.450s] Level 1:colcon.colcon_core.package_identification:_identify(install) by extensions ['ignore', 'ignore_ament_install']
[0.451s] Level 1:colcon.colcon_core.package_identification:_identify(install) by extension 'ignore'
[0.451s] Level 1:colcon.colcon_core.package_identification:_identify(install) ignored
[0.451s] Level 1:colcon.colcon_core.package_identification:_identify(log) by extensions ['ignore', 'ignore_ament_install']
[0.451s] Level 1:colcon.colcon_core.package_identification:_identify(log) by extension 'ignore'
[0.451s] Level 1:colcon.colcon_core.package_identification:_identify(log) ignored
[0.451s] Level 1:colcon.colcon_core.package_identification:_identify(src) by extensions ['ignore', 'ignore_ament_install']
[0.451s] Level 1:colcon.colcon_core.package_identification:_identify(src) by extension 'ignore'
[0.451s] Level 1:colcon.colcon_core.package_identification:_identify(src) by extension 'ignore_ament_install'
[0.451s] Level 1:colcon.colcon_core.package_identification:_identify(src) by extensions ['colcon_pkg']
[0.451s] Level 1:colcon.colcon_core.package_identification:_identify(src) by extension 'colcon_pkg'
[0.451s] Level 1:colcon.colcon_core.package_identification:_identify(src) by extensions ['colcon_meta']
[0.451s] Level 1:colcon.colcon_core.package_identification:_identify(src) by extension 'colcon_meta'
[0.451s] Level 1:colcon.colcon_core.package_identification:_identify(src) by extensions ['ros']
[0.451s] Level 1:colcon.colcon_core.package_identification:_identify(src) by extension 'ros'
[0.451s] Level 1:colcon.colcon_core.package_identification:_identify(src) by extensions ['cmake', 'python']
[0.452s] Level 1:colcon.colcon_core.package_identification:_identify(src) by extension 'cmake'
[0.452s] Level 1:colcon.colcon_core.package_identification:_identify(src) by extension 'python'
[0.452s] Level 1:colcon.colcon_core.package_identification:_identify(src) by extensions ['python_setup_py']
[0.452s] Level 1:colcon.colcon_core.package_identification:_identify(src) by extension 'python_setup_py'
[0.452s] Level 1:colcon.colcon_core.package_identification:_identify(src/px4_msgs) by extensions ['ignore', 'ignore_ament_install']
[0.452s] Level 1:colcon.colcon_core.package_identification:_identify(src/px4_msgs) by extension 'ignore'
[0.452s] Level 1:colcon.colcon_core.package_identification:_identify(src/px4_msgs) by extension 'ignore_ament_install'
[0.452s] Level 1:colcon.colcon_core.package_identification:_identify(src/px4_msgs) by extensions ['colcon_pkg']
[0.452s] Level 1:colcon.colcon_core.package_identification:_identify(src/px4_msgs) by extension 'colcon_pkg'
[0.452s] Level 1:colcon.colcon_core.package_identification:_identify(src/px4_msgs) by extensions ['colcon_meta']
[0.452s] Level 1:colcon.colcon_core.package_identification:_identify(src/px4_msgs) by extension 'colcon_meta'
[0.452s] Level 1:colcon.colcon_core.package_identification:_identify(src/px4_msgs) by extensions ['ros']
[0.452s] Level 1:colcon.colcon_core.package_identification:_identify(src/px4_msgs) by extension 'ros'
[0.456s] DEBUG:colcon.colcon_core.package_identification:Package 'src/px4_msgs' with type 'ros.ament_cmake' and name 'px4_msgs'
[0.456s] Level 1:colcon.colcon_core.package_identification:_identify(src/px4_ros_com) by extensions ['ignore', 'ignore_ament_install']
[0.456s] Level 1:colcon.colcon_core.package_identification:_identify(src/px4_ros_com) by extension 'ignore'
[0.456s] Level 1:colcon.colcon_core.package_identification:_identify(src/px4_ros_com) by extension 'ignore_ament_install'
[0.456s] Level 1:colcon.colcon_core.package_identification:_identify(src/px4_ros_com) by extensions ['colcon_pkg']
[0.456s] Level 1:colcon.colcon_core.package_identification:_identify(src/px4_ros_com) by extension 'colcon_pkg'
[0.456s] Level 1:colcon.colcon_core.package_identification:_identify(src/px4_ros_com) by extensions ['colcon_meta']
[0.456s] Level 1:colcon.colcon_core.package_identification:_identify(src/px4_ros_com) by extension 'colcon_meta'
[0.457s] Level 1:colcon.colcon_core.package_identification:_identify(src/px4_ros_com) by extensions ['ros']
[0.457s] Level 1:colcon.colcon_core.package_identification:_identify(src/px4_ros_com) by extension 'ros'
[0.457s] DEBUG:colcon.colcon_core.package_identification:Package 'src/px4_ros_com' with type 'ros.ament_cmake' and name 'px4_ros_com'
[0.458s] Level 1:colcon.colcon_core.package_discovery:discover_packages(recursive) using defaults
[0.458s] Level 1:colcon.colcon_core.package_discovery:discover_packages(ignore) discover
[0.458s] Level 1:colcon.colcon_core.package_discovery:discover_packages(ignore) using defaults
[0.458s] Level 1:colcon.colcon_core.package_discovery:discover_packages(path) discover
[0.458s] Level 1:colcon.colcon_core.package_discovery:discover_packages(path) using defaults
[0.495s] Level 1:colcon.colcon_core.package_discovery:discover_packages(prefix_path) check parameters
[0.495s] Level 1:colcon.colcon_core.package_discovery:discover_packages(prefix_path) discover
[0.500s] DEBUG:colcon.colcon_installed_package_information.package_discovery:Found 270 installed packages in /opt/ros/humble
[0.501s] Level 1:colcon.colcon_core.package_discovery:discover_packages(prefix_path) using defaults
[0.532s] Level 5:colcon.colcon_core.verb:set package 'px4_msgs' build argument 'cmake_args' from command line to 'None'
[0.533s] Level 5:colcon.colcon_core.verb:set package 'px4_msgs' build argument 'cmake_target' from command line to 'None'
[0.533s] Level 5:colcon.colcon_core.verb:set package 'px4_msgs' build argument 'cmake_target_skip_unavailable' from command line to 'False'
[0.533s] Level 5:colcon.colcon_core.verb:set package 'px4_msgs' build argument 'cmake_clean_cache' from command line to 'False'
[0.533s] Level 5:colcon.colcon_core.verb:set package 'px4_msgs' build argument 'cmake_clean_first' from command line to 'False'
[0.533s] Level 5:colcon.colcon_core.verb:set package 'px4_msgs' build argument 'cmake_force_configure' from command line to 'False'
[0.533s] Level 5:colcon.colcon_core.verb:set package 'px4_msgs' build argument 'ament_cmake_args' from command line to 'None'
[0.533s] Level 5:colcon.colcon_core.verb:set package 'px4_msgs' build argument 'catkin_cmake_args' from command line to 'None'
[0.533s] Level 5:colcon.colcon_core.verb:set package 'px4_msgs' build argument 'catkin_skip_building_tests' from command line to 'False'
[0.533s] DEBUG:colcon.colcon_core.verb:Building package 'px4_msgs' with the following arguments: {'ament_cmake_args': None, 'build_base': '/home/aidanbagley/DarpaTriage/ROS-WS/ws_offboard_control/build/px4_msgs', 'catkin_cmake_args': None, 'catkin_skip_building_tests': False, 'cmake_args': None, 'cmake_clean_cache': False, 'cmake_clean_first': False, 'cmake_force_configure': False, 'cmake_target': None, 'cmake_target_skip_unavailable': False, 'install_base': '/home/aidanbagley/DarpaTriage/ROS-WS/ws_offboard_control/install/px4_msgs', 'merge_install': False, 'path': '/home/aidanbagley/DarpaTriage/ROS-WS/ws_offboard_control/src/px4_msgs', 'symlink_install': False, 'test_result_base': None}
[0.533s] Level 5:colcon.colcon_core.verb:set package 'px4_ros_com' build argument 'cmake_args' from command line to 'None'
[0.533s] Level 5:colcon.colcon_core.verb:set package 'px4_ros_com' build argument 'cmake_target' from command line to 'None'
[0.533s] Level 5:colcon.colcon_core.verb:set package 'px4_ros_com' build argument 'cmake_target_skip_unavailable' from command line to 'False'
[0.533s] Level 5:colcon.colcon_core.verb:set package 'px4_ros_com' build argument 'cmake_clean_cache' from command line to 'False'
[0.533s] Level 5:colcon.colcon_core.verb:set package 'px4_ros_com' build argument 'cmake_clean_first' from command line to 'False'
[0.533s] Level 5:colcon.colcon_core.verb:set package 'px4_ros_com' build argument 'cmake_force_configure' from command line to 'False'
[0.533s] Level 5:colcon.colcon_core.verb:set package 'px4_ros_com' build argument 'ament_cmake_args' from command line to 'None'
[0.533s] Level 5:colcon.colcon_core.verb:set package 'px4_ros_com' build argument 'catkin_cmake_args' from command line to 'None'
[0.533s] Level 5:colcon.colcon_core.verb:set package 'px4_ros_com' build argument 'catkin_skip_building_tests' from command line to 'False'
[0.533s] DEBUG:colcon.colcon_core.verb:Building package 'px4_ros_com' with the following arguments: {'ament_cmake_args': None, 'build_base': '/home/aidanbagley/DarpaTriage/ROS-WS/ws_offboard_control/build/px4_ros_com', 'catkin_cmake_args': None, 'catkin_skip_building_tests': False, 'cmake_args': None, 'cmake_clean_cache': False, 'cmake_clean_first': False, 'cmake_force_configure': False, 'cmake_target': None, 'cmake_target_skip_unavailable': False, 'install_base': '/home/aidanbagley/DarpaTriage/ROS-WS/ws_offboard_control/install/px4_ros_com', 'merge_install': False, 'path': '/home/aidanbagley/DarpaTriage/ROS-WS/ws_offboard_control/src/px4_ros_com', 'symlink_install': False, 'test_result_base': None}
[0.534s] INFO:colcon.colcon_core.executor:Executing jobs using 'parallel' executor
[0.535s] DEBUG:colcon.colcon_parallel_executor.executor.parallel:run_until_complete
[0.535s] INFO:colcon.colcon_ros.task.ament_cmake.build:Building ROS package in '/home/aidanbagley/DarpaTriage/ROS-WS/ws_offboard_control/src/px4_msgs' with build type 'ament_cmake'
[0.535s] INFO:colcon.colcon_cmake.task.cmake.build:Building CMake package in '/home/aidanbagley/DarpaTriage/ROS-WS/ws_offboard_control/src/px4_msgs'
[0.543s] INFO:colcon.colcon_core.plugin_system:Skipping extension 'colcon_core.shell.bat': Not used on non-Windows systems
[0.543s] INFO:colcon.colcon_core.shell:Skip shell extension 'powershell' for command environment: Not usable outside of PowerShell
[0.543s] DEBUG:colcon.colcon_core.shell:Skip shell extension 'dsv' for command environment
[0.556s] DEBUG:colcon.colcon_core.event_handler.log_command:Invoking command in '/home/aidanbagley/DarpaTriage/ROS-WS/ws_offboard_control/build/px4_msgs': CMAKE_PREFIX_PATH=/opt/ros/humble /usr/bin/cmake /home/aidanbagley/DarpaTriage/ROS-WS/ws_offboard_control/src/px4_msgs -DCMAKE_INSTALL_PREFIX=/home/aidanbagley/DarpaTriage/ROS-WS/ws_offboard_control/install/px4_msgs
[6.143s] DEBUG:colcon.colcon_core.event_handler.log_command:Invoked command in '/home/aidanbagley/DarpaTriage/ROS-WS/ws_offboard_control/build/px4_msgs' returned '0': CMAKE_PREFIX_PATH=/opt/ros/humble /usr/bin/cmake /home/aidanbagley/DarpaTriage/ROS-WS/ws_offboard_control/src/px4_msgs -DCMAKE_INSTALL_PREFIX=/home/aidanbagley/DarpaTriage/ROS-WS/ws_offboard_control/install/px4_msgs
[6.145s] DEBUG:colcon.colcon_core.event_handler.log_command:Invoking command in '/home/aidanbagley/DarpaTriage/ROS-WS/ws_offboard_control/build/px4_msgs': CMAKE_PREFIX_PATH=/opt/ros/humble /usr/bin/cmake --build /home/aidanbagley/DarpaTriage/ROS-WS/ws_offboard_control/build/px4_msgs -- -j16 -l16
[182.192s] DEBUG:colcon.colcon_core.event_handler.log_command:Invoked command in '/home/aidanbagley/DarpaTriage/ROS-WS/ws_offboard_control/build/px4_msgs' returned '0': CMAKE_PREFIX_PATH=/opt/ros/humble /usr/bin/cmake --build /home/aidanbagley/DarpaTriage/ROS-WS/ws_offboard_control/build/px4_msgs -- -j16 -l16
[182.201s] DEBUG:colcon.colcon_core.event_handler.log_command:Invoking command in '/home/aidanbagley/DarpaTriage/ROS-WS/ws_offboard_control/build/px4_msgs': CMAKE_PREFIX_PATH=/opt/ros/humble /usr/bin/cmake --install /home/aidanbagley/DarpaTriage/ROS-WS/ws_offboard_control/build/px4_msgs
[183.943s] Level 1:colcon.colcon_core.environment:create_environment_scripts_only(px4_msgs)
[183.944s] DEBUG:colcon.colcon_core.event_handler.log_command:Invoked command in '/home/aidanbagley/DarpaTriage/ROS-WS/ws_offboard_control/build/px4_msgs' returned '0': CMAKE_PREFIX_PATH=/opt/ros/humble /usr/bin/cmake --install /home/aidanbagley/DarpaTriage/ROS-WS/ws_offboard_control/build/px4_msgs
[183.952s] Level 1:colcon.colcon_core.environment:checking '/home/aidanbagley/DarpaTriage/ROS-WS/ws_offboard_control/install/px4_msgs' for CMake module files
[183.953s] Level 1:colcon.colcon_core.environment:checking '/home/aidanbagley/DarpaTriage/ROS-WS/ws_offboard_control/install/px4_msgs' for CMake config files
[183.957s] Level 1:colcon.colcon_core.shell:create_environment_hook('px4_msgs', 'cmake_prefix_path')
[183.958s] INFO:colcon.colcon_core.shell:Creating environment hook '/home/aidanbagley/DarpaTriage/ROS-WS/ws_offboard_control/install/px4_msgs/share/px4_msgs/hook/cmake_prefix_path.ps1'
[183.959s] INFO:colcon.colcon_core.shell:Creating environment descriptor '/home/aidanbagley/DarpaTriage/ROS-WS/ws_offboard_control/install/px4_msgs/share/px4_msgs/hook/cmake_prefix_path.dsv'
[183.960s] INFO:colcon.colcon_core.shell:Creating environment hook '/home/aidanbagley/DarpaTriage/ROS-WS/ws_offboard_control/install/px4_msgs/share/px4_msgs/hook/cmake_prefix_path.sh'
[183.961s] Level 1:colcon.colcon_core.environment:checking '/home/aidanbagley/DarpaTriage/ROS-WS/ws_offboard_control/install/px4_msgs/lib'
[183.961s] Level 1:colcon.colcon_core.shell:create_environment_hook('px4_msgs', 'ld_library_path_lib')
[183.961s] INFO:colcon.colcon_core.shell:Creating environment hook '/home/aidanbagley/DarpaTriage/ROS-WS/ws_offboard_control/install/px4_msgs/share/px4_msgs/hook/ld_library_path_lib.ps1'
[183.962s] INFO:colcon.colcon_core.shell:Creating environment descriptor '/home/aidanbagley/DarpaTriage/ROS-WS/ws_offboard_control/install/px4_msgs/share/px4_msgs/hook/ld_library_path_lib.dsv'
[183.962s] INFO:colcon.colcon_core.shell:Creating environment hook '/home/aidanbagley/DarpaTriage/ROS-WS/ws_offboard_control/install/px4_msgs/share/px4_msgs/hook/ld_library_path_lib.sh'
[183.962s] Level 1:colcon.colcon_core.environment:checking '/home/aidanbagley/DarpaTriage/ROS-WS/ws_offboard_control/install/px4_msgs/bin'
[183.962s] Level 1:colcon.colcon_core.environment:checking '/home/aidanbagley/DarpaTriage/ROS-WS/ws_offboard_control/install/px4_msgs/lib/pkgconfig/px4_msgs.pc'
[183.962s] Level 1:colcon.colcon_core.environment:checking '/home/aidanbagley/DarpaTriage/ROS-WS/ws_offboard_control/install/px4_msgs/lib/python3.10/site-packages'
[183.963s] Level 1:colcon.colcon_core.environment:checking '/home/aidanbagley/DarpaTriage/ROS-WS/ws_offboard_control/install/px4_msgs/bin'
[183.963s] INFO:colcon.colcon_core.shell:Creating package script '/home/aidanbagley/DarpaTriage/ROS-WS/ws_offboard_control/install/px4_msgs/share/px4_msgs/package.ps1'
[183.964s] INFO:colcon.colcon_core.shell:Creating package descriptor '/home/aidanbagley/DarpaTriage/ROS-WS/ws_offboard_control/install/px4_msgs/share/px4_msgs/package.dsv'
[183.965s] INFO:colcon.colcon_core.shell:Creating package script '/home/aidanbagley/DarpaTriage/ROS-WS/ws_offboard_control/install/px4_msgs/share/px4_msgs/package.sh'
[183.966s] INFO:colcon.colcon_core.shell:Creating package script '/home/aidanbagley/DarpaTriage/ROS-WS/ws_offboard_control/install/px4_msgs/share/px4_msgs/package.bash'
[183.967s] INFO:colcon.colcon_core.shell:Creating package script '/home/aidanbagley/DarpaTriage/ROS-WS/ws_offboard_control/install/px4_msgs/share/px4_msgs/package.zsh'
[183.967s] Level 1:colcon.colcon_core.environment:create_file_with_runtime_dependencies(/home/aidanbagley/DarpaTriage/ROS-WS/ws_offboard_control/install/px4_msgs/share/colcon-core/packages/px4_msgs)
[183.969s] Level 1:colcon.colcon_core.environment:create_environment_scripts_only(px4_msgs)
[183.969s] Level 1:colcon.colcon_core.environment:checking '/home/aidanbagley/DarpaTriage/ROS-WS/ws_offboard_control/install/px4_msgs' for CMake module files
[183.969s] Level 1:colcon.colcon_core.environment:checking '/home/aidanbagley/DarpaTriage/ROS-WS/ws_offboard_control/install/px4_msgs' for CMake config files
[183.973s] Level 1:colcon.colcon_core.shell:create_environment_hook('px4_msgs', 'cmake_prefix_path')
[183.974s] INFO:colcon.colcon_core.shell:Creating environment hook '/home/aidanbagley/DarpaTriage/ROS-WS/ws_offboard_control/install/px4_msgs/share/px4_msgs/hook/cmake_prefix_path.ps1'
[183.974s] INFO:colcon.colcon_core.shell:Creating environment descriptor '/home/aidanbagley/DarpaTriage/ROS-WS/ws_offboard_control/install/px4_msgs/share/px4_msgs/hook/cmake_prefix_path.dsv'
[183.974s] INFO:colcon.colcon_core.shell:Creating environment hook '/home/aidanbagley/DarpaTriage/ROS-WS/ws_offboard_control/install/px4_msgs/share/px4_msgs/hook/cmake_prefix_path.sh'
[183.975s] Level 1:colcon.colcon_core.environment:checking '/home/aidanbagley/DarpaTriage/ROS-WS/ws_offboard_control/install/px4_msgs/lib'
[183.975s] Level 1:colcon.colcon_core.shell:create_environment_hook('px4_msgs', 'ld_library_path_lib')
[183.975s] INFO:colcon.colcon_core.shell:Creating environment hook '/home/aidanbagley/DarpaTriage/ROS-WS/ws_offboard_control/install/px4_msgs/share/px4_msgs/hook/ld_library_path_lib.ps1'
[183.975s] INFO:colcon.colcon_core.shell:Creating environment descriptor '/home/aidanbagley/DarpaTriage/ROS-WS/ws_offboard_control/install/px4_msgs/share/px4_msgs/hook/ld_library_path_lib.dsv'
[183.976s] INFO:colcon.colcon_core.shell:Creating environment hook '/home/aidanbagley/DarpaTriage/ROS-WS/ws_offboard_control/install/px4_msgs/share/px4_msgs/hook/ld_library_path_lib.sh'
[183.976s] Level 1:colcon.colcon_core.environment:checking '/home/aidanbagley/DarpaTriage/ROS-WS/ws_offboard_control/install/px4_msgs/bin'
[183.976s] Level 1:colcon.colcon_core.environment:checking '/home/aidanbagley/DarpaTriage/ROS-WS/ws_offboard_control/install/px4_msgs/lib/pkgconfig/px4_msgs.pc'
[183.976s] Level 1:colcon.colcon_core.environment:checking '/home/aidanbagley/DarpaTriage/ROS-WS/ws_offboard_control/install/px4_msgs/lib/python3.10/site-packages'
[183.977s] Level 1:colcon.colcon_core.environment:checking '/home/aidanbagley/DarpaTriage/ROS-WS/ws_offboard_control/install/px4_msgs/bin'
[183.977s] INFO:colcon.colcon_core.shell:Creating package script '/home/aidanbagley/DarpaTriage/ROS-WS/ws_offboard_control/install/px4_msgs/share/px4_msgs/package.ps1'
[183.977s] INFO:colcon.colcon_core.shell:Creating package descriptor '/home/aidanbagley/DarpaTriage/ROS-WS/ws_offboard_control/install/px4_msgs/share/px4_msgs/package.dsv'
[183.978s] INFO:colcon.colcon_core.shell:Creating package script '/home/aidanbagley/DarpaTriage/ROS-WS/ws_offboard_control/install/px4_msgs/share/px4_msgs/package.sh'
[183.978s] INFO:colcon.colcon_core.shell:Creating package script '/home/aidanbagley/DarpaTriage/ROS-WS/ws_offboard_control/install/px4_msgs/share/px4_msgs/package.bash'
[183.978s] INFO:colcon.colcon_core.shell:Creating package script '/home/aidanbagley/DarpaTriage/ROS-WS/ws_offboard_control/install/px4_msgs/share/px4_msgs/package.zsh'
[183.979s] Level 1:colcon.colcon_core.environment:create_file_with_runtime_dependencies(/home/aidanbagley/DarpaTriage/ROS-WS/ws_offboard_control/install/px4_msgs/share/colcon-core/packages/px4_msgs)
[183.979s] INFO:colcon.colcon_ros.task.ament_cmake.build:Building ROS package in '/home/aidanbagley/DarpaTriage/ROS-WS/ws_offboard_control/src/px4_ros_com' with build type 'ament_cmake'
[183.979s] INFO:colcon.colcon_cmake.task.cmake.build:Building CMake package in '/home/aidanbagley/DarpaTriage/ROS-WS/ws_offboard_control/src/px4_ros_com'
[183.980s] INFO:colcon.colcon_core.shell:Skip shell extension 'powershell' for command environment: Not usable outside of PowerShell
[183.980s] DEBUG:colcon.colcon_core.shell:Skip shell extension 'dsv' for command environment
[184.086s] DEBUG:colcon.colcon_core.event_handler.log_command:Invoking command in '/home/aidanbagley/DarpaTriage/ROS-WS/ws_offboard_control/build/px4_ros_com': AMENT_PREFIX_PATH=/home/aidanbagley/DarpaTriage/ROS-WS/ws_offboard_control/install/px4_msgs:${AMENT_PREFIX_PATH} CMAKE_PREFIX_PATH=/home/aidanbagley/DarpaTriage/ROS-WS/ws_offboard_control/install/px4_msgs:/opt/ros/humble LD_LIBRARY_PATH=/home/aidanbagley/DarpaTriage/ROS-WS/ws_offboard_control/install/px4_msgs/lib:${LD_LIBRARY_PATH} PYTHONPATH=/home/aidanbagley/DarpaTriage/ROS-WS/ws_offboard_control/install/px4_msgs/local/lib/python3.10/dist-packages:${PYTHONPATH} /usr/bin/cmake /home/aidanbagley/DarpaTriage/ROS-WS/ws_offboard_control/src/px4_ros_com -DCMAKE_INSTALL_PREFIX=/home/aidanbagley/DarpaTriage/ROS-WS/ws_offboard_control/install/px4_ros_com
[189.937s] DEBUG:colcon.colcon_core.event_handler.log_command:Invoked command in '/home/aidanbagley/DarpaTriage/ROS-WS/ws_offboard_control/build/px4_ros_com' returned '0': AMENT_PREFIX_PATH=/home/aidanbagley/DarpaTriage/ROS-WS/ws_offboard_control/install/px4_msgs:${AMENT_PREFIX_PATH} CMAKE_PREFIX_PATH=/home/aidanbagley/DarpaTriage/ROS-WS/ws_offboard_control/install/px4_msgs:/opt/ros/humble LD_LIBRARY_PATH=/home/aidanbagley/DarpaTriage/ROS-WS/ws_offboard_control/install/px4_msgs/lib:${LD_LIBRARY_PATH} PYTHONPATH=/home/aidanbagley/DarpaTriage/ROS-WS/ws_offboard_control/install/px4_msgs/local/lib/python3.10/dist-packages:${PYTHONPATH} /usr/bin/cmake /home/aidanbagley/DarpaTriage/ROS-WS/ws_offboard_control/src/px4_ros_com -DCMAKE_INSTALL_PREFIX=/home/aidanbagley/DarpaTriage/ROS-WS/ws_offboard_control/install/px4_ros_com
[189.940s] DEBUG:colcon.colcon_core.event_handler.log_command:Invoking command in '/home/aidanbagley/DarpaTriage/ROS-WS/ws_offboard_control/build/px4_ros_com': AMENT_PREFIX_PATH=/home/aidanbagley/DarpaTriage/ROS-WS/ws_offboard_control/install/px4_msgs:${AMENT_PREFIX_PATH} CMAKE_PREFIX_PATH=/home/aidanbagley/DarpaTriage/ROS-WS/ws_offboard_control/install/px4_msgs:/opt/ros/humble LD_LIBRARY_PATH=/home/aidanbagley/DarpaTriage/ROS-WS/ws_offboard_control/install/px4_msgs/lib:${LD_LIBRARY_PATH} PYTHONPATH=/home/aidanbagley/DarpaTriage/ROS-WS/ws_offboard_control/install/px4_msgs/local/lib/python3.10/dist-packages:${PYTHONPATH} /usr/bin/cmake --build /home/aidanbagley/DarpaTriage/ROS-WS/ws_offboard_control/build/px4_ros_com -- -j16 -l16
[201.581s] DEBUG:colcon.colcon_core.event_handler.log_command:Invoked command in '/home/aidanbagley/DarpaTriage/ROS-WS/ws_offboard_control/build/px4_ros_com' returned '0': AMENT_PREFIX_PATH=/home/aidanbagley/DarpaTriage/ROS-WS/ws_offboard_control/install/px4_msgs:${AMENT_PREFIX_PATH} CMAKE_PREFIX_PATH=/home/aidanbagley/DarpaTriage/ROS-WS/ws_offboard_control/install/px4_msgs:/opt/ros/humble LD_LIBRARY_PATH=/home/aidanbagley/DarpaTriage/ROS-WS/ws_offboard_control/install/px4_msgs/lib:${LD_LIBRARY_PATH} PYTHONPATH=/home/aidanbagley/DarpaTriage/ROS-WS/ws_offboard_control/install/px4_msgs/local/lib/python3.10/dist-packages:${PYTHONPATH} /usr/bin/cmake --build /home/aidanbagley/DarpaTriage/ROS-WS/ws_offboard_control/build/px4_ros_com -- -j16 -l16
[201.584s] DEBUG:colcon.colcon_core.event_handler.log_command:Invoking command in '/home/aidanbagley/DarpaTriage/ROS-WS/ws_offboard_control/build/px4_ros_com': AMENT_PREFIX_PATH=/home/aidanbagley/DarpaTriage/ROS-WS/ws_offboard_control/install/px4_msgs:${AMENT_PREFIX_PATH} CMAKE_PREFIX_PATH=/home/aidanbagley/DarpaTriage/ROS-WS/ws_offboard_control/install/px4_msgs:/opt/ros/humble LD_LIBRARY_PATH=/home/aidanbagley/DarpaTriage/ROS-WS/ws_offboard_control/install/px4_msgs/lib:${LD_LIBRARY_PATH} PYTHONPATH=/home/aidanbagley/DarpaTriage/ROS-WS/ws_offboard_control/install/px4_msgs/local/lib/python3.10/dist-packages:${PYTHONPATH} /usr/bin/cmake --install /home/aidanbagley/DarpaTriage/ROS-WS/ws_offboard_control/build/px4_ros_com
[201.659s] Level 1:colcon.colcon_core.environment:create_environment_scripts_only(px4_ros_com)
[201.660s] Level 1:colcon.colcon_core.environment:checking '/home/aidanbagley/DarpaTriage/ROS-WS/ws_offboard_control/install/px4_ros_com' for CMake module files
[201.661s] DEBUG:colcon.colcon_core.event_handler.log_command:Invoked command in '/home/aidanbagley/DarpaTriage/ROS-WS/ws_offboard_control/build/px4_ros_com' returned '0': AMENT_PREFIX_PATH=/home/aidanbagley/DarpaTriage/ROS-WS/ws_offboard_control/install/px4_msgs:${AMENT_PREFIX_PATH} CMAKE_PREFIX_PATH=/home/aidanbagley/DarpaTriage/ROS-WS/ws_offboard_control/install/px4_msgs:/opt/ros/humble LD_LIBRARY_PATH=/home/aidanbagley/DarpaTriage/ROS-WS/ws_offboard_control/install/px4_msgs/lib:${LD_LIBRARY_PATH} PYTHONPATH=/home/aidanbagley/DarpaTriage/ROS-WS/ws_offboard_control/install/px4_msgs/local/lib/python3.10/dist-packages:${PYTHONPATH} /usr/bin/cmake --install /home/aidanbagley/DarpaTriage/ROS-WS/ws_offboard_control/build/px4_ros_com
[201.662s] Level 1:colcon.colcon_core.environment:checking '/home/aidanbagley/DarpaTriage/ROS-WS/ws_offboard_control/install/px4_ros_com' for CMake config files
[201.662s] Level 1:colcon.colcon_core.shell:create_environment_hook('px4_ros_com', 'cmake_prefix_path')
[201.662s] INFO:colcon.colcon_core.shell:Creating environment hook '/home/aidanbagley/DarpaTriage/ROS-WS/ws_offboard_control/install/px4_ros_com/share/px4_ros_com/hook/cmake_prefix_path.ps1'
[201.663s] INFO:colcon.colcon_core.shell:Creating environment descriptor '/home/aidanbagley/DarpaTriage/ROS-WS/ws_offboard_control/install/px4_ros_com/share/px4_ros_com/hook/cmake_prefix_path.dsv'
[201.663s] INFO:colcon.colcon_core.shell:Creating environment hook '/home/aidanbagley/DarpaTriage/ROS-WS/ws_offboard_control/install/px4_ros_com/share/px4_ros_com/hook/cmake_prefix_path.sh'
[201.664s] Level 1:colcon.colcon_core.environment:checking '/home/aidanbagley/DarpaTriage/ROS-WS/ws_offboard_control/install/px4_ros_com/lib'
[201.664s] Level 1:colcon.colcon_core.shell:create_environment_hook('px4_ros_com', 'ld_library_path_lib')
[201.664s] INFO:colcon.colcon_core.shell:Creating environment hook '/home/aidanbagley/DarpaTriage/ROS-WS/ws_offboard_control/install/px4_ros_com/share/px4_ros_com/hook/ld_library_path_lib.ps1'
[201.665s] INFO:colcon.colcon_core.shell:Creating environment descriptor '/home/aidanbagley/DarpaTriage/ROS-WS/ws_offboard_control/install/px4_ros_com/share/px4_ros_com/hook/ld_library_path_lib.dsv'
[201.665s] INFO:colcon.colcon_core.shell:Creating environment hook '/home/aidanbagley/DarpaTriage/ROS-WS/ws_offboard_control/install/px4_ros_com/share/px4_ros_com/hook/ld_library_path_lib.sh'
[201.665s] Level 1:colcon.colcon_core.environment:checking '/home/aidanbagley/DarpaTriage/ROS-WS/ws_offboard_control/install/px4_ros_com/bin'
[201.665s] Level 1:colcon.colcon_core.environment:checking '/home/aidanbagley/DarpaTriage/ROS-WS/ws_offboard_control/install/px4_ros_com/lib/pkgconfig/px4_ros_com.pc'
[201.665s] Level 1:colcon.colcon_core.environment:checking '/home/aidanbagley/DarpaTriage/ROS-WS/ws_offboard_control/install/px4_ros_com/lib/python3.10/site-packages'
[201.666s] Level 1:colcon.colcon_core.environment:checking '/home/aidanbagley/DarpaTriage/ROS-WS/ws_offboard_control/install/px4_ros_com/bin'
[201.666s] INFO:colcon.colcon_core.shell:Creating package script '/home/aidanbagley/DarpaTriage/ROS-WS/ws_offboard_control/install/px4_ros_com/share/px4_ros_com/package.ps1'
[201.666s] INFO:colcon.colcon_core.shell:Creating package descriptor '/home/aidanbagley/DarpaTriage/ROS-WS/ws_offboard_control/install/px4_ros_com/share/px4_ros_com/package.dsv'
[201.667s] INFO:colcon.colcon_core.shell:Creating package script '/home/aidanbagley/DarpaTriage/ROS-WS/ws_offboard_control/install/px4_ros_com/share/px4_ros_com/package.sh'
[201.667s] INFO:colcon.colcon_core.shell:Creating package script '/home/aidanbagley/DarpaTriage/ROS-WS/ws_offboard_control/install/px4_ros_com/share/px4_ros_com/package.bash'
[201.667s] INFO:colcon.colcon_core.shell:Creating package script '/home/aidanbagley/DarpaTriage/ROS-WS/ws_offboard_control/install/px4_ros_com/share/px4_ros_com/package.zsh'
[201.668s] Level 1:colcon.colcon_core.environment:create_file_with_runtime_dependencies(/home/aidanbagley/DarpaTriage/ROS-WS/ws_offboard_control/install/px4_ros_com/share/colcon-core/packages/px4_ros_com)
[201.669s] Level 1:colcon.colcon_core.environment:create_environment_scripts_only(px4_ros_com)
[201.669s] Level 1:colcon.colcon_core.environment:checking '/home/aidanbagley/DarpaTriage/ROS-WS/ws_offboard_control/install/px4_ros_com' for CMake module files
[201.669s] Level 1:colcon.colcon_core.environment:checking '/home/aidanbagley/DarpaTriage/ROS-WS/ws_offboard_control/install/px4_ros_com' for CMake config files
[201.670s] Level 1:colcon.colcon_core.shell:create_environment_hook('px4_ros_com', 'cmake_prefix_path')
[201.670s] INFO:colcon.colcon_core.shell:Creating environment hook '/home/aidanbagley/DarpaTriage/ROS-WS/ws_offboard_control/install/px4_ros_com/share/px4_ros_com/hook/cmake_prefix_path.ps1'
[201.670s] INFO:colcon.colcon_core.shell:Creating environment descriptor '/home/aidanbagley/DarpaTriage/ROS-WS/ws_offboard_control/install/px4_ros_com/share/px4_ros_com/hook/cmake_prefix_path.dsv'
[201.671s] INFO:colcon.colcon_core.shell:Creating environment hook '/home/aidanbagley/DarpaTriage/ROS-WS/ws_offboard_control/install/px4_ros_com/share/px4_ros_com/hook/cmake_prefix_path.sh'
[201.671s] Level 1:colcon.colcon_core.environment:checking '/home/aidanbagley/DarpaTriage/ROS-WS/ws_offboard_control/install/px4_ros_com/lib'
[201.671s] Level 1:colcon.colcon_core.shell:create_environment_hook('px4_ros_com', 'ld_library_path_lib')
[201.671s] INFO:colcon.colcon_core.shell:Creating environment hook '/home/aidanbagley/DarpaTriage/ROS-WS/ws_offboard_control/install/px4_ros_com/share/px4_ros_com/hook/ld_library_path_lib.ps1'
[201.672s] INFO:colcon.colcon_core.shell:Creating environment descriptor '/home/aidanbagley/DarpaTriage/ROS-WS/ws_offboard_control/install/px4_ros_com/share/px4_ros_com/hook/ld_library_path_lib.dsv'
[201.672s] INFO:colcon.colcon_core.shell:Creating environment hook '/home/aidanbagley/DarpaTriage/ROS-WS/ws_offboard_control/install/px4_ros_com/share/px4_ros_com/hook/ld_library_path_lib.sh'
[201.672s] Level 1:colcon.colcon_core.environment:checking '/home/aidanbagley/DarpaTriage/ROS-WS/ws_offboard_control/install/px4_ros_com/bin'
[201.672s] Level 1:colcon.colcon_core.environment:checking '/home/aidanbagley/DarpaTriage/ROS-WS/ws_offboard_control/install/px4_ros_com/lib/pkgconfig/px4_ros_com.pc'
[201.673s] Level 1:colcon.colcon_core.environment:checking '/home/aidanbagley/DarpaTriage/ROS-WS/ws_offboard_control/install/px4_ros_com/lib/python3.10/site-packages'
[201.673s] Level 1:colcon.colcon_core.environment:checking '/home/aidanbagley/DarpaTriage/ROS-WS/ws_offboard_control/install/px4_ros_com/bin'
[201.673s] INFO:colcon.colcon_core.shell:Creating package script '/home/aidanbagley/DarpaTriage/ROS-WS/ws_offboard_control/install/px4_ros_com/share/px4_ros_com/package.ps1'
[201.674s] INFO:colcon.colcon_core.shell:Creating package descriptor '/home/aidanbagley/DarpaTriage/ROS-WS/ws_offboard_control/install/px4_ros_com/share/px4_ros_com/package.dsv'
[201.674s] INFO:colcon.colcon_core.shell:Creating package script '/home/aidanbagley/DarpaTriage/ROS-WS/ws_offboard_control/install/px4_ros_com/share/px4_ros_com/package.sh'
[201.674s] INFO:colcon.colcon_core.shell:Creating package script '/home/aidanbagley/DarpaTriage/ROS-WS/ws_offboard_control/install/px4_ros_com/share/px4_ros_com/package.bash'
[201.675s] INFO:colcon.colcon_core.shell:Creating package script '/home/aidanbagley/DarpaTriage/ROS-WS/ws_offboard_control/install/px4_ros_com/share/px4_ros_com/package.zsh'
[201.675s] Level 1:colcon.colcon_core.environment:create_file_with_runtime_dependencies(/home/aidanbagley/DarpaTriage/ROS-WS/ws_offboard_control/install/px4_ros_com/share/colcon-core/packages/px4_ros_com)
[201.675s] DEBUG:colcon.colcon_parallel_executor.executor.parallel:closing loop
[201.676s] DEBUG:colcon.colcon_parallel_executor.executor.parallel:loop closed
[201.677s] DEBUG:colcon.colcon_parallel_executor.executor.parallel:run_until_complete finished with '0'
[201.677s] DEBUG:colcon.colcon_core.event_reactor:joining thread
[201.733s] INFO:colcon.colcon_core.plugin_system:Skipping extension 'colcon_notification.desktop_notification.notify_send': Could not find 'notify-send'
[201.733s] INFO:colcon.colcon_core.plugin_system:Skipping extension 'colcon_notification.desktop_notification.terminal_notifier': Not used on non-Darwin systems
[201.733s] INFO:colcon.colcon_core.plugin_system:Skipping extension 'colcon_notification.desktop_notification.win32': Not used on non-Windows systems
[201.733s] INFO:colcon.colcon_notification.desktop_notification:Sending desktop notification using 'notify2'
[201.734s] DEBUG:colcon.colcon_notification.desktop_notification.notify2:Failed to initialize notify2: org.freedesktop.DBus.Error.FileNotFound: Failed to connect to socket /run/user/1000/bus: No such file or directory
[201.734s] DEBUG:colcon.colcon_core.event_reactor:joined thread
[201.734s] INFO:colcon.colcon_core.shell:Creating prefix script '/home/aidanbagley/DarpaTriage/ROS-WS/ws_offboard_control/install/local_setup.ps1'
[201.736s] INFO:colcon.colcon_core.shell:Creating prefix util module '/home/aidanbagley/DarpaTriage/ROS-WS/ws_offboard_control/install/_local_setup_util_ps1.py'
[201.738s] INFO:colcon.colcon_core.shell:Creating prefix chain script '/home/aidanbagley/DarpaTriage/ROS-WS/ws_offboard_control/install/setup.ps1'
[201.739s] INFO:colcon.colcon_core.shell:Creating prefix script '/home/aidanbagley/DarpaTriage/ROS-WS/ws_offboard_control/install/local_setup.sh'
[201.740s] INFO:colcon.colcon_core.shell:Creating prefix util module '/home/aidanbagley/DarpaTriage/ROS-WS/ws_offboard_control/install/_local_setup_util_sh.py'
[201.740s] INFO:colcon.colcon_core.shell:Creating prefix chain script '/home/aidanbagley/DarpaTriage/ROS-WS/ws_offboard_control/install/setup.sh'
[201.741s] INFO:colcon.colcon_core.shell:Creating prefix script '/home/aidanbagley/DarpaTriage/ROS-WS/ws_offboard_control/install/local_setup.bash'
[201.742s] INFO:colcon.colcon_core.shell:Creating prefix chain script '/home/aidanbagley/DarpaTriage/ROS-WS/ws_offboard_control/install/setup.bash'
[201.743s] INFO:colcon.colcon_core.shell:Creating prefix script '/home/aidanbagley/DarpaTriage/ROS-WS/ws_offboard_control/install/local_setup.zsh'
[201.744s] INFO:colcon.colcon_core.shell:Creating prefix chain script '/home/aidanbagley/DarpaTriage/ROS-WS/ws_offboard_control/install/setup.zsh'
