[0.161s] Invoking command in '/home/aidanbagley/ws_offboard_control/build/px4_ros_com': CMAKE_PREFIX_PATH=/home/aidanbagley/ws_offboard_control/install/px4_msgs:/home/aidanbagley/ws_offboard_control/install/px4_ros_com:/home/aidanbagley/DarpaTriage/ws_sensor_combined/install/px4_ros_com:/home/aidanbagley/DarpaTriage/ws_sensor_combined/install/px4_msgs:/opt/ros/humble LD_LIBRARY_PATH=/home/aidanbagley/ws_offboard_control/install/px4_msgs/lib:/home/aidanbagley/ws_offboard_control/install/px4_ros_com/lib:/home/aidanbagley/DarpaTriage/ws_sensor_combined/install/px4_ros_com/lib:/home/aidanbagley/DarpaTriage/ws_sensor_combined/install/px4_msgs/lib:/opt/ros/humble/opt/rviz_ogre_vendor/lib:/opt/ros/humble/lib/x86_64-linux-gnu:/opt/ros/humble/lib /usr/bin/cmake --build /home/aidanbagley/ws_offboard_control/build/px4_ros_com -- -j16 -l16
[0.221s] [35m[1mConsolidate compiler generated dependencies of target offboard_control[0m
[0.241s] [ 16%] Built target frame_transforms
[0.242s] [ 41%] Built target offboard_control_srv
[0.242s] [ 50%] Built target vehicle_gps_position_listener
[0.243s] [ 66%] Built target sensor_combined_listener
[0.244s] [ 83%] Built target debug_vect_advertiser
[0.251s] [ 83%] Built target ament_cmake_python_copy_px4_ros_com
[0.277s] [ 91%] [32mBuilding CXX object CMakeFiles/offboard_control.dir/src/examples/offboard/offboard_control.cpp.o[0m
[0.538s] running egg_info
[0.560s] writing px4_ros_com.egg-info/PKG-INFO
[0.561s] writing dependency_links to px4_ros_com.egg-info/dependency_links.txt
[0.561s] writing top-level names to px4_ros_com.egg-info/top_level.txt
[0.625s] reading manifest file 'px4_ros_com.egg-info/SOURCES.txt'
[0.626s] writing manifest file 'px4_ros_com.egg-info/SOURCES.txt'
[0.681s] [ 91%] Built target ament_cmake_python_build_px4_ros_com_egg
[6.517s] [100%] [32m[1mLinking CXX executable offboard_control[0m
[6.858s] [100%] Built target offboard_control
[6.872s] Invoked command in '/home/aidanbagley/ws_offboard_control/build/px4_ros_com' returned '0': CMAKE_PREFIX_PATH=/home/aidanbagley/ws_offboard_control/install/px4_msgs:/home/aidanbagley/ws_offboard_control/install/px4_ros_com:/home/aidanbagley/DarpaTriage/ws_sensor_combined/install/px4_ros_com:/home/aidanbagley/DarpaTriage/ws_sensor_combined/install/px4_msgs:/opt/ros/humble LD_LIBRARY_PATH=/home/aidanbagley/ws_offboard_control/install/px4_msgs/lib:/home/aidanbagley/ws_offboard_control/install/px4_ros_com/lib:/home/aidanbagley/DarpaTriage/ws_sensor_combined/install/px4_ros_com/lib:/home/aidanbagley/DarpaTriage/ws_sensor_combined/install/px4_msgs/lib:/opt/ros/humble/opt/rviz_ogre_vendor/lib:/opt/ros/humble/lib/x86_64-linux-gnu:/opt/ros/humble/lib /usr/bin/cmake --build /home/aidanbagley/ws_offboard_control/build/px4_ros_com -- -j16 -l16
[6.874s] Invoking command in '/home/aidanbagley/ws_offboard_control/build/px4_ros_com': CMAKE_PREFIX_PATH=/home/aidanbagley/ws_offboard_control/install/px4_msgs:/home/aidanbagley/ws_offboard_control/install/px4_ros_com:/home/aidanbagley/DarpaTriage/ws_sensor_combined/install/px4_ros_com:/home/aidanbagley/DarpaTriage/ws_sensor_combined/install/px4_msgs:/opt/ros/humble LD_LIBRARY_PATH=/home/aidanbagley/ws_offboard_control/install/px4_msgs/lib:/home/aidanbagley/ws_offboard_control/install/px4_ros_com/lib:/home/aidanbagley/DarpaTriage/ws_sensor_combined/install/px4_ros_com/lib:/home/aidanbagley/DarpaTriage/ws_sensor_combined/install/px4_msgs/lib:/opt/ros/humble/opt/rviz_ogre_vendor/lib:/opt/ros/humble/lib/x86_64-linux-gnu:/opt/ros/humble/lib /usr/bin/cmake --install /home/aidanbagley/ws_offboard_control/build/px4_ros_com
[6.882s] -- Install configuration: ""
[6.882s] -- Up-to-date: /home/aidanbagley/ws_offboard_control/install/px4_ros_com/lib/px4_ros_com/sensor_combined_listener
[6.882s] -- Up-to-date: /home/aidanbagley/ws_offboard_control/install/px4_ros_com/lib/px4_ros_com/vehicle_gps_position_listener
[6.883s] -- Up-to-date: /home/aidanbagley/ws_offboard_control/install/px4_ros_com/lib/px4_ros_com/debug_vect_advertiser
[6.883s] -- Installing: /home/aidanbagley/ws_offboard_control/install/px4_ros_com/lib/px4_ros_com/offboard_control
[6.888s] -- Set runtime path of "/home/aidanbagley/ws_offboard_control/install/px4_ros_com/lib/px4_ros_com/offboard_control" to ""
[6.888s] -- Up-to-date: /home/aidanbagley/ws_offboard_control/install/px4_ros_com/lib/px4_ros_com/offboard_control_srv
[6.888s] -- Up-to-date: /home/aidanbagley/ws_offboard_control/install/px4_ros_com/share/px4_ros_com/environment/library_path.sh
[6.889s] -- Up-to-date: /home/aidanbagley/ws_offboard_control/install/px4_ros_com/share/px4_ros_com/environment/library_path.dsv
[6.889s] -- Up-to-date: /home/aidanbagley/ws_offboard_control/install/px4_ros_com/include/px4_ros_com
[6.889s] -- Up-to-date: /home/aidanbagley/ws_offboard_control/install/px4_ros_com/include/px4_ros_com/frame_transforms.h
[6.889s] -- Up-to-date: /home/aidanbagley/ws_offboard_control/install/px4_ros_com/lib/libframe_transforms.so
[6.890s] -- Up-to-date: /home/aidanbagley/ws_offboard_control/install/px4_ros_com/share/px4_ros_com//launch
[6.890s] -- Up-to-date: /home/aidanbagley/ws_offboard_control/install/px4_ros_com/share/px4_ros_com//launch/sensor_combined_listener.launch.py
[6.890s] -- Up-to-date: /home/aidanbagley/ws_offboard_control/install/px4_ros_com/share/px4_ros_com//launch/offboard_control_launch.yaml
[6.891s] -- Up-to-date: /home/aidanbagley/ws_offboard_control/install/px4_ros_com/share/px4_ros_com//test
[6.891s] -- Up-to-date: /home/aidanbagley/ws_offboard_control/install/px4_ros_com/share/px4_ros_com//test/test_output.py
[6.891s] -- Up-to-date: /home/aidanbagley/ws_offboard_control/install/px4_ros_com/share/px4_ros_com//test/pipeline_io_test.py
[6.891s] -- Up-to-date: /home/aidanbagley/ws_offboard_control/install/px4_ros_com/share/px4_ros_com//test/__init__.py
[6.891s] -- Up-to-date: /home/aidanbagley/ws_offboard_control/install/px4_ros_com/share/px4_ros_com//test/test_input.py
[6.892s] -- Up-to-date: /home/aidanbagley/ws_offboard_control/install/px4_ros_com/share/px4_ros_com/environment/pythonpath.sh
[6.892s] -- Up-to-date: /home/aidanbagley/ws_offboard_control/install/px4_ros_com/share/px4_ros_com/environment/pythonpath.dsv
[6.892s] -- Up-to-date: /home/aidanbagley/ws_offboard_control/install/px4_ros_com/local/lib/python3.10/dist-packages/px4_ros_com-0.1.0-py3.10.egg-info
[6.892s] -- Installing: /home/aidanbagley/ws_offboard_control/install/px4_ros_com/local/lib/python3.10/dist-packages/px4_ros_com-0.1.0-py3.10.egg-info/dependency_links.txt
[6.892s] -- Installing: /home/aidanbagley/ws_offboard_control/install/px4_ros_com/local/lib/python3.10/dist-packages/px4_ros_com-0.1.0-py3.10.egg-info/SOURCES.txt
[6.892s] -- Installing: /home/aidanbagley/ws_offboard_control/install/px4_ros_com/local/lib/python3.10/dist-packages/px4_ros_com-0.1.0-py3.10.egg-info/PKG-INFO
[6.892s] -- Installing: /home/aidanbagley/ws_offboard_control/install/px4_ros_com/local/lib/python3.10/dist-packages/px4_ros_com-0.1.0-py3.10.egg-info/top_level.txt
[6.892s] -- Up-to-date: /home/aidanbagley/ws_offboard_control/install/px4_ros_com/local/lib/python3.10/dist-packages/px4_ros_com
[6.892s] -- Up-to-date: /home/aidanbagley/ws_offboard_control/install/px4_ros_com/local/lib/python3.10/dist-packages/px4_ros_com/module_to_import.py
[6.892s] -- Up-to-date: /home/aidanbagley/ws_offboard_control/install/px4_ros_com/local/lib/python3.10/dist-packages/px4_ros_com/__init__.py
[6.925s] Listing '/home/aidanbagley/ws_offboard_control/install/px4_ros_com/local/lib/python3.10/dist-packages/px4_ros_com'...
[6.930s] -- Up-to-date: /home/aidanbagley/ws_offboard_control/install/px4_ros_com/lib/px4_ros_com/offboard_control.py
[6.931s] -- Up-to-date: /home/aidanbagley/ws_offboard_control/install/px4_ros_com/share/ament_index/resource_index/package_run_dependencies/px4_ros_com
[6.931s] -- Up-to-date: /home/aidanbagley/ws_offboard_control/install/px4_ros_com/share/ament_index/resource_index/parent_prefix_path/px4_ros_com
[6.931s] -- Up-to-date: /home/aidanbagley/ws_offboard_control/install/px4_ros_com/share/px4_ros_com/environment/ament_prefix_path.sh
[6.932s] -- Up-to-date: /home/aidanbagley/ws_offboard_control/install/px4_ros_com/share/px4_ros_com/environment/ament_prefix_path.dsv
[6.932s] -- Up-to-date: /home/aidanbagley/ws_offboard_control/install/px4_ros_com/share/px4_ros_com/environment/path.sh
[6.932s] -- Up-to-date: /home/aidanbagley/ws_offboard_control/install/px4_ros_com/share/px4_ros_com/environment/path.dsv
[6.932s] -- Up-to-date: /home/aidanbagley/ws_offboard_control/install/px4_ros_com/share/px4_ros_com/local_setup.bash
[6.933s] -- Up-to-date: /home/aidanbagley/ws_offboard_control/install/px4_ros_com/share/px4_ros_com/local_setup.sh
[6.933s] -- Up-to-date: /home/aidanbagley/ws_offboard_control/install/px4_ros_com/share/px4_ros_com/local_setup.zsh
[6.933s] -- Up-to-date: /home/aidanbagley/ws_offboard_control/install/px4_ros_com/share/px4_ros_com/local_setup.dsv
[6.933s] -- Installing: /home/aidanbagley/ws_offboard_control/install/px4_ros_com/share/px4_ros_com/package.dsv
[6.933s] -- Up-to-date: /home/aidanbagley/ws_offboard_control/install/px4_ros_com/share/ament_index/resource_index/packages/px4_ros_com
[6.933s] -- Up-to-date: /home/aidanbagley/ws_offboard_control/install/px4_ros_com/share/px4_ros_com/cmake/export_frame_transformsExport.cmake
[6.933s] -- Up-to-date: /home/aidanbagley/ws_offboard_control/install/px4_ros_com/share/px4_ros_com/cmake/export_frame_transformsExport-noconfig.cmake
[6.933s] -- Up-to-date: /home/aidanbagley/ws_offboard_control/install/px4_ros_com/share/px4_ros_com/cmake/ament_cmake_export_dependencies-extras.cmake
[6.933s] -- Up-to-date: /home/aidanbagley/ws_offboard_control/install/px4_ros_com/share/px4_ros_com/cmake/ament_cmake_export_targets-extras.cmake
[6.933s] -- Up-to-date: /home/aidanbagley/ws_offboard_control/install/px4_ros_com/share/px4_ros_com/cmake/ament_cmake_export_include_directories-extras.cmake
[6.933s] -- Up-to-date: /home/aidanbagley/ws_offboard_control/install/px4_ros_com/share/px4_ros_com/cmake/ament_cmake_export_libraries-extras.cmake
[6.933s] -- Up-to-date: /home/aidanbagley/ws_offboard_control/install/px4_ros_com/share/px4_ros_com/cmake/px4_ros_comConfig.cmake
[6.934s] -- Up-to-date: /home/aidanbagley/ws_offboard_control/install/px4_ros_com/share/px4_ros_com/cmake/px4_ros_comConfig-version.cmake
[6.934s] -- Up-to-date: /home/aidanbagley/ws_offboard_control/install/px4_ros_com/share/px4_ros_com/package.xml
[6.936s] Invoked command in '/home/aidanbagley/ws_offboard_control/build/px4_ros_com' returned '0': CMAKE_PREFIX_PATH=/home/aidanbagley/ws_offboard_control/install/px4_msgs:/home/aidanbagley/ws_offboard_control/install/px4_ros_com:/home/aidanbagley/DarpaTriage/ws_sensor_combined/install/px4_ros_com:/home/aidanbagley/DarpaTriage/ws_sensor_combined/install/px4_msgs:/opt/ros/humble LD_LIBRARY_PATH=/home/aidanbagley/ws_offboard_control/install/px4_msgs/lib:/home/aidanbagley/ws_offboard_control/install/px4_ros_com/lib:/home/aidanbagley/DarpaTriage/ws_sensor_combined/install/px4_ros_com/lib:/home/aidanbagley/DarpaTriage/ws_sensor_combined/install/px4_msgs/lib:/opt/ros/humble/opt/rviz_ogre_vendor/lib:/opt/ros/humble/lib/x86_64-linux-gnu:/opt/ros/humble/lib /usr/bin/cmake --install /home/aidanbagley/ws_offboard_control/build/px4_ros_com
