[-2.663s] DEBUG:colcon:Command line arguments: ['/usr/bin/colcon', 'build']
[-2.663s] DEBUG:colcon:Parsed command line arguments: Namespace(log_base=None, log_level=None, verb_name='build', build_base='build', install_base='install', merge_install=False, symlink_install=False, test_result_base=None, continue_on_error=False, executor='parallel', parallel_workers=16, event_handlers=None, ignore_user_meta=False, metas=['./colcon.meta'], base_paths=['.'], packages_ignore=None, packages_ignore_regex=None, paths=None, packages_up_to=None, packages_up_to_regex=None, packages_above=None, packages_above_and_dependencies=None, packages_above_depth=None, packages_select_by_dep=None, packages_skip_by_dep=None, packages_skip_up_to=None, packages_select_build_failed=False, packages_skip_build_finished=False, packages_select_test_failures=False, packages_skip_test_passed=False, packages_select=None, packages_skip=None, packages_select_regex=None, packages_skip_regex=None, packages_start=None, packages_end=None, allow_overriding=[], cmake_args=None, cmake_target=None, cmake_target_skip_unavailable=False, cmake_clean_cache=False, cmake_clean_first=False, cmake_force_configure=False, ament_cmake_args=None, catkin_cmake_args=None, catkin_skip_building_tests=False, mixin_files=None, mixin=None, verb_parser=<colcon_mixin.mixin.mixin_argument.MixinArgumentDecorator object at 0x7fc3fca6f100>, verb_extension=<colcon_core.verb.build.BuildVerb object at 0x7fc3fcc34040>, main=<bound method BuildVerb.main of <colcon_core.verb.build.BuildVerb object at 0x7fc3fcc34040>>, mixin_verb=('build',))
[-2.623s] Level 1:colcon.colcon_core.package_discovery:discover_packages(colcon_meta) check parameters
[-2.623s] Level 1:colcon.colcon_core.package_discovery:discover_packages(recursive) check parameters
[-2.623s] Level 1:colcon.colcon_core.package_discovery:discover_packages(ignore) check parameters
[-2.623s] Level 1:colcon.colcon_core.package_discovery:discover_packages(path) check parameters
[-2.623s] Level 1:colcon.colcon_core.package_discovery:discover_packages(colcon_meta) discover
[-2.623s] Level 1:colcon.colcon_core.package_discovery:discover_packages(recursive) discover
[-2.623s] INFO:colcon.colcon_core.package_discovery:Crawling recursively for packages in '/home/aidanbagley/ws_offboard_control'
[-2.623s] Level 1:colcon.colcon_core.package_identification:_identify(.) by extensions ['ignore', 'ignore_ament_install']
[-2.622s] Level 1:colcon.colcon_core.package_identification:_identify(.) by extension 'ignore'
[-2.622s] Level 1:colcon.colcon_core.package_identification:_identify(.) by extension 'ignore_ament_install'
[-2.622s] Level 1:colcon.colcon_core.package_identification:_identify(.) by extensions ['colcon_pkg']
[-2.622s] Level 1:colcon.colcon_core.package_identification:_identify(.) by extension 'colcon_pkg'
[-2.622s] Level 1:colcon.colcon_core.package_identification:_identify(.) by extensions ['colcon_meta']
[-2.622s] Level 1:colcon.colcon_core.package_identification:_identify(.) by extension 'colcon_meta'
[-2.622s] Level 1:colcon.colcon_core.package_identification:_identify(.) by extensions ['ros']
[-2.622s] Level 1:colcon.colcon_core.package_identification:_identify(.) by extension 'ros'
[-2.607s] Level 1:colcon.colcon_core.package_identification:_identify(.) by extensions ['cmake', 'python']
[-2.607s] Level 1:colcon.colcon_core.package_identification:_identify(.) by extension 'cmake'
[-2.607s] Level 1:colcon.colcon_core.package_identification:_identify(.) by extension 'python'
[-2.606s] Level 1:colcon.colcon_core.package_identification:_identify(.) by extensions ['python_setup_py']
[-2.606s] Level 1:colcon.colcon_core.package_identification:_identify(.) by extension 'python_setup_py'
[-2.606s] Level 1:colcon.colcon_core.package_identification:_identify(build) by extensions ['ignore', 'ignore_ament_install']
[-2.606s] Level 1:colcon.colcon_core.package_identification:_identify(build) by extension 'ignore'
[-2.606s] Level 1:colcon.colcon_core.package_identification:_identify(build) ignored
[-2.606s] Level 1:colcon.colcon_core.package_identification:_identify(install) by extensions ['ignore', 'ignore_ament_install']
[-2.606s] Level 1:colcon.colcon_core.package_identification:_identify(install) by extension 'ignore'
[-2.606s] Level 1:colcon.colcon_core.package_identification:_identify(install) ignored
[-2.606s] Level 1:colcon.colcon_core.package_identification:_identify(log) by extensions ['ignore', 'ignore_ament_install']
[-2.605s] Level 1:colcon.colcon_core.package_identification:_identify(log) by extension 'ignore'
[-2.605s] Level 1:colcon.colcon_core.package_identification:_identify(log) ignored
[-2.605s] Level 1:colcon.colcon_core.package_identification:_identify(src) by extensions ['ignore', 'ignore_ament_install']
[-2.605s] Level 1:colcon.colcon_core.package_identification:_identify(src) by extension 'ignore'
[-2.605s] Level 1:colcon.colcon_core.package_identification:_identify(src) by extension 'ignore_ament_install'
[-2.605s] Level 1:colcon.colcon_core.package_identification:_identify(src) by extensions ['colcon_pkg']
[-2.605s] Level 1:colcon.colcon_core.package_identification:_identify(src) by extension 'colcon_pkg'
[-2.605s] Level 1:colcon.colcon_core.package_identification:_identify(src) by extensions ['colcon_meta']
[-2.605s] Level 1:colcon.colcon_core.package_identification:_identify(src) by extension 'colcon_meta'
[-2.605s] Level 1:colcon.colcon_core.package_identification:_identify(src) by extensions ['ros']
[-2.605s] Level 1:colcon.colcon_core.package_identification:_identify(src) by extension 'ros'
[-2.605s] Level 1:colcon.colcon_core.package_identification:_identify(src) by extensions ['cmake', 'python']
[-2.605s] Level 1:colcon.colcon_core.package_identification:_identify(src) by extension 'cmake'
[-2.605s] Level 1:colcon.colcon_core.package_identification:_identify(src) by extension 'python'
[-2.605s] Level 1:colcon.colcon_core.package_identification:_identify(src) by extensions ['python_setup_py']
[-2.605s] Level 1:colcon.colcon_core.package_identification:_identify(src) by extension 'python_setup_py'
[-2.604s] Level 1:colcon.colcon_core.package_identification:_identify(src/px4_msgs) by extensions ['ignore', 'ignore_ament_install']
[-2.604s] Level 1:colcon.colcon_core.package_identification:_identify(src/px4_msgs) by extension 'ignore'
[-2.604s] Level 1:colcon.colcon_core.package_identification:_identify(src/px4_msgs) by extension 'ignore_ament_install'
[-2.604s] Level 1:colcon.colcon_core.package_identification:_identify(src/px4_msgs) by extensions ['colcon_pkg']
[-2.604s] Level 1:colcon.colcon_core.package_identification:_identify(src/px4_msgs) by extension 'colcon_pkg'
[-2.604s] Level 1:colcon.colcon_core.package_identification:_identify(src/px4_msgs) by extensions ['colcon_meta']
[-2.604s] Level 1:colcon.colcon_core.package_identification:_identify(src/px4_msgs) by extension 'colcon_meta'
[-2.604s] Level 1:colcon.colcon_core.package_identification:_identify(src/px4_msgs) by extensions ['ros']
[-2.604s] Level 1:colcon.colcon_core.package_identification:_identify(src/px4_msgs) by extension 'ros'
[-2.601s] DEBUG:colcon.colcon_core.package_identification:Package 'src/px4_msgs' with type 'ros.ament_cmake' and name 'px4_msgs'
[-2.600s] Level 1:colcon.colcon_core.package_identification:_identify(src/px4_ros_com) by extensions ['ignore', 'ignore_ament_install']
[-2.600s] Level 1:colcon.colcon_core.package_identification:_identify(src/px4_ros_com) by extension 'ignore'
[-2.600s] Level 1:colcon.colcon_core.package_identification:_identify(src/px4_ros_com) by extension 'ignore_ament_install'
[-2.600s] Level 1:colcon.colcon_core.package_identification:_identify(src/px4_ros_com) by extensions ['colcon_pkg']
[-2.600s] Level 1:colcon.colcon_core.package_identification:_identify(src/px4_ros_com) by extension 'colcon_pkg'
[-2.600s] Level 1:colcon.colcon_core.package_identification:_identify(src/px4_ros_com) by extensions ['colcon_meta']
[-2.600s] Level 1:colcon.colcon_core.package_identification:_identify(src/px4_ros_com) by extension 'colcon_meta'
[-2.600s] Level 1:colcon.colcon_core.package_identification:_identify(src/px4_ros_com) by extensions ['ros']
[-2.599s] Level 1:colcon.colcon_core.package_identification:_identify(src/px4_ros_com) by extension 'ros'
[-2.598s] DEBUG:colcon.colcon_core.package_identification:Package 'src/px4_ros_com' with type 'ros.ament_cmake' and name 'px4_ros_com'
[-2.598s] Level 1:colcon.colcon_core.package_discovery:discover_packages(recursive) using defaults
[-2.598s] Level 1:colcon.colcon_core.package_discovery:discover_packages(ignore) discover
[-2.597s] Level 1:colcon.colcon_core.package_discovery:discover_packages(ignore) using defaults
[-2.597s] Level 1:colcon.colcon_core.package_discovery:discover_packages(path) discover
[-2.597s] Level 1:colcon.colcon_core.package_discovery:discover_packages(path) using defaults
[-2.573s] Level 1:colcon.colcon_core.package_discovery:discover_packages(prefix_path) check parameters
[-2.573s] Level 1:colcon.colcon_core.package_discovery:discover_packages(prefix_path) discover
[-2.571s] DEBUG:colcon.colcon_installed_package_information.package_discovery:Found 2 installed packages in /home/aidanbagley/ws_offboard_control/install
[-2.571s] DEBUG:colcon.colcon_installed_package_information.package_discovery:Found 2 installed packages in /home/aidanbagley/DarpaTriage/ws_sensor_combined/install
[-2.569s] DEBUG:colcon.colcon_installed_package_information.package_discovery:Found 270 installed packages in /opt/ros/humble
[-2.568s] Level 1:colcon.colcon_core.package_discovery:discover_packages(prefix_path) using defaults
[-2.525s] Level 5:colcon.colcon_core.verb:set package 'px4_msgs' build argument 'cmake_args' from command line to 'None'
[-2.524s] Level 5:colcon.colcon_core.verb:set package 'px4_msgs' build argument 'cmake_target' from command line to 'None'
[-2.524s] Level 5:colcon.colcon_core.verb:set package 'px4_msgs' build argument 'cmake_target_skip_unavailable' from command line to 'False'
[-2.524s] Level 5:colcon.colcon_core.verb:set package 'px4_msgs' build argument 'cmake_clean_cache' from command line to 'False'
[-2.524s] Level 5:colcon.colcon_core.verb:set package 'px4_msgs' build argument 'cmake_clean_first' from command line to 'False'
[-2.524s] Level 5:colcon.colcon_core.verb:set package 'px4_msgs' build argument 'cmake_force_configure' from command line to 'False'
[-2.524s] Level 5:colcon.colcon_core.verb:set package 'px4_msgs' build argument 'ament_cmake_args' from command line to 'None'
[-2.524s] Level 5:colcon.colcon_core.verb:set package 'px4_msgs' build argument 'catkin_cmake_args' from command line to 'None'
[-2.524s] Level 5:colcon.colcon_core.verb:set package 'px4_msgs' build argument 'catkin_skip_building_tests' from command line to 'False'
[-2.524s] DEBUG:colcon.colcon_core.verb:Building package 'px4_msgs' with the following arguments: {'ament_cmake_args': None, 'build_base': '/home/aidanbagley/ws_offboard_control/build/px4_msgs', 'catkin_cmake_args': None, 'catkin_skip_building_tests': False, 'cmake_args': None, 'cmake_clean_cache': False, 'cmake_clean_first': False, 'cmake_force_configure': False, 'cmake_target': None, 'cmake_target_skip_unavailable': False, 'install_base': '/home/aidanbagley/ws_offboard_control/install/px4_msgs', 'merge_install': False, 'path': '/home/aidanbagley/ws_offboard_control/src/px4_msgs', 'symlink_install': False, 'test_result_base': None}
[-2.524s] Level 5:colcon.colcon_core.verb:set package 'px4_ros_com' build argument 'cmake_args' from command line to 'None'
[-2.524s] Level 5:colcon.colcon_core.verb:set package 'px4_ros_com' build argument 'cmake_target' from command line to 'None'
[-2.524s] Level 5:colcon.colcon_core.verb:set package 'px4_ros_com' build argument 'cmake_target_skip_unavailable' from command line to 'False'
[-2.524s] Level 5:colcon.colcon_core.verb:set package 'px4_ros_com' build argument 'cmake_clean_cache' from command line to 'False'
[-2.524s] Level 5:colcon.colcon_core.verb:set package 'px4_ros_com' build argument 'cmake_clean_first' from command line to 'False'
[-2.523s] Level 5:colcon.colcon_core.verb:set package 'px4_ros_com' build argument 'cmake_force_configure' from command line to 'False'
[-2.523s] Level 5:colcon.colcon_core.verb:set package 'px4_ros_com' build argument 'ament_cmake_args' from command line to 'None'
[-2.523s] Level 5:colcon.colcon_core.verb:set package 'px4_ros_com' build argument 'catkin_cmake_args' from command line to 'None'
[-2.523s] Level 5:colcon.colcon_core.verb:set package 'px4_ros_com' build argument 'catkin_skip_building_tests' from command line to 'False'
[-2.523s] DEBUG:colcon.colcon_core.verb:Building package 'px4_ros_com' with the following arguments: {'ament_cmake_args': None, 'build_base': '/home/aidanbagley/ws_offboard_control/build/px4_ros_com', 'catkin_cmake_args': None, 'catkin_skip_building_tests': False, 'cmake_args': None, 'cmake_clean_cache': False, 'cmake_clean_first': False, 'cmake_force_configure': False, 'cmake_target': None, 'cmake_target_skip_unavailable': False, 'install_base': '/home/aidanbagley/ws_offboard_control/install/px4_ros_com', 'merge_install': False, 'path': '/home/aidanbagley/ws_offboard_control/src/px4_ros_com', 'symlink_install': False, 'test_result_base': None}
[-2.523s] INFO:colcon.colcon_core.executor:Executing jobs using 'parallel' executor
[-2.522s] DEBUG:colcon.colcon_parallel_executor.executor.parallel:run_until_complete
[-2.522s] INFO:colcon.colcon_ros.task.ament_cmake.build:Building ROS package in '/home/aidanbagley/ws_offboard_control/src/px4_msgs' with build type 'ament_cmake'
[-2.521s] INFO:colcon.colcon_cmake.task.cmake.build:Building CMake package in '/home/aidanbagley/ws_offboard_control/src/px4_msgs'
[-2.518s] INFO:colcon.colcon_core.plugin_system:Skipping extension 'colcon_core.shell.bat': Not used on non-Windows systems
[-2.518s] INFO:colcon.colcon_core.shell:Skip shell extension 'powershell' for command environment: Not usable outside of PowerShell
[-2.518s] DEBUG:colcon.colcon_core.shell:Skip shell extension 'dsv' for command environment
[-2.503s] DEBUG:colcon.colcon_core.event_handler.log_command:Invoking command in '/home/aidanbagley/ws_offboard_control/build/px4_msgs': CMAKE_PREFIX_PATH=${CMAKE_PREFIX_PATH}:/opt/ros/humble /usr/bin/cmake --build /home/aidanbagley/ws_offboard_control/build/px4_msgs -- -j16 -l16
[-1.153s] DEBUG:colcon.colcon_core.event_handler.log_command:Invoked command in '/home/aidanbagley/ws_offboard_control/build/px4_msgs' returned '0': CMAKE_PREFIX_PATH=${CMAKE_PREFIX_PATH}:/opt/ros/humble /usr/bin/cmake --build /home/aidanbagley/ws_offboard_control/build/px4_msgs -- -j16 -l16
[-1.138s] DEBUG:colcon.colcon_core.event_handler.log_command:Invoking command in '/home/aidanbagley/ws_offboard_control/build/px4_msgs': CMAKE_PREFIX_PATH=${CMAKE_PREFIX_PATH}:/opt/ros/humble /usr/bin/cmake --install /home/aidanbagley/ws_offboard_control/build/px4_msgs
[-0.239s] Level 1:colcon.colcon_core.environment:create_environment_scripts_only(px4_msgs)
[-0.205s] Level 1:colcon.colcon_core.environment:checking '/home/aidanbagley/ws_offboard_control/install/px4_msgs' for CMake module files
[-0.187s] Level 1:colcon.colcon_core.environment:checking '/home/aidanbagley/ws_offboard_control/install/px4_msgs' for CMake config files
[-0.186s] DEBUG:colcon.colcon_core.event_handler.log_command:Invoked command in '/home/aidanbagley/ws_offboard_control/build/px4_msgs' returned '0': CMAKE_PREFIX_PATH=${CMAKE_PREFIX_PATH}:/opt/ros/humble /usr/bin/cmake --install /home/aidanbagley/ws_offboard_control/build/px4_msgs
[-0.180s] Level 1:colcon.colcon_core.shell:create_environment_hook('px4_msgs', 'cmake_prefix_path')
[-0.179s] INFO:colcon.colcon_core.shell:Creating environment hook '/home/aidanbagley/ws_offboard_control/install/px4_msgs/share/px4_msgs/hook/cmake_prefix_path.ps1'
[-0.178s] INFO:colcon.colcon_core.shell:Creating environment descriptor '/home/aidanbagley/ws_offboard_control/install/px4_msgs/share/px4_msgs/hook/cmake_prefix_path.dsv'
[-0.178s] INFO:colcon.colcon_core.shell:Creating environment hook '/home/aidanbagley/ws_offboard_control/install/px4_msgs/share/px4_msgs/hook/cmake_prefix_path.sh'
[-0.177s] Level 1:colcon.colcon_core.environment:checking '/home/aidanbagley/ws_offboard_control/install/px4_msgs/lib'
[-0.176s] Level 1:colcon.colcon_core.shell:create_environment_hook('px4_msgs', 'ld_library_path_lib')
[-0.176s] INFO:colcon.colcon_core.shell:Creating environment hook '/home/aidanbagley/ws_offboard_control/install/px4_msgs/share/px4_msgs/hook/ld_library_path_lib.ps1'
[-0.175s] INFO:colcon.colcon_core.shell:Creating environment descriptor '/home/aidanbagley/ws_offboard_control/install/px4_msgs/share/px4_msgs/hook/ld_library_path_lib.dsv'
[-0.175s] INFO:colcon.colcon_core.shell:Creating environment hook '/home/aidanbagley/ws_offboard_control/install/px4_msgs/share/px4_msgs/hook/ld_library_path_lib.sh'
[-0.175s] Level 1:colcon.colcon_core.environment:checking '/home/aidanbagley/ws_offboard_control/install/px4_msgs/bin'
[-0.175s] Level 1:colcon.colcon_core.environment:checking '/home/aidanbagley/ws_offboard_control/install/px4_msgs/lib/pkgconfig/px4_msgs.pc'
[-0.174s] Level 1:colcon.colcon_core.environment:checking '/home/aidanbagley/ws_offboard_control/install/px4_msgs/lib/python3.10/site-packages'
[-0.174s] Level 1:colcon.colcon_core.environment:checking '/home/aidanbagley/ws_offboard_control/install/px4_msgs/bin'
[-0.174s] INFO:colcon.colcon_core.shell:Creating package script '/home/aidanbagley/ws_offboard_control/install/px4_msgs/share/px4_msgs/package.ps1'
[-0.173s] INFO:colcon.colcon_core.shell:Creating package descriptor '/home/aidanbagley/ws_offboard_control/install/px4_msgs/share/px4_msgs/package.dsv'
[-0.172s] INFO:colcon.colcon_core.shell:Creating package script '/home/aidanbagley/ws_offboard_control/install/px4_msgs/share/px4_msgs/package.sh'
[-0.172s] INFO:colcon.colcon_core.shell:Creating package script '/home/aidanbagley/ws_offboard_control/install/px4_msgs/share/px4_msgs/package.bash'
[-0.171s] INFO:colcon.colcon_core.shell:Creating package script '/home/aidanbagley/ws_offboard_control/install/px4_msgs/share/px4_msgs/package.zsh'
[-0.170s] Level 1:colcon.colcon_core.environment:create_file_with_runtime_dependencies(/home/aidanbagley/ws_offboard_control/install/px4_msgs/share/colcon-core/packages/px4_msgs)
[-0.169s] Level 1:colcon.colcon_core.environment:create_environment_scripts_only(px4_msgs)
[-0.169s] Level 1:colcon.colcon_core.environment:checking '/home/aidanbagley/ws_offboard_control/install/px4_msgs' for CMake module files
[-0.168s] Level 1:colcon.colcon_core.environment:checking '/home/aidanbagley/ws_offboard_control/install/px4_msgs' for CMake config files
[-0.163s] Level 1:colcon.colcon_core.shell:create_environment_hook('px4_msgs', 'cmake_prefix_path')
[-0.163s] INFO:colcon.colcon_core.shell:Creating environment hook '/home/aidanbagley/ws_offboard_control/install/px4_msgs/share/px4_msgs/hook/cmake_prefix_path.ps1'
[-0.162s] INFO:colcon.colcon_core.shell:Creating environment descriptor '/home/aidanbagley/ws_offboard_control/install/px4_msgs/share/px4_msgs/hook/cmake_prefix_path.dsv'
[-0.162s] INFO:colcon.colcon_core.shell:Creating environment hook '/home/aidanbagley/ws_offboard_control/install/px4_msgs/share/px4_msgs/hook/cmake_prefix_path.sh'
[-0.161s] Level 1:colcon.colcon_core.environment:checking '/home/aidanbagley/ws_offboard_control/install/px4_msgs/lib'
[-0.161s] Level 1:colcon.colcon_core.shell:create_environment_hook('px4_msgs', 'ld_library_path_lib')
[-0.161s] INFO:colcon.colcon_core.shell:Creating environment hook '/home/aidanbagley/ws_offboard_control/install/px4_msgs/share/px4_msgs/hook/ld_library_path_lib.ps1'
[-0.160s] INFO:colcon.colcon_core.shell:Creating environment descriptor '/home/aidanbagley/ws_offboard_control/install/px4_msgs/share/px4_msgs/hook/ld_library_path_lib.dsv'
[-0.160s] INFO:colcon.colcon_core.shell:Creating environment hook '/home/aidanbagley/ws_offboard_control/install/px4_msgs/share/px4_msgs/hook/ld_library_path_lib.sh'
[-0.159s] Level 1:colcon.colcon_core.environment:checking '/home/aidanbagley/ws_offboard_control/install/px4_msgs/bin'
[-0.159s] Level 1:colcon.colcon_core.environment:checking '/home/aidanbagley/ws_offboard_control/install/px4_msgs/lib/pkgconfig/px4_msgs.pc'
[-0.159s] Level 1:colcon.colcon_core.environment:checking '/home/aidanbagley/ws_offboard_control/install/px4_msgs/lib/python3.10/site-packages'
[-0.158s] Level 1:colcon.colcon_core.environment:checking '/home/aidanbagley/ws_offboard_control/install/px4_msgs/bin'
[-0.158s] INFO:colcon.colcon_core.shell:Creating package script '/home/aidanbagley/ws_offboard_control/install/px4_msgs/share/px4_msgs/package.ps1'
[-0.157s] INFO:colcon.colcon_core.shell:Creating package descriptor '/home/aidanbagley/ws_offboard_control/install/px4_msgs/share/px4_msgs/package.dsv'
[-0.156s] INFO:colcon.colcon_core.shell:Creating package script '/home/aidanbagley/ws_offboard_control/install/px4_msgs/share/px4_msgs/package.sh'
[-0.156s] INFO:colcon.colcon_core.shell:Creating package script '/home/aidanbagley/ws_offboard_control/install/px4_msgs/share/px4_msgs/package.bash'
[-0.156s] INFO:colcon.colcon_core.shell:Creating package script '/home/aidanbagley/ws_offboard_control/install/px4_msgs/share/px4_msgs/package.zsh'
[-0.155s] Level 1:colcon.colcon_core.environment:create_file_with_runtime_dependencies(/home/aidanbagley/ws_offboard_control/install/px4_msgs/share/colcon-core/packages/px4_msgs)
[-0.155s] INFO:colcon.colcon_ros.task.ament_cmake.build:Building ROS package in '/home/aidanbagley/ws_offboard_control/src/px4_ros_com' with build type 'ament_cmake'
[-0.154s] INFO:colcon.colcon_cmake.task.cmake.build:Building CMake package in '/home/aidanbagley/ws_offboard_control/src/px4_ros_com'
[-0.154s] INFO:colcon.colcon_core.shell:Skip shell extension 'powershell' for command environment: Not usable outside of PowerShell
[-0.154s] DEBUG:colcon.colcon_core.shell:Skip shell extension 'dsv' for command environment
[-0.014s] DEBUG:colcon.colcon_core.event_handler.log_command:Invoking command in '/home/aidanbagley/ws_offboard_control/build/px4_ros_com': CMAKE_PREFIX_PATH=/home/aidanbagley/ws_offboard_control/install/px4_msgs:/home/aidanbagley/ws_offboard_control/install/px4_ros_com:/home/aidanbagley/DarpaTriage/ws_sensor_combined/install/px4_ros_com:/home/aidanbagley/DarpaTriage/ws_sensor_combined/install/px4_msgs:/opt/ros/humble LD_LIBRARY_PATH=/home/aidanbagley/ws_offboard_control/install/px4_msgs/lib:/home/aidanbagley/ws_offboard_control/install/px4_ros_com/lib:/home/aidanbagley/DarpaTriage/ws_sensor_combined/install/px4_ros_com/lib:/home/aidanbagley/DarpaTriage/ws_sensor_combined/install/px4_msgs/lib:/opt/ros/humble/opt/rviz_ogre_vendor/lib:/opt/ros/humble/lib/x86_64-linux-gnu:/opt/ros/humble/lib /usr/bin/cmake --build /home/aidanbagley/ws_offboard_control/build/px4_ros_com -- -j16 -l16
[4.564s] DEBUG:colcon.colcon_core.event_handler.log_command:Invoked command in '/home/aidanbagley/ws_offboard_control/build/px4_ros_com' returned '2': CMAKE_PREFIX_PATH=/home/aidanbagley/ws_offboard_control/install/px4_msgs:/home/aidanbagley/ws_offboard_control/install/px4_ros_com:/home/aidanbagley/DarpaTriage/ws_sensor_combined/install/px4_ros_com:/home/aidanbagley/DarpaTriage/ws_sensor_combined/install/px4_msgs:/opt/ros/humble LD_LIBRARY_PATH=/home/aidanbagley/ws_offboard_control/install/px4_msgs/lib:/home/aidanbagley/ws_offboard_control/install/px4_ros_com/lib:/home/aidanbagley/DarpaTriage/ws_sensor_combined/install/px4_ros_com/lib:/home/aidanbagley/DarpaTriage/ws_sensor_combined/install/px4_msgs/lib:/opt/ros/humble/opt/rviz_ogre_vendor/lib:/opt/ros/humble/lib/x86_64-linux-gnu:/opt/ros/humble/lib /usr/bin/cmake --build /home/aidanbagley/ws_offboard_control/build/px4_ros_com -- -j16 -l16
[4.564s] Level 1:colcon.colcon_core.environment:create_environment_scripts_only(px4_ros_com)
[4.565s] Level 1:colcon.colcon_core.environment:checking '/home/aidanbagley/ws_offboard_control/install/px4_ros_com' for CMake module files
[4.566s] Level 1:colcon.colcon_core.environment:checking '/home/aidanbagley/ws_offboard_control/install/px4_ros_com' for CMake config files
[4.566s] Level 1:colcon.colcon_core.shell:create_environment_hook('px4_ros_com', 'cmake_prefix_path')
[4.567s] INFO:colcon.colcon_core.shell:Creating environment hook '/home/aidanbagley/ws_offboard_control/install/px4_ros_com/share/px4_ros_com/hook/cmake_prefix_path.ps1'
[4.567s] INFO:colcon.colcon_core.shell:Creating environment descriptor '/home/aidanbagley/ws_offboard_control/install/px4_ros_com/share/px4_ros_com/hook/cmake_prefix_path.dsv'
[4.568s] INFO:colcon.colcon_core.shell:Creating environment hook '/home/aidanbagley/ws_offboard_control/install/px4_ros_com/share/px4_ros_com/hook/cmake_prefix_path.sh'
[4.569s] Level 1:colcon.colcon_core.environment:checking '/home/aidanbagley/ws_offboard_control/install/px4_ros_com/lib'
[4.569s] Level 1:colcon.colcon_core.shell:create_environment_hook('px4_ros_com', 'ld_library_path_lib')
[4.569s] INFO:colcon.colcon_core.shell:Creating environment hook '/home/aidanbagley/ws_offboard_control/install/px4_ros_com/share/px4_ros_com/hook/ld_library_path_lib.ps1'
[4.570s] INFO:colcon.colcon_core.shell:Creating environment descriptor '/home/aidanbagley/ws_offboard_control/install/px4_ros_com/share/px4_ros_com/hook/ld_library_path_lib.dsv'
[4.570s] INFO:colcon.colcon_core.shell:Creating environment hook '/home/aidanbagley/ws_offboard_control/install/px4_ros_com/share/px4_ros_com/hook/ld_library_path_lib.sh'
[4.571s] Level 1:colcon.colcon_core.environment:checking '/home/aidanbagley/ws_offboard_control/install/px4_ros_com/bin'
[4.571s] Level 1:colcon.colcon_core.environment:checking '/home/aidanbagley/ws_offboard_control/install/px4_ros_com/lib/pkgconfig/px4_ros_com.pc'
[4.571s] Level 1:colcon.colcon_core.environment:checking '/home/aidanbagley/ws_offboard_control/install/px4_ros_com/lib/python3.10/site-packages'
[4.572s] Level 1:colcon.colcon_core.environment:checking '/home/aidanbagley/ws_offboard_control/install/px4_ros_com/bin'
[4.572s] INFO:colcon.colcon_core.shell:Creating package script '/home/aidanbagley/ws_offboard_control/install/px4_ros_com/share/px4_ros_com/package.ps1'
[4.573s] INFO:colcon.colcon_core.shell:Creating package descriptor '/home/aidanbagley/ws_offboard_control/install/px4_ros_com/share/px4_ros_com/package.dsv'
[4.574s] INFO:colcon.colcon_core.shell:Creating package script '/home/aidanbagley/ws_offboard_control/install/px4_ros_com/share/px4_ros_com/package.sh'
[4.574s] INFO:colcon.colcon_core.shell:Creating package script '/home/aidanbagley/ws_offboard_control/install/px4_ros_com/share/px4_ros_com/package.bash'
[4.575s] INFO:colcon.colcon_core.shell:Creating package script '/home/aidanbagley/ws_offboard_control/install/px4_ros_com/share/px4_ros_com/package.zsh'
[4.576s] Level 1:colcon.colcon_core.environment:create_file_with_runtime_dependencies(/home/aidanbagley/ws_offboard_control/install/px4_ros_com/share/colcon-core/packages/px4_ros_com)
[4.587s] DEBUG:colcon.colcon_parallel_executor.executor.parallel:closing loop
[4.587s] DEBUG:colcon.colcon_parallel_executor.executor.parallel:loop closed
[4.587s] DEBUG:colcon.colcon_parallel_executor.executor.parallel:run_until_complete finished with '2'
[4.587s] DEBUG:colcon.colcon_core.event_reactor:joining thread
[4.661s] INFO:colcon.colcon_core.plugin_system:Skipping extension 'colcon_notification.desktop_notification.notify_send': Could not find 'notify-send'
[4.661s] INFO:colcon.colcon_core.plugin_system:Skipping extension 'colcon_notification.desktop_notification.terminal_notifier': Not used on non-Darwin systems
[4.662s] INFO:colcon.colcon_core.plugin_system:Skipping extension 'colcon_notification.desktop_notification.win32': Not used on non-Windows systems
[4.662s] INFO:colcon.colcon_notification.desktop_notification:Sending desktop notification using 'notify2'
[4.662s] DEBUG:colcon.colcon_notification.desktop_notification.notify2:Failed to initialize notify2: org.freedesktop.DBus.Error.FileNotFound: Failed to connect to socket /run/user/1000/bus: No such file or directory
[4.662s] DEBUG:colcon.colcon_core.event_reactor:joined thread
[4.663s] INFO:colcon.colcon_core.shell:Creating prefix script '/home/aidanbagley/ws_offboard_control/install/local_setup.ps1'
[4.664s] INFO:colcon.colcon_core.shell:Creating prefix util module '/home/aidanbagley/ws_offboard_control/install/_local_setup_util_ps1.py'
[4.666s] INFO:colcon.colcon_core.shell:Creating prefix chain script '/home/aidanbagley/ws_offboard_control/install/setup.ps1'
[4.668s] INFO:colcon.colcon_core.shell:Creating prefix script '/home/aidanbagley/ws_offboard_control/install/local_setup.sh'
[4.670s] INFO:colcon.colcon_core.shell:Creating prefix util module '/home/aidanbagley/ws_offboard_control/install/_local_setup_util_sh.py'
[4.672s] INFO:colcon.colcon_core.shell:Creating prefix chain script '/home/aidanbagley/ws_offboard_control/install/setup.sh'
[4.709s] INFO:colcon.colcon_core.shell:Creating prefix script '/home/aidanbagley/ws_offboard_control/install/local_setup.bash'
[4.712s] INFO:colcon.colcon_core.shell:Creating prefix chain script '/home/aidanbagley/ws_offboard_control/install/setup.bash'
[4.717s] INFO:colcon.colcon_core.shell:Creating prefix script '/home/aidanbagley/ws_offboard_control/install/local_setup.zsh'
[4.720s] INFO:colcon.colcon_core.shell:Creating prefix chain script '/home/aidanbagley/ws_offboard_control/install/setup.zsh'
