[0.105s] Invoking command in '/home/aidanbagley/DarpaTriage/ROS-WS/ws_offboard_control/build/px4_ros_com': AMENT_PREFIX_PATH=/home/aidanbagley/DarpaTriage/ROS-WS/ws_offboard_control/install/px4_msgs:${AMENT_PREFIX_PATH} CMAKE_PREFIX_PATH=/home/aidanbagley/DarpaTriage/ROS-WS/ws_offboard_control/install/px4_msgs:/opt/ros/humble LD_LIBRARY_PATH=/home/aidanbagley/DarpaTriage/ROS-WS/ws_offboard_control/install/px4_msgs/lib:${LD_LIBRARY_PATH} PYTHONPATH=/home/aidanbagley/DarpaTriage/ROS-WS/ws_offboard_control/install/px4_msgs/local/lib/python3.10/dist-packages:${PYTHONPATH} /usr/bin/cmake /home/aidanbagley/DarpaTriage/ROS-WS/ws_offboard_control/src/px4_ros_com -DCMAKE_INSTALL_PREFIX=/home/aidanbagley/DarpaTriage/ROS-WS/ws_offboard_control/install/px4_ros_com
[0.250s] -- The C compiler identification is GNU 11.4.0
[0.770s] -- The CXX compiler identification is GNU 11.4.0
[1.158s] -- Detecting C compiler ABI info
[1.310s] -- Detecting C compiler ABI info - done
[1.316s] -- Check for working C compiler: /usr/bin/cc - skipped
[1.316s] -- Detecting C compile features
[1.317s] -- Detecting C compile features - done
[1.319s] -- Detecting CXX compiler ABI info
[1.500s] -- Detecting CXX compiler ABI info - done
[1.506s] -- Check for working CXX compiler: /usr/bin/c++ - skipped
[1.506s] -- Detecting CXX compile features
[1.507s] -- Detecting CXX compile features - done
[1.509s] -- Found ament_cmake: 1.3.11 (/opt/ros/humble/share/ament_cmake/cmake)
[1.821s] -- Found Python3: /usr/bin/python3 (found version "3.10.12") found components: Interpreter 
[1.898s] -- Found builtin_interfaces: 1.2.1 (/opt/ros/humble/share/builtin_interfaces/cmake)
[2.048s] -- Found rosidl_generator_c: 3.1.6 (/opt/ros/humble/share/rosidl_generator_c/cmake)
[2.052s] -- Found rosidl_adapter: 3.1.6 (/opt/ros/humble/share/rosidl_adapter/cmake)
[2.060s] -- Found rosidl_generator_cpp: 3.1.6 (/opt/ros/humble/share/rosidl_generator_cpp/cmake)
[2.070s] -- Using all available rosidl_typesupport_c: rosidl_typesupport_fastrtps_c;rosidl_typesupport_introspection_c
[2.083s] -- Using all available rosidl_typesupport_cpp: rosidl_typesupport_fastrtps_cpp;rosidl_typesupport_introspection_cpp
[2.103s] -- Found eigen3_cmake_module: 0.1.1 (/opt/ros/humble/share/eigen3_cmake_module/cmake)
[2.114s] -- Found Eigen3: TRUE (found version "3.4.0") 
[2.116s] -- Found geometry_msgs: 4.2.4 (/opt/ros/humble/share/geometry_msgs/cmake)
[2.156s] -- Found px4_msgs: 2.0.1 (/home/aidanbagley/DarpaTriage/ROS-WS/ws_offboard_control/install/px4_msgs/share/px4_msgs/cmake)
[2.169s] -- Found rclcpp: 16.0.11 (/opt/ros/humble/share/rclcpp/cmake)
[2.233s] -- Found rmw_implementation_cmake: 6.1.2 (/opt/ros/humble/share/rmw_implementation_cmake/cmake)
[2.238s] -- Found rmw_fastrtps_cpp: 6.2.7 (/opt/ros/humble/share/rmw_fastrtps_cpp/cmake)
[3.769s] -- Found OpenSSL: /usr/lib/x86_64-linux-gnu/libcrypto.so (found version "3.0.2")  
[5.361s] -- Found FastRTPS: /opt/ros/humble/include  
[8.284s] -- Using RMW implementation 'rmw_fastrtps_cpp' as default
[8.304s] -- Looking for pthread.h
[8.471s] -- Looking for pthread.h - found
[8.472s] -- Performing Test CMAKE_HAVE_LIBC_PTHREAD
[8.620s] -- Performing Test CMAKE_HAVE_LIBC_PTHREAD - Success
[8.621s] -- Found Threads: TRUE  
[8.687s] -- Found sensor_msgs: 4.2.4 (/opt/ros/humble/share/sensor_msgs/cmake)
[8.713s] -- Found rclpy: 3.3.15 (/opt/ros/humble/share/rclpy/cmake)
[8.721s] -- Found ament_lint_auto: 0.12.11 (/opt/ros/humble/share/ament_lint_auto/cmake)
[8.822s] -- Added test 'copyright' to check source files copyright and LICENSE
[8.828s] -- Added test 'cppcheck' to perform static code analysis on C / C++ code
[8.828s] -- Configured cppcheck include dirs: /home/aidanbagley/DarpaTriage/ROS-WS/ws_offboard_control/src/px4_ros_com/include;$<BUILD_INTERFACE:/home/aidanbagley/DarpaTriage/ROS-WS/ws_offboard_control/src/px4_ros_com/include/px4_ros_com>
[8.828s] -- Configured cppcheck exclude dirs and/or files: 
[8.834s] -- Added test 'cpplint' to check C / C++ code against the Google style
[8.834s] -- Configured cpplint exclude dirs and/or files: 
[8.835s] -- Added test 'flake8' to check Python code syntax and style conventions
[8.837s] -- Added test 'lint_cmake' to check CMake code style
[8.839s] -- Added test 'pep257' to check Python code against some of the docstring style conventions in PEP 257
[8.844s] -- Added test 'uncrustify' to check C / C++ code style
[8.844s] -- Configured uncrustify additional arguments: 
[8.846s] -- Added test 'xmllint' to check XML markup files
[8.848s] -- Configuring done
[8.879s] -- Generating done
[8.888s] -- Build files have been written to: /home/aidanbagley/DarpaTriage/ROS-WS/ws_offboard_control/build/px4_ros_com
[8.899s] Invoked command in '/home/aidanbagley/DarpaTriage/ROS-WS/ws_offboard_control/build/px4_ros_com' returned '0': AMENT_PREFIX_PATH=/home/aidanbagley/DarpaTriage/ROS-WS/ws_offboard_control/install/px4_msgs:${AMENT_PREFIX_PATH} CMAKE_PREFIX_PATH=/home/aidanbagley/DarpaTriage/ROS-WS/ws_offboard_control/install/px4_msgs:/opt/ros/humble LD_LIBRARY_PATH=/home/aidanbagley/DarpaTriage/ROS-WS/ws_offboard_control/install/px4_msgs/lib:${LD_LIBRARY_PATH} PYTHONPATH=/home/aidanbagley/DarpaTriage/ROS-WS/ws_offboard_control/install/px4_msgs/local/lib/python3.10/dist-packages:${PYTHONPATH} /usr/bin/cmake /home/aidanbagley/DarpaTriage/ROS-WS/ws_offboard_control/src/px4_ros_com -DCMAKE_INSTALL_PREFIX=/home/aidanbagley/DarpaTriage/ROS-WS/ws_offboard_control/install/px4_ros_com
[8.901s] Invoking command in '/home/aidanbagley/DarpaTriage/ROS-WS/ws_offboard_control/build/px4_ros_com': AMENT_PREFIX_PATH=/home/aidanbagley/DarpaTriage/ROS-WS/ws_offboard_control/install/px4_msgs:${AMENT_PREFIX_PATH} CMAKE_PREFIX_PATH=/home/aidanbagley/DarpaTriage/ROS-WS/ws_offboard_control/install/px4_msgs:/opt/ros/humble LD_LIBRARY_PATH=/home/aidanbagley/DarpaTriage/ROS-WS/ws_offboard_control/install/px4_msgs/lib:${LD_LIBRARY_PATH} PYTHONPATH=/home/aidanbagley/DarpaTriage/ROS-WS/ws_offboard_control/install/px4_msgs/local/lib/python3.10/dist-packages:${PYTHONPATH} /usr/bin/cmake --build /home/aidanbagley/DarpaTriage/ROS-WS/ws_offboard_control/build/px4_ros_com -- -j16 -l16
[8.947s] [ 41%] [32mBuilding CXX object CMakeFiles/sensor_combined_listener.dir/src/examples/listeners/sensor_combined_listener.cpp.o[0m
[8.947s] [ 41%] [32mBuilding CXX object CMakeFiles/offboard_control_srv.dir/src/examples/offboard/offboard_control_srv.cpp.o[0m
[8.948s] [ 41%] [32mBuilding CXX object CMakeFiles/vehicle_gps_position_listener.dir/src/examples/listeners/vehicle_gps_position_listener.cpp.o[0m
[8.948s] [ 41%] [32mBuilding CXX object CMakeFiles/debug_vect_advertiser.dir/src/examples/advertisers/debug_vect_advertiser.cpp.o[0m
[8.948s] [ 41%] [32mBuilding CXX object CMakeFiles/offboard_control.dir/src/examples/offboard/offboard_control.cpp.o[0m
[8.948s] [ 50%] [32mBuilding CXX object CMakeFiles/frame_transforms.dir/src/lib/frame_transforms.cpp.o[0m
[8.958s] [ 50%] Built target ament_cmake_python_copy_px4_ros_com
[9.198s] running egg_info
[9.219s] creating px4_ros_com.egg-info
[9.220s] writing px4_ros_com.egg-info/PKG-INFO
[9.220s] writing dependency_links to px4_ros_com.egg-info/dependency_links.txt
[9.221s] writing top-level names to px4_ros_com.egg-info/top_level.txt
[9.221s] writing manifest file 'px4_ros_com.egg-info/SOURCES.txt'
[9.285s] reading manifest file 'px4_ros_com.egg-info/SOURCES.txt'
[9.286s] writing manifest file 'px4_ros_com.egg-info/SOURCES.txt'
[9.320s] [ 50%] Built target ament_cmake_python_build_px4_ros_com_egg
[15.527s] [ 58%] [32m[1mLinking CXX executable debug_vect_advertiser[0m
[15.994s] [ 58%] Built target debug_vect_advertiser
[16.462s] [ 66%] [32m[1mLinking CXX executable offboard_control[0m
[16.837s] [ 66%] Built target offboard_control
[17.629s] [ 75%] [32m[1mLinking CXX executable offboard_control_srv[0m
[18.013s] [ 75%] Built target offboard_control_srv
[18.850s] [ 83%] [32m[1mLinking CXX shared library libframe_transforms.so[0m
[19.253s] [ 83%] Built target frame_transforms
[19.967s] [ 91%] [32m[1mLinking CXX executable sensor_combined_listener[0m
[20.035s] [100%] [32m[1mLinking CXX executable vehicle_gps_position_listener[0m
[20.471s] [100%] Built target sensor_combined_listener
[20.532s] [100%] Built target vehicle_gps_position_listener
[20.543s] Invoked command in '/home/aidanbagley/DarpaTriage/ROS-WS/ws_offboard_control/build/px4_ros_com' returned '0': AMENT_PREFIX_PATH=/home/aidanbagley/DarpaTriage/ROS-WS/ws_offboard_control/install/px4_msgs:${AMENT_PREFIX_PATH} CMAKE_PREFIX_PATH=/home/aidanbagley/DarpaTriage/ROS-WS/ws_offboard_control/install/px4_msgs:/opt/ros/humble LD_LIBRARY_PATH=/home/aidanbagley/DarpaTriage/ROS-WS/ws_offboard_control/install/px4_msgs/lib:${LD_LIBRARY_PATH} PYTHONPATH=/home/aidanbagley/DarpaTriage/ROS-WS/ws_offboard_control/install/px4_msgs/local/lib/python3.10/dist-packages:${PYTHONPATH} /usr/bin/cmake --build /home/aidanbagley/DarpaTriage/ROS-WS/ws_offboard_control/build/px4_ros_com -- -j16 -l16
[20.545s] Invoking command in '/home/aidanbagley/DarpaTriage/ROS-WS/ws_offboard_control/build/px4_ros_com': AMENT_PREFIX_PATH=/home/aidanbagley/DarpaTriage/ROS-WS/ws_offboard_control/install/px4_msgs:${AMENT_PREFIX_PATH} CMAKE_PREFIX_PATH=/home/aidanbagley/DarpaTriage/ROS-WS/ws_offboard_control/install/px4_msgs:/opt/ros/humble LD_LIBRARY_PATH=/home/aidanbagley/DarpaTriage/ROS-WS/ws_offboard_control/install/px4_msgs/lib:${LD_LIBRARY_PATH} PYTHONPATH=/home/aidanbagley/DarpaTriage/ROS-WS/ws_offboard_control/install/px4_msgs/local/lib/python3.10/dist-packages:${PYTHONPATH} /usr/bin/cmake --install /home/aidanbagley/DarpaTriage/ROS-WS/ws_offboard_control/build/px4_ros_com
[20.552s] -- Install configuration: ""
[20.552s] -- Installing: /home/aidanbagley/DarpaTriage/ROS-WS/ws_offboard_control/install/px4_ros_com/lib/px4_ros_com/sensor_combined_listener
[20.558s] -- Set runtime path of "/home/aidanbagley/DarpaTriage/ROS-WS/ws_offboard_control/install/px4_ros_com/lib/px4_ros_com/sensor_combined_listener" to ""
[20.558s] -- Installing: /home/aidanbagley/DarpaTriage/ROS-WS/ws_offboard_control/install/px4_ros_com/lib/px4_ros_com/vehicle_gps_position_listener
[20.563s] -- Set runtime path of "/home/aidanbagley/DarpaTriage/ROS-WS/ws_offboard_control/install/px4_ros_com/lib/px4_ros_com/vehicle_gps_position_listener" to ""
[20.563s] -- Installing: /home/aidanbagley/DarpaTriage/ROS-WS/ws_offboard_control/install/px4_ros_com/lib/px4_ros_com/debug_vect_advertiser
[20.565s] -- Set runtime path of "/home/aidanbagley/DarpaTriage/ROS-WS/ws_offboard_control/install/px4_ros_com/lib/px4_ros_com/debug_vect_advertiser" to ""
[20.565s] -- Installing: /home/aidanbagley/DarpaTriage/ROS-WS/ws_offboard_control/install/px4_ros_com/lib/px4_ros_com/offboard_control
[20.567s] -- Set runtime path of "/home/aidanbagley/DarpaTriage/ROS-WS/ws_offboard_control/install/px4_ros_com/lib/px4_ros_com/offboard_control" to ""
[20.567s] -- Installing: /home/aidanbagley/DarpaTriage/ROS-WS/ws_offboard_control/install/px4_ros_com/lib/px4_ros_com/offboard_control_srv
[20.570s] -- Set runtime path of "/home/aidanbagley/DarpaTriage/ROS-WS/ws_offboard_control/install/px4_ros_com/lib/px4_ros_com/offboard_control_srv" to ""
[20.571s] -- Installing: /home/aidanbagley/DarpaTriage/ROS-WS/ws_offboard_control/install/px4_ros_com/share/px4_ros_com/environment/library_path.sh
[20.571s] -- Installing: /home/aidanbagley/DarpaTriage/ROS-WS/ws_offboard_control/install/px4_ros_com/share/px4_ros_com/environment/library_path.dsv
[20.571s] -- Installing: /home/aidanbagley/DarpaTriage/ROS-WS/ws_offboard_control/install/px4_ros_com/include/px4_ros_com
[20.572s] -- Installing: /home/aidanbagley/DarpaTriage/ROS-WS/ws_offboard_control/install/px4_ros_com/include/px4_ros_com/frame_transforms.h
[20.572s] -- Installing: /home/aidanbagley/DarpaTriage/ROS-WS/ws_offboard_control/install/px4_ros_com/lib/libframe_transforms.so
[20.578s] -- Set runtime path of "/home/aidanbagley/DarpaTriage/ROS-WS/ws_offboard_control/install/px4_ros_com/lib/libframe_transforms.so" to ""
[20.578s] -- Installing: /home/aidanbagley/DarpaTriage/ROS-WS/ws_offboard_control/install/px4_ros_com/share/px4_ros_com//launch
[20.578s] -- Installing: /home/aidanbagley/DarpaTriage/ROS-WS/ws_offboard_control/install/px4_ros_com/share/px4_ros_com//launch/sensor_combined_listener.launch.py
[20.578s] -- Installing: /home/aidanbagley/DarpaTriage/ROS-WS/ws_offboard_control/install/px4_ros_com/share/px4_ros_com//launch/offboard_control_launch.yaml
[20.578s] -- Installing: /home/aidanbagley/DarpaTriage/ROS-WS/ws_offboard_control/install/px4_ros_com/share/px4_ros_com//test
[20.579s] -- Installing: /home/aidanbagley/DarpaTriage/ROS-WS/ws_offboard_control/install/px4_ros_com/share/px4_ros_com//test/test_output.py
[20.579s] -- Installing: /home/aidanbagley/DarpaTriage/ROS-WS/ws_offboard_control/install/px4_ros_com/share/px4_ros_com//test/pipeline_io_test.py
[20.579s] -- Installing: /home/aidanbagley/DarpaTriage/ROS-WS/ws_offboard_control/install/px4_ros_com/share/px4_ros_com//test/__init__.py
[20.579s] -- Installing: /home/aidanbagley/DarpaTriage/ROS-WS/ws_offboard_control/install/px4_ros_com/share/px4_ros_com//test/test_input.py
[20.579s] -- Installing: /home/aidanbagley/DarpaTriage/ROS-WS/ws_offboard_control/install/px4_ros_com/share/px4_ros_com/environment/pythonpath.sh
[20.580s] -- Installing: /home/aidanbagley/DarpaTriage/ROS-WS/ws_offboard_control/install/px4_ros_com/share/px4_ros_com/environment/pythonpath.dsv
[20.580s] -- Installing: /home/aidanbagley/DarpaTriage/ROS-WS/ws_offboard_control/install/px4_ros_com/local/lib/python3.10/dist-packages/px4_ros_com-0.1.0-py3.10.egg-info
[20.580s] -- Installing: /home/aidanbagley/DarpaTriage/ROS-WS/ws_offboard_control/install/px4_ros_com/local/lib/python3.10/dist-packages/px4_ros_com-0.1.0-py3.10.egg-info/dependency_links.txt
[20.581s] -- Installing: /home/aidanbagley/DarpaTriage/ROS-WS/ws_offboard_control/install/px4_ros_com/local/lib/python3.10/dist-packages/px4_ros_com-0.1.0-py3.10.egg-info/SOURCES.txt
[20.581s] -- Installing: /home/aidanbagley/DarpaTriage/ROS-WS/ws_offboard_control/install/px4_ros_com/local/lib/python3.10/dist-packages/px4_ros_com-0.1.0-py3.10.egg-info/PKG-INFO
[20.581s] -- Installing: /home/aidanbagley/DarpaTriage/ROS-WS/ws_offboard_control/install/px4_ros_com/local/lib/python3.10/dist-packages/px4_ros_com-0.1.0-py3.10.egg-info/top_level.txt
[20.581s] -- Installing: /home/aidanbagley/DarpaTriage/ROS-WS/ws_offboard_control/install/px4_ros_com/local/lib/python3.10/dist-packages/px4_ros_com
[20.582s] -- Installing: /home/aidanbagley/DarpaTriage/ROS-WS/ws_offboard_control/install/px4_ros_com/local/lib/python3.10/dist-packages/px4_ros_com/module_to_import.py
[20.582s] -- Installing: /home/aidanbagley/DarpaTriage/ROS-WS/ws_offboard_control/install/px4_ros_com/local/lib/python3.10/dist-packages/px4_ros_com/__init__.py
[20.609s] Listing '/home/aidanbagley/DarpaTriage/ROS-WS/ws_offboard_control/install/px4_ros_com/local/lib/python3.10/dist-packages/px4_ros_com'...
[20.609s] Compiling '/home/aidanbagley/DarpaTriage/ROS-WS/ws_offboard_control/install/px4_ros_com/local/lib/python3.10/dist-packages/px4_ros_com/__init__.py'...
[20.610s] Compiling '/home/aidanbagley/DarpaTriage/ROS-WS/ws_offboard_control/install/px4_ros_com/local/lib/python3.10/dist-packages/px4_ros_com/module_to_import.py'...
[20.613s] -- Installing: /home/aidanbagley/DarpaTriage/ROS-WS/ws_offboard_control/install/px4_ros_com/lib/px4_ros_com/offboard_control.py
[20.614s] -- Installing: /home/aidanbagley/DarpaTriage/ROS-WS/ws_offboard_control/install/px4_ros_com/share/ament_index/resource_index/package_run_dependencies/px4_ros_com
[20.615s] -- Installing: /home/aidanbagley/DarpaTriage/ROS-WS/ws_offboard_control/install/px4_ros_com/share/ament_index/resource_index/parent_prefix_path/px4_ros_com
[20.615s] -- Installing: /home/aidanbagley/DarpaTriage/ROS-WS/ws_offboard_control/install/px4_ros_com/share/px4_ros_com/environment/ament_prefix_path.sh
[20.615s] -- Installing: /home/aidanbagley/DarpaTriage/ROS-WS/ws_offboard_control/install/px4_ros_com/share/px4_ros_com/environment/ament_prefix_path.dsv
[20.616s] -- Installing: /home/aidanbagley/DarpaTriage/ROS-WS/ws_offboard_control/install/px4_ros_com/share/px4_ros_com/environment/path.sh
[20.616s] -- Installing: /home/aidanbagley/DarpaTriage/ROS-WS/ws_offboard_control/install/px4_ros_com/share/px4_ros_com/environment/path.dsv
[20.616s] -- Installing: /home/aidanbagley/DarpaTriage/ROS-WS/ws_offboard_control/install/px4_ros_com/share/px4_ros_com/local_setup.bash
[20.616s] -- Installing: /home/aidanbagley/DarpaTriage/ROS-WS/ws_offboard_control/install/px4_ros_com/share/px4_ros_com/local_setup.sh
[20.616s] -- Installing: /home/aidanbagley/DarpaTriage/ROS-WS/ws_offboard_control/install/px4_ros_com/share/px4_ros_com/local_setup.zsh
[20.617s] -- Installing: /home/aidanbagley/DarpaTriage/ROS-WS/ws_offboard_control/install/px4_ros_com/share/px4_ros_com/local_setup.dsv
[20.617s] -- Installing: /home/aidanbagley/DarpaTriage/ROS-WS/ws_offboard_control/install/px4_ros_com/share/px4_ros_com/package.dsv
[20.617s] -- Installing: /home/aidanbagley/DarpaTriage/ROS-WS/ws_offboard_control/install/px4_ros_com/share/ament_index/resource_index/packages/px4_ros_com
[20.617s] -- Installing: /home/aidanbagley/DarpaTriage/ROS-WS/ws_offboard_control/install/px4_ros_com/share/px4_ros_com/cmake/export_frame_transformsExport.cmake
[20.618s] -- Installing: /home/aidanbagley/DarpaTriage/ROS-WS/ws_offboard_control/install/px4_ros_com/share/px4_ros_com/cmake/export_frame_transformsExport-noconfig.cmake
[20.618s] -- Installing: /home/aidanbagley/DarpaTriage/ROS-WS/ws_offboard_control/install/px4_ros_com/share/px4_ros_com/cmake/ament_cmake_export_dependencies-extras.cmake
[20.618s] -- Installing: /home/aidanbagley/DarpaTriage/ROS-WS/ws_offboard_control/install/px4_ros_com/share/px4_ros_com/cmake/ament_cmake_export_targets-extras.cmake
[20.618s] -- Installing: /home/aidanbagley/DarpaTriage/ROS-WS/ws_offboard_control/install/px4_ros_com/share/px4_ros_com/cmake/ament_cmake_export_include_directories-extras.cmake
[20.618s] -- Installing: /home/aidanbagley/DarpaTriage/ROS-WS/ws_offboard_control/install/px4_ros_com/share/px4_ros_com/cmake/ament_cmake_export_libraries-extras.cmake
[20.619s] -- Installing: /home/aidanbagley/DarpaTriage/ROS-WS/ws_offboard_control/install/px4_ros_com/share/px4_ros_com/cmake/px4_ros_comConfig.cmake
[20.619s] -- Installing: /home/aidanbagley/DarpaTriage/ROS-WS/ws_offboard_control/install/px4_ros_com/share/px4_ros_com/cmake/px4_ros_comConfig-version.cmake
[20.619s] -- Installing: /home/aidanbagley/DarpaTriage/ROS-WS/ws_offboard_control/install/px4_ros_com/share/px4_ros_com/package.xml
[20.622s] Invoked command in '/home/aidanbagley/DarpaTriage/ROS-WS/ws_offboard_control/build/px4_ros_com' returned '0': AMENT_PREFIX_PATH=/home/aidanbagley/DarpaTriage/ROS-WS/ws_offboard_control/install/px4_msgs:${AMENT_PREFIX_PATH} CMAKE_PREFIX_PATH=/home/aidanbagley/DarpaTriage/ROS-WS/ws_offboard_control/install/px4_msgs:/opt/ros/humble LD_LIBRARY_PATH=/home/aidanbagley/DarpaTriage/ROS-WS/ws_offboard_control/install/px4_msgs/lib:${LD_LIBRARY_PATH} PYTHONPATH=/home/aidanbagley/DarpaTriage/ROS-WS/ws_offboard_control/install/px4_msgs/local/lib/python3.10/dist-packages:${PYTHONPATH} /usr/bin/cmake --install /home/aidanbagley/DarpaTriage/ROS-WS/ws_offboard_control/build/px4_ros_com
