[0.294s] DEBUG:colcon:Command line arguments: ['/usr/bin/colcon', 'build']
[0.294s] DEBUG:colcon:Parsed command line arguments: Namespace(log_base=None, log_level=None, verb_name='build', build_base='build', install_base='install', merge_install=False, symlink_install=False, test_result_base=None, continue_on_error=False, executor='parallel', parallel_workers=16, event_handlers=None, ignore_user_meta=False, metas=['./colcon.meta'], base_paths=['.'], packages_ignore=None, packages_ignore_regex=None, paths=None, packages_up_to=None, packages_up_to_regex=None, packages_above=None, packages_above_and_dependencies=None, packages_above_depth=None, packages_select_by_dep=None, packages_skip_by_dep=None, packages_skip_up_to=None, packages_select_build_failed=False, packages_skip_build_finished=False, packages_select_test_failures=False, packages_skip_test_passed=False, packages_select=None, packages_skip=None, packages_select_regex=None, packages_skip_regex=None, packages_start=None, packages_end=None, allow_overriding=[], cmake_args=None, cmake_target=None, cmake_target_skip_unavailable=False, cmake_clean_cache=False, cmake_clean_first=False, cmake_force_configure=False, ament_cmake_args=None, catkin_cmake_args=None, catkin_skip_building_tests=False, mixin_files=None, mixin=None, verb_parser=<colcon_mixin.mixin.mixin_argument.MixinArgumentDecorator object at 0x7fce85ce6da0>, verb_extension=<colcon_core.verb.build.BuildVerb object at 0x7fce85e57ee0>, main=<bound method BuildVerb.main of <colcon_core.verb.build.BuildVerb object at 0x7fce85e57ee0>>, mixin_verb=('build',))
[0.354s] Level 1:colcon.colcon_core.package_discovery:discover_packages(colcon_meta) check parameters
[0.355s] Level 1:colcon.colcon_core.package_discovery:discover_packages(recursive) check parameters
[0.355s] Level 1:colcon.colcon_core.package_discovery:discover_packages(ignore) check parameters
[0.355s] Level 1:colcon.colcon_core.package_discovery:discover_packages(path) check parameters
[0.355s] Level 1:colcon.colcon_core.package_discovery:discover_packages(colcon_meta) discover
[0.355s] Level 1:colcon.colcon_core.package_discovery:discover_packages(recursive) discover
[0.355s] INFO:colcon.colcon_core.package_discovery:Crawling recursively for packages in '/home/aidanbagley/DarpaTriage/ROS-WS/ws_offboard_control'
[0.355s] Level 1:colcon.colcon_core.package_identification:_identify(.) by extensions ['ignore', 'ignore_ament_install']
[0.356s] Level 1:colcon.colcon_core.package_identification:_identify(.) by extension 'ignore'
[0.356s] Level 1:colcon.colcon_core.package_identification:_identify(.) by extension 'ignore_ament_install'
[0.356s] Level 1:colcon.colcon_core.package_identification:_identify(.) by extensions ['colcon_pkg']
[0.356s] Level 1:colcon.colcon_core.package_identification:_identify(.) by extension 'colcon_pkg'
[0.356s] Level 1:colcon.colcon_core.package_identification:_identify(.) by extensions ['colcon_meta']
[0.356s] Level 1:colcon.colcon_core.package_identification:_identify(.) by extension 'colcon_meta'
[0.356s] Level 1:colcon.colcon_core.package_identification:_identify(.) by extensions ['ros']
[0.356s] Level 1:colcon.colcon_core.package_identification:_identify(.) by extension 'ros'
[0.381s] Level 1:colcon.colcon_core.package_identification:_identify(.) by extensions ['cmake', 'python']
[0.382s] Level 1:colcon.colcon_core.package_identification:_identify(.) by extension 'cmake'
[0.382s] Level 1:colcon.colcon_core.package_identification:_identify(.) by extension 'python'
[0.382s] Level 1:colcon.colcon_core.package_identification:_identify(.) by extensions ['python_setup_py']
[0.382s] Level 1:colcon.colcon_core.package_identification:_identify(.) by extension 'python_setup_py'
[0.382s] Level 1:colcon.colcon_core.package_identification:_identify(build) by extensions ['ignore', 'ignore_ament_install']
[0.382s] Level 1:colcon.colcon_core.package_identification:_identify(build) by extension 'ignore'
[0.382s] Level 1:colcon.colcon_core.package_identification:_identify(build) ignored
[0.383s] Level 1:colcon.colcon_core.package_identification:_identify(install) by extensions ['ignore', 'ignore_ament_install']
[0.383s] Level 1:colcon.colcon_core.package_identification:_identify(install) by extension 'ignore'
[0.383s] Level 1:colcon.colcon_core.package_identification:_identify(install) ignored
[0.383s] Level 1:colcon.colcon_core.package_identification:_identify(log) by extensions ['ignore', 'ignore_ament_install']
[0.383s] Level 1:colcon.colcon_core.package_identification:_identify(log) by extension 'ignore'
[0.383s] Level 1:colcon.colcon_core.package_identification:_identify(log) ignored
[0.383s] Level 1:colcon.colcon_core.package_identification:_identify(src) by extensions ['ignore', 'ignore_ament_install']
[0.383s] Level 1:colcon.colcon_core.package_identification:_identify(src) by extension 'ignore'
[0.384s] Level 1:colcon.colcon_core.package_identification:_identify(src) by extension 'ignore_ament_install'
[0.384s] Level 1:colcon.colcon_core.package_identification:_identify(src) by extensions ['colcon_pkg']
[0.384s] Level 1:colcon.colcon_core.package_identification:_identify(src) by extension 'colcon_pkg'
[0.384s] Level 1:colcon.colcon_core.package_identification:_identify(src) by extensions ['colcon_meta']
[0.384s] Level 1:colcon.colcon_core.package_identification:_identify(src) by extension 'colcon_meta'
[0.384s] Level 1:colcon.colcon_core.package_identification:_identify(src) by extensions ['ros']
[0.384s] Level 1:colcon.colcon_core.package_identification:_identify(src) by extension 'ros'
[0.384s] Level 1:colcon.colcon_core.package_identification:_identify(src) by extensions ['cmake', 'python']
[0.384s] Level 1:colcon.colcon_core.package_identification:_identify(src) by extension 'cmake'
[0.384s] Level 1:colcon.colcon_core.package_identification:_identify(src) by extension 'python'
[0.384s] Level 1:colcon.colcon_core.package_identification:_identify(src) by extensions ['python_setup_py']
[0.384s] Level 1:colcon.colcon_core.package_identification:_identify(src) by extension 'python_setup_py'
[0.384s] Level 1:colcon.colcon_core.package_identification:_identify(src/px4_msgs) by extensions ['ignore', 'ignore_ament_install']
[0.384s] Level 1:colcon.colcon_core.package_identification:_identify(src/px4_msgs) by extension 'ignore'
[0.385s] Level 1:colcon.colcon_core.package_identification:_identify(src/px4_msgs) by extension 'ignore_ament_install'
[0.385s] Level 1:colcon.colcon_core.package_identification:_identify(src/px4_msgs) by extensions ['colcon_pkg']
[0.385s] Level 1:colcon.colcon_core.package_identification:_identify(src/px4_msgs) by extension 'colcon_pkg'
[0.385s] Level 1:colcon.colcon_core.package_identification:_identify(src/px4_msgs) by extensions ['colcon_meta']
[0.385s] Level 1:colcon.colcon_core.package_identification:_identify(src/px4_msgs) by extension 'colcon_meta'
[0.385s] Level 1:colcon.colcon_core.package_identification:_identify(src/px4_msgs) by extensions ['ros']
[0.385s] Level 1:colcon.colcon_core.package_identification:_identify(src/px4_msgs) by extension 'ros'
[0.388s] DEBUG:colcon.colcon_core.package_identification:Package 'src/px4_msgs' with type 'ros.ament_cmake' and name 'px4_msgs'
[0.389s] Level 1:colcon.colcon_core.package_identification:_identify(src/px4_ros_com) by extensions ['ignore', 'ignore_ament_install']
[0.389s] Level 1:colcon.colcon_core.package_identification:_identify(src/px4_ros_com) by extension 'ignore'
[0.389s] Level 1:colcon.colcon_core.package_identification:_identify(src/px4_ros_com) by extension 'ignore_ament_install'
[0.389s] Level 1:colcon.colcon_core.package_identification:_identify(src/px4_ros_com) by extensions ['colcon_pkg']
[0.389s] Level 1:colcon.colcon_core.package_identification:_identify(src/px4_ros_com) by extension 'colcon_pkg'
[0.389s] Level 1:colcon.colcon_core.package_identification:_identify(src/px4_ros_com) by extensions ['colcon_meta']
[0.389s] Level 1:colcon.colcon_core.package_identification:_identify(src/px4_ros_com) by extension 'colcon_meta'
[0.389s] Level 1:colcon.colcon_core.package_identification:_identify(src/px4_ros_com) by extensions ['ros']
[0.389s] Level 1:colcon.colcon_core.package_identification:_identify(src/px4_ros_com) by extension 'ros'
[0.390s] DEBUG:colcon.colcon_core.package_identification:Package 'src/px4_ros_com' with type 'ros.ament_cmake' and name 'px4_ros_com'
[0.390s] Level 1:colcon.colcon_core.package_discovery:discover_packages(recursive) using defaults
[0.391s] Level 1:colcon.colcon_core.package_discovery:discover_packages(ignore) discover
[0.391s] Level 1:colcon.colcon_core.package_discovery:discover_packages(ignore) using defaults
[0.391s] Level 1:colcon.colcon_core.package_discovery:discover_packages(path) discover
[0.391s] Level 1:colcon.colcon_core.package_discovery:discover_packages(path) using defaults
[0.426s] Level 1:colcon.colcon_core.package_discovery:discover_packages(prefix_path) check parameters
[0.427s] Level 1:colcon.colcon_core.package_discovery:discover_packages(prefix_path) discover
[0.433s] DEBUG:colcon.colcon_installed_package_information.package_discovery:Found 270 installed packages in /opt/ros/humble
[0.436s] Level 1:colcon.colcon_core.package_discovery:discover_packages(prefix_path) using defaults
[0.486s] Level 5:colcon.colcon_core.verb:set package 'px4_msgs' build argument 'cmake_args' from command line to 'None'
[0.486s] Level 5:colcon.colcon_core.verb:set package 'px4_msgs' build argument 'cmake_target' from command line to 'None'
[0.487s] Level 5:colcon.colcon_core.verb:set package 'px4_msgs' build argument 'cmake_target_skip_unavailable' from command line to 'False'
[0.487s] Level 5:colcon.colcon_core.verb:set package 'px4_msgs' build argument 'cmake_clean_cache' from command line to 'False'
[0.487s] Level 5:colcon.colcon_core.verb:set package 'px4_msgs' build argument 'cmake_clean_first' from command line to 'False'
[0.487s] Level 5:colcon.colcon_core.verb:set package 'px4_msgs' build argument 'cmake_force_configure' from command line to 'False'
[0.487s] Level 5:colcon.colcon_core.verb:set package 'px4_msgs' build argument 'ament_cmake_args' from command line to 'None'
[0.487s] Level 5:colcon.colcon_core.verb:set package 'px4_msgs' build argument 'catkin_cmake_args' from command line to 'None'
[0.487s] Level 5:colcon.colcon_core.verb:set package 'px4_msgs' build argument 'catkin_skip_building_tests' from command line to 'False'
[0.487s] DEBUG:colcon.colcon_core.verb:Building package 'px4_msgs' with the following arguments: {'ament_cmake_args': None, 'build_base': '/home/aidanbagley/DarpaTriage/ROS-WS/ws_offboard_control/build/px4_msgs', 'catkin_cmake_args': None, 'catkin_skip_building_tests': False, 'cmake_args': None, 'cmake_clean_cache': False, 'cmake_clean_first': False, 'cmake_force_configure': False, 'cmake_target': None, 'cmake_target_skip_unavailable': False, 'install_base': '/home/aidanbagley/DarpaTriage/ROS-WS/ws_offboard_control/install/px4_msgs', 'merge_install': False, 'path': '/home/aidanbagley/DarpaTriage/ROS-WS/ws_offboard_control/src/px4_msgs', 'symlink_install': False, 'test_result_base': None}
[0.488s] Level 5:colcon.colcon_core.verb:set package 'px4_ros_com' build argument 'cmake_args' from command line to 'None'
[0.488s] Level 5:colcon.colcon_core.verb:set package 'px4_ros_com' build argument 'cmake_target' from command line to 'None'
[0.488s] Level 5:colcon.colcon_core.verb:set package 'px4_ros_com' build argument 'cmake_target_skip_unavailable' from command line to 'False'
[0.488s] Level 5:colcon.colcon_core.verb:set package 'px4_ros_com' build argument 'cmake_clean_cache' from command line to 'False'
[0.488s] Level 5:colcon.colcon_core.verb:set package 'px4_ros_com' build argument 'cmake_clean_first' from command line to 'False'
[0.488s] Level 5:colcon.colcon_core.verb:set package 'px4_ros_com' build argument 'cmake_force_configure' from command line to 'False'
[0.488s] Level 5:colcon.colcon_core.verb:set package 'px4_ros_com' build argument 'ament_cmake_args' from command line to 'None'
[0.488s] Level 5:colcon.colcon_core.verb:set package 'px4_ros_com' build argument 'catkin_cmake_args' from command line to 'None'
[0.488s] Level 5:colcon.colcon_core.verb:set package 'px4_ros_com' build argument 'catkin_skip_building_tests' from command line to 'False'
[0.488s] DEBUG:colcon.colcon_core.verb:Building package 'px4_ros_com' with the following arguments: {'ament_cmake_args': None, 'build_base': '/home/aidanbagley/DarpaTriage/ROS-WS/ws_offboard_control/build/px4_ros_com', 'catkin_cmake_args': None, 'catkin_skip_building_tests': False, 'cmake_args': None, 'cmake_clean_cache': False, 'cmake_clean_first': False, 'cmake_force_configure': False, 'cmake_target': None, 'cmake_target_skip_unavailable': False, 'install_base': '/home/aidanbagley/DarpaTriage/ROS-WS/ws_offboard_control/install/px4_ros_com', 'merge_install': False, 'path': '/home/aidanbagley/DarpaTriage/ROS-WS/ws_offboard_control/src/px4_ros_com', 'symlink_install': False, 'test_result_base': None}
[0.489s] INFO:colcon.colcon_core.executor:Executing jobs using 'parallel' executor
[0.490s] DEBUG:colcon.colcon_parallel_executor.executor.parallel:run_until_complete
[0.491s] INFO:colcon.colcon_ros.task.ament_cmake.build:Building ROS package in '/home/aidanbagley/DarpaTriage/ROS-WS/ws_offboard_control/src/px4_msgs' with build type 'ament_cmake'
[0.491s] INFO:colcon.colcon_cmake.task.cmake.build:Building CMake package in '/home/aidanbagley/DarpaTriage/ROS-WS/ws_offboard_control/src/px4_msgs'
[0.495s] INFO:colcon.colcon_core.plugin_system:Skipping extension 'colcon_core.shell.bat': Not used on non-Windows systems
[0.495s] INFO:colcon.colcon_core.shell:Skip shell extension 'powershell' for command environment: Not usable outside of PowerShell
[0.496s] DEBUG:colcon.colcon_core.shell:Skip shell extension 'dsv' for command environment
[0.514s] DEBUG:colcon.colcon_core.event_handler.log_command:Invoking command in '/home/aidanbagley/DarpaTriage/ROS-WS/ws_offboard_control/build/px4_msgs': CMAKE_PREFIX_PATH=/opt/ros/humble /usr/bin/cmake --build /home/aidanbagley/DarpaTriage/ROS-WS/ws_offboard_control/build/px4_msgs -- -j16 -l16
[6.140s] DEBUG:colcon.colcon_core.event_handler.log_command:Invoked command in '/home/aidanbagley/DarpaTriage/ROS-WS/ws_offboard_control/build/px4_msgs' returned '0': CMAKE_PREFIX_PATH=/opt/ros/humble /usr/bin/cmake --build /home/aidanbagley/DarpaTriage/ROS-WS/ws_offboard_control/build/px4_msgs -- -j16 -l16
[6.156s] DEBUG:colcon.colcon_core.event_handler.log_command:Invoking command in '/home/aidanbagley/DarpaTriage/ROS-WS/ws_offboard_control/build/px4_msgs': CMAKE_PREFIX_PATH=/opt/ros/humble /usr/bin/cmake --install /home/aidanbagley/DarpaTriage/ROS-WS/ws_offboard_control/build/px4_msgs
[7.294s] Level 1:colcon.colcon_core.environment:create_environment_scripts_only(px4_msgs)
[7.296s] DEBUG:colcon.colcon_core.event_handler.log_command:Invoked command in '/home/aidanbagley/DarpaTriage/ROS-WS/ws_offboard_control/build/px4_msgs' returned '0': CMAKE_PREFIX_PATH=/opt/ros/humble /usr/bin/cmake --install /home/aidanbagley/DarpaTriage/ROS-WS/ws_offboard_control/build/px4_msgs
[7.299s] Level 1:colcon.colcon_core.environment:checking '/home/aidanbagley/DarpaTriage/ROS-WS/ws_offboard_control/install/px4_msgs' for CMake module files
[7.300s] Level 1:colcon.colcon_core.environment:checking '/home/aidanbagley/DarpaTriage/ROS-WS/ws_offboard_control/install/px4_msgs' for CMake config files
[7.306s] Level 1:colcon.colcon_core.shell:create_environment_hook('px4_msgs', 'cmake_prefix_path')
[7.307s] INFO:colcon.colcon_core.shell:Creating environment hook '/home/aidanbagley/DarpaTriage/ROS-WS/ws_offboard_control/install/px4_msgs/share/px4_msgs/hook/cmake_prefix_path.ps1'
[7.308s] INFO:colcon.colcon_core.shell:Creating environment descriptor '/home/aidanbagley/DarpaTriage/ROS-WS/ws_offboard_control/install/px4_msgs/share/px4_msgs/hook/cmake_prefix_path.dsv'
[7.309s] INFO:colcon.colcon_core.shell:Creating environment hook '/home/aidanbagley/DarpaTriage/ROS-WS/ws_offboard_control/install/px4_msgs/share/px4_msgs/hook/cmake_prefix_path.sh'
[7.310s] Level 1:colcon.colcon_core.environment:checking '/home/aidanbagley/DarpaTriage/ROS-WS/ws_offboard_control/install/px4_msgs/lib'
[7.311s] Level 1:colcon.colcon_core.shell:create_environment_hook('px4_msgs', 'ld_library_path_lib')
[7.311s] INFO:colcon.colcon_core.shell:Creating environment hook '/home/aidanbagley/DarpaTriage/ROS-WS/ws_offboard_control/install/px4_msgs/share/px4_msgs/hook/ld_library_path_lib.ps1'
[7.312s] INFO:colcon.colcon_core.shell:Creating environment descriptor '/home/aidanbagley/DarpaTriage/ROS-WS/ws_offboard_control/install/px4_msgs/share/px4_msgs/hook/ld_library_path_lib.dsv'
[7.312s] INFO:colcon.colcon_core.shell:Creating environment hook '/home/aidanbagley/DarpaTriage/ROS-WS/ws_offboard_control/install/px4_msgs/share/px4_msgs/hook/ld_library_path_lib.sh'
[7.313s] Level 1:colcon.colcon_core.environment:checking '/home/aidanbagley/DarpaTriage/ROS-WS/ws_offboard_control/install/px4_msgs/bin'
[7.313s] Level 1:colcon.colcon_core.environment:checking '/home/aidanbagley/DarpaTriage/ROS-WS/ws_offboard_control/install/px4_msgs/lib/pkgconfig/px4_msgs.pc'
[7.314s] Level 1:colcon.colcon_core.environment:checking '/home/aidanbagley/DarpaTriage/ROS-WS/ws_offboard_control/install/px4_msgs/lib/python3.10/site-packages'
[7.314s] Level 1:colcon.colcon_core.environment:checking '/home/aidanbagley/DarpaTriage/ROS-WS/ws_offboard_control/install/px4_msgs/bin'
[7.314s] INFO:colcon.colcon_core.shell:Creating package script '/home/aidanbagley/DarpaTriage/ROS-WS/ws_offboard_control/install/px4_msgs/share/px4_msgs/package.ps1'
[7.316s] INFO:colcon.colcon_core.shell:Creating package descriptor '/home/aidanbagley/DarpaTriage/ROS-WS/ws_offboard_control/install/px4_msgs/share/px4_msgs/package.dsv'
[7.317s] INFO:colcon.colcon_core.shell:Creating package script '/home/aidanbagley/DarpaTriage/ROS-WS/ws_offboard_control/install/px4_msgs/share/px4_msgs/package.sh'
[7.318s] INFO:colcon.colcon_core.shell:Creating package script '/home/aidanbagley/DarpaTriage/ROS-WS/ws_offboard_control/install/px4_msgs/share/px4_msgs/package.bash'
[7.319s] INFO:colcon.colcon_core.shell:Creating package script '/home/aidanbagley/DarpaTriage/ROS-WS/ws_offboard_control/install/px4_msgs/share/px4_msgs/package.zsh'
[7.320s] Level 1:colcon.colcon_core.environment:create_file_with_runtime_dependencies(/home/aidanbagley/DarpaTriage/ROS-WS/ws_offboard_control/install/px4_msgs/share/colcon-core/packages/px4_msgs)
[7.322s] Level 1:colcon.colcon_core.environment:create_environment_scripts_only(px4_msgs)
[7.322s] Level 1:colcon.colcon_core.environment:checking '/home/aidanbagley/DarpaTriage/ROS-WS/ws_offboard_control/install/px4_msgs' for CMake module files
[7.323s] Level 1:colcon.colcon_core.environment:checking '/home/aidanbagley/DarpaTriage/ROS-WS/ws_offboard_control/install/px4_msgs' for CMake config files
[7.329s] Level 1:colcon.colcon_core.shell:create_environment_hook('px4_msgs', 'cmake_prefix_path')
[7.330s] INFO:colcon.colcon_core.shell:Creating environment hook '/home/aidanbagley/DarpaTriage/ROS-WS/ws_offboard_control/install/px4_msgs/share/px4_msgs/hook/cmake_prefix_path.ps1'
[7.331s] INFO:colcon.colcon_core.shell:Creating environment descriptor '/home/aidanbagley/DarpaTriage/ROS-WS/ws_offboard_control/install/px4_msgs/share/px4_msgs/hook/cmake_prefix_path.dsv'
[7.332s] INFO:colcon.colcon_core.shell:Creating environment hook '/home/aidanbagley/DarpaTriage/ROS-WS/ws_offboard_control/install/px4_msgs/share/px4_msgs/hook/cmake_prefix_path.sh'
[7.333s] Level 1:colcon.colcon_core.environment:checking '/home/aidanbagley/DarpaTriage/ROS-WS/ws_offboard_control/install/px4_msgs/lib'
[7.334s] Level 1:colcon.colcon_core.shell:create_environment_hook('px4_msgs', 'ld_library_path_lib')
[7.334s] INFO:colcon.colcon_core.shell:Creating environment hook '/home/aidanbagley/DarpaTriage/ROS-WS/ws_offboard_control/install/px4_msgs/share/px4_msgs/hook/ld_library_path_lib.ps1'
[7.334s] INFO:colcon.colcon_core.shell:Creating environment descriptor '/home/aidanbagley/DarpaTriage/ROS-WS/ws_offboard_control/install/px4_msgs/share/px4_msgs/hook/ld_library_path_lib.dsv'
[7.335s] INFO:colcon.colcon_core.shell:Creating environment hook '/home/aidanbagley/DarpaTriage/ROS-WS/ws_offboard_control/install/px4_msgs/share/px4_msgs/hook/ld_library_path_lib.sh'
[7.335s] Level 1:colcon.colcon_core.environment:checking '/home/aidanbagley/DarpaTriage/ROS-WS/ws_offboard_control/install/px4_msgs/bin'
[7.336s] Level 1:colcon.colcon_core.environment:checking '/home/aidanbagley/DarpaTriage/ROS-WS/ws_offboard_control/install/px4_msgs/lib/pkgconfig/px4_msgs.pc'
[7.336s] Level 1:colcon.colcon_core.environment:checking '/home/aidanbagley/DarpaTriage/ROS-WS/ws_offboard_control/install/px4_msgs/lib/python3.10/site-packages'
[7.336s] Level 1:colcon.colcon_core.environment:checking '/home/aidanbagley/DarpaTriage/ROS-WS/ws_offboard_control/install/px4_msgs/bin'
[7.336s] INFO:colcon.colcon_core.shell:Creating package script '/home/aidanbagley/DarpaTriage/ROS-WS/ws_offboard_control/install/px4_msgs/share/px4_msgs/package.ps1'
[7.337s] INFO:colcon.colcon_core.shell:Creating package descriptor '/home/aidanbagley/DarpaTriage/ROS-WS/ws_offboard_control/install/px4_msgs/share/px4_msgs/package.dsv'
[7.337s] INFO:colcon.colcon_core.shell:Creating package script '/home/aidanbagley/DarpaTriage/ROS-WS/ws_offboard_control/install/px4_msgs/share/px4_msgs/package.sh'
[7.338s] INFO:colcon.colcon_core.shell:Creating package script '/home/aidanbagley/DarpaTriage/ROS-WS/ws_offboard_control/install/px4_msgs/share/px4_msgs/package.bash'
[7.338s] INFO:colcon.colcon_core.shell:Creating package script '/home/aidanbagley/DarpaTriage/ROS-WS/ws_offboard_control/install/px4_msgs/share/px4_msgs/package.zsh'
[7.339s] Level 1:colcon.colcon_core.environment:create_file_with_runtime_dependencies(/home/aidanbagley/DarpaTriage/ROS-WS/ws_offboard_control/install/px4_msgs/share/colcon-core/packages/px4_msgs)
[7.340s] INFO:colcon.colcon_ros.task.ament_cmake.build:Building ROS package in '/home/aidanbagley/DarpaTriage/ROS-WS/ws_offboard_control/src/px4_ros_com' with build type 'ament_cmake'
[7.340s] INFO:colcon.colcon_cmake.task.cmake.build:Building CMake package in '/home/aidanbagley/DarpaTriage/ROS-WS/ws_offboard_control/src/px4_ros_com'
[7.341s] INFO:colcon.colcon_core.shell:Skip shell extension 'powershell' for command environment: Not usable outside of PowerShell
[7.341s] DEBUG:colcon.colcon_core.shell:Skip shell extension 'dsv' for command environment
[7.496s] DEBUG:colcon.colcon_core.event_handler.log_command:Invoking command in '/home/aidanbagley/DarpaTriage/ROS-WS/ws_offboard_control/build/px4_ros_com': AMENT_PREFIX_PATH=/home/aidanbagley/DarpaTriage/ROS-WS/ws_offboard_control/install/px4_msgs:${AMENT_PREFIX_PATH} CMAKE_PREFIX_PATH=/home/aidanbagley/DarpaTriage/ROS-WS/ws_offboard_control/install/px4_msgs:/opt/ros/humble LD_LIBRARY_PATH=/home/aidanbagley/DarpaTriage/ROS-WS/ws_offboard_control/install/px4_msgs/lib:${LD_LIBRARY_PATH} PYTHONPATH=/home/aidanbagley/DarpaTriage/ROS-WS/ws_offboard_control/install/px4_msgs/local/lib/python3.10/dist-packages:${PYTHONPATH} /usr/bin/cmake --build /home/aidanbagley/DarpaTriage/ROS-WS/ws_offboard_control/build/px4_ros_com -- -j16 -l16
[8.835s] DEBUG:colcon.colcon_core.event_handler.log_command:Invoked command in '/home/aidanbagley/DarpaTriage/ROS-WS/ws_offboard_control/build/px4_ros_com' returned '0': AMENT_PREFIX_PATH=/home/aidanbagley/DarpaTriage/ROS-WS/ws_offboard_control/install/px4_msgs:${AMENT_PREFIX_PATH} CMAKE_PREFIX_PATH=/home/aidanbagley/DarpaTriage/ROS-WS/ws_offboard_control/install/px4_msgs:/opt/ros/humble LD_LIBRARY_PATH=/home/aidanbagley/DarpaTriage/ROS-WS/ws_offboard_control/install/px4_msgs/lib:${LD_LIBRARY_PATH} PYTHONPATH=/home/aidanbagley/DarpaTriage/ROS-WS/ws_offboard_control/install/px4_msgs/local/lib/python3.10/dist-packages:${PYTHONPATH} /usr/bin/cmake --build /home/aidanbagley/DarpaTriage/ROS-WS/ws_offboard_control/build/px4_ros_com -- -j16 -l16
[8.840s] DEBUG:colcon.colcon_core.event_handler.log_command:Invoking command in '/home/aidanbagley/DarpaTriage/ROS-WS/ws_offboard_control/build/px4_ros_com': AMENT_PREFIX_PATH=/home/aidanbagley/DarpaTriage/ROS-WS/ws_offboard_control/install/px4_msgs:${AMENT_PREFIX_PATH} CMAKE_PREFIX_PATH=/home/aidanbagley/DarpaTriage/ROS-WS/ws_offboard_control/install/px4_msgs:/opt/ros/humble LD_LIBRARY_PATH=/home/aidanbagley/DarpaTriage/ROS-WS/ws_offboard_control/install/px4_msgs/lib:${LD_LIBRARY_PATH} PYTHONPATH=/home/aidanbagley/DarpaTriage/ROS-WS/ws_offboard_control/install/px4_msgs/local/lib/python3.10/dist-packages:${PYTHONPATH} /usr/bin/cmake --install /home/aidanbagley/DarpaTriage/ROS-WS/ws_offboard_control/build/px4_ros_com
[8.984s] Level 1:colcon.colcon_core.environment:create_environment_scripts_only(px4_ros_com)
[8.986s] Level 1:colcon.colcon_core.environment:checking '/home/aidanbagley/DarpaTriage/ROS-WS/ws_offboard_control/install/px4_ros_com' for CMake module files
[8.987s] DEBUG:colcon.colcon_core.event_handler.log_command:Invoked command in '/home/aidanbagley/DarpaTriage/ROS-WS/ws_offboard_control/build/px4_ros_com' returned '0': AMENT_PREFIX_PATH=/home/aidanbagley/DarpaTriage/ROS-WS/ws_offboard_control/install/px4_msgs:${AMENT_PREFIX_PATH} CMAKE_PREFIX_PATH=/home/aidanbagley/DarpaTriage/ROS-WS/ws_offboard_control/install/px4_msgs:/opt/ros/humble LD_LIBRARY_PATH=/home/aidanbagley/DarpaTriage/ROS-WS/ws_offboard_control/install/px4_msgs/lib:${LD_LIBRARY_PATH} PYTHONPATH=/home/aidanbagley/DarpaTriage/ROS-WS/ws_offboard_control/install/px4_msgs/local/lib/python3.10/dist-packages:${PYTHONPATH} /usr/bin/cmake --install /home/aidanbagley/DarpaTriage/ROS-WS/ws_offboard_control/build/px4_ros_com
[8.988s] Level 1:colcon.colcon_core.environment:checking '/home/aidanbagley/DarpaTriage/ROS-WS/ws_offboard_control/install/px4_ros_com' for CMake config files
[8.989s] Level 1:colcon.colcon_core.shell:create_environment_hook('px4_ros_com', 'cmake_prefix_path')
[8.990s] INFO:colcon.colcon_core.shell:Creating environment hook '/home/aidanbagley/DarpaTriage/ROS-WS/ws_offboard_control/install/px4_ros_com/share/px4_ros_com/hook/cmake_prefix_path.ps1'
[8.992s] INFO:colcon.colcon_core.shell:Creating environment descriptor '/home/aidanbagley/DarpaTriage/ROS-WS/ws_offboard_control/install/px4_ros_com/share/px4_ros_com/hook/cmake_prefix_path.dsv'
[8.994s] INFO:colcon.colcon_core.shell:Creating environment hook '/home/aidanbagley/DarpaTriage/ROS-WS/ws_offboard_control/install/px4_ros_com/share/px4_ros_com/hook/cmake_prefix_path.sh'
[8.995s] Level 1:colcon.colcon_core.environment:checking '/home/aidanbagley/DarpaTriage/ROS-WS/ws_offboard_control/install/px4_ros_com/lib'
[8.996s] Level 1:colcon.colcon_core.shell:create_environment_hook('px4_ros_com', 'ld_library_path_lib')
[8.996s] INFO:colcon.colcon_core.shell:Creating environment hook '/home/aidanbagley/DarpaTriage/ROS-WS/ws_offboard_control/install/px4_ros_com/share/px4_ros_com/hook/ld_library_path_lib.ps1'
[8.997s] INFO:colcon.colcon_core.shell:Creating environment descriptor '/home/aidanbagley/DarpaTriage/ROS-WS/ws_offboard_control/install/px4_ros_com/share/px4_ros_com/hook/ld_library_path_lib.dsv'
[8.998s] INFO:colcon.colcon_core.shell:Creating environment hook '/home/aidanbagley/DarpaTriage/ROS-WS/ws_offboard_control/install/px4_ros_com/share/px4_ros_com/hook/ld_library_path_lib.sh'
[8.999s] Level 1:colcon.colcon_core.environment:checking '/home/aidanbagley/DarpaTriage/ROS-WS/ws_offboard_control/install/px4_ros_com/bin'
[9.000s] Level 1:colcon.colcon_core.environment:checking '/home/aidanbagley/DarpaTriage/ROS-WS/ws_offboard_control/install/px4_ros_com/lib/pkgconfig/px4_ros_com.pc'
[9.000s] Level 1:colcon.colcon_core.environment:checking '/home/aidanbagley/DarpaTriage/ROS-WS/ws_offboard_control/install/px4_ros_com/lib/python3.10/site-packages'
[9.001s] Level 1:colcon.colcon_core.environment:checking '/home/aidanbagley/DarpaTriage/ROS-WS/ws_offboard_control/install/px4_ros_com/bin'
[9.001s] INFO:colcon.colcon_core.shell:Creating package script '/home/aidanbagley/DarpaTriage/ROS-WS/ws_offboard_control/install/px4_ros_com/share/px4_ros_com/package.ps1'
[9.003s] INFO:colcon.colcon_core.shell:Creating package descriptor '/home/aidanbagley/DarpaTriage/ROS-WS/ws_offboard_control/install/px4_ros_com/share/px4_ros_com/package.dsv'
[9.004s] INFO:colcon.colcon_core.shell:Creating package script '/home/aidanbagley/DarpaTriage/ROS-WS/ws_offboard_control/install/px4_ros_com/share/px4_ros_com/package.sh'
[9.005s] INFO:colcon.colcon_core.shell:Creating package script '/home/aidanbagley/DarpaTriage/ROS-WS/ws_offboard_control/install/px4_ros_com/share/px4_ros_com/package.bash'
[9.006s] INFO:colcon.colcon_core.shell:Creating package script '/home/aidanbagley/DarpaTriage/ROS-WS/ws_offboard_control/install/px4_ros_com/share/px4_ros_com/package.zsh'
[9.007s] Level 1:colcon.colcon_core.environment:create_file_with_runtime_dependencies(/home/aidanbagley/DarpaTriage/ROS-WS/ws_offboard_control/install/px4_ros_com/share/colcon-core/packages/px4_ros_com)
[9.009s] Level 1:colcon.colcon_core.environment:create_environment_scripts_only(px4_ros_com)
[9.009s] Level 1:colcon.colcon_core.environment:checking '/home/aidanbagley/DarpaTriage/ROS-WS/ws_offboard_control/install/px4_ros_com' for CMake module files
[9.010s] Level 1:colcon.colcon_core.environment:checking '/home/aidanbagley/DarpaTriage/ROS-WS/ws_offboard_control/install/px4_ros_com' for CMake config files
[9.011s] Level 1:colcon.colcon_core.shell:create_environment_hook('px4_ros_com', 'cmake_prefix_path')
[9.012s] INFO:colcon.colcon_core.shell:Creating environment hook '/home/aidanbagley/DarpaTriage/ROS-WS/ws_offboard_control/install/px4_ros_com/share/px4_ros_com/hook/cmake_prefix_path.ps1'
[9.013s] INFO:colcon.colcon_core.shell:Creating environment descriptor '/home/aidanbagley/DarpaTriage/ROS-WS/ws_offboard_control/install/px4_ros_com/share/px4_ros_com/hook/cmake_prefix_path.dsv'
[9.013s] INFO:colcon.colcon_core.shell:Creating environment hook '/home/aidanbagley/DarpaTriage/ROS-WS/ws_offboard_control/install/px4_ros_com/share/px4_ros_com/hook/cmake_prefix_path.sh'
[9.015s] Level 1:colcon.colcon_core.environment:checking '/home/aidanbagley/DarpaTriage/ROS-WS/ws_offboard_control/install/px4_ros_com/lib'
[9.015s] Level 1:colcon.colcon_core.shell:create_environment_hook('px4_ros_com', 'ld_library_path_lib')
[9.016s] INFO:colcon.colcon_core.shell:Creating environment hook '/home/aidanbagley/DarpaTriage/ROS-WS/ws_offboard_control/install/px4_ros_com/share/px4_ros_com/hook/ld_library_path_lib.ps1'
[9.016s] INFO:colcon.colcon_core.shell:Creating environment descriptor '/home/aidanbagley/DarpaTriage/ROS-WS/ws_offboard_control/install/px4_ros_com/share/px4_ros_com/hook/ld_library_path_lib.dsv'
[9.017s] INFO:colcon.colcon_core.shell:Creating environment hook '/home/aidanbagley/DarpaTriage/ROS-WS/ws_offboard_control/install/px4_ros_com/share/px4_ros_com/hook/ld_library_path_lib.sh'
[9.018s] Level 1:colcon.colcon_core.environment:checking '/home/aidanbagley/DarpaTriage/ROS-WS/ws_offboard_control/install/px4_ros_com/bin'
[9.018s] Level 1:colcon.colcon_core.environment:checking '/home/aidanbagley/DarpaTriage/ROS-WS/ws_offboard_control/install/px4_ros_com/lib/pkgconfig/px4_ros_com.pc'
[9.018s] Level 1:colcon.colcon_core.environment:checking '/home/aidanbagley/DarpaTriage/ROS-WS/ws_offboard_control/install/px4_ros_com/lib/python3.10/site-packages'
[9.019s] Level 1:colcon.colcon_core.environment:checking '/home/aidanbagley/DarpaTriage/ROS-WS/ws_offboard_control/install/px4_ros_com/bin'
[9.020s] INFO:colcon.colcon_core.shell:Creating package script '/home/aidanbagley/DarpaTriage/ROS-WS/ws_offboard_control/install/px4_ros_com/share/px4_ros_com/package.ps1'
[9.021s] INFO:colcon.colcon_core.shell:Creating package descriptor '/home/aidanbagley/DarpaTriage/ROS-WS/ws_offboard_control/install/px4_ros_com/share/px4_ros_com/package.dsv'
[9.023s] INFO:colcon.colcon_core.shell:Creating package script '/home/aidanbagley/DarpaTriage/ROS-WS/ws_offboard_control/install/px4_ros_com/share/px4_ros_com/package.sh'
[9.024s] INFO:colcon.colcon_core.shell:Creating package script '/home/aidanbagley/DarpaTriage/ROS-WS/ws_offboard_control/install/px4_ros_com/share/px4_ros_com/package.bash'
[9.025s] INFO:colcon.colcon_core.shell:Creating package script '/home/aidanbagley/DarpaTriage/ROS-WS/ws_offboard_control/install/px4_ros_com/share/px4_ros_com/package.zsh'
[9.027s] Level 1:colcon.colcon_core.environment:create_file_with_runtime_dependencies(/home/aidanbagley/DarpaTriage/ROS-WS/ws_offboard_control/install/px4_ros_com/share/colcon-core/packages/px4_ros_com)
[9.028s] DEBUG:colcon.colcon_parallel_executor.executor.parallel:closing loop
[9.029s] DEBUG:colcon.colcon_parallel_executor.executor.parallel:loop closed
[9.030s] DEBUG:colcon.colcon_parallel_executor.executor.parallel:run_until_complete finished with '0'
[9.030s] DEBUG:colcon.colcon_core.event_reactor:joining thread
[9.119s] INFO:colcon.colcon_core.plugin_system:Skipping extension 'colcon_notification.desktop_notification.notify_send': Could not find 'notify-send'
[9.120s] INFO:colcon.colcon_core.plugin_system:Skipping extension 'colcon_notification.desktop_notification.terminal_notifier': Not used on non-Darwin systems
[9.120s] INFO:colcon.colcon_core.plugin_system:Skipping extension 'colcon_notification.desktop_notification.win32': Not used on non-Windows systems
[9.120s] INFO:colcon.colcon_notification.desktop_notification:Sending desktop notification using 'notify2'
[9.121s] DEBUG:colcon.colcon_notification.desktop_notification.notify2:Failed to initialize notify2: org.freedesktop.DBus.Error.FileNotFound: Failed to connect to socket /run/user/1000/bus: No such file or directory
[9.121s] DEBUG:colcon.colcon_core.event_reactor:joined thread
[9.122s] INFO:colcon.colcon_core.shell:Creating prefix script '/home/aidanbagley/DarpaTriage/ROS-WS/ws_offboard_control/install/local_setup.ps1'
[9.124s] INFO:colcon.colcon_core.shell:Creating prefix util module '/home/aidanbagley/DarpaTriage/ROS-WS/ws_offboard_control/install/_local_setup_util_ps1.py'
[9.126s] INFO:colcon.colcon_core.shell:Creating prefix chain script '/home/aidanbagley/DarpaTriage/ROS-WS/ws_offboard_control/install/setup.ps1'
[9.128s] INFO:colcon.colcon_core.shell:Creating prefix script '/home/aidanbagley/DarpaTriage/ROS-WS/ws_offboard_control/install/local_setup.sh'
[9.129s] INFO:colcon.colcon_core.shell:Creating prefix util module '/home/aidanbagley/DarpaTriage/ROS-WS/ws_offboard_control/install/_local_setup_util_sh.py'
[9.131s] INFO:colcon.colcon_core.shell:Creating prefix chain script '/home/aidanbagley/DarpaTriage/ROS-WS/ws_offboard_control/install/setup.sh'
[9.133s] INFO:colcon.colcon_core.shell:Creating prefix script '/home/aidanbagley/DarpaTriage/ROS-WS/ws_offboard_control/install/local_setup.bash'
[9.134s] INFO:colcon.colcon_core.shell:Creating prefix chain script '/home/aidanbagley/DarpaTriage/ROS-WS/ws_offboard_control/install/setup.bash'
[9.135s] INFO:colcon.colcon_core.shell:Creating prefix script '/home/aidanbagley/DarpaTriage/ROS-WS/ws_offboard_control/install/local_setup.zsh'
[9.136s] INFO:colcon.colcon_core.shell:Creating prefix chain script '/home/aidanbagley/DarpaTriage/ROS-WS/ws_offboard_control/install/setup.zsh'
