[0.138s] Invoking command in '/home/aidanbagley/ws_offboard_control/build/px4_ros_com': CMAKE_PREFIX_PATH=/home/aidanbagley/ws_offboard_control/install/px4_msgs:/home/aidanbagley/ws_offboard_control/install/px4_ros_com:/home/aidanbagley/DarpaTriage/ws_sensor_combined/install/px4_ros_com:/home/aidanbagley/DarpaTriage/ws_sensor_combined/install/px4_msgs:/opt/ros/humble LD_LIBRARY_PATH=/home/aidanbagley/ws_offboard_control/install/px4_msgs/lib:/home/aidanbagley/ws_offboard_control/install/px4_ros_com/lib:/home/aidanbagley/DarpaTriage/ws_sensor_combined/install/px4_ros_com/lib:/home/aidanbagley/DarpaTriage/ws_sensor_combined/install/px4_msgs/lib:/opt/ros/humble/opt/rviz_ogre_vendor/lib:/opt/ros/humble/lib/x86_64-linux-gnu:/opt/ros/humble/lib /usr/bin/cmake --build /home/aidanbagley/ws_offboard_control/build/px4_ros_com -- -j16 -l16
[0.200s] [35m[1mConsolidate compiler generated dependencies of target offboard_control[0m
[0.218s] [ 16%] Built target sensor_combined_listener
[0.218s] [ 33%] Built target frame_transforms
[0.219s] [ 50%] Built target vehicle_gps_position_listener
[0.219s] [ 66%] Built target debug_vect_advertiser
[0.222s] [ 83%] Built target offboard_control_srv
[0.225s] [ 83%] Built target ament_cmake_python_copy_px4_ros_com
[0.231s] [ 91%] [32mBuilding CXX object CMakeFiles/offboard_control.dir/src/examples/offboard/offboard_control.cpp.o[0m
[0.493s] running egg_info
[0.514s] writing px4_ros_com.egg-info/PKG-INFO
[0.514s] writing dependency_links to px4_ros_com.egg-info/dependency_links.txt
[0.515s] writing top-level names to px4_ros_com.egg-info/top_level.txt
[0.590s] reading manifest file 'px4_ros_com.egg-info/SOURCES.txt'
[0.591s] writing manifest file 'px4_ros_com.egg-info/SOURCES.txt'
[0.641s] [ 91%] Built target ament_cmake_python_build_px4_ros_com_egg
[3.449s] [01m[K/home/aidanbagley/ws_offboard_control/src/px4_ros_com/src/examples/offboard/offboard_control.cpp:158:22:[m[K [01;31m[Kerror: [m[Kno declaration matches ‘[01m[Kstd::array<float, 3> OffboardControl::get_new_setpoint()[m[K’
[3.449s]   158 | std::array<float, 3> [01;31m[KOffboardControl[m[K::get_new_setpoint()
[3.449s]       |                      [01;31m[K^~~~~~~~~~~~~~~[m[K
[3.449s] [01m[K/home/aidanbagley/ws_offboard_control/src/px4_ros_com/src/examples/offboard/offboard_control.cpp:158:22:[m[K [01;36m[Knote: [m[Kno functions named ‘[01m[Kstd::array<float, 3> OffboardControl::get_new_setpoint()[m[K’
[3.449s] [01m[K/home/aidanbagley/ws_offboard_control/src/px4_ros_com/src/examples/offboard/offboard_control.cpp:55:7:[m[K [01;36m[Knote: [m[K‘[01m[Kclass OffboardControl[m[K’ defined here
[3.450s]    55 | class [01;36m[KOffboardControl[m[K : public rclcpp::Node
[3.450s]       |       [01;36m[K^~~~~~~~~~~~~~~[m[K
[3.460s] [01m[K/home/aidanbagley/ws_offboard_control/src/px4_ros_com/src/examples/offboard/offboard_control.cpp:[m[K In member function ‘[01m[Kvoid OffboardControl::publish_trajectory_setpoint()[m[K’:
[3.460s] [01m[K/home/aidanbagley/ws_offboard_control/src/px4_ros_com/src/examples/offboard/offboard_control.cpp:172:24:[m[K [01;31m[Kerror: [m[K‘[01m[Kget_new_setpoint[m[K’ was not declared in this scope
[3.460s]   172 |         msg.position = [01;31m[Kget_new_setpoint[m[K();
[3.460s]       |                        [01;31m[K^~~~~~~~~~~~~~~~[m[K
[4.711s] gmake[2]: *** [CMakeFiles/offboard_control.dir/build.make:76: CMakeFiles/offboard_control.dir/src/examples/offboard/offboard_control.cpp.o] Error 1
[4.712s] gmake[1]: *** [CMakeFiles/Makefile2:254: CMakeFiles/offboard_control.dir/all] Error 2
[4.712s] gmake: *** [Makefile:146: all] Error 2
[4.716s] Invoked command in '/home/aidanbagley/ws_offboard_control/build/px4_ros_com' returned '2': CMAKE_PREFIX_PATH=/home/aidanbagley/ws_offboard_control/install/px4_msgs:/home/aidanbagley/ws_offboard_control/install/px4_ros_com:/home/aidanbagley/DarpaTriage/ws_sensor_combined/install/px4_ros_com:/home/aidanbagley/DarpaTriage/ws_sensor_combined/install/px4_msgs:/opt/ros/humble LD_LIBRARY_PATH=/home/aidanbagley/ws_offboard_control/install/px4_msgs/lib:/home/aidanbagley/ws_offboard_control/install/px4_ros_com/lib:/home/aidanbagley/DarpaTriage/ws_sensor_combined/install/px4_ros_com/lib:/home/aidanbagley/DarpaTriage/ws_sensor_combined/install/px4_msgs/lib:/opt/ros/humble/opt/rviz_ogre_vendor/lib:/opt/ros/humble/lib/x86_64-linux-gnu:/opt/ros/humble/lib /usr/bin/cmake --build /home/aidanbagley/ws_offboard_control/build/px4_ros_com -- -j16 -l16
